<?xml version="1.0" encoding="UTF-8"?>
<testsuite name="com.home.demo.main.PurchaseErrorEventSubProcessTest" time="0.524" tests="1" errors="1" skipped="0" failures="0">
  <properties>
    <property name="java.runtime.name" value="Java(TM) SE Runtime Environment"/>
    <property name="sun.boot.library.path" value="/Library/Java/JavaVirtualMachines/jdk1.8.0_60.jdk/Contents/Home/jre/lib"/>
    <property name="java.vm.version" value="25.60-b23"/>
    <property name="gopherProxySet" value="false"/>
    <property name="java.vm.vendor" value="Oracle Corporation"/>
    <property name="maven.multiModuleProjectDirectory" value="/Users/huanggangyu/eclipse-workspace/activiti-demo"/>
    <property name="java.vendor.url" value="http://java.oracle.com/"/>
    <property name="path.separator" value=":"/>
    <property name="guice.disable.misplaced.annotation.check" value="true"/>
    <property name="java.vm.name" value="Java HotSpot(TM) 64-Bit Server VM"/>
    <property name="file.encoding.pkg" value="sun.io"/>
    <property name="user.country" value="CN"/>
    <property name="sun.java.launcher" value="SUN_STANDARD"/>
    <property name="sun.os.patch.level" value="unknown"/>
    <property name="java.vm.specification.name" value="Java Virtual Machine Specification"/>
    <property name="user.dir" value="/Users/huanggangyu/eclipse-workspace/activiti-demo"/>
    <property name="java.runtime.version" value="1.8.0_60-b27"/>
    <property name="java.awt.graphicsenv" value="sun.awt.CGraphicsEnvironment"/>
    <property name="java.endorsed.dirs" value="/Library/Java/JavaVirtualMachines/jdk1.8.0_60.jdk/Contents/Home/jre/lib/endorsed"/>
    <property name="os.arch" value="x86_64"/>
    <property name="java.io.tmpdir" value="/var/folders/jy/7nvdsqbx1fsfnmff_p4k12_m0000gq/T/"/>
    <property name="line.separator" value="&#10;"/>
    <property name="java.vm.specification.vendor" value="Oracle Corporation"/>
    <property name="os.name" value="Mac OS X"/>
    <property name="classworlds.conf" value="/Users/huanggangyu/eclipse-workspace/.metadata/.plugins/org.eclipse.m2e.launching/launches/m2conf5667045441837054571.tmp"/>
    <property name="sun.jnu.encoding" value="UTF-8"/>
    <property name="java.library.path" value="/Users/huanggangyu/Library/Java/Extensions:/Library/Java/Extensions:/Network/Library/Java/Extensions:/System/Library/Java/Extensions:/usr/lib/java:."/>
    <property name="java.specification.name" value="Java Platform API Specification"/>
    <property name="java.class.version" value="52.0"/>
    <property name="sun.management.compiler" value="HotSpot 64-Bit Tiered Compilers"/>
    <property name="os.version" value="10.11.6"/>
    <property name="user.home" value="/Users/huanggangyu"/>
    <property name="user.timezone" value="Asia/Chongqing"/>
    <property name="java.awt.printerjob" value="sun.lwawt.macosx.CPrinterJob"/>
    <property name="java.specification.version" value="1.8"/>
    <property name="file.encoding" value="UTF-8"/>
    <property name="user.name" value="huanggangyu"/>
    <property name="java.class.path" value="/Users/huanggangyu/Downloads/apache-maven-3.3.9/boot/plexus-classworlds-2.5.2.jar"/>
    <property name="java.vm.specification.version" value="1.8"/>
    <property name="sun.arch.data.model" value="64"/>
    <property name="java.home" value="/Library/Java/JavaVirtualMachines/jdk1.8.0_60.jdk/Contents/Home/jre"/>
    <property name="sun.java.command" value="org.codehaus.plexus.classworlds.launcher.Launcher -B -gs /Users/huanggangyu/.m2/settings.xml -s /Users/huanggangyu/.m2/settings.xml install"/>
    <property name="java.specification.vendor" value="Oracle Corporation"/>
    <property name="user.language" value="zh"/>
    <property name="awt.toolkit" value="sun.lwawt.macosx.LWCToolkit"/>
    <property name="java.vm.info" value="mixed mode"/>
    <property name="java.version" value="1.8.0_60"/>
    <property name="java.ext.dirs" value="/Users/huanggangyu/Library/Java/Extensions:/Library/Java/JavaVirtualMachines/jdk1.8.0_60.jdk/Contents/Home/jre/lib/ext:/Library/Java/Extensions:/Network/Library/Java/Extensions:/System/Library/Java/Extensions:/usr/lib/java"/>
    <property name="sun.boot.class.path" value="/Library/Java/JavaVirtualMachines/jdk1.8.0_60.jdk/Contents/Home/jre/lib/resources.jar:/Library/Java/JavaVirtualMachines/jdk1.8.0_60.jdk/Contents/Home/jre/lib/rt.jar:/Library/Java/JavaVirtualMachines/jdk1.8.0_60.jdk/Contents/Home/jre/lib/sunrsasign.jar:/Library/Java/JavaVirtualMachines/jdk1.8.0_60.jdk/Contents/Home/jre/lib/jsse.jar:/Library/Java/JavaVirtualMachines/jdk1.8.0_60.jdk/Contents/Home/jre/lib/jce.jar:/Library/Java/JavaVirtualMachines/jdk1.8.0_60.jdk/Contents/Home/jre/lib/charsets.jar:/Library/Java/JavaVirtualMachines/jdk1.8.0_60.jdk/Contents/Home/jre/lib/jfr.jar:/Library/Java/JavaVirtualMachines/jdk1.8.0_60.jdk/Contents/Home/jre/classes"/>
    <property name="java.vendor" value="Oracle Corporation"/>
    <property name="maven.home" value="/Users/huanggangyu/Downloads/apache-maven-3.3.9"/>
    <property name="file.separator" value="/"/>
    <property name="java.vendor.url.bug" value="http://bugreport.sun.com/bugreport/"/>
    <property name="sun.cpu.endian" value="little"/>
    <property name="sun.io.unicode.encoding" value="UnicodeBig"/>
    <property name="sun.cpu.isalist" value=""/>
  </properties>
  <testcase name="testRejectOnTreasurer" classname="com.home.demo.main.PurchaseErrorEventSubProcessTest" time="0.524">
    <error message="couldn&apos;t instantiate class com.home.demo.chapter10.listeners.HandleErrorInfoForPaymentListener" type="org.activiti.engine.ActivitiException">org.activiti.engine.ActivitiException: couldn't instantiate class com.home.demo.chapter10.listeners.HandleErrorInfoForPaymentListener
	at java.net.URLClassLoader.findClass(URLClassLoader.java:381)
	at java.lang.ClassLoader.loadClass(ClassLoader.java:424)
	at sun.misc.Launcher$AppClassLoader.loadClass(Launcher.java:331)
	at java.lang.ClassLoader.loadClass(ClassLoader.java:357)
	at java.lang.Class.forName0(Native Method)
	at java.lang.Class.forName(Class.java:348)
	at org.activiti.engine.impl.util.ReflectUtil.loadClass(ReflectUtil.java:63)
	at org.activiti.engine.impl.util.ReflectUtil.instantiate(ReflectUtil.java:129)
	at org.activiti.engine.impl.bpmn.helper.ClassDelegate.instantiateDelegate(ClassDelegate.java:192)
	at org.activiti.engine.impl.bpmn.helper.ClassDelegate.getExecutionListenerInstance(ClassDelegate.java:78)
	at org.activiti.engine.impl.bpmn.helper.ClassDelegate.notify(ClassDelegate.java:70)
	at org.activiti.engine.impl.pvm.runtime.AtomicOperationTransitionNotifyListenerTake.execute(AtomicOperationTransitionNotifyListenerTake.java:51)
	at org.activiti.engine.impl.interceptor.CommandContext.performOperation(CommandContext.java:96)
	at org.activiti.engine.impl.persistence.entity.ExecutionEntity.performOperationSync(ExecutionEntity.java:621)
	at org.activiti.engine.impl.persistence.entity.ExecutionEntity.performOperation(ExecutionEntity.java:616)
	at org.activiti.engine.impl.pvm.runtime.AtomicOperationTransitionDestroyScope.execute(AtomicOperationTransitionDestroyScope.java:116)
	at org.activiti.engine.impl.interceptor.CommandContext.performOperation(CommandContext.java:96)
	at org.activiti.engine.impl.persistence.entity.ExecutionEntity.performOperationSync(ExecutionEntity.java:621)
	at org.activiti.engine.impl.persistence.entity.ExecutionEntity.performOperation(ExecutionEntity.java:616)
	at org.activiti.engine.impl.pvm.runtime.AtomicOperationTransitionNotifyListenerEnd.eventNotificationsCompleted(AtomicOperationTransitionNotifyListenerEnd.java:35)
	at org.activiti.engine.impl.pvm.runtime.AbstractEventAtomicOperation.execute(AbstractEventAtomicOperation.java:56)
	at org.activiti.engine.impl.interceptor.CommandContext.performOperation(CommandContext.java:96)
	at org.activiti.engine.impl.persistence.entity.ExecutionEntity.performOperationSync(ExecutionEntity.java:621)
	at org.activiti.engine.impl.persistence.entity.ExecutionEntity.performOperation(ExecutionEntity.java:616)
	at org.activiti.engine.impl.pvm.runtime.AbstractEventAtomicOperation.execute(AbstractEventAtomicOperation.java:49)
	at org.activiti.engine.impl.interceptor.CommandContext.performOperation(CommandContext.java:96)
	at org.activiti.engine.impl.persistence.entity.ExecutionEntity.performOperationSync(ExecutionEntity.java:621)
	at org.activiti.engine.impl.persistence.entity.ExecutionEntity.performOperation(ExecutionEntity.java:616)
	at org.activiti.engine.impl.persistence.entity.ExecutionEntity.take(ExecutionEntity.java:440)
	at org.activiti.engine.impl.persistence.entity.ExecutionEntity.take(ExecutionEntity.java:418)
	at org.activiti.engine.impl.bpmn.behavior.ExclusiveGatewayActivityBehavior.leave(ExclusiveGatewayActivityBehavior.java:73)
	at org.activiti.engine.impl.bpmn.behavior.FlowNodeActivityBehavior.execute(FlowNodeActivityBehavior.java:36)
	at org.activiti.engine.impl.pvm.runtime.AtomicOperationActivityExecute.execute(AtomicOperationActivityExecute.java:60)
	at org.activiti.engine.impl.interceptor.CommandContext.performOperation(CommandContext.java:96)
	at org.activiti.engine.impl.persistence.entity.ExecutionEntity.performOperationSync(ExecutionEntity.java:621)
	at org.activiti.engine.impl.persistence.entity.ExecutionEntity.performOperation(ExecutionEntity.java:616)
	at org.activiti.engine.impl.pvm.runtime.AtomicOperationTransitionNotifyListenerStart.eventNotificationsCompleted(AtomicOperationTransitionNotifyListenerStart.java:52)
	at org.activiti.engine.impl.pvm.runtime.AbstractEventAtomicOperation.execute(AbstractEventAtomicOperation.java:56)
	at org.activiti.engine.impl.interceptor.CommandContext.performOperation(CommandContext.java:96)
	at org.activiti.engine.impl.persistence.entity.ExecutionEntity.performOperationSync(ExecutionEntity.java:621)
	at org.activiti.engine.impl.persistence.entity.ExecutionEntity.performOperation(ExecutionEntity.java:616)
	at org.activiti.engine.impl.pvm.runtime.AbstractEventAtomicOperation.execute(AbstractEventAtomicOperation.java:49)
	at org.activiti.engine.impl.interceptor.CommandContext.performOperation(CommandContext.java:96)
	at org.activiti.engine.impl.persistence.entity.ExecutionEntity.performOperationSync(ExecutionEntity.java:621)
	at org.activiti.engine.impl.persistence.entity.ExecutionEntity.performOperation(ExecutionEntity.java:616)
	at org.activiti.engine.impl.pvm.runtime.AtomicOperationTransitionCreateScope.execute(AtomicOperationTransitionCreateScope.java:49)
	at org.activiti.engine.impl.interceptor.CommandContext.performOperation(CommandContext.java:96)
	at org.activiti.engine.impl.persistence.entity.ExecutionEntity.performOperationSync(ExecutionEntity.java:621)
	at org.activiti.engine.impl.persistence.entity.ExecutionEntity.performOperation(ExecutionEntity.java:616)
	at org.activiti.engine.impl.pvm.runtime.AtomicOperationTransitionNotifyListenerTake.execute(AtomicOperationTransitionNotifyListenerTake.java:80)
	at org.activiti.engine.impl.interceptor.CommandContext.performOperation(CommandContext.java:96)
	at org.activiti.engine.impl.persistence.entity.ExecutionEntity.performOperationSync(ExecutionEntity.java:621)
	at org.activiti.engine.impl.persistence.entity.ExecutionEntity.performOperation(ExecutionEntity.java:616)
	at org.activiti.engine.impl.pvm.runtime.AtomicOperationTransitionDestroyScope.execute(AtomicOperationTransitionDestroyScope.java:116)
	at org.activiti.engine.impl.interceptor.CommandContext.performOperation(CommandContext.java:96)
	at org.activiti.engine.impl.persistence.entity.ExecutionEntity.performOperationSync(ExecutionEntity.java:621)
	at org.activiti.engine.impl.persistence.entity.ExecutionEntity.performOperation(ExecutionEntity.java:616)
	at org.activiti.engine.impl.pvm.runtime.AtomicOperationTransitionNotifyListenerEnd.eventNotificationsCompleted(AtomicOperationTransitionNotifyListenerEnd.java:35)
	at org.activiti.engine.impl.pvm.runtime.AbstractEventAtomicOperation.execute(AbstractEventAtomicOperation.java:56)
	at org.activiti.engine.impl.interceptor.CommandContext.performOperation(CommandContext.java:96)
	at org.activiti.engine.impl.persistence.entity.ExecutionEntity.performOperationSync(ExecutionEntity.java:621)
	at org.activiti.engine.impl.persistence.entity.ExecutionEntity.performOperation(ExecutionEntity.java:616)
	at org.activiti.engine.impl.pvm.runtime.AbstractEventAtomicOperation.execute(AbstractEventAtomicOperation.java:49)
	at org.activiti.engine.impl.interceptor.CommandContext.performOperation(CommandContext.java:96)
	at org.activiti.engine.impl.persistence.entity.ExecutionEntity.performOperationSync(ExecutionEntity.java:621)
	at org.activiti.engine.impl.persistence.entity.ExecutionEntity.performOperation(ExecutionEntity.java:616)
	at org.activiti.engine.impl.persistence.entity.ExecutionEntity.take(ExecutionEntity.java:440)
	at org.activiti.engine.impl.persistence.entity.ExecutionEntity.take(ExecutionEntity.java:418)
	at org.activiti.engine.impl.bpmn.behavior.BpmnActivityBehavior.performOutgoingBehavior(BpmnActivityBehavior.java:131)
	at org.activiti.engine.impl.bpmn.behavior.BpmnActivityBehavior.performDefaultOutgoingBehavior(BpmnActivityBehavior.java:64)
	at org.activiti.engine.impl.bpmn.behavior.FlowNodeActivityBehavior.leave(FlowNodeActivityBehavior.java:44)
	at org.activiti.engine.impl.bpmn.behavior.AbstractBpmnActivityBehavior.leave(AbstractBpmnActivityBehavior.java:47)
	at org.activiti.engine.impl.bpmn.behavior.UserTaskActivityBehavior.signal(UserTaskActivityBehavior.java:139)
	at org.activiti.engine.impl.persistence.entity.ExecutionEntity.signal(ExecutionEntity.java:397)
	at org.activiti.engine.impl.persistence.entity.TaskEntity.complete(TaskEntity.java:200)
	at org.activiti.engine.impl.cmd.SubmitTaskFormCmd.execute(SubmitTaskFormCmd.java:50)
	at org.activiti.engine.impl.cmd.NeedsActiveTaskCmd.execute(NeedsActiveTaskCmd.java:59)
	at org.activiti.engine.impl.interceptor.CommandInvoker.execute(CommandInvoker.java:24)
	at org.activiti.engine.impl.interceptor.CommandContextInterceptor.execute(CommandContextInterceptor.java:57)
	at org.activiti.spring.SpringTransactionInterceptor$1.doInTransaction(SpringTransactionInterceptor.java:47)
	at org.springframework.transaction.support.TransactionTemplate.execute(TransactionTemplate.java:133)
	at org.activiti.spring.SpringTransactionInterceptor.execute(SpringTransactionInterceptor.java:45)
	at org.activiti.engine.impl.interceptor.LogInterceptor.execute(LogInterceptor.java:37)
	at org.activiti.engine.impl.cfg.CommandExecutorImpl.execute(CommandExecutorImpl.java:40)
	at org.activiti.engine.impl.cfg.CommandExecutorImpl.execute(CommandExecutorImpl.java:35)
	at org.activiti.engine.impl.FormServiceImpl.submitTaskFormData(FormServiceImpl.java:70)
	at com.home.demo.main.PurchaseErrorEventSubProcessTest.testRejectOnTreasurer(PurchaseErrorEventSubProcessTest.java:69)
</error>
    <system-out><![CDATA[16:46:24.390 [main] DEBUG org.springframework.test.context.BootstrapUtils - Instantiating CacheAwareContextLoaderDelegate from class [org.springframework.test.context.cache.DefaultCacheAwareContextLoaderDelegate]
16:46:24.390 [main] DEBUG org.springframework.test.context.BootstrapUtils - Instantiating BootstrapContext using constructor [public org.springframework.test.context.support.DefaultBootstrapContext(java.lang.Class,org.springframework.test.context.CacheAwareContextLoaderDelegate)]
16:46:24.391 [main] DEBUG org.springframework.test.context.BootstrapUtils - Instantiating TestContextBootstrapper for test class [com.home.demo.main.PurchaseErrorEventSubProcessTest] from class [org.springframework.test.context.support.DefaultTestContextBootstrapper]
16:46:24.392 [main] DEBUG org.springframework.test.context.support.AbstractDelegatingSmartContextLoader - Delegating to GenericXmlContextLoader to process context configuration [ContextConfigurationAttributes@1b9d9a2b declaringClass = 'com.home.demo.main.PurchaseErrorEventSubProcessTest', classes = '{}', locations = '{classpath:applicationContext-test-chapter10.xml}', inheritLocations = true, initializers = '{}', inheritInitializers = true, name = [null], contextLoaderClass = 'org.springframework.test.context.ContextLoader'].
16:46:24.400 [main] DEBUG org.springframework.test.context.support.ActiveProfilesUtils - Could not find an 'annotation declaring class' for annotation type [org.springframework.test.context.ActiveProfiles] and class [com.home.demo.main.PurchaseErrorEventSubProcessTest]
16:46:24.400 [main] INFO org.springframework.test.context.support.DefaultTestContextBootstrapper - Using TestExecutionListeners: [org.springframework.test.context.support.DependencyInjectionTestExecutionListener@5792c08c]
16:46:24.401 [main] DEBUG org.springframework.test.context.support.DependencyInjectionTestExecutionListener - Performing dependency injection for test context [[DefaultTestContext@4d157493 testClass = PurchaseErrorEventSubProcessTest, testInstance = testRejectOnTreasurer(com.home.demo.main.PurchaseErrorEventSubProcessTest), testMethod = [null], testException = [null], mergedContextConfiguration = [MergedContextConfiguration@54c622a7 testClass = PurchaseErrorEventSubProcessTest, locations = '{classpath:applicationContext-test-chapter10.xml}', classes = '{}', contextInitializerClasses = '[]', activeProfiles = '{}', propertySourceLocations = '{}', propertySourceProperties = '{}', contextCustomizers = set[org.springframework.boot.test.context.filter.ExcludeFilterContextCustomizer@5bb21b69, org.springframework.boot.test.mock.mockito.MockitoContextCustomizer@0, org.springframework.boot.test.autoconfigure.properties.PropertyMappingContextCustomizer@0], contextLoader = 'org.springframework.test.context.support.DelegatingSmartContextLoader', parent = [null]]]].
16:46:24.401 [main] DEBUG org.springframework.test.context.cache.DefaultCacheAwareContextLoaderDelegate - Retrieved ApplicationContext from cache with key [[MergedContextConfiguration@54c622a7 testClass = PurchaseErrorEventSubProcessTest, locations = '{classpath:applicationContext-test-chapter10.xml}', classes = '{}', contextInitializerClasses = '[]', activeProfiles = '{}', propertySourceLocations = '{}', propertySourceProperties = '{}', contextCustomizers = set[org.springframework.boot.test.context.filter.ExcludeFilterContextCustomizer@5bb21b69, org.springframework.boot.test.mock.mockito.MockitoContextCustomizer@0, org.springframework.boot.test.autoconfigure.properties.PropertyMappingContextCustomizer@0], contextLoader = 'org.springframework.test.context.support.DelegatingSmartContextLoader', parent = [null]]]
16:46:24.401 [main] DEBUG org.springframework.test.context.cache - Spring test ApplicationContext cache statistics: [DefaultContextCache@d02f8d size = 3, maxSize = 32, parentContextCount = 0, hitCount = 4, missCount = 3]
16:46:24.405 [main] DEBUG org.springframework.beans.factory.annotation.InjectionMetadata - Processing injected element of bean 'com.home.demo.main.PurchaseErrorEventSubProcessTest': AutowiredFieldElement for protected org.springframework.context.ApplicationContext org.activiti.spring.impl.test.SpringActivitiTestCase.applicationContext
16:46:24.405 [main] DEBUG org.springframework.beans.factory.annotation.AutowiredAnnotationBeanPostProcessor - Autowiring by type from bean name 'com.home.demo.main.PurchaseErrorEventSubProcessTest' to bean named 'org.springframework.context.support.GenericApplicationContext@6cf0a747'
16:46:24.405 [main] DEBUG org.springframework.beans.factory.support.DefaultListableBeanFactory - Returning cached instance of singleton bean 'org.springframework.transaction.config.internalTransactionAdvisor'
16:46:24.407 [main] DEBUG org.springframework.beans.factory.support.DefaultListableBeanFactory - Returning cached instance of singleton bean 'processEngineFactory'
16:46:24.407 [main] DEBUG org.activiti.engine.impl.test.TestHelper - annotation @Deployment creates deployment for PurchaseErrorEventSubProcessTest.testRejectOnTreasurer
16:46:24.428 [main] DEBUG org.activiti.engine.impl.interceptor.LogInterceptor - 

16:46:24.428 [main] DEBUG org.activiti.engine.impl.interceptor.LogInterceptor - --- starting DeployCmd --------------------------------------------------------
16:46:24.428 [main] DEBUG org.activiti.spring.SpringTransactionInterceptor - Running command with propagation REQUIRED
16:46:24.428 [main] DEBUG org.springframework.jdbc.datasource.DataSourceTransactionManager - Creating new transaction with name [null]: PROPAGATION_REQUIRED,ISOLATION_DEFAULT
16:46:24.428 [main] DEBUG org.springframework.jdbc.datasource.SimpleDriverDataSource - Creating new JDBC Driver Connection to [jdbc:h2:mem:activiti;DB_CLOSE_DELAY=1000]
16:46:24.428 [main] DEBUG org.springframework.jdbc.datasource.DataSourceTransactionManager - Acquired Connection [conn91: url=jdbc:h2:mem:activiti user=SA] for JDBC transaction
16:46:24.428 [main] DEBUG org.springframework.jdbc.datasource.DataSourceTransactionManager - Switching JDBC Connection [conn91: url=jdbc:h2:mem:activiti user=SA] to manual commit
16:46:24.428 [main] DEBUG org.activiti.engine.impl.bpmn.deployer.BpmnDeployer - Processing deployment PurchaseErrorEventSubProcessTest.testRejectOnTreasurer
16:46:24.428 [main] INFO org.activiti.engine.impl.bpmn.deployer.BpmnDeployer - Processing resource diagrams/chapter10/purchase-error-event-subprocess.bpmn
16:46:24.448 [main] DEBUG org.activiti.engine.impl.bpmn.parser.handler.ProcessParseHandler - Parsing process purchase-error-event-subprocess
16:46:24.448 [main] DEBUG org.activiti.engine.impl.bpmn.parser.handler.AbstractBpmnParseHandler - Parsing activity deptLeaderAudit
16:46:24.448 [main] DEBUG org.activiti.engine.impl.bpmn.parser.handler.AbstractBpmnParseHandler - Parsing activity exclusivegateway1
16:46:24.448 [main] DEBUG org.activiti.engine.impl.bpmn.parser.handler.AbstractBpmnParseHandler - Parsing activity contactSupplier
16:46:24.450 [main] DEBUG org.activiti.engine.impl.bpmn.parser.handler.AbstractBpmnParseHandler - Parsing activity subprocessPay
16:46:24.451 [main] DEBUG org.activiti.engine.impl.bpmn.parser.handler.AbstractBpmnParseHandler - Parsing activity exclusivegateway2
16:46:24.451 [main] DEBUG org.activiti.engine.impl.bpmn.parser.handler.AbstractBpmnParseHandler - Parsing activity generalManagerAudit
16:46:24.451 [main] DEBUG org.activiti.engine.impl.bpmn.parser.handler.AbstractBpmnParseHandler - Parsing activity exclusivegateway-generalManagerAudit
16:46:24.451 [main] DEBUG org.activiti.engine.impl.bpmn.parser.handler.AbstractBpmnParseHandler - Parsing activity pay
16:46:24.451 [main] DEBUG org.activiti.engine.impl.bpmn.parser.handler.AbstractBpmnParseHandler - Parsing activity treasurerAudit
16:46:24.451 [main] DEBUG org.activiti.engine.impl.bpmn.parser.handler.AbstractBpmnParseHandler - Parsing activity exclusivegateway-treasurerAudit
16:46:24.451 [main] DEBUG org.activiti.engine.impl.bpmn.parser.handler.AbstractBpmnParseHandler - Parsing activity startevent2
16:46:24.451 [main] DEBUG org.activiti.engine.impl.bpmn.parser.handler.AbstractBpmnParseHandler - Parsing activity endevent1
16:46:24.451 [main] DEBUG org.activiti.engine.impl.bpmn.parser.handler.AbstractBpmnParseHandler - Parsing activity errorendevent1
16:46:24.451 [main] DEBUG org.activiti.engine.impl.bpmn.parser.handler.AbstractBpmnParseHandler - Parsing activity errorendevent2
16:46:24.451 [main] DEBUG org.activiti.engine.impl.bpmn.parser.handler.AbstractBpmnParseHandler - Parsing activity confirmReceipt
16:46:24.451 [main] DEBUG org.activiti.engine.impl.bpmn.parser.handler.AbstractBpmnParseHandler - Parsing activity catchErrorForPayment
16:46:24.451 [main] DEBUG org.activiti.engine.impl.bpmn.parser.handler.AbstractBpmnParseHandler - Parsing activity recordErrorInfo
16:46:24.451 [main] DEBUG org.activiti.engine.impl.bpmn.parser.handler.AbstractBpmnParseHandler - Parsing activity errorstartevent1
16:46:24.452 [main] DEBUG org.activiti.engine.impl.bpmn.parser.handler.AbstractBpmnParseHandler - Parsing activity endevent6
16:46:24.452 [main] DEBUG org.activiti.engine.impl.bpmn.parser.handler.AbstractBpmnParseHandler - Parsing activity modifyApply
16:46:24.452 [main] DEBUG org.activiti.engine.impl.bpmn.parser.handler.AbstractBpmnParseHandler - Parsing activity exclusivegateway6
16:46:24.452 [main] DEBUG org.activiti.engine.impl.bpmn.parser.handler.AbstractBpmnParseHandler - Parsing activity startevent1
16:46:24.452 [main] DEBUG org.activiti.engine.impl.bpmn.parser.handler.AbstractBpmnParseHandler - Parsing activity endevent3
16:46:24.452 [main] DEBUG org.activiti.engine.impl.bpmn.parser.handler.AbstractBpmnParseHandler - Parsing activity endevent5
16:46:24.649 [main] DEBUG org.apache.ibatis.transaction.managed.ManagedTransaction - Opening JDBC Connection
16:46:24.649 [main] DEBUG org.activiti.engine.impl.persistence.entity.ProcessDefinitionEntity.selectLatestProcessDefinitionByKey - ==>  Preparing: select * from ACT_RE_PROCDEF where KEY_ = ? and (TENANT_ID_ = '' or TENANT_ID_ is null) and VERSION_ = (select max(VERSION_) from ACT_RE_PROCDEF where KEY_ = ? and (TENANT_ID_ = '' or TENANT_ID_ is null)) 
16:46:24.649 [main] DEBUG org.activiti.engine.impl.persistence.entity.ProcessDefinitionEntity.selectLatestProcessDefinitionByKey - ==> Parameters: purchase-error-event-subprocess(String), purchase-error-event-subprocess(String)
16:46:24.650 [main] DEBUG org.activiti.engine.impl.persistence.entity.ProcessDefinitionEntity.selectLatestProcessDefinitionByKey - <==      Total: 0
16:46:24.650 [main] DEBUG org.activiti.engine.impl.persistence.entity.JobEntity.selectJobsByConfiguration - ==>  Preparing: select * from ACT_RU_JOB where HANDLER_TYPE_ = ? and HANDLER_CFG_ = ? 
16:46:24.650 [main] DEBUG org.activiti.engine.impl.persistence.entity.JobEntity.selectJobsByConfiguration - ==> Parameters: timer-start-event(String), purchase-error-event-subprocess(String)
16:46:24.650 [main] DEBUG org.activiti.engine.impl.persistence.entity.JobEntity.selectJobsByConfiguration - <==      Total: 0
16:46:24.650 [main] DEBUG org.activiti.engine.impl.db.DbSqlSession - flush summary: 4 insert, 0 update, 0 delete.
16:46:24.650 [main] DEBUG org.activiti.engine.impl.db.DbSqlSession -   insert DeploymentEntity[id=10161, name=PurchaseErrorEventSubProcessTest.testRejectOnTreasurer]
16:46:24.650 [main] DEBUG org.activiti.engine.impl.db.DbSqlSession -   insert ResourceEntity[id=10162, name=diagrams/chapter10/purchase-error-event-subprocess.bpmn]
16:46:24.650 [main] DEBUG org.activiti.engine.impl.db.DbSqlSession -   insert ResourceEntity[id=10163, name=diagrams/chapter10/purchase-error-event-subprocess.purchase-error-event-subprocess.png]
16:46:24.650 [main] DEBUG org.activiti.engine.impl.db.DbSqlSession -   insert ProcessDefinitionEntity[purchase-error-event-subprocess:1:10164]
16:46:24.650 [main] DEBUG org.activiti.engine.impl.db.DbSqlSession - now executing flush...
16:46:24.650 [main] DEBUG org.activiti.engine.impl.db.DbSqlSession - inserting: DeploymentEntity[id=10161, name=PurchaseErrorEventSubProcessTest.testRejectOnTreasurer]
16:46:24.650 [main] DEBUG org.activiti.engine.impl.persistence.entity.DeploymentEntity.insertDeployment - ==>  Preparing: insert into ACT_RE_DEPLOYMENT(ID_, NAME_, CATEGORY_, TENANT_ID_, DEPLOY_TIME_) values(?, ?, ?, ?, ?) 
16:46:24.650 [main] DEBUG org.activiti.engine.impl.persistence.entity.DeploymentEntity.insertDeployment - ==> Parameters: 10161(String), PurchaseErrorEventSubProcessTest.testRejectOnTreasurer(String), null, (String), 2017-11-28 16:46:24.428(Timestamp)
16:46:24.650 [main] DEBUG org.activiti.engine.impl.persistence.entity.DeploymentEntity.insertDeployment - <==    Updates: 1
16:46:24.650 [main] DEBUG org.activiti.engine.impl.db.DbSqlSession - inserting: ResourceEntity[id=10162, name=diagrams/chapter10/purchase-error-event-subprocess.bpmn]
16:46:24.651 [main] DEBUG org.activiti.engine.impl.persistence.entity.ResourceEntity.insertResource - ==>  Preparing: insert into ACT_GE_BYTEARRAY(ID_, REV_, NAME_, BYTES_, DEPLOYMENT_ID_, GENERATED_) values (?, 1, ?, ?, ?, ?) 
16:46:24.651 [main] DEBUG org.activiti.engine.impl.persistence.entity.ResourceEntity.insertResource - ==> Parameters: 10162(String), diagrams/chapter10/purchase-error-event-subprocess.bpmn(String), java.io.ByteArrayInputStream@47c7a9e5(ByteArrayInputStream), 10161(String), false(Boolean)
16:46:24.653 [main] DEBUG org.activiti.engine.impl.persistence.entity.ResourceEntity.insertResource - <==    Updates: 1
16:46:24.653 [main] DEBUG org.activiti.engine.impl.db.DbSqlSession - inserting: ResourceEntity[id=10163, name=diagrams/chapter10/purchase-error-event-subprocess.purchase-error-event-subprocess.png]
16:46:24.653 [main] DEBUG org.activiti.engine.impl.persistence.entity.ResourceEntity.insertResource - ==>  Preparing: insert into ACT_GE_BYTEARRAY(ID_, REV_, NAME_, BYTES_, DEPLOYMENT_ID_, GENERATED_) values (?, 1, ?, ?, ?, ?) 
16:46:24.653 [main] DEBUG org.activiti.engine.impl.persistence.entity.ResourceEntity.insertResource - ==> Parameters: 10163(String), diagrams/chapter10/purchase-error-event-subprocess.purchase-error-event-subprocess.png(String), java.io.ByteArrayInputStream@7951c3a2(ByteArrayInputStream), 10161(String), true(Boolean)
16:46:24.654 [main] DEBUG org.activiti.engine.impl.persistence.entity.ResourceEntity.insertResource - <==    Updates: 1
16:46:24.654 [main] DEBUG org.activiti.engine.impl.db.DbSqlSession - inserting: ProcessDefinitionEntity[purchase-error-event-subprocess:1:10164]
16:46:24.654 [main] DEBUG org.activiti.engine.impl.persistence.entity.ProcessDefinitionEntity.insertProcessDefinition - ==>  Preparing: insert into ACT_RE_PROCDEF(ID_, REV_, CATEGORY_, NAME_, KEY_, VERSION_, DEPLOYMENT_ID_, RESOURCE_NAME_, DGRM_RESOURCE_NAME_, DESCRIPTION_, HAS_START_FORM_KEY_, SUSPENSION_STATE_, TENANT_ID_) values (?, 1, ?, ?, ?, ?, ?, ?, ?, ?, ?, ?, ?) 
16:46:24.654 [main] DEBUG org.activiti.engine.impl.persistence.entity.ProcessDefinitionEntity.insertProcessDefinition - ==> Parameters: purchase-error-event-subprocess:1:10164(String), http://www.kafeitu.me/activiti(String), 办公用品采购--事件子流程(异常)(String), purchase-error-event-subprocess(String), 1(Integer), 10161(String), diagrams/chapter10/purchase-error-event-subprocess.bpmn(String), diagrams/chapter10/purchase-error-event-subprocess.purchase-error-event-subprocess.png(String), null, false(Boolean), 1(Integer), (String)
16:46:24.659 [main] DEBUG org.activiti.engine.impl.persistence.entity.ProcessDefinitionEntity.insertProcessDefinition - <==    Updates: 1
16:46:24.659 [main] DEBUG org.apache.ibatis.transaction.managed.ManagedTransaction - Closing JDBC Connection [Transaction-aware proxy for target Connection [conn91: url=jdbc:h2:mem:activiti user=SA]]
16:46:24.660 [main] DEBUG org.springframework.jdbc.datasource.DataSourceTransactionManager - Initiating transaction commit
16:46:24.660 [main] DEBUG org.springframework.jdbc.datasource.DataSourceTransactionManager - Committing JDBC transaction on Connection [conn91: url=jdbc:h2:mem:activiti user=SA]
16:46:24.660 [main] DEBUG org.springframework.jdbc.datasource.DataSourceTransactionManager - Releasing JDBC Connection [conn91: url=jdbc:h2:mem:activiti user=SA] after transaction
16:46:24.660 [main] DEBUG org.springframework.jdbc.datasource.DataSourceUtils - Returning JDBC Connection to DataSource
16:46:24.668 [main] DEBUG org.activiti.engine.impl.interceptor.LogInterceptor - --- DeployCmd finished --------------------------------------------------------
16:46:24.668 [main] DEBUG org.activiti.engine.impl.interceptor.LogInterceptor - 

16:46:24.668 [main] DEBUG org.activiti.engine.impl.test.PvmTestCase - 

16:46:24.668 [main] DEBUG org.activiti.engine.impl.test.PvmTestCase - #### START PurchaseErrorEventSubProcessTest.testRejectOnTreasurer ###########################################################
16:46:24.668 [main] DEBUG org.activiti.engine.impl.interceptor.LogInterceptor - 

16:46:24.668 [main] DEBUG org.activiti.engine.impl.interceptor.LogInterceptor - --- starting ProcessDefinitionQueryImpl --------------------------------------------------------
16:46:24.668 [main] DEBUG org.activiti.spring.SpringTransactionInterceptor - Running command with propagation REQUIRED
16:46:24.669 [main] DEBUG org.springframework.jdbc.datasource.DataSourceTransactionManager - Creating new transaction with name [null]: PROPAGATION_REQUIRED,ISOLATION_DEFAULT
16:46:24.669 [main] DEBUG org.springframework.jdbc.datasource.SimpleDriverDataSource - Creating new JDBC Driver Connection to [jdbc:h2:mem:activiti;DB_CLOSE_DELAY=1000]
16:46:24.670 [main] DEBUG org.springframework.jdbc.datasource.DataSourceTransactionManager - Acquired Connection [conn92: url=jdbc:h2:mem:activiti user=SA] for JDBC transaction
16:46:24.670 [main] DEBUG org.springframework.jdbc.datasource.DataSourceTransactionManager - Switching JDBC Connection [conn92: url=jdbc:h2:mem:activiti user=SA] to manual commit
16:46:24.671 [main] DEBUG org.apache.ibatis.transaction.managed.ManagedTransaction - Opening JDBC Connection
16:46:24.672 [main] DEBUG org.activiti.engine.impl.persistence.entity.ProcessDefinitionEntity.selectProcessDefinitionsByQueryCriteria - ==>  Preparing: select RES.* from ACT_RE_PROCDEF RES WHERE RES.KEY_ = ? order by RES.ID_ asc LIMIT ? OFFSET ? 
16:46:24.673 [main] DEBUG org.activiti.engine.impl.persistence.entity.ProcessDefinitionEntity.selectProcessDefinitionsByQueryCriteria - ==> Parameters: purchase-error-event-subprocess(String), 2147483647(Integer), 0(Integer)
16:46:24.675 [main] DEBUG org.activiti.engine.impl.persistence.entity.ProcessDefinitionEntity.selectProcessDefinitionsByQueryCriteria - <==      Total: 1
16:46:24.675 [main] DEBUG org.activiti.engine.impl.db.DbSqlSession - flush summary: 0 insert, 0 update, 0 delete.
16:46:24.676 [main] DEBUG org.activiti.engine.impl.db.DbSqlSession - now executing flush...
16:46:24.676 [main] DEBUG org.apache.ibatis.transaction.managed.ManagedTransaction - Closing JDBC Connection [Transaction-aware proxy for target Connection [conn92: url=jdbc:h2:mem:activiti user=SA]]
16:46:24.676 [main] DEBUG org.springframework.jdbc.datasource.DataSourceTransactionManager - Initiating transaction commit
16:46:24.676 [main] DEBUG org.springframework.jdbc.datasource.DataSourceTransactionManager - Committing JDBC transaction on Connection [conn92: url=jdbc:h2:mem:activiti user=SA]
16:46:24.676 [main] DEBUG org.springframework.jdbc.datasource.DataSourceTransactionManager - Releasing JDBC Connection [conn92: url=jdbc:h2:mem:activiti user=SA] after transaction
16:46:24.676 [main] DEBUG org.springframework.jdbc.datasource.DataSourceUtils - Returning JDBC Connection to DataSource
16:46:24.676 [main] DEBUG org.activiti.engine.impl.interceptor.LogInterceptor - --- ProcessDefinitionQueryImpl finished --------------------------------------------------------
16:46:24.676 [main] DEBUG org.activiti.engine.impl.interceptor.LogInterceptor - 

16:46:24.676 [main] DEBUG org.activiti.engine.impl.interceptor.LogInterceptor - 

16:46:24.676 [main] DEBUG org.activiti.engine.impl.interceptor.LogInterceptor - --- starting SubmitStartFormCmd --------------------------------------------------------
16:46:24.676 [main] DEBUG org.activiti.spring.SpringTransactionInterceptor - Running command with propagation REQUIRED
16:46:24.676 [main] DEBUG org.springframework.jdbc.datasource.DataSourceTransactionManager - Creating new transaction with name [null]: PROPAGATION_REQUIRED,ISOLATION_DEFAULT
16:46:24.676 [main] DEBUG org.springframework.jdbc.datasource.SimpleDriverDataSource - Creating new JDBC Driver Connection to [jdbc:h2:mem:activiti;DB_CLOSE_DELAY=1000]
16:46:24.677 [main] DEBUG org.springframework.jdbc.datasource.DataSourceTransactionManager - Acquired Connection [conn93: url=jdbc:h2:mem:activiti user=SA] for JDBC transaction
16:46:24.677 [main] DEBUG org.springframework.jdbc.datasource.DataSourceTransactionManager - Switching JDBC Connection [conn93: url=jdbc:h2:mem:activiti user=SA] to manual commit
16:46:24.677 [main] DEBUG org.activiti.engine.impl.persistence.entity.ExecutionEntity - initializing ProcessInstance[10165]
16:46:24.677 [main] DEBUG org.activiti.engine.impl.history.DefaultHistoryManager - Current history level: AUDIT, level required: ACTIVITY
16:46:24.677 [main] DEBUG org.activiti.engine.impl.history.DefaultHistoryManager - Current history level: AUDIT, level required: FULL
16:46:24.677 [main] DEBUG org.apache.ibatis.transaction.managed.ManagedTransaction - Opening JDBC Connection
16:46:24.677 [main] DEBUG org.activiti.engine.impl.persistence.entity.IdentityLinkEntity.selectIdentityLinksByProcessInstance - ==>  Preparing: select * from ACT_RU_IDENTITYLINK where PROC_INST_ID_ = ? 
16:46:24.677 [main] DEBUG org.activiti.engine.impl.persistence.entity.IdentityLinkEntity.selectIdentityLinksByProcessInstance - ==> Parameters: 10165(String)
16:46:24.677 [main] DEBUG org.activiti.engine.impl.persistence.entity.IdentityLinkEntity.selectIdentityLinksByProcessInstance - <==      Total: 0
16:46:24.677 [main] DEBUG org.activiti.engine.impl.history.DefaultHistoryManager - Current history level: AUDIT, level required: AUDIT
16:46:24.677 [main] DEBUG org.activiti.engine.impl.history.DefaultHistoryManager - Current history level: AUDIT, level required: ACTIVITY
16:46:24.678 [main] DEBUG org.activiti.engine.impl.history.DefaultHistoryManager - Current history level: AUDIT, level required: AUDIT
16:46:24.678 [main] DEBUG org.activiti.engine.impl.history.DefaultHistoryManager - Current history level: AUDIT, level required: ACTIVITY
16:46:24.678 [main] DEBUG org.activiti.engine.impl.history.DefaultHistoryManager - Current history level: AUDIT, level required: FULL
16:46:24.678 [main] DEBUG org.activiti.engine.impl.history.DefaultHistoryManager - Current history level: AUDIT, level required: ACTIVITY
16:46:24.678 [main] DEBUG org.activiti.engine.impl.history.DefaultHistoryManager - Current history level: AUDIT, level required: FULL
16:46:24.678 [main] DEBUG org.activiti.engine.impl.history.DefaultHistoryManager - Current history level: AUDIT, level required: ACTIVITY
16:46:24.678 [main] DEBUG org.activiti.engine.impl.history.DefaultHistoryManager - Current history level: AUDIT, level required: FULL
16:46:24.678 [main] DEBUG org.activiti.engine.impl.pvm.runtime.AtomicOperationActivityExecute - ProcessInstance[10165] executes Activity(startevent1): org.activiti.engine.impl.bpmn.behavior.NoneStartEventActivityBehavior
16:46:24.678 [main] DEBUG org.activiti.engine.impl.bpmn.behavior.BpmnActivityBehavior - Leaving activity 'startevent1'
16:46:24.678 [main] DEBUG org.activiti.engine.impl.history.DefaultHistoryManager - Current history level: AUDIT, level required: ACTIVITY
16:46:24.678 [main] DEBUG org.activiti.engine.impl.pvm.runtime.AtomicOperationTransitionNotifyListenerTake - ProcessInstance[10165] takes transition (startevent1)--flow20-->(deptLeaderAudit)
16:46:24.678 [main] DEBUG org.activiti.engine.impl.history.DefaultHistoryManager - Current history level: AUDIT, level required: ACTIVITY
16:46:24.678 [main] DEBUG org.activiti.engine.impl.pvm.runtime.AtomicOperationActivityExecute - ProcessInstance[10165] executes Activity(deptLeaderAudit): org.activiti.engine.impl.bpmn.behavior.UserTaskActivityBehavior
16:46:24.678 [main] DEBUG org.activiti.engine.impl.history.DefaultHistoryManager - Current history level: AUDIT, level required: AUDIT
16:46:24.678 [main] DEBUG org.activiti.engine.impl.history.DefaultHistoryManager - Current history level: AUDIT, level required: AUDIT
16:46:24.678 [main] DEBUG org.activiti.engine.impl.history.DefaultHistoryManager - Current history level: AUDIT, level required: AUDIT
16:46:24.678 [main] DEBUG org.activiti.engine.impl.history.DefaultHistoryManager - Current history level: AUDIT, level required: AUDIT
16:46:24.679 [main] DEBUG org.activiti.engine.impl.history.DefaultHistoryManager - Current history level: AUDIT, level required: AUDIT
16:46:24.680 [main] DEBUG org.activiti.engine.impl.history.DefaultHistoryManager - Current history level: AUDIT, level required: ACTIVITY
16:46:24.681 [main] DEBUG org.activiti.engine.impl.db.DbSqlSession - flush summary: 21 insert, 0 update, 0 delete.
16:46:24.681 [main] DEBUG org.activiti.engine.impl.db.DbSqlSession -   insert ProcessInstance[10165]
16:46:24.681 [main] DEBUG org.activiti.engine.impl.db.DbSqlSession -   insert VariableInstanceEntity[id=10166, name=applyUserId, type=string, textValue=henryyan]
16:46:24.681 [main] DEBUG org.activiti.engine.impl.db.DbSqlSession -   insert HistoricVariableInstanceEntity[id=10166, name=applyUserId, revision=0, type=string, textValue=henryyan]
16:46:24.681 [main] DEBUG org.activiti.engine.impl.db.DbSqlSession -   insert IdentityLinkEntity[id=10167, type=starter, userId=henryyan, processInstanceId=10165]
16:46:24.681 [main] DEBUG org.activiti.engine.impl.db.DbSqlSession -   insert org.activiti.engine.impl.persistence.entity.HistoricIdentityLinkEntity@20580d4e
16:46:24.682 [main] DEBUG org.activiti.engine.impl.db.DbSqlSession -   insert HistoricProcessInstanceEntity[superProcessInstanceId=null]
16:46:24.682 [main] DEBUG org.activiti.engine.impl.db.DbSqlSession -   insert HistoricActivityInstanceEntity[activityId=startevent1, activityName=startevent1]
16:46:24.682 [main] DEBUG org.activiti.engine.impl.db.DbSqlSession -   insert org.activiti.engine.impl.persistence.entity.HistoricFormPropertyEntity@21bd128b
16:46:24.683 [main] DEBUG org.activiti.engine.impl.db.DbSqlSession -   insert org.activiti.engine.impl.persistence.entity.HistoricFormPropertyEntity@2d0b05
16:46:24.683 [main] DEBUG org.activiti.engine.impl.db.DbSqlSession -   insert org.activiti.engine.impl.persistence.entity.HistoricFormPropertyEntity@4b432e53
16:46:24.683 [main] DEBUG org.activiti.engine.impl.db.DbSqlSession -   insert VariableInstanceEntity[id=10172, name=dueDate, type=date, longValue=1362931200000]
16:46:24.683 [main] DEBUG org.activiti.engine.impl.db.DbSqlSession -   insert HistoricVariableInstanceEntity[id=10172, name=dueDate, revision=0, type=date, longValue=1362931200000]
16:46:24.683 [main] DEBUG org.activiti.engine.impl.db.DbSqlSession -   insert VariableInstanceEntity[id=10173, name=listing, type=string, textValue=1. MacBook Pro一台
2. 27寸显示器一台]
16:46:24.683 [main] DEBUG org.activiti.engine.impl.db.DbSqlSession -   insert HistoricVariableInstanceEntity[id=10173, name=listing, revision=0, type=string, textValue=1. MacBook Pro一台
2. 27寸显示器一台]
16:46:24.683 [main] DEBUG org.activiti.engine.impl.db.DbSqlSession -   insert VariableInstanceEntity[id=10174, name=amountMoney, type=double, doubleValue=22000.0]
16:46:24.683 [main] DEBUG org.activiti.engine.impl.db.DbSqlSession -   insert HistoricVariableInstanceEntity[id=10174, name=amountMoney, revision=0, type=double, doubleValue=22000.0]
16:46:24.683 [main] DEBUG org.activiti.engine.impl.db.DbSqlSession -   insert HistoricActivityInstanceEntity[activityId=deptLeaderAudit, activityName=领导审批]
16:46:24.683 [main] DEBUG org.activiti.engine.impl.db.DbSqlSession -   insert Task[id=10176, name=领导审批]
16:46:24.683 [main] DEBUG org.activiti.engine.impl.db.DbSqlSession -   insert org.activiti.engine.impl.persistence.entity.HistoricTaskInstanceEntity@2b916808
16:46:24.683 [main] DEBUG org.activiti.engine.impl.db.DbSqlSession -   insert IdentityLinkEntity[id=10177, type=candidate, groupId=deptLeader, taskId=10176]
16:46:24.683 [main] DEBUG org.activiti.engine.impl.db.DbSqlSession -   insert org.activiti.engine.impl.persistence.entity.HistoricIdentityLinkEntity@62f11ebb
16:46:24.683 [main] DEBUG org.activiti.engine.impl.db.DbSqlSession - now executing flush...
16:46:24.683 [main] DEBUG org.activiti.engine.impl.db.DbSqlSession - inserting: ProcessInstance[10165]
16:46:24.684 [main] DEBUG org.activiti.engine.impl.persistence.entity.ExecutionEntity.insertExecution - ==>  Preparing: insert into ACT_RU_EXECUTION (ID_, REV_, PROC_INST_ID_, BUSINESS_KEY_, PROC_DEF_ID_, ACT_ID_, IS_ACTIVE_, IS_CONCURRENT_, IS_SCOPE_,IS_EVENT_SCOPE_, PARENT_ID_, SUPER_EXEC_, SUSPENSION_STATE_, CACHED_ENT_STATE_, TENANT_ID_, NAME_) values ( ?, 1, ?, ?, ?, ?, ?, ?, ?, ?, ?, ?, ?, ?, ?, ? ) 
16:46:24.684 [main] DEBUG org.activiti.engine.impl.persistence.entity.ExecutionEntity.insertExecution - ==> Parameters: 10165(String), 10165(String), null, purchase-error-event-subprocess:1:10164(String), deptLeaderAudit(String), true(Boolean), false(Boolean), true(Boolean), false(Boolean), null, null, 1(Integer), 2(Integer), (String), null
16:46:24.684 [main] DEBUG org.activiti.engine.impl.persistence.entity.ExecutionEntity.insertExecution - <==    Updates: 1
16:46:24.684 [main] DEBUG org.activiti.engine.impl.db.DbSqlSession - inserting: VariableInstanceEntity[id=10166, name=applyUserId, type=string, textValue=henryyan]
16:46:24.691 [main] DEBUG org.activiti.engine.impl.persistence.entity.VariableInstanceEntity.insertVariableInstance - ==>  Preparing: insert into ACT_RU_VARIABLE (ID_, REV_, TYPE_, NAME_, PROC_INST_ID_, EXECUTION_ID_, TASK_ID_, BYTEARRAY_ID_, DOUBLE_, LONG_ , TEXT_, TEXT2_) values ( ?, 1, ?, ?, ?, ?, ?, ?, ?, ?, ?, ? ) 
16:46:24.691 [main] DEBUG org.activiti.engine.impl.persistence.entity.VariableInstanceEntity.insertVariableInstance - ==> Parameters: 10166(String), string(String), applyUserId(String), 10165(String), 10165(String), null, null, null, null, henryyan(String), null
16:46:24.692 [main] DEBUG org.activiti.engine.impl.persistence.entity.VariableInstanceEntity.insertVariableInstance - <==    Updates: 1
16:46:24.692 [main] DEBUG org.activiti.engine.impl.db.DbSqlSession - inserting: HistoricVariableInstanceEntity[id=10166, name=applyUserId, revision=0, type=string, textValue=henryyan]
16:46:24.692 [main] DEBUG org.activiti.engine.impl.persistence.entity.HistoricVariableInstanceEntity.insertHistoricVariableInstance - ==>  Preparing: insert into ACT_HI_VARINST (ID_, PROC_INST_ID_, EXECUTION_ID_, TASK_ID_, NAME_, REV_, VAR_TYPE_, BYTEARRAY_ID_, DOUBLE_, LONG_ , TEXT_, TEXT2_, CREATE_TIME_, LAST_UPDATED_TIME_) values ( ?, ?, ?, ?, ?, ?, ?, ?, ?, ?, ?, ?, ?, ? ) 
16:46:24.695 [main] DEBUG org.activiti.engine.impl.persistence.entity.HistoricVariableInstanceEntity.insertHistoricVariableInstance - ==> Parameters: 10166(String), 10165(String), 10165(String), null, applyUserId(String), 0(Integer), string(String), null, null, null, henryyan(String), null, 2017-11-28 16:46:24.677(Timestamp), 2017-11-28 16:46:24.677(Timestamp)
16:46:24.695 [main] DEBUG org.activiti.engine.impl.persistence.entity.HistoricVariableInstanceEntity.insertHistoricVariableInstance - <==    Updates: 1
16:46:24.695 [main] DEBUG org.activiti.engine.impl.db.DbSqlSession - inserting: IdentityLinkEntity[id=10167, type=starter, userId=henryyan, processInstanceId=10165]
16:46:24.698 [main] DEBUG org.activiti.engine.impl.persistence.entity.IdentityLinkEntity.insertIdentityLink - ==>  Preparing: insert into ACT_RU_IDENTITYLINK (ID_, REV_, TYPE_, USER_ID_, GROUP_ID_, TASK_ID_, PROC_INST_ID_, PROC_DEF_ID_) values (?, 1, ?, ?, ?, ?, ?, ?) 
16:46:24.701 [main] DEBUG org.activiti.engine.impl.persistence.entity.IdentityLinkEntity.insertIdentityLink - ==> Parameters: 10167(String), starter(String), henryyan(String), null, null, 10165(String), null
16:46:24.701 [main] DEBUG org.activiti.engine.impl.persistence.entity.IdentityLinkEntity.insertIdentityLink - <==    Updates: 1
16:46:24.701 [main] DEBUG org.activiti.engine.impl.db.DbSqlSession - inserting: org.activiti.engine.impl.persistence.entity.HistoricIdentityLinkEntity@20580d4e
16:46:24.702 [main] DEBUG org.activiti.engine.impl.persistence.entity.HistoricIdentityLinkEntity.insertHistoricIdentityLink - ==>  Preparing: insert into ACT_HI_IDENTITYLINK (ID_, TYPE_, USER_ID_, GROUP_ID_, TASK_ID_, PROC_INST_ID_) values (?, ?, ?, ?, ?, ?) 
16:46:24.702 [main] DEBUG org.activiti.engine.impl.persistence.entity.HistoricIdentityLinkEntity.insertHistoricIdentityLink - ==> Parameters: 10167(String), starter(String), henryyan(String), null, null, 10165(String)
16:46:24.703 [main] DEBUG org.activiti.engine.impl.persistence.entity.HistoricIdentityLinkEntity.insertHistoricIdentityLink - <==    Updates: 1
16:46:24.703 [main] DEBUG org.activiti.engine.impl.db.DbSqlSession - inserting: HistoricProcessInstanceEntity[superProcessInstanceId=null]
16:46:24.704 [main] DEBUG org.activiti.engine.impl.persistence.entity.HistoricProcessInstanceEntity.insertHistoricProcessInstance - ==>  Preparing: insert into ACT_HI_PROCINST ( ID_, PROC_INST_ID_, BUSINESS_KEY_, PROC_DEF_ID_, START_TIME_, END_TIME_, DURATION_, START_USER_ID_, START_ACT_ID_, END_ACT_ID_, SUPER_PROCESS_INSTANCE_ID_, DELETE_REASON_, TENANT_ID_, NAME_ ) values ( ?, ?, ?, ?, ?, ?, ?, ?, ?, ?, ?, ?, ?, ? ) 
16:46:24.704 [main] DEBUG org.activiti.engine.impl.persistence.entity.HistoricProcessInstanceEntity.insertHistoricProcessInstance - ==> Parameters: 10165(String), 10165(String), null, purchase-error-event-subprocess:1:10164(String), 2017-11-28 16:46:24.677(Timestamp), null, null, henryyan(String), startevent1(String), null, null, null, (String), null
16:46:24.704 [main] DEBUG org.activiti.engine.impl.persistence.entity.HistoricProcessInstanceEntity.insertHistoricProcessInstance - <==    Updates: 1
16:46:24.704 [main] DEBUG org.activiti.engine.impl.db.DbSqlSession - inserting: HistoricActivityInstanceEntity[activityId=startevent1, activityName=startevent1]
16:46:24.708 [main] DEBUG org.activiti.engine.impl.persistence.entity.HistoricActivityInstanceEntity.insertHistoricActivityInstance - ==>  Preparing: insert into ACT_HI_ACTINST ( ID_, PROC_DEF_ID_, PROC_INST_ID_, EXECUTION_ID_, ACT_ID_, TASK_ID_, CALL_PROC_INST_ID_, ACT_NAME_, ACT_TYPE_, ASSIGNEE_, START_TIME_, END_TIME_, DURATION_, TENANT_ID_ ) values ( ?, ?, ?, ?, ?, ?, ?, ?, ?, ?, ?, ?, ?, ? ) 
16:46:24.710 [main] DEBUG org.activiti.engine.impl.persistence.entity.HistoricActivityInstanceEntity.insertHistoricActivityInstance - ==> Parameters: 10168(String), purchase-error-event-subprocess:1:10164(String), 10165(String), 10165(String), startevent1(String), null, null, startevent1(String), startEvent(String), null, 2017-11-28 16:46:24.678(Timestamp), 2017-11-28 16:46:24.678(Timestamp), 0(Long), (String)
16:46:24.711 [main] DEBUG org.activiti.engine.impl.persistence.entity.HistoricActivityInstanceEntity.insertHistoricActivityInstance - <==    Updates: 1
16:46:24.712 [main] DEBUG org.activiti.engine.impl.db.DbSqlSession - inserting: org.activiti.engine.impl.persistence.entity.HistoricFormPropertyEntity@21bd128b
16:46:24.712 [main] DEBUG org.activiti.engine.impl.persistence.entity.HistoricDetailEntity.insertHistoricFormProperty - ==>  Preparing: insert into ACT_HI_DETAIL (ID_, TYPE_, PROC_INST_ID_, ACT_INST_ID_, EXECUTION_ID_, TASK_ID_, TIME_, NAME_, TEXT_) values ( ?, 'FormProperty', ?, ?, ?, ?, ?, ?, ? ) 
16:46:24.713 [main] DEBUG org.activiti.engine.impl.persistence.entity.HistoricDetailEntity.insertHistoricFormProperty - ==> Parameters: 10169(String), 10165(String), 10168(String), 10165(String), null, 2017-11-28 16:46:24.678(Timestamp), dueDate(String), 2013-03-11(String)
16:46:24.713 [main] DEBUG org.activiti.engine.impl.persistence.entity.HistoricDetailEntity.insertHistoricFormProperty - <==    Updates: 1
16:46:24.714 [main] DEBUG org.activiti.engine.impl.db.DbSqlSession - inserting: org.activiti.engine.impl.persistence.entity.HistoricFormPropertyEntity@2d0b05
16:46:24.716 [main] DEBUG org.activiti.engine.impl.persistence.entity.HistoricDetailEntity.insertHistoricFormProperty - ==>  Preparing: insert into ACT_HI_DETAIL (ID_, TYPE_, PROC_INST_ID_, ACT_INST_ID_, EXECUTION_ID_, TASK_ID_, TIME_, NAME_, TEXT_) values ( ?, 'FormProperty', ?, ?, ?, ?, ?, ?, ? ) 
16:46:24.716 [main] DEBUG org.activiti.engine.impl.persistence.entity.HistoricDetailEntity.insertHistoricFormProperty - ==> Parameters: 10170(String), 10165(String), 10168(String), 10165(String), null, 2017-11-28 16:46:24.678(Timestamp), amountMoney(String), 22000(String)
16:46:24.716 [main] DEBUG org.activiti.engine.impl.persistence.entity.HistoricDetailEntity.insertHistoricFormProperty - <==    Updates: 1
16:46:24.721 [main] DEBUG org.activiti.engine.impl.db.DbSqlSession - inserting: org.activiti.engine.impl.persistence.entity.HistoricFormPropertyEntity@4b432e53
16:46:24.722 [main] DEBUG org.activiti.engine.impl.persistence.entity.HistoricDetailEntity.insertHistoricFormProperty - ==>  Preparing: insert into ACT_HI_DETAIL (ID_, TYPE_, PROC_INST_ID_, ACT_INST_ID_, EXECUTION_ID_, TASK_ID_, TIME_, NAME_, TEXT_) values ( ?, 'FormProperty', ?, ?, ?, ?, ?, ?, ? ) 
16:46:24.723 [main] DEBUG org.activiti.engine.impl.persistence.entity.HistoricDetailEntity.insertHistoricFormProperty - ==> Parameters: 10171(String), 10165(String), 10168(String), 10165(String), null, 2017-11-28 16:46:24.678(Timestamp), listing(String), 1. MacBook Pro一台
2. 27寸显示器一台(String)
16:46:24.724 [main] DEBUG org.activiti.engine.impl.persistence.entity.HistoricDetailEntity.insertHistoricFormProperty - <==    Updates: 1
16:46:24.725 [main] DEBUG org.activiti.engine.impl.db.DbSqlSession - inserting: VariableInstanceEntity[id=10172, name=dueDate, type=date, longValue=1362931200000]
16:46:24.728 [main] DEBUG org.activiti.engine.impl.persistence.entity.VariableInstanceEntity.insertVariableInstance - ==>  Preparing: insert into ACT_RU_VARIABLE (ID_, REV_, TYPE_, NAME_, PROC_INST_ID_, EXECUTION_ID_, TASK_ID_, BYTEARRAY_ID_, DOUBLE_, LONG_ , TEXT_, TEXT2_) values ( ?, 1, ?, ?, ?, ?, ?, ?, ?, ?, ?, ? ) 
16:46:24.733 [main] DEBUG org.activiti.engine.impl.persistence.entity.VariableInstanceEntity.insertVariableInstance - ==> Parameters: 10172(String), date(String), dueDate(String), 10165(String), 10165(String), null, null, null, 1362931200000(Long), null, null
16:46:24.733 [main] DEBUG org.activiti.engine.impl.persistence.entity.VariableInstanceEntity.insertVariableInstance - <==    Updates: 1
16:46:24.734 [main] DEBUG org.activiti.engine.impl.db.DbSqlSession - inserting: HistoricVariableInstanceEntity[id=10172, name=dueDate, revision=0, type=date, longValue=1362931200000]
16:46:24.734 [main] DEBUG org.activiti.engine.impl.persistence.entity.HistoricVariableInstanceEntity.insertHistoricVariableInstance - ==>  Preparing: insert into ACT_HI_VARINST (ID_, PROC_INST_ID_, EXECUTION_ID_, TASK_ID_, NAME_, REV_, VAR_TYPE_, BYTEARRAY_ID_, DOUBLE_, LONG_ , TEXT_, TEXT2_, CREATE_TIME_, LAST_UPDATED_TIME_) values ( ?, ?, ?, ?, ?, ?, ?, ?, ?, ?, ?, ?, ?, ? ) 
16:46:24.740 [main] DEBUG org.activiti.engine.impl.persistence.entity.HistoricVariableInstanceEntity.insertHistoricVariableInstance - ==> Parameters: 10172(String), 10165(String), 10165(String), null, dueDate(String), 0(Integer), date(String), null, null, 1362931200000(Long), null, null, 2017-11-28 16:46:24.678(Timestamp), 2017-11-28 16:46:24.678(Timestamp)
16:46:24.740 [main] DEBUG org.activiti.engine.impl.persistence.entity.HistoricVariableInstanceEntity.insertHistoricVariableInstance - <==    Updates: 1
16:46:24.741 [main] DEBUG org.activiti.engine.impl.db.DbSqlSession - inserting: VariableInstanceEntity[id=10173, name=listing, type=string, textValue=1. MacBook Pro一台
2. 27寸显示器一台]
16:46:24.742 [main] DEBUG org.activiti.engine.impl.persistence.entity.VariableInstanceEntity.insertVariableInstance - ==>  Preparing: insert into ACT_RU_VARIABLE (ID_, REV_, TYPE_, NAME_, PROC_INST_ID_, EXECUTION_ID_, TASK_ID_, BYTEARRAY_ID_, DOUBLE_, LONG_ , TEXT_, TEXT2_) values ( ?, 1, ?, ?, ?, ?, ?, ?, ?, ?, ?, ? ) 
16:46:24.743 [main] DEBUG org.activiti.engine.impl.persistence.entity.VariableInstanceEntity.insertVariableInstance - ==> Parameters: 10173(String), string(String), listing(String), 10165(String), 10165(String), null, null, null, null, 1. MacBook Pro一台
2. 27寸显示器一台(String), null
16:46:24.744 [main] DEBUG org.activiti.engine.impl.persistence.entity.VariableInstanceEntity.insertVariableInstance - <==    Updates: 1
16:46:24.747 [main] DEBUG org.activiti.engine.impl.db.DbSqlSession - inserting: HistoricVariableInstanceEntity[id=10173, name=listing, revision=0, type=string, textValue=1. MacBook Pro一台
2. 27寸显示器一台]
16:46:24.748 [main] DEBUG org.activiti.engine.impl.persistence.entity.HistoricVariableInstanceEntity.insertHistoricVariableInstance - ==>  Preparing: insert into ACT_HI_VARINST (ID_, PROC_INST_ID_, EXECUTION_ID_, TASK_ID_, NAME_, REV_, VAR_TYPE_, BYTEARRAY_ID_, DOUBLE_, LONG_ , TEXT_, TEXT2_, CREATE_TIME_, LAST_UPDATED_TIME_) values ( ?, ?, ?, ?, ?, ?, ?, ?, ?, ?, ?, ?, ?, ? ) 
16:46:24.748 [main] DEBUG org.activiti.engine.impl.persistence.entity.HistoricVariableInstanceEntity.insertHistoricVariableInstance - ==> Parameters: 10173(String), 10165(String), 10165(String), null, listing(String), 0(Integer), string(String), null, null, null, 1. MacBook Pro一台
2. 27寸显示器一台(String), null, 2017-11-28 16:46:24.678(Timestamp), 2017-11-28 16:46:24.678(Timestamp)
16:46:24.748 [main] DEBUG org.activiti.engine.impl.persistence.entity.HistoricVariableInstanceEntity.insertHistoricVariableInstance - <==    Updates: 1
16:46:24.748 [main] DEBUG org.activiti.engine.impl.db.DbSqlSession - inserting: VariableInstanceEntity[id=10174, name=amountMoney, type=double, doubleValue=22000.0]
16:46:24.749 [main] DEBUG org.activiti.engine.impl.persistence.entity.VariableInstanceEntity.insertVariableInstance - ==>  Preparing: insert into ACT_RU_VARIABLE (ID_, REV_, TYPE_, NAME_, PROC_INST_ID_, EXECUTION_ID_, TASK_ID_, BYTEARRAY_ID_, DOUBLE_, LONG_ , TEXT_, TEXT2_) values ( ?, 1, ?, ?, ?, ?, ?, ?, ?, ?, ?, ? ) 
16:46:24.753 [main] DEBUG org.activiti.engine.impl.persistence.entity.VariableInstanceEntity.insertVariableInstance - ==> Parameters: 10174(String), double(String), amountMoney(String), 10165(String), 10165(String), null, null, 22000.0(Double), null, null, null
16:46:24.754 [main] DEBUG org.activiti.engine.impl.persistence.entity.VariableInstanceEntity.insertVariableInstance - <==    Updates: 1
16:46:24.754 [main] DEBUG org.activiti.engine.impl.db.DbSqlSession - inserting: HistoricVariableInstanceEntity[id=10174, name=amountMoney, revision=0, type=double, doubleValue=22000.0]
16:46:24.755 [main] DEBUG org.activiti.engine.impl.persistence.entity.HistoricVariableInstanceEntity.insertHistoricVariableInstance - ==>  Preparing: insert into ACT_HI_VARINST (ID_, PROC_INST_ID_, EXECUTION_ID_, TASK_ID_, NAME_, REV_, VAR_TYPE_, BYTEARRAY_ID_, DOUBLE_, LONG_ , TEXT_, TEXT2_, CREATE_TIME_, LAST_UPDATED_TIME_) values ( ?, ?, ?, ?, ?, ?, ?, ?, ?, ?, ?, ?, ?, ? ) 
16:46:24.763 [main] DEBUG org.activiti.engine.impl.persistence.entity.HistoricVariableInstanceEntity.insertHistoricVariableInstance - ==> Parameters: 10174(String), 10165(String), 10165(String), null, amountMoney(String), 0(Integer), double(String), null, 22000.0(Double), null, null, null, 2017-11-28 16:46:24.678(Timestamp), 2017-11-28 16:46:24.678(Timestamp)
16:46:24.764 [main] DEBUG org.activiti.engine.impl.persistence.entity.HistoricVariableInstanceEntity.insertHistoricVariableInstance - <==    Updates: 1
16:46:24.764 [main] DEBUG org.activiti.engine.impl.db.DbSqlSession - inserting: HistoricActivityInstanceEntity[activityId=deptLeaderAudit, activityName=领导审批]
16:46:24.764 [main] DEBUG org.activiti.engine.impl.persistence.entity.HistoricActivityInstanceEntity.insertHistoricActivityInstance - ==>  Preparing: insert into ACT_HI_ACTINST ( ID_, PROC_DEF_ID_, PROC_INST_ID_, EXECUTION_ID_, ACT_ID_, TASK_ID_, CALL_PROC_INST_ID_, ACT_NAME_, ACT_TYPE_, ASSIGNEE_, START_TIME_, END_TIME_, DURATION_, TENANT_ID_ ) values ( ?, ?, ?, ?, ?, ?, ?, ?, ?, ?, ?, ?, ?, ? ) 
16:46:24.765 [main] DEBUG org.activiti.engine.impl.persistence.entity.HistoricActivityInstanceEntity.insertHistoricActivityInstance - ==> Parameters: 10175(String), purchase-error-event-subprocess:1:10164(String), 10165(String), 10165(String), deptLeaderAudit(String), 10176(String), null, 领导审批(String), userTask(String), null, 2017-11-28 16:46:24.678(Timestamp), null, null, (String)
16:46:24.765 [main] DEBUG org.activiti.engine.impl.persistence.entity.HistoricActivityInstanceEntity.insertHistoricActivityInstance - <==    Updates: 1
16:46:24.766 [main] DEBUG org.activiti.engine.impl.db.DbSqlSession - inserting: Task[id=10176, name=领导审批]
16:46:24.766 [main] DEBUG org.activiti.engine.impl.persistence.entity.TaskEntity.insertTask - ==>  Preparing: insert into ACT_RU_TASK (ID_, REV_, NAME_, PARENT_TASK_ID_, DESCRIPTION_, PRIORITY_, CREATE_TIME_, OWNER_, ASSIGNEE_, DELEGATION_, EXECUTION_ID_, PROC_INST_ID_, PROC_DEF_ID_, TASK_DEF_KEY_, DUE_DATE_, CATEGORY_, SUSPENSION_STATE_, TENANT_ID_, FORM_KEY_) values (?, 1, ?, ?, ?, ?, ?, ?, ?, ?, ?, ?, ?, ?, ?, ?, ?, ?, ? ) 
16:46:24.769 [main] DEBUG org.activiti.engine.impl.persistence.entity.TaskEntity.insertTask - ==> Parameters: 10176(String), 领导审批(String), null, null, 50(Integer), 2017-11-28 16:46:24.678(Timestamp), null, null, null, 10165(String), 10165(String), purchase-error-event-subprocess:1:10164(String), deptLeaderAudit(String), null, null, 1(Integer), (String), null
16:46:24.770 [main] DEBUG org.activiti.engine.impl.persistence.entity.TaskEntity.insertTask - <==    Updates: 1
16:46:24.770 [main] DEBUG org.activiti.engine.impl.db.DbSqlSession - inserting: org.activiti.engine.impl.persistence.entity.HistoricTaskInstanceEntity@2b916808
16:46:24.770 [main] DEBUG org.activiti.engine.impl.persistence.entity.HistoricTaskInstanceEntity.insertHistoricTaskInstance - ==>  Preparing: insert into ACT_HI_TASKINST ( ID_, PROC_DEF_ID_, PROC_INST_ID_, EXECUTION_ID_, NAME_, PARENT_TASK_ID_, DESCRIPTION_, OWNER_, ASSIGNEE_, START_TIME_, CLAIM_TIME_, END_TIME_, DURATION_, DELETE_REASON_, TASK_DEF_KEY_, FORM_KEY_, PRIORITY_, DUE_DATE_, CATEGORY_, TENANT_ID_ ) values ( ?, ?, ?, ?, ?, ?, ?, ?, ?, ?, ?, ?, ?, ?, ?, ?, ?, ?, ?, ? ) 
16:46:24.770 [main] DEBUG org.activiti.engine.impl.persistence.entity.HistoricTaskInstanceEntity.insertHistoricTaskInstance - ==> Parameters: 10176(String), purchase-error-event-subprocess:1:10164(String), 10165(String), 10165(String), 领导审批(String), null, null, null, null, 2017-11-28 16:46:24.678(Timestamp), null, null, null, null, deptLeaderAudit(String), null, 50(Integer), null, null, (String)
16:46:24.774 [main] DEBUG org.activiti.engine.impl.persistence.entity.HistoricTaskInstanceEntity.insertHistoricTaskInstance - <==    Updates: 1
16:46:24.774 [main] DEBUG org.activiti.engine.impl.db.DbSqlSession - inserting: IdentityLinkEntity[id=10177, type=candidate, groupId=deptLeader, taskId=10176]
16:46:24.777 [main] DEBUG org.activiti.engine.impl.persistence.entity.IdentityLinkEntity.insertIdentityLink - ==>  Preparing: insert into ACT_RU_IDENTITYLINK (ID_, REV_, TYPE_, USER_ID_, GROUP_ID_, TASK_ID_, PROC_INST_ID_, PROC_DEF_ID_) values (?, 1, ?, ?, ?, ?, ?, ?) 
16:46:24.777 [main] DEBUG org.activiti.engine.impl.persistence.entity.IdentityLinkEntity.insertIdentityLink - ==> Parameters: 10177(String), candidate(String), null, deptLeader(String), 10176(String), null, null
16:46:24.777 [main] DEBUG org.activiti.engine.impl.persistence.entity.IdentityLinkEntity.insertIdentityLink - <==    Updates: 1
16:46:24.777 [main] DEBUG org.activiti.engine.impl.db.DbSqlSession - inserting: org.activiti.engine.impl.persistence.entity.HistoricIdentityLinkEntity@62f11ebb
16:46:24.778 [main] DEBUG org.activiti.engine.impl.persistence.entity.HistoricIdentityLinkEntity.insertHistoricIdentityLink - ==>  Preparing: insert into ACT_HI_IDENTITYLINK (ID_, TYPE_, USER_ID_, GROUP_ID_, TASK_ID_, PROC_INST_ID_) values (?, ?, ?, ?, ?, ?) 
16:46:24.780 [main] DEBUG org.activiti.engine.impl.persistence.entity.HistoricIdentityLinkEntity.insertHistoricIdentityLink - ==> Parameters: 10177(String), candidate(String), null, deptLeader(String), 10176(String), null
16:46:24.781 [main] DEBUG org.activiti.engine.impl.persistence.entity.HistoricIdentityLinkEntity.insertHistoricIdentityLink - <==    Updates: 1
16:46:24.781 [main] DEBUG org.apache.ibatis.transaction.managed.ManagedTransaction - Closing JDBC Connection [Transaction-aware proxy for target Connection [conn93: url=jdbc:h2:mem:activiti user=SA]]
16:46:24.782 [main] DEBUG org.springframework.jdbc.datasource.DataSourceTransactionManager - Initiating transaction commit
16:46:24.785 [main] DEBUG org.springframework.jdbc.datasource.DataSourceTransactionManager - Committing JDBC transaction on Connection [conn93: url=jdbc:h2:mem:activiti user=SA]
16:46:24.788 [main] DEBUG org.springframework.jdbc.datasource.DataSourceTransactionManager - Releasing JDBC Connection [conn93: url=jdbc:h2:mem:activiti user=SA] after transaction
16:46:24.788 [main] DEBUG org.springframework.jdbc.datasource.DataSourceUtils - Returning JDBC Connection to DataSource
16:46:24.788 [main] DEBUG org.activiti.engine.impl.interceptor.LogInterceptor - --- SubmitStartFormCmd finished --------------------------------------------------------
16:46:24.788 [main] DEBUG org.activiti.engine.impl.interceptor.LogInterceptor - 

16:46:24.788 [main] DEBUG org.activiti.engine.impl.interceptor.LogInterceptor - 

16:46:24.788 [main] DEBUG org.activiti.engine.impl.interceptor.LogInterceptor - --- starting TaskQueryImpl --------------------------------------------------------
16:46:24.788 [main] DEBUG org.activiti.spring.SpringTransactionInterceptor - Running command with propagation REQUIRED
16:46:24.791 [main] DEBUG org.springframework.jdbc.datasource.DataSourceTransactionManager - Creating new transaction with name [null]: PROPAGATION_REQUIRED,ISOLATION_DEFAULT
16:46:24.791 [main] DEBUG org.springframework.jdbc.datasource.SimpleDriverDataSource - Creating new JDBC Driver Connection to [jdbc:h2:mem:activiti;DB_CLOSE_DELAY=1000]
16:46:24.792 [main] DEBUG org.springframework.jdbc.datasource.DataSourceTransactionManager - Acquired Connection [conn94: url=jdbc:h2:mem:activiti user=SA] for JDBC transaction
16:46:24.792 [main] DEBUG org.springframework.jdbc.datasource.DataSourceTransactionManager - Switching JDBC Connection [conn94: url=jdbc:h2:mem:activiti user=SA] to manual commit
16:46:24.793 [main] DEBUG org.apache.ibatis.transaction.managed.ManagedTransaction - Opening JDBC Connection
16:46:24.793 [main] DEBUG org.activiti.engine.impl.persistence.entity.TaskEntity.selectTaskByQueryCriteria - ==>  Preparing: select distinct RES.* from ACT_RU_TASK RES inner join ACT_RU_IDENTITYLINK I on I.TASK_ID_ = RES.ID_ WHERE RES.ASSIGNEE_ is null and I.TYPE_ = 'candidate' and ( I.GROUP_ID_ IN ( ? ) ) order by RES.ID_ asc LIMIT ? OFFSET ? 
16:46:24.793 [main] DEBUG org.activiti.engine.impl.persistence.entity.TaskEntity.selectTaskByQueryCriteria - ==> Parameters: deptLeader(String), 2147483647(Integer), 0(Integer)
16:46:24.794 [main] DEBUG org.activiti.engine.impl.persistence.entity.TaskEntity.selectTaskByQueryCriteria - <==      Total: 1
16:46:24.794 [main] DEBUG org.activiti.engine.impl.db.DbSqlSession - flush summary: 0 insert, 0 update, 0 delete.
16:46:24.794 [main] DEBUG org.activiti.engine.impl.db.DbSqlSession - now executing flush...
16:46:24.796 [main] DEBUG org.apache.ibatis.transaction.managed.ManagedTransaction - Closing JDBC Connection [Transaction-aware proxy for target Connection [conn94: url=jdbc:h2:mem:activiti user=SA]]
16:46:24.796 [main] DEBUG org.springframework.jdbc.datasource.DataSourceTransactionManager - Initiating transaction commit
16:46:24.796 [main] DEBUG org.springframework.jdbc.datasource.DataSourceTransactionManager - Committing JDBC transaction on Connection [conn94: url=jdbc:h2:mem:activiti user=SA]
16:46:24.796 [main] DEBUG org.springframework.jdbc.datasource.DataSourceTransactionManager - Releasing JDBC Connection [conn94: url=jdbc:h2:mem:activiti user=SA] after transaction
16:46:24.796 [main] DEBUG org.springframework.jdbc.datasource.DataSourceUtils - Returning JDBC Connection to DataSource
16:46:24.796 [main] DEBUG org.activiti.engine.impl.interceptor.LogInterceptor - --- TaskQueryImpl finished --------------------------------------------------------
16:46:24.796 [main] DEBUG org.activiti.engine.impl.interceptor.LogInterceptor - 

16:46:24.796 [main] DEBUG org.activiti.engine.impl.interceptor.LogInterceptor - 

16:46:24.796 [main] DEBUG org.activiti.engine.impl.interceptor.LogInterceptor - --- starting ClaimTaskCmd --------------------------------------------------------
16:46:24.796 [main] DEBUG org.activiti.spring.SpringTransactionInterceptor - Running command with propagation REQUIRED
16:46:24.796 [main] DEBUG org.springframework.jdbc.datasource.DataSourceTransactionManager - Creating new transaction with name [null]: PROPAGATION_REQUIRED,ISOLATION_DEFAULT
16:46:24.796 [main] DEBUG org.springframework.jdbc.datasource.SimpleDriverDataSource - Creating new JDBC Driver Connection to [jdbc:h2:mem:activiti;DB_CLOSE_DELAY=1000]
16:46:24.796 [main] DEBUG org.springframework.jdbc.datasource.DataSourceTransactionManager - Acquired Connection [conn95: url=jdbc:h2:mem:activiti user=SA] for JDBC transaction
16:46:24.796 [main] DEBUG org.springframework.jdbc.datasource.DataSourceTransactionManager - Switching JDBC Connection [conn95: url=jdbc:h2:mem:activiti user=SA] to manual commit
16:46:24.796 [main] DEBUG org.apache.ibatis.transaction.managed.ManagedTransaction - Opening JDBC Connection
16:46:24.796 [main] DEBUG org.activiti.engine.impl.persistence.entity.TaskEntity.selectTask - ==>  Preparing: select * from ACT_RU_TASK where ID_ = ? 
16:46:24.797 [main] DEBUG org.activiti.engine.impl.persistence.entity.TaskEntity.selectTask - ==> Parameters: 10176(String)
16:46:24.797 [main] DEBUG org.activiti.engine.impl.persistence.entity.TaskEntity.selectTask - <==      Total: 1
16:46:24.797 [main] DEBUG org.activiti.engine.impl.history.DefaultHistoryManager - Current history level: AUDIT, level required: AUDIT
16:46:24.802 [main] DEBUG org.activiti.engine.impl.persistence.entity.HistoricTaskInstanceEntity.selectHistoricTaskInstance - ==>  Preparing: select * from ACT_HI_TASKINST where ID_ = ? 
16:46:24.802 [main] DEBUG org.activiti.engine.impl.persistence.entity.HistoricTaskInstanceEntity.selectHistoricTaskInstance - ==> Parameters: 10176(String)
16:46:24.802 [main] DEBUG org.activiti.engine.impl.persistence.entity.HistoricTaskInstanceEntity.selectHistoricTaskInstance - <==      Total: 1
16:46:24.802 [main] DEBUG org.activiti.engine.impl.persistence.entity.ExecutionEntity.selectExecution - ==>  Preparing: select * from ACT_RU_EXECUTION where ID_ = ? 
16:46:24.802 [main] DEBUG org.activiti.engine.impl.persistence.entity.ExecutionEntity.selectExecution - ==> Parameters: 10165(String)
16:46:24.802 [main] DEBUG org.activiti.engine.impl.persistence.entity.ExecutionEntity.selectExecution - <==      Total: 1
16:46:24.803 [main] DEBUG org.activiti.engine.impl.persistence.entity.IdentityLinkEntity.selectIdentityLinksByProcessInstance - ==>  Preparing: select * from ACT_RU_IDENTITYLINK where PROC_INST_ID_ = ? 
16:46:24.803 [main] DEBUG org.activiti.engine.impl.persistence.entity.IdentityLinkEntity.selectIdentityLinksByProcessInstance - ==> Parameters: 10165(String)
16:46:24.803 [main] DEBUG org.activiti.engine.impl.persistence.entity.IdentityLinkEntity.selectIdentityLinksByProcessInstance - <==      Total: 1
16:46:24.803 [main] DEBUG org.activiti.engine.impl.history.DefaultHistoryManager - Current history level: AUDIT, level required: AUDIT
16:46:24.803 [main] DEBUG org.activiti.engine.impl.history.DefaultHistoryManager - Current history level: AUDIT, level required: ACTIVITY
16:46:24.803 [main] DEBUG org.activiti.engine.impl.persistence.entity.HistoricActivityInstanceEntity.selectHistoricActivityInstancesByQueryCriteria - ==>  Preparing: select RES.* from ACT_HI_ACTINST RES WHERE RES.EXECUTION_ID_ = ? and RES.ACT_ID_ = ? and RES.END_TIME_ is null order by RES.ID_ asc LIMIT ? OFFSET ? 
16:46:24.807 [main] DEBUG org.activiti.engine.impl.persistence.entity.HistoricActivityInstanceEntity.selectHistoricActivityInstancesByQueryCriteria - ==> Parameters: 10165(String), deptLeaderAudit(String), 1(Integer), 0(Integer)
16:46:24.807 [main] DEBUG org.activiti.engine.impl.persistence.entity.HistoricActivityInstanceEntity.selectHistoricActivityInstancesByQueryCriteria - <==      Total: 1
16:46:24.807 [main] DEBUG org.activiti.engine.impl.history.DefaultHistoryManager - Current history level: AUDIT, level required: AUDIT
16:46:24.808 [main] DEBUG org.activiti.engine.impl.db.DbSqlSession - flush summary: 2 insert, 3 update, 0 delete.
16:46:24.808 [main] DEBUG org.activiti.engine.impl.db.DbSqlSession -   insert IdentityLinkEntity[id=10178, type=participant, userId=kermit, processInstanceId=10165]
16:46:24.808 [main] DEBUG org.activiti.engine.impl.db.DbSqlSession -   insert org.activiti.engine.impl.persistence.entity.HistoricIdentityLinkEntity@7a3269f5
16:46:24.808 [main] DEBUG org.activiti.engine.impl.db.DbSqlSession -   update Task[id=10176, name=领导审批]
16:46:24.808 [main] DEBUG org.activiti.engine.impl.db.DbSqlSession -   update HistoricActivityInstanceEntity[activityId=deptLeaderAudit, activityName=领导审批]
16:46:24.808 [main] DEBUG org.activiti.engine.impl.db.DbSqlSession -   update org.activiti.engine.impl.persistence.entity.HistoricTaskInstanceEntity@5c887052
16:46:24.808 [main] DEBUG org.activiti.engine.impl.db.DbSqlSession - now executing flush...
16:46:24.808 [main] DEBUG org.activiti.engine.impl.db.DbSqlSession - inserting: IdentityLinkEntity[id=10178, type=participant, userId=kermit, processInstanceId=10165]
16:46:24.808 [main] DEBUG org.activiti.engine.impl.persistence.entity.IdentityLinkEntity.insertIdentityLink - ==>  Preparing: insert into ACT_RU_IDENTITYLINK (ID_, REV_, TYPE_, USER_ID_, GROUP_ID_, TASK_ID_, PROC_INST_ID_, PROC_DEF_ID_) values (?, 1, ?, ?, ?, ?, ?, ?) 
16:46:24.810 [main] DEBUG org.activiti.engine.impl.persistence.entity.IdentityLinkEntity.insertIdentityLink - ==> Parameters: 10178(String), participant(String), kermit(String), null, null, 10165(String), null
16:46:24.810 [main] DEBUG org.activiti.engine.impl.persistence.entity.IdentityLinkEntity.insertIdentityLink - <==    Updates: 1
16:46:24.810 [main] DEBUG org.activiti.engine.impl.db.DbSqlSession - inserting: org.activiti.engine.impl.persistence.entity.HistoricIdentityLinkEntity@7a3269f5
16:46:24.812 [main] DEBUG org.activiti.engine.impl.persistence.entity.HistoricIdentityLinkEntity.insertHistoricIdentityLink - ==>  Preparing: insert into ACT_HI_IDENTITYLINK (ID_, TYPE_, USER_ID_, GROUP_ID_, TASK_ID_, PROC_INST_ID_) values (?, ?, ?, ?, ?, ?) 
16:46:24.812 [main] DEBUG org.activiti.engine.impl.persistence.entity.HistoricIdentityLinkEntity.insertHistoricIdentityLink - ==> Parameters: 10178(String), participant(String), kermit(String), null, null, 10165(String)
16:46:24.812 [main] DEBUG org.activiti.engine.impl.persistence.entity.HistoricIdentityLinkEntity.insertHistoricIdentityLink - <==    Updates: 1
16:46:24.812 [main] DEBUG org.activiti.engine.impl.db.DbSqlSession - updating: Task[id=10176, name=领导审批]
16:46:24.812 [main] DEBUG org.activiti.engine.impl.persistence.entity.TaskEntity.updateTask - ==>  Preparing: update ACT_RU_TASK SET REV_ = ?, NAME_ = ?, PARENT_TASK_ID_ = ?, PRIORITY_ = ?, CREATE_TIME_ = ?, OWNER_ = ?, ASSIGNEE_ = ?, DELEGATION_ = ?, EXECUTION_ID_ = ?, PROC_DEF_ID_ = ?, DESCRIPTION_ = ?, DUE_DATE_ = ?, CATEGORY_ = ?, SUSPENSION_STATE_ = ?, FORM_KEY_ = ? where ID_= ? and REV_ = ? 
16:46:24.812 [main] DEBUG org.activiti.engine.impl.persistence.entity.TaskEntity.updateTask - ==> Parameters: 2(Integer), 领导审批(String), null, 50(Integer), 2017-11-28 16:46:24.678(Timestamp), null, kermit(String), null, 10165(String), purchase-error-event-subprocess:1:10164(String), null, null, null, 1(Integer), null, 10176(String), 1(Integer)
16:46:24.812 [main] DEBUG org.activiti.engine.impl.persistence.entity.TaskEntity.updateTask - <==    Updates: 1
16:46:24.812 [main] DEBUG org.activiti.engine.impl.db.DbSqlSession - updating: HistoricActivityInstanceEntity[activityId=deptLeaderAudit, activityName=领导审批]
16:46:24.813 [main] DEBUG org.activiti.engine.impl.persistence.entity.HistoricActivityInstanceEntity.updateHistoricActivityInstance - ==>  Preparing: update ACT_HI_ACTINST set EXECUTION_ID_ = ?, ASSIGNEE_ = ?, END_TIME_ = ?, DURATION_ = ? where ID_ = ? 
16:46:24.813 [main] DEBUG org.activiti.engine.impl.persistence.entity.HistoricActivityInstanceEntity.updateHistoricActivityInstance - ==> Parameters: 10165(String), kermit(String), null, null, 10175(String)
16:46:24.813 [main] DEBUG org.activiti.engine.impl.persistence.entity.HistoricActivityInstanceEntity.updateHistoricActivityInstance - <==    Updates: 1
16:46:24.813 [main] DEBUG org.activiti.engine.impl.db.DbSqlSession - updating: org.activiti.engine.impl.persistence.entity.HistoricTaskInstanceEntity@5c887052
16:46:24.813 [main] DEBUG org.activiti.engine.impl.persistence.entity.HistoricTaskInstanceEntity.updateHistoricTaskInstance - ==>  Preparing: update ACT_HI_TASKINST set EXECUTION_ID_ = ?, NAME_ = ?, PARENT_TASK_ID_ = ?, DESCRIPTION_ = ?, OWNER_ = ?, ASSIGNEE_ = ?, CLAIM_TIME_ = ?, END_TIME_ = ?, DURATION_ = ?, DELETE_REASON_ = ?, TASK_DEF_KEY_ = ?, FORM_KEY_ = ?, PRIORITY_ = ?, DUE_DATE_ = ?, CATEGORY_ = ? where ID_ = ? 
16:46:24.813 [main] DEBUG org.activiti.engine.impl.persistence.entity.HistoricTaskInstanceEntity.updateHistoricTaskInstance - ==> Parameters: 10165(String), 领导审批(String), null, null, null, kermit(String), 2017-11-28 16:46:24.807(Timestamp), null, null, null, deptLeaderAudit(String), null, 50(Integer), null, null, 10176(String)
16:46:24.813 [main] DEBUG org.activiti.engine.impl.persistence.entity.HistoricTaskInstanceEntity.updateHistoricTaskInstance - <==    Updates: 1
16:46:24.813 [main] DEBUG org.apache.ibatis.transaction.managed.ManagedTransaction - Closing JDBC Connection [Transaction-aware proxy for target Connection [conn95: url=jdbc:h2:mem:activiti user=SA]]
16:46:24.813 [main] DEBUG org.springframework.jdbc.datasource.DataSourceTransactionManager - Initiating transaction commit
16:46:24.813 [main] DEBUG org.springframework.jdbc.datasource.DataSourceTransactionManager - Committing JDBC transaction on Connection [conn95: url=jdbc:h2:mem:activiti user=SA]
16:46:24.813 [main] DEBUG org.springframework.jdbc.datasource.DataSourceTransactionManager - Releasing JDBC Connection [conn95: url=jdbc:h2:mem:activiti user=SA] after transaction
16:46:24.813 [main] DEBUG org.springframework.jdbc.datasource.DataSourceUtils - Returning JDBC Connection to DataSource
16:46:24.813 [main] DEBUG org.activiti.engine.impl.interceptor.LogInterceptor - --- ClaimTaskCmd finished --------------------------------------------------------
16:46:24.813 [main] DEBUG org.activiti.engine.impl.interceptor.LogInterceptor - 

16:46:24.813 [main] DEBUG org.activiti.engine.impl.interceptor.LogInterceptor - 

16:46:24.813 [main] DEBUG org.activiti.engine.impl.interceptor.LogInterceptor - --- starting SubmitTaskFormCmd --------------------------------------------------------
16:46:24.813 [main] DEBUG org.activiti.spring.SpringTransactionInterceptor - Running command with propagation REQUIRED
16:46:24.814 [main] DEBUG org.springframework.jdbc.datasource.DataSourceTransactionManager - Creating new transaction with name [null]: PROPAGATION_REQUIRED,ISOLATION_DEFAULT
16:46:24.814 [main] DEBUG org.springframework.jdbc.datasource.SimpleDriverDataSource - Creating new JDBC Driver Connection to [jdbc:h2:mem:activiti;DB_CLOSE_DELAY=1000]
16:46:24.814 [main] DEBUG org.springframework.jdbc.datasource.DataSourceTransactionManager - Acquired Connection [conn96: url=jdbc:h2:mem:activiti user=SA] for JDBC transaction
16:46:24.814 [main] DEBUG org.springframework.jdbc.datasource.DataSourceTransactionManager - Switching JDBC Connection [conn96: url=jdbc:h2:mem:activiti user=SA] to manual commit
16:46:24.814 [main] DEBUG org.apache.ibatis.transaction.managed.ManagedTransaction - Opening JDBC Connection
16:46:24.814 [main] DEBUG org.activiti.engine.impl.persistence.entity.TaskEntity.selectTask - ==>  Preparing: select * from ACT_RU_TASK where ID_ = ? 
16:46:24.817 [main] DEBUG org.activiti.engine.impl.persistence.entity.TaskEntity.selectTask - ==> Parameters: 10176(String)
16:46:24.818 [main] DEBUG org.activiti.engine.impl.persistence.entity.TaskEntity.selectTask - <==      Total: 1
16:46:24.818 [main] DEBUG org.activiti.engine.impl.persistence.entity.ExecutionEntity.selectExecution - ==>  Preparing: select * from ACT_RU_EXECUTION where ID_ = ? 
16:46:24.818 [main] DEBUG org.activiti.engine.impl.persistence.entity.ExecutionEntity.selectExecution - ==> Parameters: 10165(String)
16:46:24.818 [main] DEBUG org.activiti.engine.impl.persistence.entity.ExecutionEntity.selectExecution - <==      Total: 1
16:46:24.818 [main] DEBUG org.activiti.engine.impl.history.DefaultHistoryManager - Current history level: AUDIT, level required: AUDIT
16:46:24.818 [main] DEBUG org.activiti.engine.impl.persistence.entity.HistoricActivityInstanceEntity.selectHistoricActivityInstancesByQueryCriteria - ==>  Preparing: select RES.* from ACT_HI_ACTINST RES WHERE RES.EXECUTION_ID_ = ? and RES.ACT_ID_ = ? and RES.END_TIME_ is null order by RES.ID_ asc LIMIT ? OFFSET ? 
16:46:24.819 [main] DEBUG org.activiti.engine.impl.persistence.entity.HistoricActivityInstanceEntity.selectHistoricActivityInstancesByQueryCriteria - ==> Parameters: 10165(String), deptLeaderAudit(String), 1(Integer), 0(Integer)
16:46:24.819 [main] DEBUG org.activiti.engine.impl.persistence.entity.HistoricActivityInstanceEntity.selectHistoricActivityInstancesByQueryCriteria - <==      Total: 1
16:46:24.819 [main] DEBUG org.activiti.engine.impl.persistence.entity.VariableInstanceEntity.selectVariablesByExecutionId - ==>  Preparing: select * from ACT_RU_VARIABLE where EXECUTION_ID_ = ? and TASK_ID_ is null 
16:46:24.819 [main] DEBUG org.activiti.engine.impl.persistence.entity.VariableInstanceEntity.selectVariablesByExecutionId - ==> Parameters: 10165(String)
16:46:24.819 [main] DEBUG org.activiti.engine.impl.persistence.entity.VariableInstanceEntity.selectVariablesByExecutionId - <==      Total: 4
16:46:24.819 [main] DEBUG org.activiti.engine.impl.history.DefaultHistoryManager - Current history level: AUDIT, level required: ACTIVITY
16:46:24.819 [main] DEBUG org.activiti.engine.impl.history.DefaultHistoryManager - Current history level: AUDIT, level required: FULL
16:46:24.819 [main] DEBUG org.activiti.engine.impl.persistence.entity.IdentityLinkEntity.selectIdentityLinksByProcessInstance - ==>  Preparing: select * from ACT_RU_IDENTITYLINK where PROC_INST_ID_ = ? 
16:46:24.819 [main] DEBUG org.activiti.engine.impl.persistence.entity.IdentityLinkEntity.selectIdentityLinksByProcessInstance - ==> Parameters: 10165(String)
16:46:24.820 [main] DEBUG org.activiti.engine.impl.persistence.entity.IdentityLinkEntity.selectIdentityLinksByProcessInstance - <==      Total: 2
16:46:24.820 [main] DEBUG org.activiti.engine.impl.persistence.entity.TaskEntity.selectTasksByParentTaskId - ==>  Preparing: select * from ACT_RU_TASK where PARENT_TASK_ID_ = ? 
16:46:24.820 [main] DEBUG org.activiti.engine.impl.persistence.entity.TaskEntity.selectTasksByParentTaskId - ==> Parameters: 10176(String)
16:46:24.820 [main] DEBUG org.activiti.engine.impl.persistence.entity.TaskEntity.selectTasksByParentTaskId - <==      Total: 0
16:46:24.820 [main] DEBUG org.activiti.engine.impl.persistence.entity.IdentityLinkEntity.selectIdentityLinksByTask - ==>  Preparing: select * from ACT_RU_IDENTITYLINK where TASK_ID_ = ? 
16:46:24.820 [main] DEBUG org.activiti.engine.impl.persistence.entity.IdentityLinkEntity.selectIdentityLinksByTask - ==> Parameters: 10176(String)
16:46:24.821 [main] DEBUG org.activiti.engine.impl.persistence.entity.IdentityLinkEntity.selectIdentityLinksByTask - <==      Total: 1
16:46:24.821 [main] DEBUG org.activiti.engine.impl.persistence.entity.VariableInstanceEntity.selectVariablesByTaskId - ==>  Preparing: select * from ACT_RU_VARIABLE where TASK_ID_ = ? 
16:46:24.821 [main] DEBUG org.activiti.engine.impl.persistence.entity.VariableInstanceEntity.selectVariablesByTaskId - ==> Parameters: 10176(String)
16:46:24.821 [main] DEBUG org.activiti.engine.impl.persistence.entity.VariableInstanceEntity.selectVariablesByTaskId - <==      Total: 0
16:46:24.821 [main] DEBUG org.activiti.engine.impl.history.DefaultHistoryManager - Current history level: AUDIT, level required: AUDIT
16:46:24.821 [main] DEBUG org.activiti.engine.impl.persistence.entity.HistoricTaskInstanceEntity.selectHistoricTaskInstance - ==>  Preparing: select * from ACT_HI_TASKINST where ID_ = ? 
16:46:24.821 [main] DEBUG org.activiti.engine.impl.persistence.entity.HistoricTaskInstanceEntity.selectHistoricTaskInstance - ==> Parameters: 10176(String)
16:46:24.821 [main] DEBUG org.activiti.engine.impl.persistence.entity.HistoricTaskInstanceEntity.selectHistoricTaskInstance - <==      Total: 1
16:46:24.821 [main] DEBUG org.activiti.engine.impl.persistence.entity.TaskEntity.selectTasksByExecutionId - ==>  Preparing: select distinct T.* from ACT_RU_TASK T where T.EXECUTION_ID_ = ? 
16:46:24.821 [main] DEBUG org.activiti.engine.impl.persistence.entity.TaskEntity.selectTasksByExecutionId - ==> Parameters: 10165(String)
16:46:24.822 [main] DEBUG org.activiti.engine.impl.persistence.entity.TaskEntity.selectTasksByExecutionId - <==      Total: 1
16:46:24.822 [main] DEBUG org.activiti.engine.impl.bpmn.behavior.BpmnActivityBehavior - Leaving activity 'deptLeaderAudit'
16:46:24.822 [main] DEBUG org.activiti.engine.impl.history.DefaultHistoryManager - Current history level: AUDIT, level required: ACTIVITY
16:46:24.822 [main] DEBUG org.activiti.engine.impl.pvm.runtime.AtomicOperationTransitionNotifyListenerTake - ProcessInstance[10165] takes transition (deptLeaderAudit)--flow2-->(exclusivegateway1)
16:46:24.822 [main] DEBUG org.activiti.engine.impl.history.DefaultHistoryManager - Current history level: AUDIT, level required: ACTIVITY
16:46:24.822 [main] DEBUG org.activiti.engine.impl.pvm.runtime.AtomicOperationActivityExecute - ProcessInstance[10165] executes Activity(exclusivegateway1): org.activiti.engine.impl.bpmn.behavior.ExclusiveGatewayActivityBehavior
16:46:24.822 [main] DEBUG org.activiti.engine.impl.bpmn.behavior.ExclusiveGatewayActivityBehavior - Leaving activity 'exclusivegateway1'
16:46:24.822 [main] DEBUG org.activiti.engine.impl.bpmn.behavior.ExclusiveGatewayActivityBehavior - Sequence flow 'flow3'selected as outgoing sequence flow.
16:46:24.822 [main] DEBUG org.activiti.engine.impl.history.DefaultHistoryManager - Current history level: AUDIT, level required: ACTIVITY
16:46:24.822 [main] DEBUG org.activiti.engine.impl.pvm.runtime.AtomicOperationTransitionNotifyListenerTake - ProcessInstance[10165] takes transition (exclusivegateway1)--flow3-->(contactSupplier)
16:46:24.822 [main] DEBUG org.activiti.engine.impl.history.DefaultHistoryManager - Current history level: AUDIT, level required: ACTIVITY
16:46:24.822 [main] DEBUG org.activiti.engine.impl.pvm.runtime.AtomicOperationActivityExecute - ProcessInstance[10165] executes Activity(contactSupplier): org.activiti.engine.impl.bpmn.behavior.UserTaskActivityBehavior
16:46:24.822 [main] DEBUG org.activiti.engine.impl.history.DefaultHistoryManager - Current history level: AUDIT, level required: AUDIT
16:46:24.822 [main] DEBUG org.activiti.engine.impl.history.DefaultHistoryManager - Current history level: AUDIT, level required: AUDIT
16:46:24.822 [main] DEBUG org.activiti.engine.impl.history.DefaultHistoryManager - Current history level: AUDIT, level required: AUDIT
16:46:24.822 [main] DEBUG org.activiti.engine.impl.history.DefaultHistoryManager - Current history level: AUDIT, level required: AUDIT
16:46:24.823 [main] DEBUG org.activiti.engine.impl.history.DefaultHistoryManager - Current history level: AUDIT, level required: AUDIT
16:46:24.823 [main] DEBUG org.activiti.engine.impl.history.DefaultHistoryManager - Current history level: AUDIT, level required: ACTIVITY
16:46:24.823 [main] DEBUG org.activiti.engine.impl.db.DbSqlSession - flush summary: 9 insert, 3 update, 2 delete.
16:46:24.823 [main] DEBUG org.activiti.engine.impl.db.DbSqlSession -   insert org.activiti.engine.impl.persistence.entity.HistoricFormPropertyEntity@3610f277
16:46:24.823 [main] DEBUG org.activiti.engine.impl.db.DbSqlSession -   insert VariableInstanceEntity[id=10180, name=deptLeaderApproved, type=string, textValue=true]
16:46:24.823 [main] DEBUG org.activiti.engine.impl.db.DbSqlSession -   insert HistoricVariableInstanceEntity[id=10180, name=deptLeaderApproved, revision=0, type=string, textValue=true]
16:46:24.823 [main] DEBUG org.activiti.engine.impl.db.DbSqlSession -   insert HistoricActivityInstanceEntity[activityId=exclusivegateway1, activityName=Exclusive Gateway]
16:46:24.823 [main] DEBUG org.activiti.engine.impl.db.DbSqlSession -   insert HistoricActivityInstanceEntity[activityId=contactSupplier, activityName=联系供货方]
16:46:24.823 [main] DEBUG org.activiti.engine.impl.db.DbSqlSession -   insert Task[id=10183, name=联系供货方]
16:46:24.823 [main] DEBUG org.activiti.engine.impl.db.DbSqlSession -   insert org.activiti.engine.impl.persistence.entity.HistoricTaskInstanceEntity@c689973
16:46:24.823 [main] DEBUG org.activiti.engine.impl.db.DbSqlSession -   insert IdentityLinkEntity[id=10184, type=candidate, groupId=supportCrew, taskId=10183]
16:46:24.823 [main] DEBUG org.activiti.engine.impl.db.DbSqlSession -   insert org.activiti.engine.impl.persistence.entity.HistoricIdentityLinkEntity@41fa769c
16:46:24.823 [main] DEBUG org.activiti.engine.impl.db.DbSqlSession -   update ProcessInstance[10165]
16:46:24.823 [main] DEBUG org.activiti.engine.impl.db.DbSqlSession -   update HistoricActivityInstanceEntity[activityId=deptLeaderAudit, activityName=领导审批]
16:46:24.823 [main] DEBUG org.activiti.engine.impl.db.DbSqlSession -   update org.activiti.engine.impl.persistence.entity.HistoricTaskInstanceEntity@40113163
16:46:24.823 [main] DEBUG org.activiti.engine.impl.db.DbSqlSession -   delete IdentityLinkEntity[id=10177, type=candidate, groupId=deptLeader, taskId=10176]
16:46:24.823 [main] DEBUG org.activiti.engine.impl.db.DbSqlSession -   delete Task[id=10176, name=领导审批]
16:46:24.823 [main] DEBUG org.activiti.engine.impl.db.DbSqlSession - now executing flush...
16:46:24.823 [main] DEBUG org.activiti.engine.impl.db.DbSqlSession - inserting: org.activiti.engine.impl.persistence.entity.HistoricFormPropertyEntity@3610f277
16:46:24.823 [main] DEBUG org.activiti.engine.impl.persistence.entity.HistoricDetailEntity.insertHistoricFormProperty - ==>  Preparing: insert into ACT_HI_DETAIL (ID_, TYPE_, PROC_INST_ID_, ACT_INST_ID_, EXECUTION_ID_, TASK_ID_, TIME_, NAME_, TEXT_) values ( ?, 'FormProperty', ?, ?, ?, ?, ?, ?, ? ) 
16:46:24.823 [main] DEBUG org.activiti.engine.impl.persistence.entity.HistoricDetailEntity.insertHistoricFormProperty - ==> Parameters: 10179(String), 10165(String), 10175(String), 10165(String), 10176(String), 2017-11-28 16:46:24.818(Timestamp), deptLeaderApproved(String), true(String)
16:46:24.823 [main] DEBUG org.activiti.engine.impl.persistence.entity.HistoricDetailEntity.insertHistoricFormProperty - <==    Updates: 1
16:46:24.823 [main] DEBUG org.activiti.engine.impl.db.DbSqlSession - inserting: VariableInstanceEntity[id=10180, name=deptLeaderApproved, type=string, textValue=true]
16:46:24.824 [main] DEBUG org.activiti.engine.impl.persistence.entity.VariableInstanceEntity.insertVariableInstance - ==>  Preparing: insert into ACT_RU_VARIABLE (ID_, REV_, TYPE_, NAME_, PROC_INST_ID_, EXECUTION_ID_, TASK_ID_, BYTEARRAY_ID_, DOUBLE_, LONG_ , TEXT_, TEXT2_) values ( ?, 1, ?, ?, ?, ?, ?, ?, ?, ?, ?, ? ) 
16:46:24.824 [main] DEBUG org.activiti.engine.impl.persistence.entity.VariableInstanceEntity.insertVariableInstance - ==> Parameters: 10180(String), string(String), deptLeaderApproved(String), 10165(String), 10165(String), null, null, null, null, true(String), null
16:46:24.824 [main] DEBUG org.activiti.engine.impl.persistence.entity.VariableInstanceEntity.insertVariableInstance - <==    Updates: 1
16:46:24.824 [main] DEBUG org.activiti.engine.impl.db.DbSqlSession - inserting: HistoricVariableInstanceEntity[id=10180, name=deptLeaderApproved, revision=0, type=string, textValue=true]
16:46:24.824 [main] DEBUG org.activiti.engine.impl.persistence.entity.HistoricVariableInstanceEntity.insertHistoricVariableInstance - ==>  Preparing: insert into ACT_HI_VARINST (ID_, PROC_INST_ID_, EXECUTION_ID_, TASK_ID_, NAME_, REV_, VAR_TYPE_, BYTEARRAY_ID_, DOUBLE_, LONG_ , TEXT_, TEXT2_, CREATE_TIME_, LAST_UPDATED_TIME_) values ( ?, ?, ?, ?, ?, ?, ?, ?, ?, ?, ?, ?, ?, ? ) 
16:46:24.825 [main] DEBUG org.activiti.engine.impl.persistence.entity.HistoricVariableInstanceEntity.insertHistoricVariableInstance - ==> Parameters: 10180(String), 10165(String), 10165(String), null, deptLeaderApproved(String), 0(Integer), string(String), null, null, null, true(String), null, 2017-11-28 16:46:24.819(Timestamp), 2017-11-28 16:46:24.819(Timestamp)
16:46:24.825 [main] DEBUG org.activiti.engine.impl.persistence.entity.HistoricVariableInstanceEntity.insertHistoricVariableInstance - <==    Updates: 1
16:46:24.825 [main] DEBUG org.activiti.engine.impl.db.DbSqlSession - inserting: HistoricActivityInstanceEntity[activityId=exclusivegateway1, activityName=Exclusive Gateway]
16:46:24.825 [main] DEBUG org.activiti.engine.impl.persistence.entity.HistoricActivityInstanceEntity.insertHistoricActivityInstance - ==>  Preparing: insert into ACT_HI_ACTINST ( ID_, PROC_DEF_ID_, PROC_INST_ID_, EXECUTION_ID_, ACT_ID_, TASK_ID_, CALL_PROC_INST_ID_, ACT_NAME_, ACT_TYPE_, ASSIGNEE_, START_TIME_, END_TIME_, DURATION_, TENANT_ID_ ) values ( ?, ?, ?, ?, ?, ?, ?, ?, ?, ?, ?, ?, ?, ? ) 
16:46:24.825 [main] DEBUG org.activiti.engine.impl.persistence.entity.HistoricActivityInstanceEntity.insertHistoricActivityInstance - ==> Parameters: 10181(String), purchase-error-event-subprocess:1:10164(String), 10165(String), 10165(String), exclusivegateway1(String), null, null, Exclusive Gateway(String), exclusiveGateway(String), null, 2017-11-28 16:46:24.822(Timestamp), 2017-11-28 16:46:24.822(Timestamp), 0(Long), (String)
16:46:24.825 [main] DEBUG org.activiti.engine.impl.persistence.entity.HistoricActivityInstanceEntity.insertHistoricActivityInstance - <==    Updates: 1
16:46:24.825 [main] DEBUG org.activiti.engine.impl.db.DbSqlSession - inserting: HistoricActivityInstanceEntity[activityId=contactSupplier, activityName=联系供货方]
16:46:24.825 [main] DEBUG org.activiti.engine.impl.persistence.entity.HistoricActivityInstanceEntity.insertHistoricActivityInstance - ==>  Preparing: insert into ACT_HI_ACTINST ( ID_, PROC_DEF_ID_, PROC_INST_ID_, EXECUTION_ID_, ACT_ID_, TASK_ID_, CALL_PROC_INST_ID_, ACT_NAME_, ACT_TYPE_, ASSIGNEE_, START_TIME_, END_TIME_, DURATION_, TENANT_ID_ ) values ( ?, ?, ?, ?, ?, ?, ?, ?, ?, ?, ?, ?, ?, ? ) 
16:46:24.825 [main] DEBUG org.activiti.engine.impl.persistence.entity.HistoricActivityInstanceEntity.insertHistoricActivityInstance - ==> Parameters: 10182(String), purchase-error-event-subprocess:1:10164(String), 10165(String), 10165(String), contactSupplier(String), 10183(String), null, 联系供货方(String), userTask(String), null, 2017-11-28 16:46:24.822(Timestamp), null, null, (String)
16:46:24.825 [main] DEBUG org.activiti.engine.impl.persistence.entity.HistoricActivityInstanceEntity.insertHistoricActivityInstance - <==    Updates: 1
16:46:24.825 [main] DEBUG org.activiti.engine.impl.db.DbSqlSession - inserting: Task[id=10183, name=联系供货方]
16:46:24.825 [main] DEBUG org.activiti.engine.impl.persistence.entity.TaskEntity.insertTask - ==>  Preparing: insert into ACT_RU_TASK (ID_, REV_, NAME_, PARENT_TASK_ID_, DESCRIPTION_, PRIORITY_, CREATE_TIME_, OWNER_, ASSIGNEE_, DELEGATION_, EXECUTION_ID_, PROC_INST_ID_, PROC_DEF_ID_, TASK_DEF_KEY_, DUE_DATE_, CATEGORY_, SUSPENSION_STATE_, TENANT_ID_, FORM_KEY_) values (?, 1, ?, ?, ?, ?, ?, ?, ?, ?, ?, ?, ?, ?, ?, ?, ?, ?, ? ) 
16:46:24.825 [main] DEBUG org.activiti.engine.impl.persistence.entity.TaskEntity.insertTask - ==> Parameters: 10183(String), 联系供货方(String), null, null, 50(Integer), 2017-11-28 16:46:24.822(Timestamp), null, null, null, 10165(String), 10165(String), purchase-error-event-subprocess:1:10164(String), contactSupplier(String), null, null, 1(Integer), (String), null
16:46:24.826 [main] DEBUG org.activiti.engine.impl.persistence.entity.TaskEntity.insertTask - <==    Updates: 1
16:46:24.826 [main] DEBUG org.activiti.engine.impl.db.DbSqlSession - inserting: org.activiti.engine.impl.persistence.entity.HistoricTaskInstanceEntity@c689973
16:46:24.826 [main] DEBUG org.activiti.engine.impl.persistence.entity.HistoricTaskInstanceEntity.insertHistoricTaskInstance - ==>  Preparing: insert into ACT_HI_TASKINST ( ID_, PROC_DEF_ID_, PROC_INST_ID_, EXECUTION_ID_, NAME_, PARENT_TASK_ID_, DESCRIPTION_, OWNER_, ASSIGNEE_, START_TIME_, CLAIM_TIME_, END_TIME_, DURATION_, DELETE_REASON_, TASK_DEF_KEY_, FORM_KEY_, PRIORITY_, DUE_DATE_, CATEGORY_, TENANT_ID_ ) values ( ?, ?, ?, ?, ?, ?, ?, ?, ?, ?, ?, ?, ?, ?, ?, ?, ?, ?, ?, ? ) 
16:46:24.826 [main] DEBUG org.activiti.engine.impl.persistence.entity.HistoricTaskInstanceEntity.insertHistoricTaskInstance - ==> Parameters: 10183(String), purchase-error-event-subprocess:1:10164(String), 10165(String), 10165(String), 联系供货方(String), null, null, null, null, 2017-11-28 16:46:24.822(Timestamp), null, null, null, null, contactSupplier(String), null, 50(Integer), null, null, (String)
16:46:24.826 [main] DEBUG org.activiti.engine.impl.persistence.entity.HistoricTaskInstanceEntity.insertHistoricTaskInstance - <==    Updates: 1
16:46:24.826 [main] DEBUG org.activiti.engine.impl.db.DbSqlSession - inserting: IdentityLinkEntity[id=10184, type=candidate, groupId=supportCrew, taskId=10183]
16:46:24.826 [main] DEBUG org.activiti.engine.impl.persistence.entity.IdentityLinkEntity.insertIdentityLink - ==>  Preparing: insert into ACT_RU_IDENTITYLINK (ID_, REV_, TYPE_, USER_ID_, GROUP_ID_, TASK_ID_, PROC_INST_ID_, PROC_DEF_ID_) values (?, 1, ?, ?, ?, ?, ?, ?) 
16:46:24.826 [main] DEBUG org.activiti.engine.impl.persistence.entity.IdentityLinkEntity.insertIdentityLink - ==> Parameters: 10184(String), candidate(String), null, supportCrew(String), 10183(String), null, null
16:46:24.826 [main] DEBUG org.activiti.engine.impl.persistence.entity.IdentityLinkEntity.insertIdentityLink - <==    Updates: 1
16:46:24.826 [main] DEBUG org.activiti.engine.impl.db.DbSqlSession - inserting: org.activiti.engine.impl.persistence.entity.HistoricIdentityLinkEntity@41fa769c
16:46:24.826 [main] DEBUG org.activiti.engine.impl.persistence.entity.HistoricIdentityLinkEntity.insertHistoricIdentityLink - ==>  Preparing: insert into ACT_HI_IDENTITYLINK (ID_, TYPE_, USER_ID_, GROUP_ID_, TASK_ID_, PROC_INST_ID_) values (?, ?, ?, ?, ?, ?) 
16:46:24.826 [main] DEBUG org.activiti.engine.impl.persistence.entity.HistoricIdentityLinkEntity.insertHistoricIdentityLink - ==> Parameters: 10184(String), candidate(String), null, supportCrew(String), 10183(String), null
16:46:24.826 [main] DEBUG org.activiti.engine.impl.persistence.entity.HistoricIdentityLinkEntity.insertHistoricIdentityLink - <==    Updates: 1
16:46:24.826 [main] DEBUG org.activiti.engine.impl.db.DbSqlSession - updating: ProcessInstance[10165]
16:46:24.826 [main] DEBUG org.activiti.engine.impl.persistence.entity.ExecutionEntity.updateExecution - ==>  Preparing: update ACT_RU_EXECUTION set REV_ = ?, BUSINESS_KEY_ = ?, PROC_DEF_ID_ = ?, ACT_ID_ = ?, IS_ACTIVE_ = ?, IS_CONCURRENT_ = ?, IS_SCOPE_ = ?, IS_EVENT_SCOPE_ = ?, PARENT_ID_ = ?, SUPER_EXEC_ = ?, SUSPENSION_STATE_ = ?, CACHED_ENT_STATE_ = ?, NAME_ = ? where ID_ = ? and REV_ = ? 
16:46:24.826 [main] DEBUG org.activiti.engine.impl.persistence.entity.ExecutionEntity.updateExecution - ==> Parameters: 2(Integer), null, purchase-error-event-subprocess:1:10164(String), contactSupplier(String), true(Boolean), false(Boolean), true(Boolean), false(Boolean), null, null, 1(Integer), 2(Integer), null, 10165(String), 1(Integer)
16:46:24.826 [main] DEBUG org.activiti.engine.impl.persistence.entity.ExecutionEntity.updateExecution - <==    Updates: 1
16:46:24.826 [main] DEBUG org.activiti.engine.impl.db.DbSqlSession - updating: HistoricActivityInstanceEntity[activityId=deptLeaderAudit, activityName=领导审批]
16:46:24.826 [main] DEBUG org.activiti.engine.impl.persistence.entity.HistoricActivityInstanceEntity.updateHistoricActivityInstance - ==>  Preparing: update ACT_HI_ACTINST set EXECUTION_ID_ = ?, ASSIGNEE_ = ?, END_TIME_ = ?, DURATION_ = ? where ID_ = ? 
16:46:24.827 [main] DEBUG org.activiti.engine.impl.persistence.entity.HistoricActivityInstanceEntity.updateHistoricActivityInstance - ==> Parameters: 10165(String), kermit(String), 2017-11-28 16:46:24.822(Timestamp), 144(Long), 10175(String)
16:46:24.827 [main] DEBUG org.activiti.engine.impl.persistence.entity.HistoricActivityInstanceEntity.updateHistoricActivityInstance - <==    Updates: 1
16:46:24.827 [main] DEBUG org.activiti.engine.impl.db.DbSqlSession - updating: org.activiti.engine.impl.persistence.entity.HistoricTaskInstanceEntity@40113163
16:46:24.827 [main] DEBUG org.activiti.engine.impl.persistence.entity.HistoricTaskInstanceEntity.updateHistoricTaskInstance - ==>  Preparing: update ACT_HI_TASKINST set EXECUTION_ID_ = ?, NAME_ = ?, PARENT_TASK_ID_ = ?, DESCRIPTION_ = ?, OWNER_ = ?, ASSIGNEE_ = ?, CLAIM_TIME_ = ?, END_TIME_ = ?, DURATION_ = ?, DELETE_REASON_ = ?, TASK_DEF_KEY_ = ?, FORM_KEY_ = ?, PRIORITY_ = ?, DUE_DATE_ = ?, CATEGORY_ = ? where ID_ = ? 
16:46:24.827 [main] DEBUG org.activiti.engine.impl.persistence.entity.HistoricTaskInstanceEntity.updateHistoricTaskInstance - ==> Parameters: 10165(String), 领导审批(String), null, null, null, kermit(String), 2017-11-28 16:46:24.807(Timestamp), 2017-11-28 16:46:24.821(Timestamp), 143(Long), completed(String), deptLeaderAudit(String), null, 50(Integer), null, null, 10176(String)
16:46:24.827 [main] DEBUG org.activiti.engine.impl.persistence.entity.HistoricTaskInstanceEntity.updateHistoricTaskInstance - <==    Updates: 1
16:46:24.827 [main] DEBUG org.activiti.engine.impl.db.DbSqlSession - executing: delete IdentityLinkEntity[id=10177, type=candidate, groupId=deptLeader, taskId=10176]
16:46:24.827 [main] DEBUG org.activiti.engine.impl.persistence.entity.IdentityLinkEntity.deleteIdentityLink - ==>  Preparing: delete from ACT_RU_IDENTITYLINK where ID_ = ? 
16:46:24.827 [main] DEBUG org.activiti.engine.impl.persistence.entity.IdentityLinkEntity.deleteIdentityLink - ==> Parameters: 10177(String)
16:46:24.827 [main] DEBUG org.activiti.engine.impl.persistence.entity.IdentityLinkEntity.deleteIdentityLink - <==    Updates: 1
16:46:24.827 [main] DEBUG org.activiti.engine.impl.db.DbSqlSession - executing: delete Task[id=10176, name=领导审批]
16:46:24.827 [main] DEBUG org.activiti.engine.impl.persistence.entity.TaskEntity.deleteTask - ==>  Preparing: delete from ACT_RU_TASK where ID_ = ? and REV_ = ? 
16:46:24.827 [main] DEBUG org.activiti.engine.impl.persistence.entity.TaskEntity.deleteTask - ==> Parameters: 10176(String), 2(Integer)
16:46:24.827 [main] DEBUG org.activiti.engine.impl.persistence.entity.TaskEntity.deleteTask - <==    Updates: 1
16:46:24.827 [main] DEBUG org.apache.ibatis.transaction.managed.ManagedTransaction - Closing JDBC Connection [Transaction-aware proxy for target Connection [conn96: url=jdbc:h2:mem:activiti user=SA]]
16:46:24.827 [main] DEBUG org.springframework.jdbc.datasource.DataSourceTransactionManager - Initiating transaction commit
16:46:24.827 [main] DEBUG org.springframework.jdbc.datasource.DataSourceTransactionManager - Committing JDBC transaction on Connection [conn96: url=jdbc:h2:mem:activiti user=SA]
16:46:24.828 [main] DEBUG org.springframework.jdbc.datasource.DataSourceTransactionManager - Releasing JDBC Connection [conn96: url=jdbc:h2:mem:activiti user=SA] after transaction
16:46:24.828 [main] DEBUG org.springframework.jdbc.datasource.DataSourceUtils - Returning JDBC Connection to DataSource
16:46:24.828 [main] DEBUG org.activiti.engine.impl.interceptor.LogInterceptor - --- SubmitTaskFormCmd finished --------------------------------------------------------
16:46:24.828 [main] DEBUG org.activiti.engine.impl.interceptor.LogInterceptor - 

16:46:24.828 [main] DEBUG org.activiti.engine.impl.interceptor.LogInterceptor - 

16:46:24.828 [main] DEBUG org.activiti.engine.impl.interceptor.LogInterceptor - --- starting TaskQueryImpl --------------------------------------------------------
16:46:24.828 [main] DEBUG org.activiti.spring.SpringTransactionInterceptor - Running command with propagation REQUIRED
16:46:24.828 [main] DEBUG org.springframework.jdbc.datasource.DataSourceTransactionManager - Creating new transaction with name [null]: PROPAGATION_REQUIRED,ISOLATION_DEFAULT
16:46:24.828 [main] DEBUG org.springframework.jdbc.datasource.SimpleDriverDataSource - Creating new JDBC Driver Connection to [jdbc:h2:mem:activiti;DB_CLOSE_DELAY=1000]
16:46:24.828 [main] DEBUG org.springframework.jdbc.datasource.DataSourceTransactionManager - Acquired Connection [conn97: url=jdbc:h2:mem:activiti user=SA] for JDBC transaction
16:46:24.828 [main] DEBUG org.springframework.jdbc.datasource.DataSourceTransactionManager - Switching JDBC Connection [conn97: url=jdbc:h2:mem:activiti user=SA] to manual commit
16:46:24.829 [main] DEBUG org.apache.ibatis.transaction.managed.ManagedTransaction - Opening JDBC Connection
16:46:24.829 [main] DEBUG org.activiti.engine.impl.persistence.entity.TaskEntity.selectTaskByQueryCriteria - ==>  Preparing: select distinct RES.* from ACT_RU_TASK RES inner join ACT_RU_IDENTITYLINK I on I.TASK_ID_ = RES.ID_ WHERE RES.ASSIGNEE_ is null and I.TYPE_ = 'candidate' and ( I.GROUP_ID_ IN ( ? ) ) order by RES.ID_ asc LIMIT ? OFFSET ? 
16:46:24.829 [main] DEBUG org.activiti.engine.impl.persistence.entity.TaskEntity.selectTaskByQueryCriteria - ==> Parameters: supportCrew(String), 2147483647(Integer), 0(Integer)
16:46:24.829 [main] DEBUG org.activiti.engine.impl.persistence.entity.TaskEntity.selectTaskByQueryCriteria - <==      Total: 1
16:46:24.829 [main] DEBUG org.activiti.engine.impl.db.DbSqlSession - flush summary: 0 insert, 0 update, 0 delete.
16:46:24.829 [main] DEBUG org.activiti.engine.impl.db.DbSqlSession - now executing flush...
16:46:24.829 [main] DEBUG org.apache.ibatis.transaction.managed.ManagedTransaction - Closing JDBC Connection [Transaction-aware proxy for target Connection [conn97: url=jdbc:h2:mem:activiti user=SA]]
16:46:24.829 [main] DEBUG org.springframework.jdbc.datasource.DataSourceTransactionManager - Initiating transaction commit
16:46:24.829 [main] DEBUG org.springframework.jdbc.datasource.DataSourceTransactionManager - Committing JDBC transaction on Connection [conn97: url=jdbc:h2:mem:activiti user=SA]
16:46:24.829 [main] DEBUG org.springframework.jdbc.datasource.DataSourceTransactionManager - Releasing JDBC Connection [conn97: url=jdbc:h2:mem:activiti user=SA] after transaction
16:46:24.829 [main] DEBUG org.springframework.jdbc.datasource.DataSourceUtils - Returning JDBC Connection to DataSource
16:46:24.829 [main] DEBUG org.activiti.engine.impl.interceptor.LogInterceptor - --- TaskQueryImpl finished --------------------------------------------------------
16:46:24.829 [main] DEBUG org.activiti.engine.impl.interceptor.LogInterceptor - 

16:46:24.829 [main] DEBUG org.activiti.engine.impl.interceptor.LogInterceptor - 

16:46:24.829 [main] DEBUG org.activiti.engine.impl.interceptor.LogInterceptor - --- starting ClaimTaskCmd --------------------------------------------------------
16:46:24.829 [main] DEBUG org.activiti.spring.SpringTransactionInterceptor - Running command with propagation REQUIRED
16:46:24.830 [main] DEBUG org.springframework.jdbc.datasource.DataSourceTransactionManager - Creating new transaction with name [null]: PROPAGATION_REQUIRED,ISOLATION_DEFAULT
16:46:24.830 [main] DEBUG org.springframework.jdbc.datasource.SimpleDriverDataSource - Creating new JDBC Driver Connection to [jdbc:h2:mem:activiti;DB_CLOSE_DELAY=1000]
16:46:24.830 [main] DEBUG org.springframework.jdbc.datasource.DataSourceTransactionManager - Acquired Connection [conn98: url=jdbc:h2:mem:activiti user=SA] for JDBC transaction
16:46:24.830 [main] DEBUG org.springframework.jdbc.datasource.DataSourceTransactionManager - Switching JDBC Connection [conn98: url=jdbc:h2:mem:activiti user=SA] to manual commit
16:46:24.830 [main] DEBUG org.apache.ibatis.transaction.managed.ManagedTransaction - Opening JDBC Connection
16:46:24.830 [main] DEBUG org.activiti.engine.impl.persistence.entity.TaskEntity.selectTask - ==>  Preparing: select * from ACT_RU_TASK where ID_ = ? 
16:46:24.830 [main] DEBUG org.activiti.engine.impl.persistence.entity.TaskEntity.selectTask - ==> Parameters: 10183(String)
16:46:24.830 [main] DEBUG org.activiti.engine.impl.persistence.entity.TaskEntity.selectTask - <==      Total: 1
16:46:24.830 [main] DEBUG org.activiti.engine.impl.history.DefaultHistoryManager - Current history level: AUDIT, level required: AUDIT
16:46:24.830 [main] DEBUG org.activiti.engine.impl.persistence.entity.HistoricTaskInstanceEntity.selectHistoricTaskInstance - ==>  Preparing: select * from ACT_HI_TASKINST where ID_ = ? 
16:46:24.831 [main] DEBUG org.activiti.engine.impl.persistence.entity.HistoricTaskInstanceEntity.selectHistoricTaskInstance - ==> Parameters: 10183(String)
16:46:24.831 [main] DEBUG org.activiti.engine.impl.persistence.entity.HistoricTaskInstanceEntity.selectHistoricTaskInstance - <==      Total: 1
16:46:24.831 [main] DEBUG org.activiti.engine.impl.persistence.entity.ExecutionEntity.selectExecution - ==>  Preparing: select * from ACT_RU_EXECUTION where ID_ = ? 
16:46:24.831 [main] DEBUG org.activiti.engine.impl.persistence.entity.ExecutionEntity.selectExecution - ==> Parameters: 10165(String)
16:46:24.831 [main] DEBUG org.activiti.engine.impl.persistence.entity.ExecutionEntity.selectExecution - <==      Total: 1
16:46:24.831 [main] DEBUG org.activiti.engine.impl.persistence.entity.IdentityLinkEntity.selectIdentityLinksByProcessInstance - ==>  Preparing: select * from ACT_RU_IDENTITYLINK where PROC_INST_ID_ = ? 
16:46:24.831 [main] DEBUG org.activiti.engine.impl.persistence.entity.IdentityLinkEntity.selectIdentityLinksByProcessInstance - ==> Parameters: 10165(String)
16:46:24.831 [main] DEBUG org.activiti.engine.impl.persistence.entity.IdentityLinkEntity.selectIdentityLinksByProcessInstance - <==      Total: 2
16:46:24.831 [main] DEBUG org.activiti.engine.impl.history.DefaultHistoryManager - Current history level: AUDIT, level required: ACTIVITY
16:46:24.831 [main] DEBUG org.activiti.engine.impl.persistence.entity.HistoricActivityInstanceEntity.selectHistoricActivityInstancesByQueryCriteria - ==>  Preparing: select RES.* from ACT_HI_ACTINST RES WHERE RES.EXECUTION_ID_ = ? and RES.ACT_ID_ = ? and RES.END_TIME_ is null order by RES.ID_ asc LIMIT ? OFFSET ? 
16:46:24.832 [main] DEBUG org.activiti.engine.impl.persistence.entity.HistoricActivityInstanceEntity.selectHistoricActivityInstancesByQueryCriteria - ==> Parameters: 10165(String), contactSupplier(String), 1(Integer), 0(Integer)
16:46:24.832 [main] DEBUG org.activiti.engine.impl.persistence.entity.HistoricActivityInstanceEntity.selectHistoricActivityInstancesByQueryCriteria - <==      Total: 1
16:46:24.832 [main] DEBUG org.activiti.engine.impl.history.DefaultHistoryManager - Current history level: AUDIT, level required: AUDIT
16:46:24.832 [main] DEBUG org.activiti.engine.impl.db.DbSqlSession - flush summary: 0 insert, 3 update, 0 delete.
16:46:24.832 [main] DEBUG org.activiti.engine.impl.db.DbSqlSession -   update Task[id=10183, name=联系供货方]
16:46:24.832 [main] DEBUG org.activiti.engine.impl.db.DbSqlSession -   update HistoricActivityInstanceEntity[activityId=contactSupplier, activityName=联系供货方]
16:46:24.832 [main] DEBUG org.activiti.engine.impl.db.DbSqlSession -   update org.activiti.engine.impl.persistence.entity.HistoricTaskInstanceEntity@2b148329
16:46:24.832 [main] DEBUG org.activiti.engine.impl.db.DbSqlSession - now executing flush...
16:46:24.832 [main] DEBUG org.activiti.engine.impl.db.DbSqlSession - updating: Task[id=10183, name=联系供货方]
16:46:24.832 [main] DEBUG org.activiti.engine.impl.persistence.entity.TaskEntity.updateTask - ==>  Preparing: update ACT_RU_TASK SET REV_ = ?, NAME_ = ?, PARENT_TASK_ID_ = ?, PRIORITY_ = ?, CREATE_TIME_ = ?, OWNER_ = ?, ASSIGNEE_ = ?, DELEGATION_ = ?, EXECUTION_ID_ = ?, PROC_DEF_ID_ = ?, DESCRIPTION_ = ?, DUE_DATE_ = ?, CATEGORY_ = ?, SUSPENSION_STATE_ = ?, FORM_KEY_ = ? where ID_= ? and REV_ = ? 
16:46:24.832 [main] DEBUG org.activiti.engine.impl.persistence.entity.TaskEntity.updateTask - ==> Parameters: 2(Integer), 联系供货方(String), null, 50(Integer), 2017-11-28 16:46:24.822(Timestamp), null, kermit(String), null, 10165(String), purchase-error-event-subprocess:1:10164(String), null, null, null, 1(Integer), null, 10183(String), 1(Integer)
16:46:24.833 [main] DEBUG org.activiti.engine.impl.persistence.entity.TaskEntity.updateTask - <==    Updates: 1
16:46:24.833 [main] DEBUG org.activiti.engine.impl.db.DbSqlSession - updating: HistoricActivityInstanceEntity[activityId=contactSupplier, activityName=联系供货方]
16:46:24.833 [main] DEBUG org.activiti.engine.impl.persistence.entity.HistoricActivityInstanceEntity.updateHistoricActivityInstance - ==>  Preparing: update ACT_HI_ACTINST set EXECUTION_ID_ = ?, ASSIGNEE_ = ?, END_TIME_ = ?, DURATION_ = ? where ID_ = ? 
16:46:24.833 [main] DEBUG org.activiti.engine.impl.persistence.entity.HistoricActivityInstanceEntity.updateHistoricActivityInstance - ==> Parameters: 10165(String), kermit(String), null, null, 10182(String)
16:46:24.833 [main] DEBUG org.activiti.engine.impl.persistence.entity.HistoricActivityInstanceEntity.updateHistoricActivityInstance - <==    Updates: 1
16:46:24.833 [main] DEBUG org.activiti.engine.impl.db.DbSqlSession - updating: org.activiti.engine.impl.persistence.entity.HistoricTaskInstanceEntity@2b148329
16:46:24.833 [main] DEBUG org.activiti.engine.impl.persistence.entity.HistoricTaskInstanceEntity.updateHistoricTaskInstance - ==>  Preparing: update ACT_HI_TASKINST set EXECUTION_ID_ = ?, NAME_ = ?, PARENT_TASK_ID_ = ?, DESCRIPTION_ = ?, OWNER_ = ?, ASSIGNEE_ = ?, CLAIM_TIME_ = ?, END_TIME_ = ?, DURATION_ = ?, DELETE_REASON_ = ?, TASK_DEF_KEY_ = ?, FORM_KEY_ = ?, PRIORITY_ = ?, DUE_DATE_ = ?, CATEGORY_ = ? where ID_ = ? 
16:46:24.833 [main] DEBUG org.activiti.engine.impl.persistence.entity.HistoricTaskInstanceEntity.updateHistoricTaskInstance - ==> Parameters: 10165(String), 联系供货方(String), null, null, null, kermit(String), 2017-11-28 16:46:24.832(Timestamp), null, null, null, contactSupplier(String), null, 50(Integer), null, null, 10183(String)
16:46:24.833 [main] DEBUG org.activiti.engine.impl.persistence.entity.HistoricTaskInstanceEntity.updateHistoricTaskInstance - <==    Updates: 1
16:46:24.833 [main] DEBUG org.apache.ibatis.transaction.managed.ManagedTransaction - Closing JDBC Connection [Transaction-aware proxy for target Connection [conn98: url=jdbc:h2:mem:activiti user=SA]]
16:46:24.833 [main] DEBUG org.springframework.jdbc.datasource.DataSourceTransactionManager - Initiating transaction commit
16:46:24.833 [main] DEBUG org.springframework.jdbc.datasource.DataSourceTransactionManager - Committing JDBC transaction on Connection [conn98: url=jdbc:h2:mem:activiti user=SA]
16:46:24.833 [main] DEBUG org.springframework.jdbc.datasource.DataSourceTransactionManager - Releasing JDBC Connection [conn98: url=jdbc:h2:mem:activiti user=SA] after transaction
16:46:24.833 [main] DEBUG org.springframework.jdbc.datasource.DataSourceUtils - Returning JDBC Connection to DataSource
16:46:24.833 [main] DEBUG org.activiti.engine.impl.interceptor.LogInterceptor - --- ClaimTaskCmd finished --------------------------------------------------------
16:46:24.833 [main] DEBUG org.activiti.engine.impl.interceptor.LogInterceptor - 

16:46:24.833 [main] DEBUG org.activiti.engine.impl.interceptor.LogInterceptor - 

16:46:24.833 [main] DEBUG org.activiti.engine.impl.interceptor.LogInterceptor - --- starting SubmitTaskFormCmd --------------------------------------------------------
16:46:24.833 [main] DEBUG org.activiti.spring.SpringTransactionInterceptor - Running command with propagation REQUIRED
16:46:24.834 [main] DEBUG org.springframework.jdbc.datasource.DataSourceTransactionManager - Creating new transaction with name [null]: PROPAGATION_REQUIRED,ISOLATION_DEFAULT
16:46:24.834 [main] DEBUG org.springframework.jdbc.datasource.SimpleDriverDataSource - Creating new JDBC Driver Connection to [jdbc:h2:mem:activiti;DB_CLOSE_DELAY=1000]
16:46:24.834 [main] DEBUG org.springframework.jdbc.datasource.DataSourceTransactionManager - Acquired Connection [conn99: url=jdbc:h2:mem:activiti user=SA] for JDBC transaction
16:46:24.834 [main] DEBUG org.springframework.jdbc.datasource.DataSourceTransactionManager - Switching JDBC Connection [conn99: url=jdbc:h2:mem:activiti user=SA] to manual commit
16:46:24.834 [main] DEBUG org.apache.ibatis.transaction.managed.ManagedTransaction - Opening JDBC Connection
16:46:24.834 [main] DEBUG org.activiti.engine.impl.persistence.entity.TaskEntity.selectTask - ==>  Preparing: select * from ACT_RU_TASK where ID_ = ? 
16:46:24.834 [main] DEBUG org.activiti.engine.impl.persistence.entity.TaskEntity.selectTask - ==> Parameters: 10183(String)
16:46:24.834 [main] DEBUG org.activiti.engine.impl.persistence.entity.TaskEntity.selectTask - <==      Total: 1
16:46:24.834 [main] DEBUG org.activiti.engine.impl.persistence.entity.ExecutionEntity.selectExecution - ==>  Preparing: select * from ACT_RU_EXECUTION where ID_ = ? 
16:46:24.834 [main] DEBUG org.activiti.engine.impl.persistence.entity.ExecutionEntity.selectExecution - ==> Parameters: 10165(String)
16:46:24.834 [main] DEBUG org.activiti.engine.impl.persistence.entity.ExecutionEntity.selectExecution - <==      Total: 1
16:46:24.835 [main] DEBUG org.activiti.engine.impl.history.DefaultHistoryManager - Current history level: AUDIT, level required: AUDIT
16:46:24.835 [main] DEBUG org.activiti.engine.impl.persistence.entity.HistoricActivityInstanceEntity.selectHistoricActivityInstancesByQueryCriteria - ==>  Preparing: select RES.* from ACT_HI_ACTINST RES WHERE RES.EXECUTION_ID_ = ? and RES.ACT_ID_ = ? and RES.END_TIME_ is null order by RES.ID_ asc LIMIT ? OFFSET ? 
16:46:24.835 [main] DEBUG org.activiti.engine.impl.persistence.entity.HistoricActivityInstanceEntity.selectHistoricActivityInstancesByQueryCriteria - ==> Parameters: 10165(String), contactSupplier(String), 1(Integer), 0(Integer)
16:46:24.835 [main] DEBUG org.activiti.engine.impl.persistence.entity.HistoricActivityInstanceEntity.selectHistoricActivityInstancesByQueryCriteria - <==      Total: 1
16:46:24.835 [main] DEBUG org.activiti.engine.impl.persistence.entity.VariableInstanceEntity.selectVariablesByExecutionId - ==>  Preparing: select * from ACT_RU_VARIABLE where EXECUTION_ID_ = ? and TASK_ID_ is null 
16:46:24.835 [main] DEBUG org.activiti.engine.impl.persistence.entity.VariableInstanceEntity.selectVariablesByExecutionId - ==> Parameters: 10165(String)
16:46:24.835 [main] DEBUG org.activiti.engine.impl.persistence.entity.VariableInstanceEntity.selectVariablesByExecutionId - <==      Total: 5
16:46:24.835 [main] DEBUG org.activiti.engine.impl.history.DefaultHistoryManager - Current history level: AUDIT, level required: ACTIVITY
16:46:24.835 [main] DEBUG org.activiti.engine.impl.history.DefaultHistoryManager - Current history level: AUDIT, level required: FULL
16:46:24.835 [main] DEBUG org.activiti.engine.impl.history.DefaultHistoryManager - Current history level: AUDIT, level required: ACTIVITY
16:46:24.835 [main] DEBUG org.activiti.engine.impl.history.DefaultHistoryManager - Current history level: AUDIT, level required: FULL
16:46:24.835 [main] DEBUG org.activiti.engine.impl.history.DefaultHistoryManager - Current history level: AUDIT, level required: ACTIVITY
16:46:24.835 [main] DEBUG org.activiti.engine.impl.history.DefaultHistoryManager - Current history level: AUDIT, level required: FULL
16:46:24.836 [main] DEBUG org.activiti.engine.impl.history.DefaultHistoryManager - Current history level: AUDIT, level required: ACTIVITY
16:46:24.836 [main] DEBUG org.activiti.engine.impl.history.DefaultHistoryManager - Current history level: AUDIT, level required: FULL
16:46:24.836 [main] DEBUG org.activiti.engine.impl.persistence.entity.IdentityLinkEntity.selectIdentityLinksByProcessInstance - ==>  Preparing: select * from ACT_RU_IDENTITYLINK where PROC_INST_ID_ = ? 
16:46:24.836 [main] DEBUG org.activiti.engine.impl.persistence.entity.IdentityLinkEntity.selectIdentityLinksByProcessInstance - ==> Parameters: 10165(String)
16:46:24.836 [main] DEBUG org.activiti.engine.impl.persistence.entity.IdentityLinkEntity.selectIdentityLinksByProcessInstance - <==      Total: 2
16:46:24.836 [main] DEBUG org.activiti.engine.impl.persistence.entity.TaskEntity.selectTasksByParentTaskId - ==>  Preparing: select * from ACT_RU_TASK where PARENT_TASK_ID_ = ? 
16:46:24.836 [main] DEBUG org.activiti.engine.impl.persistence.entity.TaskEntity.selectTasksByParentTaskId - ==> Parameters: 10183(String)
16:46:24.836 [main] DEBUG org.activiti.engine.impl.persistence.entity.TaskEntity.selectTasksByParentTaskId - <==      Total: 0
16:46:24.836 [main] DEBUG org.activiti.engine.impl.persistence.entity.IdentityLinkEntity.selectIdentityLinksByTask - ==>  Preparing: select * from ACT_RU_IDENTITYLINK where TASK_ID_ = ? 
16:46:24.836 [main] DEBUG org.activiti.engine.impl.persistence.entity.IdentityLinkEntity.selectIdentityLinksByTask - ==> Parameters: 10183(String)
16:46:24.836 [main] DEBUG org.activiti.engine.impl.persistence.entity.IdentityLinkEntity.selectIdentityLinksByTask - <==      Total: 1
16:46:24.836 [main] DEBUG org.activiti.engine.impl.persistence.entity.VariableInstanceEntity.selectVariablesByTaskId - ==>  Preparing: select * from ACT_RU_VARIABLE where TASK_ID_ = ? 
16:46:24.837 [main] DEBUG org.activiti.engine.impl.persistence.entity.VariableInstanceEntity.selectVariablesByTaskId - ==> Parameters: 10183(String)
16:46:24.837 [main] DEBUG org.activiti.engine.impl.persistence.entity.VariableInstanceEntity.selectVariablesByTaskId - <==      Total: 0
16:46:24.837 [main] DEBUG org.activiti.engine.impl.history.DefaultHistoryManager - Current history level: AUDIT, level required: AUDIT
16:46:24.837 [main] DEBUG org.activiti.engine.impl.persistence.entity.HistoricTaskInstanceEntity.selectHistoricTaskInstance - ==>  Preparing: select * from ACT_HI_TASKINST where ID_ = ? 
16:46:24.837 [main] DEBUG org.activiti.engine.impl.persistence.entity.HistoricTaskInstanceEntity.selectHistoricTaskInstance - ==> Parameters: 10183(String)
16:46:24.837 [main] DEBUG org.activiti.engine.impl.persistence.entity.HistoricTaskInstanceEntity.selectHistoricTaskInstance - <==      Total: 1
16:46:24.837 [main] DEBUG org.activiti.engine.impl.persistence.entity.TaskEntity.selectTasksByExecutionId - ==>  Preparing: select distinct T.* from ACT_RU_TASK T where T.EXECUTION_ID_ = ? 
16:46:24.837 [main] DEBUG org.activiti.engine.impl.persistence.entity.TaskEntity.selectTasksByExecutionId - ==> Parameters: 10165(String)
16:46:24.837 [main] DEBUG org.activiti.engine.impl.persistence.entity.TaskEntity.selectTasksByExecutionId - <==      Total: 1
16:46:24.839 [main] DEBUG org.activiti.engine.impl.bpmn.behavior.BpmnActivityBehavior - Leaving activity 'contactSupplier'
16:46:24.839 [main] DEBUG org.activiti.engine.impl.history.DefaultHistoryManager - Current history level: AUDIT, level required: ACTIVITY
16:46:24.840 [main] DEBUG org.activiti.engine.impl.history.DefaultHistoryManager - Current history level: AUDIT, level required: ACTIVITY
16:46:24.840 [main] DEBUG org.activiti.engine.impl.history.DefaultHistoryManager - Current history level: AUDIT, level required: FULL
16:46:24.840 [main] DEBUG org.activiti.engine.impl.pvm.runtime.AtomicOperationTransitionNotifyListenerTake - ProcessInstance[10165] takes transition (contactSupplier)--flow22-->(subprocessPay)
16:46:24.841 [main] DEBUG org.activiti.engine.impl.persistence.entity.ExecutionEntity.selectExecutionsByParentExecutionId - ==>  Preparing: select * from ACT_RU_EXECUTION where PARENT_ID_ = ? 
16:46:24.841 [main] DEBUG org.activiti.engine.impl.persistence.entity.ExecutionEntity.selectExecutionsByParentExecutionId - ==> Parameters: 10165(String)
16:46:24.841 [main] DEBUG org.activiti.engine.impl.persistence.entity.ExecutionEntity.selectExecutionsByParentExecutionId - <==      Total: 0
16:46:24.841 [main] DEBUG org.activiti.engine.impl.persistence.entity.ExecutionEntity - Child execution ScopeExecution[10194] created with parent 
16:46:24.841 [main] DEBUG org.activiti.engine.impl.pvm.runtime.AtomicOperationTransitionCreateScope - create scope: parent ProcessInstance[10165] continues as execution ScopeExecution[10194]
16:46:24.841 [main] DEBUG org.activiti.engine.impl.persistence.entity.ExecutionEntity - initializing ScopeExecution[10194]
16:46:24.841 [main] DEBUG org.activiti.engine.impl.history.DefaultHistoryManager - Current history level: AUDIT, level required: ACTIVITY
16:46:24.841 [main] DEBUG org.activiti.engine.impl.pvm.runtime.AtomicOperationActivityExecute - ScopeExecution[10194] executes Activity(subprocessPay): org.activiti.engine.impl.bpmn.behavior.SubProcessActivityBehavior
16:46:24.841 [main] DEBUG org.activiti.engine.impl.pvm.runtime.AtomicOperationActivityExecute - ScopeExecution[10194] executes Activity(startevent2): org.activiti.engine.impl.bpmn.behavior.NoneStartEventActivityBehavior
16:46:24.841 [main] DEBUG org.activiti.engine.impl.bpmn.behavior.BpmnActivityBehavior - Leaving activity 'startevent2'
16:46:24.841 [main] DEBUG org.activiti.engine.impl.history.DefaultHistoryManager - Current history level: AUDIT, level required: ACTIVITY
16:46:24.841 [main] DEBUG org.activiti.engine.impl.pvm.runtime.AtomicOperationTransitionNotifyListenerTake - ScopeExecution[10194] takes transition (startevent2)--flow25-->(treasurerAudit)
16:46:24.841 [main] DEBUG org.activiti.engine.impl.history.DefaultHistoryManager - Current history level: AUDIT, level required: ACTIVITY
16:46:24.841 [main] DEBUG org.activiti.engine.impl.pvm.runtime.AtomicOperationActivityExecute - ScopeExecution[10194] executes Activity(treasurerAudit): org.activiti.engine.impl.bpmn.behavior.UserTaskActivityBehavior
16:46:24.841 [main] DEBUG org.activiti.engine.impl.history.DefaultHistoryManager - Current history level: AUDIT, level required: AUDIT
16:46:24.841 [main] DEBUG org.activiti.engine.impl.history.DefaultHistoryManager - Current history level: AUDIT, level required: AUDIT
16:46:24.841 [main] DEBUG org.activiti.engine.impl.history.DefaultHistoryManager - Current history level: AUDIT, level required: AUDIT
16:46:24.841 [main] DEBUG org.activiti.engine.impl.history.DefaultHistoryManager - Current history level: AUDIT, level required: AUDIT
16:46:24.841 [main] DEBUG org.activiti.engine.impl.history.DefaultHistoryManager - Current history level: AUDIT, level required: AUDIT
16:46:24.841 [main] DEBUG org.activiti.engine.impl.history.DefaultHistoryManager - Current history level: AUDIT, level required: ACTIVITY
16:46:24.841 [main] DEBUG org.activiti.engine.impl.db.DbSqlSession - flush summary: 21 insert, 3 update, 2 delete.
16:46:24.841 [main] DEBUG org.activiti.engine.impl.db.DbSqlSession -   insert org.activiti.engine.impl.persistence.entity.HistoricFormPropertyEntity@c889805
16:46:24.841 [main] DEBUG org.activiti.engine.impl.db.DbSqlSession -   insert org.activiti.engine.impl.persistence.entity.HistoricFormPropertyEntity@77db3d02
16:46:24.841 [main] DEBUG org.activiti.engine.impl.db.DbSqlSession -   insert org.activiti.engine.impl.persistence.entity.HistoricFormPropertyEntity@78d9f51b
16:46:24.841 [main] DEBUG org.activiti.engine.impl.db.DbSqlSession -   insert org.activiti.engine.impl.persistence.entity.HistoricFormPropertyEntity@23ed382c
16:46:24.841 [main] DEBUG org.activiti.engine.impl.db.DbSqlSession -   insert VariableInstanceEntity[id=10189, name=supplier, type=string, textValue=苹果公司]
16:46:24.841 [main] DEBUG org.activiti.engine.impl.db.DbSqlSession -   insert HistoricVariableInstanceEntity[id=10189, name=supplier, revision=0, type=string, textValue=苹果公司]
16:46:24.842 [main] DEBUG org.activiti.engine.impl.db.DbSqlSession -   insert VariableInstanceEntity[id=10190, name=bankName, type=string, textValue=中国工商银行]
16:46:24.842 [main] DEBUG org.activiti.engine.impl.db.DbSqlSession -   insert HistoricVariableInstanceEntity[id=10190, name=bankName, revision=0, type=string, textValue=中国工商银行]
16:46:24.842 [main] DEBUG org.activiti.engine.impl.db.DbSqlSession -   insert VariableInstanceEntity[id=10191, name=bankAccount, type=string, textValue=203840240274247293]
16:46:24.842 [main] DEBUG org.activiti.engine.impl.db.DbSqlSession -   insert HistoricVariableInstanceEntity[id=10191, name=bankAccount, revision=0, type=string, textValue=203840240274247293]
16:46:24.842 [main] DEBUG org.activiti.engine.impl.db.DbSqlSession -   insert VariableInstanceEntity[id=10192, name=planDate, type=date, longValue=1363708800000]
16:46:24.842 [main] DEBUG org.activiti.engine.impl.db.DbSqlSession -   insert HistoricVariableInstanceEntity[id=10192, name=planDate, revision=0, type=date, longValue=1363708800000]
16:46:24.842 [main] DEBUG org.activiti.engine.impl.db.DbSqlSession -   insert VariableInstanceEntity[id=10193, name=usage, type=string, textValue=1. MacBook Pro一台
2. 27寸显示器一台]
16:46:24.842 [main] DEBUG org.activiti.engine.impl.db.DbSqlSession -   insert HistoricVariableInstanceEntity[id=10193, name=usage, revision=0, type=string, textValue=1. MacBook Pro一台
2. 27寸显示器一台]
16:46:24.842 [main] DEBUG org.activiti.engine.impl.db.DbSqlSession -   insert ScopeExecution[10194]
16:46:24.842 [main] DEBUG org.activiti.engine.impl.db.DbSqlSession -   insert HistoricActivityInstanceEntity[activityId=subprocessPay, activityName=付费子流程]
16:46:24.842 [main] DEBUG org.activiti.engine.impl.db.DbSqlSession -   insert HistoricActivityInstanceEntity[activityId=treasurerAudit, activityName=财务审批]
16:46:24.842 [main] DEBUG org.activiti.engine.impl.db.DbSqlSession -   insert Task[id=10197, name=财务审批]
16:46:24.842 [main] DEBUG org.activiti.engine.impl.db.DbSqlSession -   insert org.activiti.engine.impl.persistence.entity.HistoricTaskInstanceEntity@6bedd4e4
16:46:24.842 [main] DEBUG org.activiti.engine.impl.db.DbSqlSession -   insert IdentityLinkEntity[id=10198, type=candidate, groupId=treasurer, taskId=10197]
16:46:24.842 [main] DEBUG org.activiti.engine.impl.db.DbSqlSession -   insert org.activiti.engine.impl.persistence.entity.HistoricIdentityLinkEntity@4570d7b6
16:46:24.842 [main] DEBUG org.activiti.engine.impl.db.DbSqlSession -   update ProcessInstance[10165]
16:46:24.842 [main] DEBUG org.activiti.engine.impl.db.DbSqlSession -   update HistoricActivityInstanceEntity[activityId=contactSupplier, activityName=联系供货方]
16:46:24.842 [main] DEBUG org.activiti.engine.impl.db.DbSqlSession -   update org.activiti.engine.impl.persistence.entity.HistoricTaskInstanceEntity@72b6832e
16:46:24.842 [main] DEBUG org.activiti.engine.impl.db.DbSqlSession -   delete IdentityLinkEntity[id=10184, type=candidate, groupId=supportCrew, taskId=10183]
16:46:24.842 [main] DEBUG org.activiti.engine.impl.db.DbSqlSession -   delete Task[id=10183, name=联系供货方]
16:46:24.842 [main] DEBUG org.activiti.engine.impl.db.DbSqlSession - now executing flush...
16:46:24.842 [main] DEBUG org.activiti.engine.impl.db.DbSqlSession - inserting: org.activiti.engine.impl.persistence.entity.HistoricFormPropertyEntity@c889805
16:46:24.842 [main] DEBUG org.activiti.engine.impl.persistence.entity.HistoricDetailEntity.insertHistoricFormProperty - ==>  Preparing: insert into ACT_HI_DETAIL (ID_, TYPE_, PROC_INST_ID_, ACT_INST_ID_, EXECUTION_ID_, TASK_ID_, TIME_, NAME_, TEXT_) values ( ?, 'FormProperty', ?, ?, ?, ?, ?, ?, ? ) 
16:46:24.842 [main] DEBUG org.activiti.engine.impl.persistence.entity.HistoricDetailEntity.insertHistoricFormProperty - ==> Parameters: 10185(String), 10165(String), 10182(String), 10165(String), 10183(String), 2017-11-28 16:46:24.835(Timestamp), bankAccount(String), 203840240274247293(String)
16:46:24.842 [main] DEBUG org.activiti.engine.impl.persistence.entity.HistoricDetailEntity.insertHistoricFormProperty - <==    Updates: 1
16:46:24.842 [main] DEBUG org.activiti.engine.impl.db.DbSqlSession - inserting: org.activiti.engine.impl.persistence.entity.HistoricFormPropertyEntity@77db3d02
16:46:24.842 [main] DEBUG org.activiti.engine.impl.persistence.entity.HistoricDetailEntity.insertHistoricFormProperty - ==>  Preparing: insert into ACT_HI_DETAIL (ID_, TYPE_, PROC_INST_ID_, ACT_INST_ID_, EXECUTION_ID_, TASK_ID_, TIME_, NAME_, TEXT_) values ( ?, 'FormProperty', ?, ?, ?, ?, ?, ?, ? ) 
16:46:24.842 [main] DEBUG org.activiti.engine.impl.persistence.entity.HistoricDetailEntity.insertHistoricFormProperty - ==> Parameters: 10186(String), 10165(String), 10182(String), 10165(String), 10183(String), 2017-11-28 16:46:24.835(Timestamp), supplier(String), 苹果公司(String)
16:46:24.842 [main] DEBUG org.activiti.engine.impl.persistence.entity.HistoricDetailEntity.insertHistoricFormProperty - <==    Updates: 1
16:46:24.842 [main] DEBUG org.activiti.engine.impl.db.DbSqlSession - inserting: org.activiti.engine.impl.persistence.entity.HistoricFormPropertyEntity@78d9f51b
16:46:24.842 [main] DEBUG org.activiti.engine.impl.persistence.entity.HistoricDetailEntity.insertHistoricFormProperty - ==>  Preparing: insert into ACT_HI_DETAIL (ID_, TYPE_, PROC_INST_ID_, ACT_INST_ID_, EXECUTION_ID_, TASK_ID_, TIME_, NAME_, TEXT_) values ( ?, 'FormProperty', ?, ?, ?, ?, ?, ?, ? ) 
16:46:24.842 [main] DEBUG org.activiti.engine.impl.persistence.entity.HistoricDetailEntity.insertHistoricFormProperty - ==> Parameters: 10187(String), 10165(String), 10182(String), 10165(String), 10183(String), 2017-11-28 16:46:24.835(Timestamp), bankName(String), 中国工商银行(String)
16:46:24.842 [main] DEBUG org.activiti.engine.impl.persistence.entity.HistoricDetailEntity.insertHistoricFormProperty - <==    Updates: 1
16:46:24.842 [main] DEBUG org.activiti.engine.impl.db.DbSqlSession - inserting: org.activiti.engine.impl.persistence.entity.HistoricFormPropertyEntity@23ed382c
16:46:24.842 [main] DEBUG org.activiti.engine.impl.persistence.entity.HistoricDetailEntity.insertHistoricFormProperty - ==>  Preparing: insert into ACT_HI_DETAIL (ID_, TYPE_, PROC_INST_ID_, ACT_INST_ID_, EXECUTION_ID_, TASK_ID_, TIME_, NAME_, TEXT_) values ( ?, 'FormProperty', ?, ?, ?, ?, ?, ?, ? ) 
16:46:24.842 [main] DEBUG org.activiti.engine.impl.persistence.entity.HistoricDetailEntity.insertHistoricFormProperty - ==> Parameters: 10188(String), 10165(String), 10182(String), 10165(String), 10183(String), 2017-11-28 16:46:24.835(Timestamp), planDate(String), 2013-03-20(String)
16:46:24.842 [main] DEBUG org.activiti.engine.impl.persistence.entity.HistoricDetailEntity.insertHistoricFormProperty - <==    Updates: 1
16:46:24.843 [main] DEBUG org.activiti.engine.impl.db.DbSqlSession - inserting: VariableInstanceEntity[id=10189, name=supplier, type=string, textValue=苹果公司]
16:46:24.843 [main] DEBUG org.activiti.engine.impl.persistence.entity.VariableInstanceEntity.insertVariableInstance - ==>  Preparing: insert into ACT_RU_VARIABLE (ID_, REV_, TYPE_, NAME_, PROC_INST_ID_, EXECUTION_ID_, TASK_ID_, BYTEARRAY_ID_, DOUBLE_, LONG_ , TEXT_, TEXT2_) values ( ?, 1, ?, ?, ?, ?, ?, ?, ?, ?, ?, ? ) 
16:46:24.843 [main] DEBUG org.activiti.engine.impl.persistence.entity.VariableInstanceEntity.insertVariableInstance - ==> Parameters: 10189(String), string(String), supplier(String), 10165(String), 10165(String), null, null, null, null, 苹果公司(String), null
16:46:24.843 [main] DEBUG org.activiti.engine.impl.persistence.entity.VariableInstanceEntity.insertVariableInstance - <==    Updates: 1
16:46:24.843 [main] DEBUG org.activiti.engine.impl.db.DbSqlSession - inserting: HistoricVariableInstanceEntity[id=10189, name=supplier, revision=0, type=string, textValue=苹果公司]
16:46:24.843 [main] DEBUG org.activiti.engine.impl.persistence.entity.HistoricVariableInstanceEntity.insertHistoricVariableInstance - ==>  Preparing: insert into ACT_HI_VARINST (ID_, PROC_INST_ID_, EXECUTION_ID_, TASK_ID_, NAME_, REV_, VAR_TYPE_, BYTEARRAY_ID_, DOUBLE_, LONG_ , TEXT_, TEXT2_, CREATE_TIME_, LAST_UPDATED_TIME_) values ( ?, ?, ?, ?, ?, ?, ?, ?, ?, ?, ?, ?, ?, ? ) 
16:46:24.843 [main] DEBUG org.activiti.engine.impl.persistence.entity.HistoricVariableInstanceEntity.insertHistoricVariableInstance - ==> Parameters: 10189(String), 10165(String), 10165(String), null, supplier(String), 0(Integer), string(String), null, null, null, 苹果公司(String), null, 2017-11-28 16:46:24.835(Timestamp), 2017-11-28 16:46:24.835(Timestamp)
16:46:24.843 [main] DEBUG org.activiti.engine.impl.persistence.entity.HistoricVariableInstanceEntity.insertHistoricVariableInstance - <==    Updates: 1
16:46:24.843 [main] DEBUG org.activiti.engine.impl.db.DbSqlSession - inserting: VariableInstanceEntity[id=10190, name=bankName, type=string, textValue=中国工商银行]
16:46:24.843 [main] DEBUG org.activiti.engine.impl.persistence.entity.VariableInstanceEntity.insertVariableInstance - ==>  Preparing: insert into ACT_RU_VARIABLE (ID_, REV_, TYPE_, NAME_, PROC_INST_ID_, EXECUTION_ID_, TASK_ID_, BYTEARRAY_ID_, DOUBLE_, LONG_ , TEXT_, TEXT2_) values ( ?, 1, ?, ?, ?, ?, ?, ?, ?, ?, ?, ? ) 
16:46:24.843 [main] DEBUG org.activiti.engine.impl.persistence.entity.VariableInstanceEntity.insertVariableInstance - ==> Parameters: 10190(String), string(String), bankName(String), 10165(String), 10165(String), null, null, null, null, 中国工商银行(String), null
16:46:24.843 [main] DEBUG org.activiti.engine.impl.persistence.entity.VariableInstanceEntity.insertVariableInstance - <==    Updates: 1
16:46:24.843 [main] DEBUG org.activiti.engine.impl.db.DbSqlSession - inserting: HistoricVariableInstanceEntity[id=10190, name=bankName, revision=0, type=string, textValue=中国工商银行]
16:46:24.843 [main] DEBUG org.activiti.engine.impl.persistence.entity.HistoricVariableInstanceEntity.insertHistoricVariableInstance - ==>  Preparing: insert into ACT_HI_VARINST (ID_, PROC_INST_ID_, EXECUTION_ID_, TASK_ID_, NAME_, REV_, VAR_TYPE_, BYTEARRAY_ID_, DOUBLE_, LONG_ , TEXT_, TEXT2_, CREATE_TIME_, LAST_UPDATED_TIME_) values ( ?, ?, ?, ?, ?, ?, ?, ?, ?, ?, ?, ?, ?, ? ) 
16:46:24.843 [main] DEBUG org.activiti.engine.impl.persistence.entity.HistoricVariableInstanceEntity.insertHistoricVariableInstance - ==> Parameters: 10190(String), 10165(String), 10165(String), null, bankName(String), 0(Integer), string(String), null, null, null, 中国工商银行(String), null, 2017-11-28 16:46:24.835(Timestamp), 2017-11-28 16:46:24.835(Timestamp)
16:46:24.843 [main] DEBUG org.activiti.engine.impl.persistence.entity.HistoricVariableInstanceEntity.insertHistoricVariableInstance - <==    Updates: 1
16:46:24.843 [main] DEBUG org.activiti.engine.impl.db.DbSqlSession - inserting: VariableInstanceEntity[id=10191, name=bankAccount, type=string, textValue=203840240274247293]
16:46:24.843 [main] DEBUG org.activiti.engine.impl.persistence.entity.VariableInstanceEntity.insertVariableInstance - ==>  Preparing: insert into ACT_RU_VARIABLE (ID_, REV_, TYPE_, NAME_, PROC_INST_ID_, EXECUTION_ID_, TASK_ID_, BYTEARRAY_ID_, DOUBLE_, LONG_ , TEXT_, TEXT2_) values ( ?, 1, ?, ?, ?, ?, ?, ?, ?, ?, ?, ? ) 
16:46:24.843 [main] DEBUG org.activiti.engine.impl.persistence.entity.VariableInstanceEntity.insertVariableInstance - ==> Parameters: 10191(String), string(String), bankAccount(String), 10165(String), 10165(String), null, null, null, null, 203840240274247293(String), null
16:46:24.843 [main] DEBUG org.activiti.engine.impl.persistence.entity.VariableInstanceEntity.insertVariableInstance - <==    Updates: 1
16:46:24.843 [main] DEBUG org.activiti.engine.impl.db.DbSqlSession - inserting: HistoricVariableInstanceEntity[id=10191, name=bankAccount, revision=0, type=string, textValue=203840240274247293]
16:46:24.843 [main] DEBUG org.activiti.engine.impl.persistence.entity.HistoricVariableInstanceEntity.insertHistoricVariableInstance - ==>  Preparing: insert into ACT_HI_VARINST (ID_, PROC_INST_ID_, EXECUTION_ID_, TASK_ID_, NAME_, REV_, VAR_TYPE_, BYTEARRAY_ID_, DOUBLE_, LONG_ , TEXT_, TEXT2_, CREATE_TIME_, LAST_UPDATED_TIME_) values ( ?, ?, ?, ?, ?, ?, ?, ?, ?, ?, ?, ?, ?, ? ) 
16:46:24.843 [main] DEBUG org.activiti.engine.impl.persistence.entity.HistoricVariableInstanceEntity.insertHistoricVariableInstance - ==> Parameters: 10191(String), 10165(String), 10165(String), null, bankAccount(String), 0(Integer), string(String), null, null, null, 203840240274247293(String), null, 2017-11-28 16:46:24.835(Timestamp), 2017-11-28 16:46:24.835(Timestamp)
16:46:24.844 [main] DEBUG org.activiti.engine.impl.persistence.entity.HistoricVariableInstanceEntity.insertHistoricVariableInstance - <==    Updates: 1
16:46:24.844 [main] DEBUG org.activiti.engine.impl.db.DbSqlSession - inserting: VariableInstanceEntity[id=10192, name=planDate, type=date, longValue=1363708800000]
16:46:24.844 [main] DEBUG org.activiti.engine.impl.persistence.entity.VariableInstanceEntity.insertVariableInstance - ==>  Preparing: insert into ACT_RU_VARIABLE (ID_, REV_, TYPE_, NAME_, PROC_INST_ID_, EXECUTION_ID_, TASK_ID_, BYTEARRAY_ID_, DOUBLE_, LONG_ , TEXT_, TEXT2_) values ( ?, 1, ?, ?, ?, ?, ?, ?, ?, ?, ?, ? ) 
16:46:24.844 [main] DEBUG org.activiti.engine.impl.persistence.entity.VariableInstanceEntity.insertVariableInstance - ==> Parameters: 10192(String), date(String), planDate(String), 10165(String), 10165(String), null, null, null, 1363708800000(Long), null, null
16:46:24.844 [main] DEBUG org.activiti.engine.impl.persistence.entity.VariableInstanceEntity.insertVariableInstance - <==    Updates: 1
16:46:24.844 [main] DEBUG org.activiti.engine.impl.db.DbSqlSession - inserting: HistoricVariableInstanceEntity[id=10192, name=planDate, revision=0, type=date, longValue=1363708800000]
16:46:24.844 [main] DEBUG org.activiti.engine.impl.persistence.entity.HistoricVariableInstanceEntity.insertHistoricVariableInstance - ==>  Preparing: insert into ACT_HI_VARINST (ID_, PROC_INST_ID_, EXECUTION_ID_, TASK_ID_, NAME_, REV_, VAR_TYPE_, BYTEARRAY_ID_, DOUBLE_, LONG_ , TEXT_, TEXT2_, CREATE_TIME_, LAST_UPDATED_TIME_) values ( ?, ?, ?, ?, ?, ?, ?, ?, ?, ?, ?, ?, ?, ? ) 
16:46:24.844 [main] DEBUG org.activiti.engine.impl.persistence.entity.HistoricVariableInstanceEntity.insertHistoricVariableInstance - ==> Parameters: 10192(String), 10165(String), 10165(String), null, planDate(String), 0(Integer), date(String), null, null, 1363708800000(Long), null, null, 2017-11-28 16:46:24.836(Timestamp), 2017-11-28 16:46:24.836(Timestamp)
16:46:24.844 [main] DEBUG org.activiti.engine.impl.persistence.entity.HistoricVariableInstanceEntity.insertHistoricVariableInstance - <==    Updates: 1
16:46:24.844 [main] DEBUG org.activiti.engine.impl.db.DbSqlSession - inserting: VariableInstanceEntity[id=10193, name=usage, type=string, textValue=1. MacBook Pro一台
2. 27寸显示器一台]
16:46:24.844 [main] DEBUG org.activiti.engine.impl.persistence.entity.VariableInstanceEntity.insertVariableInstance - ==>  Preparing: insert into ACT_RU_VARIABLE (ID_, REV_, TYPE_, NAME_, PROC_INST_ID_, EXECUTION_ID_, TASK_ID_, BYTEARRAY_ID_, DOUBLE_, LONG_ , TEXT_, TEXT2_) values ( ?, 1, ?, ?, ?, ?, ?, ?, ?, ?, ?, ? ) 
16:46:24.844 [main] DEBUG org.activiti.engine.impl.persistence.entity.VariableInstanceEntity.insertVariableInstance - ==> Parameters: 10193(String), string(String), usage(String), 10165(String), 10165(String), null, null, null, null, 1. MacBook Pro一台
2. 27寸显示器一台(String), null
16:46:24.844 [main] DEBUG org.activiti.engine.impl.persistence.entity.VariableInstanceEntity.insertVariableInstance - <==    Updates: 1
16:46:24.844 [main] DEBUG org.activiti.engine.impl.db.DbSqlSession - inserting: HistoricVariableInstanceEntity[id=10193, name=usage, revision=0, type=string, textValue=1. MacBook Pro一台
2. 27寸显示器一台]
16:46:24.844 [main] DEBUG org.activiti.engine.impl.persistence.entity.HistoricVariableInstanceEntity.insertHistoricVariableInstance - ==>  Preparing: insert into ACT_HI_VARINST (ID_, PROC_INST_ID_, EXECUTION_ID_, TASK_ID_, NAME_, REV_, VAR_TYPE_, BYTEARRAY_ID_, DOUBLE_, LONG_ , TEXT_, TEXT2_, CREATE_TIME_, LAST_UPDATED_TIME_) values ( ?, ?, ?, ?, ?, ?, ?, ?, ?, ?, ?, ?, ?, ? ) 
16:46:24.844 [main] DEBUG org.activiti.engine.impl.persistence.entity.HistoricVariableInstanceEntity.insertHistoricVariableInstance - ==> Parameters: 10193(String), 10165(String), 10165(String), null, usage(String), 0(Integer), string(String), null, null, null, 1. MacBook Pro一台
2. 27寸显示器一台(String), null, 2017-11-28 16:46:24.84(Timestamp), 2017-11-28 16:46:24.84(Timestamp)
16:46:24.844 [main] DEBUG org.activiti.engine.impl.persistence.entity.HistoricVariableInstanceEntity.insertHistoricVariableInstance - <==    Updates: 1
16:46:24.844 [main] DEBUG org.activiti.engine.impl.db.DbSqlSession - inserting: ScopeExecution[10194]
16:46:24.844 [main] DEBUG org.activiti.engine.impl.persistence.entity.ExecutionEntity.insertExecution - ==>  Preparing: insert into ACT_RU_EXECUTION (ID_, REV_, PROC_INST_ID_, BUSINESS_KEY_, PROC_DEF_ID_, ACT_ID_, IS_ACTIVE_, IS_CONCURRENT_, IS_SCOPE_,IS_EVENT_SCOPE_, PARENT_ID_, SUPER_EXEC_, SUSPENSION_STATE_, CACHED_ENT_STATE_, TENANT_ID_, NAME_) values ( ?, 1, ?, ?, ?, ?, ?, ?, ?, ?, ?, ?, ?, ?, ?, ? ) 
16:46:24.844 [main] DEBUG org.activiti.engine.impl.persistence.entity.ExecutionEntity.insertExecution - ==> Parameters: 10194(String), 10165(String), null, purchase-error-event-subprocess:1:10164(String), treasurerAudit(String), true(Boolean), false(Boolean), true(Boolean), false(Boolean), 10165(String), null, 1(Integer), 2(Integer), (String), null
16:46:24.844 [main] DEBUG org.activiti.engine.impl.persistence.entity.ExecutionEntity.insertExecution - <==    Updates: 1
16:46:24.844 [main] DEBUG org.activiti.engine.impl.db.DbSqlSession - inserting: HistoricActivityInstanceEntity[activityId=subprocessPay, activityName=付费子流程]
16:46:24.844 [main] DEBUG org.activiti.engine.impl.persistence.entity.HistoricActivityInstanceEntity.insertHistoricActivityInstance - ==>  Preparing: insert into ACT_HI_ACTINST ( ID_, PROC_DEF_ID_, PROC_INST_ID_, EXECUTION_ID_, ACT_ID_, TASK_ID_, CALL_PROC_INST_ID_, ACT_NAME_, ACT_TYPE_, ASSIGNEE_, START_TIME_, END_TIME_, DURATION_, TENANT_ID_ ) values ( ?, ?, ?, ?, ?, ?, ?, ?, ?, ?, ?, ?, ?, ? ) 
16:46:24.845 [main] DEBUG org.activiti.engine.impl.persistence.entity.HistoricActivityInstanceEntity.insertHistoricActivityInstance - ==> Parameters: 10195(String), purchase-error-event-subprocess:1:10164(String), 10165(String), 10194(String), subprocessPay(String), null, null, 付费子流程(String), subProcess(String), null, 2017-11-28 16:46:24.841(Timestamp), null, null, (String)
16:46:24.845 [main] DEBUG org.activiti.engine.impl.persistence.entity.HistoricActivityInstanceEntity.insertHistoricActivityInstance - <==    Updates: 1
16:46:24.845 [main] DEBUG org.activiti.engine.impl.db.DbSqlSession - inserting: HistoricActivityInstanceEntity[activityId=treasurerAudit, activityName=财务审批]
16:46:24.845 [main] DEBUG org.activiti.engine.impl.persistence.entity.HistoricActivityInstanceEntity.insertHistoricActivityInstance - ==>  Preparing: insert into ACT_HI_ACTINST ( ID_, PROC_DEF_ID_, PROC_INST_ID_, EXECUTION_ID_, ACT_ID_, TASK_ID_, CALL_PROC_INST_ID_, ACT_NAME_, ACT_TYPE_, ASSIGNEE_, START_TIME_, END_TIME_, DURATION_, TENANT_ID_ ) values ( ?, ?, ?, ?, ?, ?, ?, ?, ?, ?, ?, ?, ?, ? ) 
16:46:24.845 [main] DEBUG org.activiti.engine.impl.persistence.entity.HistoricActivityInstanceEntity.insertHistoricActivityInstance - ==> Parameters: 10196(String), purchase-error-event-subprocess:1:10164(String), 10165(String), 10194(String), treasurerAudit(String), 10197(String), null, 财务审批(String), userTask(String), null, 2017-11-28 16:46:24.841(Timestamp), null, null, (String)
16:46:24.845 [main] DEBUG org.activiti.engine.impl.persistence.entity.HistoricActivityInstanceEntity.insertHistoricActivityInstance - <==    Updates: 1
16:46:24.845 [main] DEBUG org.activiti.engine.impl.db.DbSqlSession - inserting: Task[id=10197, name=财务审批]
16:46:24.845 [main] DEBUG org.activiti.engine.impl.persistence.entity.TaskEntity.insertTask - ==>  Preparing: insert into ACT_RU_TASK (ID_, REV_, NAME_, PARENT_TASK_ID_, DESCRIPTION_, PRIORITY_, CREATE_TIME_, OWNER_, ASSIGNEE_, DELEGATION_, EXECUTION_ID_, PROC_INST_ID_, PROC_DEF_ID_, TASK_DEF_KEY_, DUE_DATE_, CATEGORY_, SUSPENSION_STATE_, TENANT_ID_, FORM_KEY_) values (?, 1, ?, ?, ?, ?, ?, ?, ?, ?, ?, ?, ?, ?, ?, ?, ?, ?, ? ) 
16:46:24.845 [main] DEBUG org.activiti.engine.impl.persistence.entity.TaskEntity.insertTask - ==> Parameters: 10197(String), 财务审批(String), null, null, 50(Integer), 2017-11-28 16:46:24.841(Timestamp), null, null, null, 10194(String), 10165(String), purchase-error-event-subprocess:1:10164(String), treasurerAudit(String), null, null, 1(Integer), (String), null
16:46:24.845 [main] DEBUG org.activiti.engine.impl.persistence.entity.TaskEntity.insertTask - <==    Updates: 1
16:46:24.845 [main] DEBUG org.activiti.engine.impl.db.DbSqlSession - inserting: org.activiti.engine.impl.persistence.entity.HistoricTaskInstanceEntity@6bedd4e4
16:46:24.845 [main] DEBUG org.activiti.engine.impl.persistence.entity.HistoricTaskInstanceEntity.insertHistoricTaskInstance - ==>  Preparing: insert into ACT_HI_TASKINST ( ID_, PROC_DEF_ID_, PROC_INST_ID_, EXECUTION_ID_, NAME_, PARENT_TASK_ID_, DESCRIPTION_, OWNER_, ASSIGNEE_, START_TIME_, CLAIM_TIME_, END_TIME_, DURATION_, DELETE_REASON_, TASK_DEF_KEY_, FORM_KEY_, PRIORITY_, DUE_DATE_, CATEGORY_, TENANT_ID_ ) values ( ?, ?, ?, ?, ?, ?, ?, ?, ?, ?, ?, ?, ?, ?, ?, ?, ?, ?, ?, ? ) 
16:46:24.845 [main] DEBUG org.activiti.engine.impl.persistence.entity.HistoricTaskInstanceEntity.insertHistoricTaskInstance - ==> Parameters: 10197(String), purchase-error-event-subprocess:1:10164(String), 10165(String), 10194(String), 财务审批(String), null, null, null, null, 2017-11-28 16:46:24.841(Timestamp), null, null, null, null, treasurerAudit(String), null, 50(Integer), null, null, (String)
16:46:24.845 [main] DEBUG org.activiti.engine.impl.persistence.entity.HistoricTaskInstanceEntity.insertHistoricTaskInstance - <==    Updates: 1
16:46:24.845 [main] DEBUG org.activiti.engine.impl.db.DbSqlSession - inserting: IdentityLinkEntity[id=10198, type=candidate, groupId=treasurer, taskId=10197]
16:46:24.846 [main] DEBUG org.activiti.engine.impl.persistence.entity.IdentityLinkEntity.insertIdentityLink - ==>  Preparing: insert into ACT_RU_IDENTITYLINK (ID_, REV_, TYPE_, USER_ID_, GROUP_ID_, TASK_ID_, PROC_INST_ID_, PROC_DEF_ID_) values (?, 1, ?, ?, ?, ?, ?, ?) 
16:46:24.846 [main] DEBUG org.activiti.engine.impl.persistence.entity.IdentityLinkEntity.insertIdentityLink - ==> Parameters: 10198(String), candidate(String), null, treasurer(String), 10197(String), null, null
16:46:24.846 [main] DEBUG org.activiti.engine.impl.persistence.entity.IdentityLinkEntity.insertIdentityLink - <==    Updates: 1
16:46:24.846 [main] DEBUG org.activiti.engine.impl.db.DbSqlSession - inserting: org.activiti.engine.impl.persistence.entity.HistoricIdentityLinkEntity@4570d7b6
16:46:24.846 [main] DEBUG org.activiti.engine.impl.persistence.entity.HistoricIdentityLinkEntity.insertHistoricIdentityLink - ==>  Preparing: insert into ACT_HI_IDENTITYLINK (ID_, TYPE_, USER_ID_, GROUP_ID_, TASK_ID_, PROC_INST_ID_) values (?, ?, ?, ?, ?, ?) 
16:46:24.846 [main] DEBUG org.activiti.engine.impl.persistence.entity.HistoricIdentityLinkEntity.insertHistoricIdentityLink - ==> Parameters: 10198(String), candidate(String), null, treasurer(String), 10197(String), null
16:46:24.846 [main] DEBUG org.activiti.engine.impl.persistence.entity.HistoricIdentityLinkEntity.insertHistoricIdentityLink - <==    Updates: 1
16:46:24.846 [main] DEBUG org.activiti.engine.impl.db.DbSqlSession - updating: ProcessInstance[10165]
16:46:24.847 [main] DEBUG org.activiti.engine.impl.persistence.entity.ExecutionEntity.updateExecution - ==>  Preparing: update ACT_RU_EXECUTION set REV_ = ?, BUSINESS_KEY_ = ?, PROC_DEF_ID_ = ?, ACT_ID_ = ?, IS_ACTIVE_ = ?, IS_CONCURRENT_ = ?, IS_SCOPE_ = ?, IS_EVENT_SCOPE_ = ?, PARENT_ID_ = ?, SUPER_EXEC_ = ?, SUSPENSION_STATE_ = ?, CACHED_ENT_STATE_ = ?, NAME_ = ? where ID_ = ? and REV_ = ? 
16:46:24.847 [main] DEBUG org.activiti.engine.impl.persistence.entity.ExecutionEntity.updateExecution - ==> Parameters: 3(Integer), null, purchase-error-event-subprocess:1:10164(String), null, false(Boolean), false(Boolean), true(Boolean), false(Boolean), null, null, 1(Integer), 0(Integer), null, 10165(String), 2(Integer)
16:46:24.847 [main] DEBUG org.activiti.engine.impl.persistence.entity.ExecutionEntity.updateExecution - <==    Updates: 1
16:46:24.847 [main] DEBUG org.activiti.engine.impl.db.DbSqlSession - updating: HistoricActivityInstanceEntity[activityId=contactSupplier, activityName=联系供货方]
16:46:24.847 [main] DEBUG org.activiti.engine.impl.persistence.entity.HistoricActivityInstanceEntity.updateHistoricActivityInstance - ==>  Preparing: update ACT_HI_ACTINST set EXECUTION_ID_ = ?, ASSIGNEE_ = ?, END_TIME_ = ?, DURATION_ = ? where ID_ = ? 
16:46:24.847 [main] DEBUG org.activiti.engine.impl.persistence.entity.HistoricActivityInstanceEntity.updateHistoricActivityInstance - ==> Parameters: 10165(String), kermit(String), 2017-11-28 16:46:24.839(Timestamp), 17(Long), 10182(String)
16:46:24.847 [main] DEBUG org.activiti.engine.impl.persistence.entity.HistoricActivityInstanceEntity.updateHistoricActivityInstance - <==    Updates: 1
16:46:24.847 [main] DEBUG org.activiti.engine.impl.db.DbSqlSession - updating: org.activiti.engine.impl.persistence.entity.HistoricTaskInstanceEntity@72b6832e
16:46:24.847 [main] DEBUG org.activiti.engine.impl.persistence.entity.HistoricTaskInstanceEntity.updateHistoricTaskInstance - ==>  Preparing: update ACT_HI_TASKINST set EXECUTION_ID_ = ?, NAME_ = ?, PARENT_TASK_ID_ = ?, DESCRIPTION_ = ?, OWNER_ = ?, ASSIGNEE_ = ?, CLAIM_TIME_ = ?, END_TIME_ = ?, DURATION_ = ?, DELETE_REASON_ = ?, TASK_DEF_KEY_ = ?, FORM_KEY_ = ?, PRIORITY_ = ?, DUE_DATE_ = ?, CATEGORY_ = ? where ID_ = ? 
16:46:24.847 [main] DEBUG org.activiti.engine.impl.persistence.entity.HistoricTaskInstanceEntity.updateHistoricTaskInstance - ==> Parameters: 10165(String), 联系供货方(String), null, null, null, kermit(String), 2017-11-28 16:46:24.832(Timestamp), 2017-11-28 16:46:24.837(Timestamp), 15(Long), completed(String), contactSupplier(String), null, 50(Integer), null, null, 10183(String)
16:46:24.847 [main] DEBUG org.activiti.engine.impl.persistence.entity.HistoricTaskInstanceEntity.updateHistoricTaskInstance - <==    Updates: 1
16:46:24.847 [main] DEBUG org.activiti.engine.impl.db.DbSqlSession - executing: delete IdentityLinkEntity[id=10184, type=candidate, groupId=supportCrew, taskId=10183]
16:46:24.847 [main] DEBUG org.activiti.engine.impl.persistence.entity.IdentityLinkEntity.deleteIdentityLink - ==>  Preparing: delete from ACT_RU_IDENTITYLINK where ID_ = ? 
16:46:24.847 [main] DEBUG org.activiti.engine.impl.persistence.entity.IdentityLinkEntity.deleteIdentityLink - ==> Parameters: 10184(String)
16:46:24.848 [main] DEBUG org.activiti.engine.impl.persistence.entity.IdentityLinkEntity.deleteIdentityLink - <==    Updates: 1
16:46:24.848 [main] DEBUG org.activiti.engine.impl.db.DbSqlSession - executing: delete Task[id=10183, name=联系供货方]
16:46:24.848 [main] DEBUG org.activiti.engine.impl.persistence.entity.TaskEntity.deleteTask - ==>  Preparing: delete from ACT_RU_TASK where ID_ = ? and REV_ = ? 
16:46:24.848 [main] DEBUG org.activiti.engine.impl.persistence.entity.TaskEntity.deleteTask - ==> Parameters: 10183(String), 2(Integer)
16:46:24.848 [main] DEBUG org.activiti.engine.impl.persistence.entity.TaskEntity.deleteTask - <==    Updates: 1
16:46:24.848 [main] DEBUG org.apache.ibatis.transaction.managed.ManagedTransaction - Closing JDBC Connection [Transaction-aware proxy for target Connection [conn99: url=jdbc:h2:mem:activiti user=SA]]
16:46:24.848 [main] DEBUG org.springframework.jdbc.datasource.DataSourceTransactionManager - Initiating transaction commit
16:46:24.848 [main] DEBUG org.springframework.jdbc.datasource.DataSourceTransactionManager - Committing JDBC transaction on Connection [conn99: url=jdbc:h2:mem:activiti user=SA]
16:46:24.848 [main] DEBUG org.springframework.jdbc.datasource.DataSourceTransactionManager - Releasing JDBC Connection [conn99: url=jdbc:h2:mem:activiti user=SA] after transaction
16:46:24.848 [main] DEBUG org.springframework.jdbc.datasource.DataSourceUtils - Returning JDBC Connection to DataSource
16:46:24.848 [main] DEBUG org.activiti.engine.impl.interceptor.LogInterceptor - --- SubmitTaskFormCmd finished --------------------------------------------------------
16:46:24.848 [main] DEBUG org.activiti.engine.impl.interceptor.LogInterceptor - 

16:46:24.848 [main] DEBUG org.activiti.engine.impl.interceptor.LogInterceptor - 

16:46:24.848 [main] DEBUG org.activiti.engine.impl.interceptor.LogInterceptor - --- starting ExecutionQueryImpl --------------------------------------------------------
16:46:24.848 [main] DEBUG org.activiti.spring.SpringTransactionInterceptor - Running command with propagation REQUIRED
16:46:24.848 [main] DEBUG org.springframework.jdbc.datasource.DataSourceTransactionManager - Creating new transaction with name [null]: PROPAGATION_REQUIRED,ISOLATION_DEFAULT
16:46:24.848 [main] DEBUG org.springframework.jdbc.datasource.SimpleDriverDataSource - Creating new JDBC Driver Connection to [jdbc:h2:mem:activiti;DB_CLOSE_DELAY=1000]
16:46:24.849 [main] DEBUG org.springframework.jdbc.datasource.DataSourceTransactionManager - Acquired Connection [conn100: url=jdbc:h2:mem:activiti user=SA] for JDBC transaction
16:46:24.849 [main] DEBUG org.springframework.jdbc.datasource.DataSourceTransactionManager - Switching JDBC Connection [conn100: url=jdbc:h2:mem:activiti user=SA] to manual commit
16:46:24.849 [main] DEBUG org.apache.ibatis.transaction.managed.ManagedTransaction - Opening JDBC Connection
16:46:24.849 [main] DEBUG org.activiti.engine.impl.persistence.entity.ExecutionEntity.selectExecutionsByQueryCriteria - ==>  Preparing: select distinct RES.* , P.KEY_ as ProcessDefinitionKey, P.ID_ as ProcessDefinitionId from ACT_RU_EXECUTION RES inner join ACT_RE_PROCDEF P on RES.PROC_DEF_ID_ = P.ID_ WHERE RES.PROC_INST_ID_ = ? and RES.ACT_ID_ = ? and RES.IS_ACTIVE_ = ? order by RES.ID_ asc LIMIT ? OFFSET ? 
16:46:24.849 [main] DEBUG org.activiti.engine.impl.persistence.entity.ExecutionEntity.selectExecutionsByQueryCriteria - ==> Parameters: 10165(String), treasurerAudit(String), true(Boolean), 2147483647(Integer), 0(Integer)
16:46:24.850 [main] DEBUG org.activiti.engine.impl.persistence.entity.ExecutionEntity.selectExecutionsByQueryCriteria - <==      Total: 1
16:46:24.850 [main] DEBUG org.activiti.engine.impl.db.DbSqlSession - flush summary: 0 insert, 0 update, 0 delete.
16:46:24.850 [main] DEBUG org.activiti.engine.impl.db.DbSqlSession - now executing flush...
16:46:24.850 [main] DEBUG org.apache.ibatis.transaction.managed.ManagedTransaction - Closing JDBC Connection [Transaction-aware proxy for target Connection [conn100: url=jdbc:h2:mem:activiti user=SA]]
16:46:24.850 [main] DEBUG org.springframework.jdbc.datasource.DataSourceTransactionManager - Initiating transaction commit
16:46:24.850 [main] DEBUG org.springframework.jdbc.datasource.DataSourceTransactionManager - Committing JDBC transaction on Connection [conn100: url=jdbc:h2:mem:activiti user=SA]
16:46:24.850 [main] DEBUG org.springframework.jdbc.datasource.DataSourceTransactionManager - Releasing JDBC Connection [conn100: url=jdbc:h2:mem:activiti user=SA] after transaction
16:46:24.850 [main] DEBUG org.springframework.jdbc.datasource.DataSourceUtils - Returning JDBC Connection to DataSource
16:46:24.850 [main] DEBUG org.activiti.engine.impl.interceptor.LogInterceptor - --- ExecutionQueryImpl finished --------------------------------------------------------
16:46:24.850 [main] DEBUG org.activiti.engine.impl.interceptor.LogInterceptor - 

16:46:24.850 [main] DEBUG org.activiti.engine.impl.interceptor.LogInterceptor - 

16:46:24.850 [main] DEBUG org.activiti.engine.impl.interceptor.LogInterceptor - --- starting GetExecutionVariableCmd --------------------------------------------------------
16:46:24.850 [main] DEBUG org.activiti.spring.SpringTransactionInterceptor - Running command with propagation REQUIRED
16:46:24.850 [main] DEBUG org.springframework.jdbc.datasource.DataSourceTransactionManager - Creating new transaction with name [null]: PROPAGATION_REQUIRED,ISOLATION_DEFAULT
16:46:24.850 [main] DEBUG org.springframework.jdbc.datasource.SimpleDriverDataSource - Creating new JDBC Driver Connection to [jdbc:h2:mem:activiti;DB_CLOSE_DELAY=1000]
16:46:24.852 [main] DEBUG org.springframework.jdbc.datasource.DataSourceTransactionManager - Acquired Connection [conn101: url=jdbc:h2:mem:activiti user=SA] for JDBC transaction
16:46:24.852 [main] DEBUG org.springframework.jdbc.datasource.DataSourceTransactionManager - Switching JDBC Connection [conn101: url=jdbc:h2:mem:activiti user=SA] to manual commit
16:46:24.852 [main] DEBUG org.apache.ibatis.transaction.managed.ManagedTransaction - Opening JDBC Connection
16:46:24.852 [main] DEBUG org.activiti.engine.impl.persistence.entity.ExecutionEntity.selectExecution - ==>  Preparing: select * from ACT_RU_EXECUTION where ID_ = ? 
16:46:24.852 [main] DEBUG org.activiti.engine.impl.persistence.entity.ExecutionEntity.selectExecution - ==> Parameters: 10165(String)
16:46:24.852 [main] DEBUG org.activiti.engine.impl.persistence.entity.ExecutionEntity.selectExecution - <==      Total: 1
16:46:24.852 [main] DEBUG org.activiti.engine.impl.persistence.entity.VariableInstanceEntity.selectVariablesByExecutionId - ==>  Preparing: select * from ACT_RU_VARIABLE where EXECUTION_ID_ = ? and TASK_ID_ is null 
16:46:24.853 [main] DEBUG org.activiti.engine.impl.persistence.entity.VariableInstanceEntity.selectVariablesByExecutionId - ==> Parameters: 10165(String)
16:46:24.853 [main] DEBUG org.activiti.engine.impl.persistence.entity.VariableInstanceEntity.selectVariablesByExecutionId - <==      Total: 10
16:46:24.853 [main] DEBUG org.activiti.engine.impl.db.DbSqlSession - flush summary: 0 insert, 0 update, 0 delete.
16:46:24.853 [main] DEBUG org.activiti.engine.impl.db.DbSqlSession - now executing flush...
16:46:24.853 [main] DEBUG org.apache.ibatis.transaction.managed.ManagedTransaction - Closing JDBC Connection [Transaction-aware proxy for target Connection [conn101: url=jdbc:h2:mem:activiti user=SA]]
16:46:24.853 [main] DEBUG org.springframework.jdbc.datasource.DataSourceTransactionManager - Initiating transaction commit
16:46:24.853 [main] DEBUG org.springframework.jdbc.datasource.DataSourceTransactionManager - Committing JDBC transaction on Connection [conn101: url=jdbc:h2:mem:activiti user=SA]
16:46:24.853 [main] DEBUG org.springframework.jdbc.datasource.DataSourceTransactionManager - Releasing JDBC Connection [conn101: url=jdbc:h2:mem:activiti user=SA] after transaction
16:46:24.853 [main] DEBUG org.springframework.jdbc.datasource.DataSourceUtils - Returning JDBC Connection to DataSource
16:46:24.853 [main] DEBUG org.activiti.engine.impl.interceptor.LogInterceptor - --- GetExecutionVariableCmd finished --------------------------------------------------------
16:46:24.853 [main] DEBUG org.activiti.engine.impl.interceptor.LogInterceptor - 

16:46:24.853 [main] DEBUG org.activiti.engine.impl.interceptor.LogInterceptor - 

16:46:24.853 [main] DEBUG org.activiti.engine.impl.interceptor.LogInterceptor - --- starting TaskQueryImpl --------------------------------------------------------
16:46:24.853 [main] DEBUG org.activiti.spring.SpringTransactionInterceptor - Running command with propagation REQUIRED
16:46:24.853 [main] DEBUG org.springframework.jdbc.datasource.DataSourceTransactionManager - Creating new transaction with name [null]: PROPAGATION_REQUIRED,ISOLATION_DEFAULT
16:46:24.853 [main] DEBUG org.springframework.jdbc.datasource.SimpleDriverDataSource - Creating new JDBC Driver Connection to [jdbc:h2:mem:activiti;DB_CLOSE_DELAY=1000]
16:46:24.854 [main] DEBUG org.springframework.jdbc.datasource.DataSourceTransactionManager - Acquired Connection [conn102: url=jdbc:h2:mem:activiti user=SA] for JDBC transaction
16:46:24.854 [main] DEBUG org.springframework.jdbc.datasource.DataSourceTransactionManager - Switching JDBC Connection [conn102: url=jdbc:h2:mem:activiti user=SA] to manual commit
16:46:24.854 [main] DEBUG org.apache.ibatis.transaction.managed.ManagedTransaction - Opening JDBC Connection
16:46:24.854 [main] DEBUG org.activiti.engine.impl.persistence.entity.TaskEntity.selectTaskByQueryCriteria - ==>  Preparing: select distinct RES.* from ACT_RU_TASK RES inner join ACT_RU_IDENTITYLINK I on I.TASK_ID_ = RES.ID_ WHERE RES.ASSIGNEE_ is null and I.TYPE_ = 'candidate' and ( I.GROUP_ID_ IN ( ? ) ) order by RES.ID_ asc LIMIT ? OFFSET ? 
16:46:24.855 [main] DEBUG org.activiti.engine.impl.persistence.entity.TaskEntity.selectTaskByQueryCriteria - ==> Parameters: treasurer(String), 2147483647(Integer), 0(Integer)
16:46:24.855 [main] DEBUG org.activiti.engine.impl.persistence.entity.TaskEntity.selectTaskByQueryCriteria - <==      Total: 1
16:46:24.855 [main] DEBUG org.activiti.engine.impl.db.DbSqlSession - flush summary: 0 insert, 0 update, 0 delete.
16:46:24.855 [main] DEBUG org.activiti.engine.impl.db.DbSqlSession - now executing flush...
16:46:24.855 [main] DEBUG org.apache.ibatis.transaction.managed.ManagedTransaction - Closing JDBC Connection [Transaction-aware proxy for target Connection [conn102: url=jdbc:h2:mem:activiti user=SA]]
16:46:24.855 [main] DEBUG org.springframework.jdbc.datasource.DataSourceTransactionManager - Initiating transaction commit
16:46:24.855 [main] DEBUG org.springframework.jdbc.datasource.DataSourceTransactionManager - Committing JDBC transaction on Connection [conn102: url=jdbc:h2:mem:activiti user=SA]
16:46:24.855 [main] DEBUG org.springframework.jdbc.datasource.DataSourceTransactionManager - Releasing JDBC Connection [conn102: url=jdbc:h2:mem:activiti user=SA] after transaction
16:46:24.855 [main] DEBUG org.springframework.jdbc.datasource.DataSourceUtils - Returning JDBC Connection to DataSource
16:46:24.855 [main] DEBUG org.activiti.engine.impl.interceptor.LogInterceptor - --- TaskQueryImpl finished --------------------------------------------------------
16:46:24.855 [main] DEBUG org.activiti.engine.impl.interceptor.LogInterceptor - 

16:46:24.855 [main] DEBUG org.activiti.engine.impl.interceptor.LogInterceptor - 

16:46:24.855 [main] DEBUG org.activiti.engine.impl.interceptor.LogInterceptor - --- starting ClaimTaskCmd --------------------------------------------------------
16:46:24.855 [main] DEBUG org.activiti.spring.SpringTransactionInterceptor - Running command with propagation REQUIRED
16:46:24.855 [main] DEBUG org.springframework.jdbc.datasource.DataSourceTransactionManager - Creating new transaction with name [null]: PROPAGATION_REQUIRED,ISOLATION_DEFAULT
16:46:24.855 [main] DEBUG org.springframework.jdbc.datasource.SimpleDriverDataSource - Creating new JDBC Driver Connection to [jdbc:h2:mem:activiti;DB_CLOSE_DELAY=1000]
16:46:24.855 [main] DEBUG org.springframework.jdbc.datasource.DataSourceTransactionManager - Acquired Connection [conn103: url=jdbc:h2:mem:activiti user=SA] for JDBC transaction
16:46:24.855 [main] DEBUG org.springframework.jdbc.datasource.DataSourceTransactionManager - Switching JDBC Connection [conn103: url=jdbc:h2:mem:activiti user=SA] to manual commit
16:46:24.856 [main] DEBUG org.apache.ibatis.transaction.managed.ManagedTransaction - Opening JDBC Connection
16:46:24.860 [main] DEBUG org.activiti.engine.impl.persistence.entity.TaskEntity.selectTask - ==>  Preparing: select * from ACT_RU_TASK where ID_ = ? 
16:46:24.860 [main] DEBUG org.activiti.engine.impl.persistence.entity.TaskEntity.selectTask - ==> Parameters: 10197(String)
16:46:24.860 [main] DEBUG org.activiti.engine.impl.persistence.entity.TaskEntity.selectTask - <==      Total: 1
16:46:24.860 [main] DEBUG org.activiti.engine.impl.history.DefaultHistoryManager - Current history level: AUDIT, level required: AUDIT
16:46:24.860 [main] DEBUG org.activiti.engine.impl.persistence.entity.HistoricTaskInstanceEntity.selectHistoricTaskInstance - ==>  Preparing: select * from ACT_HI_TASKINST where ID_ = ? 
16:46:24.861 [main] DEBUG org.activiti.engine.impl.persistence.entity.HistoricTaskInstanceEntity.selectHistoricTaskInstance - ==> Parameters: 10197(String)
16:46:24.861 [main] DEBUG org.activiti.engine.impl.persistence.entity.HistoricTaskInstanceEntity.selectHistoricTaskInstance - <==      Total: 1
16:46:24.861 [main] DEBUG org.activiti.engine.impl.persistence.entity.ExecutionEntity.selectExecution - ==>  Preparing: select * from ACT_RU_EXECUTION where ID_ = ? 
16:46:24.861 [main] DEBUG org.activiti.engine.impl.persistence.entity.ExecutionEntity.selectExecution - ==> Parameters: 10165(String)
16:46:24.861 [main] DEBUG org.activiti.engine.impl.persistence.entity.ExecutionEntity.selectExecution - <==      Total: 1
16:46:24.861 [main] DEBUG org.activiti.engine.impl.persistence.entity.IdentityLinkEntity.selectIdentityLinksByProcessInstance - ==>  Preparing: select * from ACT_RU_IDENTITYLINK where PROC_INST_ID_ = ? 
16:46:24.861 [main] DEBUG org.activiti.engine.impl.persistence.entity.IdentityLinkEntity.selectIdentityLinksByProcessInstance - ==> Parameters: 10165(String)
16:46:24.861 [main] DEBUG org.activiti.engine.impl.persistence.entity.IdentityLinkEntity.selectIdentityLinksByProcessInstance - <==      Total: 2
16:46:24.861 [main] DEBUG org.activiti.engine.impl.persistence.entity.ExecutionEntity.selectExecution - ==>  Preparing: select * from ACT_RU_EXECUTION where ID_ = ? 
16:46:24.861 [main] DEBUG org.activiti.engine.impl.persistence.entity.ExecutionEntity.selectExecution - ==> Parameters: 10194(String)
16:46:24.861 [main] DEBUG org.activiti.engine.impl.persistence.entity.ExecutionEntity.selectExecution - <==      Total: 1
16:46:24.861 [main] DEBUG org.activiti.engine.impl.history.DefaultHistoryManager - Current history level: AUDIT, level required: ACTIVITY
16:46:24.862 [main] DEBUG org.activiti.engine.impl.persistence.entity.HistoricActivityInstanceEntity.selectHistoricActivityInstancesByQueryCriteria - ==>  Preparing: select RES.* from ACT_HI_ACTINST RES WHERE RES.EXECUTION_ID_ = ? and RES.ACT_ID_ = ? and RES.END_TIME_ is null order by RES.ID_ asc LIMIT ? OFFSET ? 
16:46:24.862 [main] DEBUG org.activiti.engine.impl.persistence.entity.HistoricActivityInstanceEntity.selectHistoricActivityInstancesByQueryCriteria - ==> Parameters: 10194(String), treasurerAudit(String), 1(Integer), 0(Integer)
16:46:24.862 [main] DEBUG org.activiti.engine.impl.persistence.entity.HistoricActivityInstanceEntity.selectHistoricActivityInstancesByQueryCriteria - <==      Total: 1
16:46:24.862 [main] DEBUG org.activiti.engine.impl.history.DefaultHistoryManager - Current history level: AUDIT, level required: AUDIT
16:46:24.862 [main] DEBUG org.activiti.engine.impl.db.DbSqlSession - flush summary: 0 insert, 3 update, 0 delete.
16:46:24.862 [main] DEBUG org.activiti.engine.impl.db.DbSqlSession -   update Task[id=10197, name=财务审批]
16:46:24.862 [main] DEBUG org.activiti.engine.impl.db.DbSqlSession -   update HistoricActivityInstanceEntity[activityId=treasurerAudit, activityName=财务审批]
16:46:24.862 [main] DEBUG org.activiti.engine.impl.db.DbSqlSession -   update org.activiti.engine.impl.persistence.entity.HistoricTaskInstanceEntity@7df28f1
16:46:24.862 [main] DEBUG org.activiti.engine.impl.db.DbSqlSession - now executing flush...
16:46:24.862 [main] DEBUG org.activiti.engine.impl.db.DbSqlSession - updating: Task[id=10197, name=财务审批]
16:46:24.862 [main] DEBUG org.activiti.engine.impl.persistence.entity.TaskEntity.updateTask - ==>  Preparing: update ACT_RU_TASK SET REV_ = ?, NAME_ = ?, PARENT_TASK_ID_ = ?, PRIORITY_ = ?, CREATE_TIME_ = ?, OWNER_ = ?, ASSIGNEE_ = ?, DELEGATION_ = ?, EXECUTION_ID_ = ?, PROC_DEF_ID_ = ?, DESCRIPTION_ = ?, DUE_DATE_ = ?, CATEGORY_ = ?, SUSPENSION_STATE_ = ?, FORM_KEY_ = ? where ID_= ? and REV_ = ? 
16:46:24.863 [main] DEBUG org.activiti.engine.impl.persistence.entity.TaskEntity.updateTask - ==> Parameters: 2(Integer), 财务审批(String), null, 50(Integer), 2017-11-28 16:46:24.841(Timestamp), null, kermit(String), null, 10194(String), purchase-error-event-subprocess:1:10164(String), null, null, null, 1(Integer), null, 10197(String), 1(Integer)
16:46:24.863 [main] DEBUG org.activiti.engine.impl.persistence.entity.TaskEntity.updateTask - <==    Updates: 1
16:46:24.863 [main] DEBUG org.activiti.engine.impl.db.DbSqlSession - updating: HistoricActivityInstanceEntity[activityId=treasurerAudit, activityName=财务审批]
16:46:24.863 [main] DEBUG org.activiti.engine.impl.persistence.entity.HistoricActivityInstanceEntity.updateHistoricActivityInstance - ==>  Preparing: update ACT_HI_ACTINST set EXECUTION_ID_ = ?, ASSIGNEE_ = ?, END_TIME_ = ?, DURATION_ = ? where ID_ = ? 
16:46:24.863 [main] DEBUG org.activiti.engine.impl.persistence.entity.HistoricActivityInstanceEntity.updateHistoricActivityInstance - ==> Parameters: 10194(String), kermit(String), null, null, 10196(String)
16:46:24.863 [main] DEBUG org.activiti.engine.impl.persistence.entity.HistoricActivityInstanceEntity.updateHistoricActivityInstance - <==    Updates: 1
16:46:24.863 [main] DEBUG org.activiti.engine.impl.db.DbSqlSession - updating: org.activiti.engine.impl.persistence.entity.HistoricTaskInstanceEntity@7df28f1
16:46:24.863 [main] DEBUG org.activiti.engine.impl.persistence.entity.HistoricTaskInstanceEntity.updateHistoricTaskInstance - ==>  Preparing: update ACT_HI_TASKINST set EXECUTION_ID_ = ?, NAME_ = ?, PARENT_TASK_ID_ = ?, DESCRIPTION_ = ?, OWNER_ = ?, ASSIGNEE_ = ?, CLAIM_TIME_ = ?, END_TIME_ = ?, DURATION_ = ?, DELETE_REASON_ = ?, TASK_DEF_KEY_ = ?, FORM_KEY_ = ?, PRIORITY_ = ?, DUE_DATE_ = ?, CATEGORY_ = ? where ID_ = ? 
16:46:24.863 [main] DEBUG org.activiti.engine.impl.persistence.entity.HistoricTaskInstanceEntity.updateHistoricTaskInstance - ==> Parameters: 10194(String), 财务审批(String), null, null, null, kermit(String), 2017-11-28 16:46:24.862(Timestamp), null, null, null, treasurerAudit(String), null, 50(Integer), null, null, 10197(String)
16:46:24.863 [main] DEBUG org.activiti.engine.impl.persistence.entity.HistoricTaskInstanceEntity.updateHistoricTaskInstance - <==    Updates: 1
16:46:24.863 [main] DEBUG org.apache.ibatis.transaction.managed.ManagedTransaction - Closing JDBC Connection [Transaction-aware proxy for target Connection [conn103: url=jdbc:h2:mem:activiti user=SA]]
16:46:24.863 [main] DEBUG org.springframework.jdbc.datasource.DataSourceTransactionManager - Initiating transaction commit
16:46:24.863 [main] DEBUG org.springframework.jdbc.datasource.DataSourceTransactionManager - Committing JDBC transaction on Connection [conn103: url=jdbc:h2:mem:activiti user=SA]
16:46:24.863 [main] DEBUG org.springframework.jdbc.datasource.DataSourceTransactionManager - Releasing JDBC Connection [conn103: url=jdbc:h2:mem:activiti user=SA] after transaction
16:46:24.863 [main] DEBUG org.springframework.jdbc.datasource.DataSourceUtils - Returning JDBC Connection to DataSource
16:46:24.863 [main] DEBUG org.activiti.engine.impl.interceptor.LogInterceptor - --- ClaimTaskCmd finished --------------------------------------------------------
16:46:24.863 [main] DEBUG org.activiti.engine.impl.interceptor.LogInterceptor - 

16:46:24.863 [main] DEBUG org.activiti.engine.impl.interceptor.LogInterceptor - 

16:46:24.863 [main] DEBUG org.activiti.engine.impl.interceptor.LogInterceptor - --- starting SubmitTaskFormCmd --------------------------------------------------------
16:46:24.863 [main] DEBUG org.activiti.spring.SpringTransactionInterceptor - Running command with propagation REQUIRED
16:46:24.863 [main] DEBUG org.springframework.jdbc.datasource.DataSourceTransactionManager - Creating new transaction with name [null]: PROPAGATION_REQUIRED,ISOLATION_DEFAULT
16:46:24.863 [main] DEBUG org.springframework.jdbc.datasource.SimpleDriverDataSource - Creating new JDBC Driver Connection to [jdbc:h2:mem:activiti;DB_CLOSE_DELAY=1000]
16:46:24.864 [main] DEBUG org.springframework.jdbc.datasource.DataSourceTransactionManager - Acquired Connection [conn104: url=jdbc:h2:mem:activiti user=SA] for JDBC transaction
16:46:24.864 [main] DEBUG org.springframework.jdbc.datasource.DataSourceTransactionManager - Switching JDBC Connection [conn104: url=jdbc:h2:mem:activiti user=SA] to manual commit
16:46:24.864 [main] DEBUG org.apache.ibatis.transaction.managed.ManagedTransaction - Opening JDBC Connection
16:46:24.864 [main] DEBUG org.activiti.engine.impl.persistence.entity.TaskEntity.selectTask - ==>  Preparing: select * from ACT_RU_TASK where ID_ = ? 
16:46:24.864 [main] DEBUG org.activiti.engine.impl.persistence.entity.TaskEntity.selectTask - ==> Parameters: 10197(String)
16:46:24.865 [main] DEBUG org.activiti.engine.impl.persistence.entity.TaskEntity.selectTask - <==      Total: 1
16:46:24.865 [main] DEBUG org.activiti.engine.impl.persistence.entity.ExecutionEntity.selectExecution - ==>  Preparing: select * from ACT_RU_EXECUTION where ID_ = ? 
16:46:24.865 [main] DEBUG org.activiti.engine.impl.persistence.entity.ExecutionEntity.selectExecution - ==> Parameters: 10194(String)
16:46:24.865 [main] DEBUG org.activiti.engine.impl.persistence.entity.ExecutionEntity.selectExecution - <==      Total: 1
16:46:24.865 [main] DEBUG org.activiti.engine.impl.history.DefaultHistoryManager - Current history level: AUDIT, level required: AUDIT
16:46:24.865 [main] DEBUG org.activiti.engine.impl.persistence.entity.HistoricActivityInstanceEntity.selectHistoricActivityInstancesByQueryCriteria - ==>  Preparing: select RES.* from ACT_HI_ACTINST RES WHERE RES.EXECUTION_ID_ = ? and RES.ACT_ID_ = ? and RES.END_TIME_ is null order by RES.ID_ asc LIMIT ? OFFSET ? 
16:46:24.865 [main] DEBUG org.activiti.engine.impl.persistence.entity.HistoricActivityInstanceEntity.selectHistoricActivityInstancesByQueryCriteria - ==> Parameters: 10194(String), treasurerAudit(String), 1(Integer), 0(Integer)
16:46:24.865 [main] DEBUG org.activiti.engine.impl.persistence.entity.HistoricActivityInstanceEntity.selectHistoricActivityInstancesByQueryCriteria - <==      Total: 1
16:46:24.866 [main] DEBUG org.activiti.engine.impl.persistence.entity.VariableInstanceEntity.selectVariablesByExecutionId - ==>  Preparing: select * from ACT_RU_VARIABLE where EXECUTION_ID_ = ? and TASK_ID_ is null 
16:46:24.866 [main] DEBUG org.activiti.engine.impl.persistence.entity.VariableInstanceEntity.selectVariablesByExecutionId - ==> Parameters: 10194(String)
16:46:24.866 [main] DEBUG org.activiti.engine.impl.persistence.entity.VariableInstanceEntity.selectVariablesByExecutionId - <==      Total: 0
16:46:24.866 [main] DEBUG org.activiti.engine.impl.persistence.entity.ExecutionEntity.selectExecution - ==>  Preparing: select * from ACT_RU_EXECUTION where ID_ = ? 
16:46:24.866 [main] DEBUG org.activiti.engine.impl.persistence.entity.ExecutionEntity.selectExecution - ==> Parameters: 10165(String)
16:46:24.866 [main] DEBUG org.activiti.engine.impl.persistence.entity.ExecutionEntity.selectExecution - <==      Total: 1
16:46:24.866 [main] DEBUG org.activiti.engine.impl.persistence.entity.VariableInstanceEntity.selectVariablesByExecutionId - ==>  Preparing: select * from ACT_RU_VARIABLE where EXECUTION_ID_ = ? and TASK_ID_ is null 
16:46:24.866 [main] DEBUG org.activiti.engine.impl.persistence.entity.VariableInstanceEntity.selectVariablesByExecutionId - ==> Parameters: 10165(String)
16:46:24.866 [main] DEBUG org.activiti.engine.impl.persistence.entity.VariableInstanceEntity.selectVariablesByExecutionId - <==      Total: 10
16:46:24.866 [main] DEBUG org.activiti.engine.impl.history.DefaultHistoryManager - Current history level: AUDIT, level required: ACTIVITY
16:46:24.866 [main] DEBUG org.activiti.engine.impl.history.DefaultHistoryManager - Current history level: AUDIT, level required: FULL
16:46:24.866 [main] DEBUG org.activiti.engine.impl.persistence.entity.IdentityLinkEntity.selectIdentityLinksByProcessInstance - ==>  Preparing: select * from ACT_RU_IDENTITYLINK where PROC_INST_ID_ = ? 
16:46:24.866 [main] DEBUG org.activiti.engine.impl.persistence.entity.IdentityLinkEntity.selectIdentityLinksByProcessInstance - ==> Parameters: 10165(String)
16:46:24.866 [main] DEBUG org.activiti.engine.impl.persistence.entity.IdentityLinkEntity.selectIdentityLinksByProcessInstance - <==      Total: 2
16:46:24.867 [main] DEBUG org.activiti.engine.impl.persistence.entity.TaskEntity.selectTasksByParentTaskId - ==>  Preparing: select * from ACT_RU_TASK where PARENT_TASK_ID_ = ? 
16:46:24.867 [main] DEBUG org.activiti.engine.impl.persistence.entity.TaskEntity.selectTasksByParentTaskId - ==> Parameters: 10197(String)
16:46:24.867 [main] DEBUG org.activiti.engine.impl.persistence.entity.TaskEntity.selectTasksByParentTaskId - <==      Total: 0
16:46:24.867 [main] DEBUG org.activiti.engine.impl.persistence.entity.IdentityLinkEntity.selectIdentityLinksByTask - ==>  Preparing: select * from ACT_RU_IDENTITYLINK where TASK_ID_ = ? 
16:46:24.867 [main] DEBUG org.activiti.engine.impl.persistence.entity.IdentityLinkEntity.selectIdentityLinksByTask - ==> Parameters: 10197(String)
16:46:24.867 [main] DEBUG org.activiti.engine.impl.persistence.entity.IdentityLinkEntity.selectIdentityLinksByTask - <==      Total: 1
16:46:24.867 [main] DEBUG org.activiti.engine.impl.persistence.entity.VariableInstanceEntity.selectVariablesByTaskId - ==>  Preparing: select * from ACT_RU_VARIABLE where TASK_ID_ = ? 
16:46:24.867 [main] DEBUG org.activiti.engine.impl.persistence.entity.VariableInstanceEntity.selectVariablesByTaskId - ==> Parameters: 10197(String)
16:46:24.867 [main] DEBUG org.activiti.engine.impl.persistence.entity.VariableInstanceEntity.selectVariablesByTaskId - <==      Total: 0
16:46:24.867 [main] DEBUG org.activiti.engine.impl.history.DefaultHistoryManager - Current history level: AUDIT, level required: AUDIT
16:46:24.867 [main] DEBUG org.activiti.engine.impl.persistence.entity.HistoricTaskInstanceEntity.selectHistoricTaskInstance - ==>  Preparing: select * from ACT_HI_TASKINST where ID_ = ? 
16:46:24.867 [main] DEBUG org.activiti.engine.impl.persistence.entity.HistoricTaskInstanceEntity.selectHistoricTaskInstance - ==> Parameters: 10197(String)
16:46:24.867 [main] DEBUG org.activiti.engine.impl.persistence.entity.HistoricTaskInstanceEntity.selectHistoricTaskInstance - <==      Total: 1
16:46:24.867 [main] DEBUG org.activiti.engine.impl.persistence.entity.TaskEntity.selectTasksByExecutionId - ==>  Preparing: select distinct T.* from ACT_RU_TASK T where T.EXECUTION_ID_ = ? 
16:46:24.867 [main] DEBUG org.activiti.engine.impl.persistence.entity.TaskEntity.selectTasksByExecutionId - ==> Parameters: 10194(String)
16:46:24.867 [main] DEBUG org.activiti.engine.impl.persistence.entity.TaskEntity.selectTasksByExecutionId - <==      Total: 1
16:46:24.867 [main] DEBUG org.activiti.engine.impl.bpmn.behavior.BpmnActivityBehavior - Leaving activity 'treasurerAudit'
16:46:24.867 [main] DEBUG org.activiti.engine.impl.history.DefaultHistoryManager - Current history level: AUDIT, level required: ACTIVITY
16:46:24.867 [main] DEBUG org.activiti.engine.impl.pvm.runtime.AtomicOperationTransitionNotifyListenerTake - ScopeExecution[10194] takes transition (treasurerAudit)--flow5-->(exclusivegateway-treasurerAudit)
16:46:24.867 [main] DEBUG org.activiti.engine.impl.history.DefaultHistoryManager - Current history level: AUDIT, level required: ACTIVITY
16:46:24.867 [main] DEBUG org.activiti.engine.impl.pvm.runtime.AtomicOperationActivityExecute - ScopeExecution[10194] executes Activity(exclusivegateway-treasurerAudit): org.activiti.engine.impl.bpmn.behavior.ExclusiveGatewayActivityBehavior
16:46:24.867 [main] DEBUG org.activiti.engine.impl.bpmn.behavior.ExclusiveGatewayActivityBehavior - Leaving activity 'exclusivegateway-treasurerAudit'
16:46:24.868 [main] DEBUG org.activiti.engine.impl.bpmn.behavior.ExclusiveGatewayActivityBehavior - Sequence flow 'flow-treasurerAudit'selected as outgoing sequence flow.
16:46:24.868 [main] DEBUG org.activiti.engine.impl.history.DefaultHistoryManager - Current history level: AUDIT, level required: ACTIVITY
16:46:24.869 [main] DEBUG org.activiti.engine.impl.interceptor.CommandContext - Error while closing command context
org.activiti.engine.ActivitiException: couldn't instantiate class com.home.demo.chapter10.listeners.HandleErrorInfoForPaymentListener
	at org.activiti.engine.impl.util.ReflectUtil.instantiate(ReflectUtil.java:132)
	at org.activiti.engine.impl.bpmn.helper.ClassDelegate.instantiateDelegate(ClassDelegate.java:192)
	at org.activiti.engine.impl.bpmn.helper.ClassDelegate.getExecutionListenerInstance(ClassDelegate.java:78)
	at org.activiti.engine.impl.bpmn.helper.ClassDelegate.notify(ClassDelegate.java:70)
	at org.activiti.engine.impl.pvm.runtime.AtomicOperationTransitionNotifyListenerTake.execute(AtomicOperationTransitionNotifyListenerTake.java:51)
	at org.activiti.engine.impl.interceptor.CommandContext.performOperation(CommandContext.java:96)
	at org.activiti.engine.impl.persistence.entity.ExecutionEntity.performOperationSync(ExecutionEntity.java:621)
	at org.activiti.engine.impl.persistence.entity.ExecutionEntity.performOperation(ExecutionEntity.java:616)
	at org.activiti.engine.impl.pvm.runtime.AtomicOperationTransitionDestroyScope.execute(AtomicOperationTransitionDestroyScope.java:116)
	at org.activiti.engine.impl.interceptor.CommandContext.performOperation(CommandContext.java:96)
	at org.activiti.engine.impl.persistence.entity.ExecutionEntity.performOperationSync(ExecutionEntity.java:621)
	at org.activiti.engine.impl.persistence.entity.ExecutionEntity.performOperation(ExecutionEntity.java:616)
	at org.activiti.engine.impl.pvm.runtime.AtomicOperationTransitionNotifyListenerEnd.eventNotificationsCompleted(AtomicOperationTransitionNotifyListenerEnd.java:35)
	at org.activiti.engine.impl.pvm.runtime.AbstractEventAtomicOperation.execute(AbstractEventAtomicOperation.java:56)
	at org.activiti.engine.impl.interceptor.CommandContext.performOperation(CommandContext.java:96)
	at org.activiti.engine.impl.persistence.entity.ExecutionEntity.performOperationSync(ExecutionEntity.java:621)
	at org.activiti.engine.impl.persistence.entity.ExecutionEntity.performOperation(ExecutionEntity.java:616)
	at org.activiti.engine.impl.pvm.runtime.AbstractEventAtomicOperation.execute(AbstractEventAtomicOperation.java:49)
	at org.activiti.engine.impl.interceptor.CommandContext.performOperation(CommandContext.java:96)
	at org.activiti.engine.impl.persistence.entity.ExecutionEntity.performOperationSync(ExecutionEntity.java:621)
	at org.activiti.engine.impl.persistence.entity.ExecutionEntity.performOperation(ExecutionEntity.java:616)
	at org.activiti.engine.impl.persistence.entity.ExecutionEntity.take(ExecutionEntity.java:440)
	at org.activiti.engine.impl.persistence.entity.ExecutionEntity.take(ExecutionEntity.java:418)
	at org.activiti.engine.impl.bpmn.behavior.ExclusiveGatewayActivityBehavior.leave(ExclusiveGatewayActivityBehavior.java:73)
	at org.activiti.engine.impl.bpmn.behavior.FlowNodeActivityBehavior.execute(FlowNodeActivityBehavior.java:36)
	at org.activiti.engine.impl.pvm.runtime.AtomicOperationActivityExecute.execute(AtomicOperationActivityExecute.java:60)
	at org.activiti.engine.impl.interceptor.CommandContext.performOperation(CommandContext.java:96)
	at org.activiti.engine.impl.persistence.entity.ExecutionEntity.performOperationSync(ExecutionEntity.java:621)
	at org.activiti.engine.impl.persistence.entity.ExecutionEntity.performOperation(ExecutionEntity.java:616)
	at org.activiti.engine.impl.pvm.runtime.AtomicOperationTransitionNotifyListenerStart.eventNotificationsCompleted(AtomicOperationTransitionNotifyListenerStart.java:52)
	at org.activiti.engine.impl.pvm.runtime.AbstractEventAtomicOperation.execute(AbstractEventAtomicOperation.java:56)
	at org.activiti.engine.impl.interceptor.CommandContext.performOperation(CommandContext.java:96)
	at org.activiti.engine.impl.persistence.entity.ExecutionEntity.performOperationSync(ExecutionEntity.java:621)
	at org.activiti.engine.impl.persistence.entity.ExecutionEntity.performOperation(ExecutionEntity.java:616)
	at org.activiti.engine.impl.pvm.runtime.AbstractEventAtomicOperation.execute(AbstractEventAtomicOperation.java:49)
	at org.activiti.engine.impl.interceptor.CommandContext.performOperation(CommandContext.java:96)
	at org.activiti.engine.impl.persistence.entity.ExecutionEntity.performOperationSync(ExecutionEntity.java:621)
	at org.activiti.engine.impl.persistence.entity.ExecutionEntity.performOperation(ExecutionEntity.java:616)
	at org.activiti.engine.impl.pvm.runtime.AtomicOperationTransitionCreateScope.execute(AtomicOperationTransitionCreateScope.java:49)
	at org.activiti.engine.impl.interceptor.CommandContext.performOperation(CommandContext.java:96)
	at org.activiti.engine.impl.persistence.entity.ExecutionEntity.performOperationSync(ExecutionEntity.java:621)
	at org.activiti.engine.impl.persistence.entity.ExecutionEntity.performOperation(ExecutionEntity.java:616)
	at org.activiti.engine.impl.pvm.runtime.AtomicOperationTransitionNotifyListenerTake.execute(AtomicOperationTransitionNotifyListenerTake.java:80)
	at org.activiti.engine.impl.interceptor.CommandContext.performOperation(CommandContext.java:96)
	at org.activiti.engine.impl.persistence.entity.ExecutionEntity.performOperationSync(ExecutionEntity.java:621)
	at org.activiti.engine.impl.persistence.entity.ExecutionEntity.performOperation(ExecutionEntity.java:616)
	at org.activiti.engine.impl.pvm.runtime.AtomicOperationTransitionDestroyScope.execute(AtomicOperationTransitionDestroyScope.java:116)
	at org.activiti.engine.impl.interceptor.CommandContext.performOperation(CommandContext.java:96)
	at org.activiti.engine.impl.persistence.entity.ExecutionEntity.performOperationSync(ExecutionEntity.java:621)
	at org.activiti.engine.impl.persistence.entity.ExecutionEntity.performOperation(ExecutionEntity.java:616)
	at org.activiti.engine.impl.pvm.runtime.AtomicOperationTransitionNotifyListenerEnd.eventNotificationsCompleted(AtomicOperationTransitionNotifyListenerEnd.java:35)
	at org.activiti.engine.impl.pvm.runtime.AbstractEventAtomicOperation.execute(AbstractEventAtomicOperation.java:56)
	at org.activiti.engine.impl.interceptor.CommandContext.performOperation(CommandContext.java:96)
	at org.activiti.engine.impl.persistence.entity.ExecutionEntity.performOperationSync(ExecutionEntity.java:621)
	at org.activiti.engine.impl.persistence.entity.ExecutionEntity.performOperation(ExecutionEntity.java:616)
	at org.activiti.engine.impl.pvm.runtime.AbstractEventAtomicOperation.execute(AbstractEventAtomicOperation.java:49)
	at org.activiti.engine.impl.interceptor.CommandContext.performOperation(CommandContext.java:96)
	at org.activiti.engine.impl.persistence.entity.ExecutionEntity.performOperationSync(ExecutionEntity.java:621)
	at org.activiti.engine.impl.persistence.entity.ExecutionEntity.performOperation(ExecutionEntity.java:616)
	at org.activiti.engine.impl.persistence.entity.ExecutionEntity.take(ExecutionEntity.java:440)
	at org.activiti.engine.impl.persistence.entity.ExecutionEntity.take(ExecutionEntity.java:418)
	at org.activiti.engine.impl.bpmn.behavior.BpmnActivityBehavior.performOutgoingBehavior(BpmnActivityBehavior.java:131)
	at org.activiti.engine.impl.bpmn.behavior.BpmnActivityBehavior.performDefaultOutgoingBehavior(BpmnActivityBehavior.java:64)
	at org.activiti.engine.impl.bpmn.behavior.FlowNodeActivityBehavior.leave(FlowNodeActivityBehavior.java:44)
	at org.activiti.engine.impl.bpmn.behavior.AbstractBpmnActivityBehavior.leave(AbstractBpmnActivityBehavior.java:47)
	at org.activiti.engine.impl.bpmn.behavior.UserTaskActivityBehavior.signal(UserTaskActivityBehavior.java:139)
	at org.activiti.engine.impl.persistence.entity.ExecutionEntity.signal(ExecutionEntity.java:397)
	at org.activiti.engine.impl.persistence.entity.TaskEntity.complete(TaskEntity.java:200)
	at org.activiti.engine.impl.cmd.SubmitTaskFormCmd.execute(SubmitTaskFormCmd.java:50)
	at org.activiti.engine.impl.cmd.NeedsActiveTaskCmd.execute(NeedsActiveTaskCmd.java:59)
	at org.activiti.engine.impl.interceptor.CommandInvoker.execute(CommandInvoker.java:24)
	at org.activiti.engine.impl.interceptor.CommandContextInterceptor.execute(CommandContextInterceptor.java:57)
	at org.activiti.spring.SpringTransactionInterceptor$1.doInTransaction(SpringTransactionInterceptor.java:47)
	at org.springframework.transaction.support.TransactionTemplate.execute(TransactionTemplate.java:133)
	at org.activiti.spring.SpringTransactionInterceptor.execute(SpringTransactionInterceptor.java:45)
	at org.activiti.engine.impl.interceptor.LogInterceptor.execute(LogInterceptor.java:37)
	at org.activiti.engine.impl.cfg.CommandExecutorImpl.execute(CommandExecutorImpl.java:40)
	at org.activiti.engine.impl.cfg.CommandExecutorImpl.execute(CommandExecutorImpl.java:35)
	at org.activiti.engine.impl.FormServiceImpl.submitTaskFormData(FormServiceImpl.java:70)
	at com.home.demo.main.PurchaseErrorEventSubProcessTest.testRejectOnTreasurer(PurchaseErrorEventSubProcessTest.java:69)
	at sun.reflect.NativeMethodAccessorImpl.invoke0(Native Method)
	at sun.reflect.NativeMethodAccessorImpl.invoke(NativeMethodAccessorImpl.java:62)
	at sun.reflect.DelegatingMethodAccessorImpl.invoke(DelegatingMethodAccessorImpl.java:43)
	at java.lang.reflect.Method.invoke(Method.java:497)
	at junit.framework.TestCase.runTest(TestCase.java:168)
	at org.activiti.engine.impl.test.PvmTestCase.runTest(PvmTestCase.java:65)
	at junit.framework.TestCase.runBare(TestCase.java:134)
	at org.activiti.engine.impl.test.AbstractActivitiTestCase.runBare(AbstractActivitiTestCase.java:102)
	at org.activiti.spring.impl.test.SpringActivitiTestCase.runBare(SpringActivitiTestCase.java:54)
	at junit.framework.TestResult$1.protect(TestResult.java:110)
	at junit.framework.TestResult.runProtected(TestResult.java:128)
	at junit.framework.TestResult.run(TestResult.java:113)
	at junit.framework.TestCase.run(TestCase.java:124)
	at junit.framework.TestSuite.runTest(TestSuite.java:243)
	at junit.framework.TestSuite.run(TestSuite.java:238)
	at org.junit.internal.runners.JUnit38ClassRunner.run(JUnit38ClassRunner.java:83)
	at org.apache.maven.surefire.junit4.JUnit4Provider.execute(JUnit4Provider.java:283)
	at org.apache.maven.surefire.junit4.JUnit4Provider.executeWithRerun(JUnit4Provider.java:173)
	at org.apache.maven.surefire.junit4.JUnit4Provider.executeTestSet(JUnit4Provider.java:153)
	at org.apache.maven.surefire.junit4.JUnit4Provider.invoke(JUnit4Provider.java:128)
	at org.apache.maven.surefire.booter.ForkedBooter.invokeProviderInSameClassLoader(ForkedBooter.java:203)
	at org.apache.maven.surefire.booter.ForkedBooter.runSuitesInProcess(ForkedBooter.java:155)
	at org.apache.maven.surefire.booter.ForkedBooter.main(ForkedBooter.java:103)
Caused by: org.activiti.engine.ActivitiClassLoadingException: Class not found: com.home.demo.chapter10.listeners.HandleErrorInfoForPaymentListener
	at org.activiti.engine.impl.util.ReflectUtil.loadClass(ReflectUtil.java:82)
	at org.activiti.engine.impl.util.ReflectUtil.instantiate(ReflectUtil.java:129)
	... 102 common frames omitted
Caused by: java.lang.ClassNotFoundException: com.home.demo.chapter10.listeners.HandleErrorInfoForPaymentListener
	at java.net.URLClassLoader.findClass(URLClassLoader.java:381)
	at java.lang.ClassLoader.loadClass(ClassLoader.java:424)
	at sun.misc.Launcher$AppClassLoader.loadClass(Launcher.java:331)
	at java.lang.ClassLoader.loadClass(ClassLoader.java:357)
	at java.lang.Class.forName0(Native Method)
	at java.lang.Class.forName(Class.java:348)
	at org.activiti.engine.impl.util.ReflectUtil.loadClass(ReflectUtil.java:63)
	... 103 common frames omitted
16:46:24.870 [main] DEBUG org.springframework.jdbc.datasource.DataSourceTransactionManager - Participating in existing transaction
16:46:24.870 [main] DEBUG org.apache.ibatis.transaction.managed.ManagedTransaction - Closing JDBC Connection [Transaction-aware proxy for target Connection [conn104: url=jdbc:h2:mem:activiti user=SA]]
16:46:24.870 [main] DEBUG org.springframework.transaction.support.TransactionTemplate - Initiating transaction rollback on application exception
org.activiti.engine.ActivitiException: couldn't instantiate class com.home.demo.chapter10.listeners.HandleErrorInfoForPaymentListener
	at org.activiti.engine.impl.util.ReflectUtil.instantiate(ReflectUtil.java:132)
	at org.activiti.engine.impl.bpmn.helper.ClassDelegate.instantiateDelegate(ClassDelegate.java:192)
	at org.activiti.engine.impl.bpmn.helper.ClassDelegate.getExecutionListenerInstance(ClassDelegate.java:78)
	at org.activiti.engine.impl.bpmn.helper.ClassDelegate.notify(ClassDelegate.java:70)
	at org.activiti.engine.impl.pvm.runtime.AtomicOperationTransitionNotifyListenerTake.execute(AtomicOperationTransitionNotifyListenerTake.java:51)
	at org.activiti.engine.impl.interceptor.CommandContext.performOperation(CommandContext.java:96)
	at org.activiti.engine.impl.persistence.entity.ExecutionEntity.performOperationSync(ExecutionEntity.java:621)
	at org.activiti.engine.impl.persistence.entity.ExecutionEntity.performOperation(ExecutionEntity.java:616)
	at org.activiti.engine.impl.pvm.runtime.AtomicOperationTransitionDestroyScope.execute(AtomicOperationTransitionDestroyScope.java:116)
	at org.activiti.engine.impl.interceptor.CommandContext.performOperation(CommandContext.java:96)
	at org.activiti.engine.impl.persistence.entity.ExecutionEntity.performOperationSync(ExecutionEntity.java:621)
	at org.activiti.engine.impl.persistence.entity.ExecutionEntity.performOperation(ExecutionEntity.java:616)
	at org.activiti.engine.impl.pvm.runtime.AtomicOperationTransitionNotifyListenerEnd.eventNotificationsCompleted(AtomicOperationTransitionNotifyListenerEnd.java:35)
	at org.activiti.engine.impl.pvm.runtime.AbstractEventAtomicOperation.execute(AbstractEventAtomicOperation.java:56)
	at org.activiti.engine.impl.interceptor.CommandContext.performOperation(CommandContext.java:96)
	at org.activiti.engine.impl.persistence.entity.ExecutionEntity.performOperationSync(ExecutionEntity.java:621)
	at org.activiti.engine.impl.persistence.entity.ExecutionEntity.performOperation(ExecutionEntity.java:616)
	at org.activiti.engine.impl.pvm.runtime.AbstractEventAtomicOperation.execute(AbstractEventAtomicOperation.java:49)
	at org.activiti.engine.impl.interceptor.CommandContext.performOperation(CommandContext.java:96)
	at org.activiti.engine.impl.persistence.entity.ExecutionEntity.performOperationSync(ExecutionEntity.java:621)
	at org.activiti.engine.impl.persistence.entity.ExecutionEntity.performOperation(ExecutionEntity.java:616)
	at org.activiti.engine.impl.persistence.entity.ExecutionEntity.take(ExecutionEntity.java:440)
	at org.activiti.engine.impl.persistence.entity.ExecutionEntity.take(ExecutionEntity.java:418)
	at org.activiti.engine.impl.bpmn.behavior.ExclusiveGatewayActivityBehavior.leave(ExclusiveGatewayActivityBehavior.java:73)
	at org.activiti.engine.impl.bpmn.behavior.FlowNodeActivityBehavior.execute(FlowNodeActivityBehavior.java:36)
	at org.activiti.engine.impl.pvm.runtime.AtomicOperationActivityExecute.execute(AtomicOperationActivityExecute.java:60)
	at org.activiti.engine.impl.interceptor.CommandContext.performOperation(CommandContext.java:96)
	at org.activiti.engine.impl.persistence.entity.ExecutionEntity.performOperationSync(ExecutionEntity.java:621)
	at org.activiti.engine.impl.persistence.entity.ExecutionEntity.performOperation(ExecutionEntity.java:616)
	at org.activiti.engine.impl.pvm.runtime.AtomicOperationTransitionNotifyListenerStart.eventNotificationsCompleted(AtomicOperationTransitionNotifyListenerStart.java:52)
	at org.activiti.engine.impl.pvm.runtime.AbstractEventAtomicOperation.execute(AbstractEventAtomicOperation.java:56)
	at org.activiti.engine.impl.interceptor.CommandContext.performOperation(CommandContext.java:96)
	at org.activiti.engine.impl.persistence.entity.ExecutionEntity.performOperationSync(ExecutionEntity.java:621)
	at org.activiti.engine.impl.persistence.entity.ExecutionEntity.performOperation(ExecutionEntity.java:616)
	at org.activiti.engine.impl.pvm.runtime.AbstractEventAtomicOperation.execute(AbstractEventAtomicOperation.java:49)
	at org.activiti.engine.impl.interceptor.CommandContext.performOperation(CommandContext.java:96)
	at org.activiti.engine.impl.persistence.entity.ExecutionEntity.performOperationSync(ExecutionEntity.java:621)
	at org.activiti.engine.impl.persistence.entity.ExecutionEntity.performOperation(ExecutionEntity.java:616)
	at org.activiti.engine.impl.pvm.runtime.AtomicOperationTransitionCreateScope.execute(AtomicOperationTransitionCreateScope.java:49)
	at org.activiti.engine.impl.interceptor.CommandContext.performOperation(CommandContext.java:96)
	at org.activiti.engine.impl.persistence.entity.ExecutionEntity.performOperationSync(ExecutionEntity.java:621)
	at org.activiti.engine.impl.persistence.entity.ExecutionEntity.performOperation(ExecutionEntity.java:616)
	at org.activiti.engine.impl.pvm.runtime.AtomicOperationTransitionNotifyListenerTake.execute(AtomicOperationTransitionNotifyListenerTake.java:80)
	at org.activiti.engine.impl.interceptor.CommandContext.performOperation(CommandContext.java:96)
	at org.activiti.engine.impl.persistence.entity.ExecutionEntity.performOperationSync(ExecutionEntity.java:621)
	at org.activiti.engine.impl.persistence.entity.ExecutionEntity.performOperation(ExecutionEntity.java:616)
	at org.activiti.engine.impl.pvm.runtime.AtomicOperationTransitionDestroyScope.execute(AtomicOperationTransitionDestroyScope.java:116)
	at org.activiti.engine.impl.interceptor.CommandContext.performOperation(CommandContext.java:96)
	at org.activiti.engine.impl.persistence.entity.ExecutionEntity.performOperationSync(ExecutionEntity.java:621)
	at org.activiti.engine.impl.persistence.entity.ExecutionEntity.performOperation(ExecutionEntity.java:616)
	at org.activiti.engine.impl.pvm.runtime.AtomicOperationTransitionNotifyListenerEnd.eventNotificationsCompleted(AtomicOperationTransitionNotifyListenerEnd.java:35)
	at org.activiti.engine.impl.pvm.runtime.AbstractEventAtomicOperation.execute(AbstractEventAtomicOperation.java:56)
	at org.activiti.engine.impl.interceptor.CommandContext.performOperation(CommandContext.java:96)
	at org.activiti.engine.impl.persistence.entity.ExecutionEntity.performOperationSync(ExecutionEntity.java:621)
	at org.activiti.engine.impl.persistence.entity.ExecutionEntity.performOperation(ExecutionEntity.java:616)
	at org.activiti.engine.impl.pvm.runtime.AbstractEventAtomicOperation.execute(AbstractEventAtomicOperation.java:49)
	at org.activiti.engine.impl.interceptor.CommandContext.performOperation(CommandContext.java:96)
	at org.activiti.engine.impl.persistence.entity.ExecutionEntity.performOperationSync(ExecutionEntity.java:621)
	at org.activiti.engine.impl.persistence.entity.ExecutionEntity.performOperation(ExecutionEntity.java:616)
	at org.activiti.engine.impl.persistence.entity.ExecutionEntity.take(ExecutionEntity.java:440)
	at org.activiti.engine.impl.persistence.entity.ExecutionEntity.take(ExecutionEntity.java:418)
	at org.activiti.engine.impl.bpmn.behavior.BpmnActivityBehavior.performOutgoingBehavior(BpmnActivityBehavior.java:131)
	at org.activiti.engine.impl.bpmn.behavior.BpmnActivityBehavior.performDefaultOutgoingBehavior(BpmnActivityBehavior.java:64)
	at org.activiti.engine.impl.bpmn.behavior.FlowNodeActivityBehavior.leave(FlowNodeActivityBehavior.java:44)
	at org.activiti.engine.impl.bpmn.behavior.AbstractBpmnActivityBehavior.leave(AbstractBpmnActivityBehavior.java:47)
	at org.activiti.engine.impl.bpmn.behavior.UserTaskActivityBehavior.signal(UserTaskActivityBehavior.java:139)
	at org.activiti.engine.impl.persistence.entity.ExecutionEntity.signal(ExecutionEntity.java:397)
	at org.activiti.engine.impl.persistence.entity.TaskEntity.complete(TaskEntity.java:200)
	at org.activiti.engine.impl.cmd.SubmitTaskFormCmd.execute(SubmitTaskFormCmd.java:50)
	at org.activiti.engine.impl.cmd.NeedsActiveTaskCmd.execute(NeedsActiveTaskCmd.java:59)
	at org.activiti.engine.impl.interceptor.CommandInvoker.execute(CommandInvoker.java:24)
	at org.activiti.engine.impl.interceptor.CommandContextInterceptor.execute(CommandContextInterceptor.java:57)
	at org.activiti.spring.SpringTransactionInterceptor$1.doInTransaction(SpringTransactionInterceptor.java:47)
	at org.springframework.transaction.support.TransactionTemplate.execute(TransactionTemplate.java:133)
	at org.activiti.spring.SpringTransactionInterceptor.execute(SpringTransactionInterceptor.java:45)
	at org.activiti.engine.impl.interceptor.LogInterceptor.execute(LogInterceptor.java:37)
	at org.activiti.engine.impl.cfg.CommandExecutorImpl.execute(CommandExecutorImpl.java:40)
	at org.activiti.engine.impl.cfg.CommandExecutorImpl.execute(CommandExecutorImpl.java:35)
	at org.activiti.engine.impl.FormServiceImpl.submitTaskFormData(FormServiceImpl.java:70)
	at com.home.demo.main.PurchaseErrorEventSubProcessTest.testRejectOnTreasurer(PurchaseErrorEventSubProcessTest.java:69)
	at sun.reflect.NativeMethodAccessorImpl.invoke0(Native Method)
	at sun.reflect.NativeMethodAccessorImpl.invoke(NativeMethodAccessorImpl.java:62)
	at sun.reflect.DelegatingMethodAccessorImpl.invoke(DelegatingMethodAccessorImpl.java:43)
	at java.lang.reflect.Method.invoke(Method.java:497)
	at junit.framework.TestCase.runTest(TestCase.java:168)
	at org.activiti.engine.impl.test.PvmTestCase.runTest(PvmTestCase.java:65)
	at junit.framework.TestCase.runBare(TestCase.java:134)
	at org.activiti.engine.impl.test.AbstractActivitiTestCase.runBare(AbstractActivitiTestCase.java:102)
	at org.activiti.spring.impl.test.SpringActivitiTestCase.runBare(SpringActivitiTestCase.java:54)
	at junit.framework.TestResult$1.protect(TestResult.java:110)
	at junit.framework.TestResult.runProtected(TestResult.java:128)
	at junit.framework.TestResult.run(TestResult.java:113)
	at junit.framework.TestCase.run(TestCase.java:124)
	at junit.framework.TestSuite.runTest(TestSuite.java:243)
	at junit.framework.TestSuite.run(TestSuite.java:238)
	at org.junit.internal.runners.JUnit38ClassRunner.run(JUnit38ClassRunner.java:83)
	at org.apache.maven.surefire.junit4.JUnit4Provider.execute(JUnit4Provider.java:283)
	at org.apache.maven.surefire.junit4.JUnit4Provider.executeWithRerun(JUnit4Provider.java:173)
	at org.apache.maven.surefire.junit4.JUnit4Provider.executeTestSet(JUnit4Provider.java:153)
	at org.apache.maven.surefire.junit4.JUnit4Provider.invoke(JUnit4Provider.java:128)
	at org.apache.maven.surefire.booter.ForkedBooter.invokeProviderInSameClassLoader(ForkedBooter.java:203)
	at org.apache.maven.surefire.booter.ForkedBooter.runSuitesInProcess(ForkedBooter.java:155)
	at org.apache.maven.surefire.booter.ForkedBooter.main(ForkedBooter.java:103)
Caused by: org.activiti.engine.ActivitiClassLoadingException: Class not found: com.home.demo.chapter10.listeners.HandleErrorInfoForPaymentListener
	at org.activiti.engine.impl.util.ReflectUtil.loadClass(ReflectUtil.java:82)
	at org.activiti.engine.impl.util.ReflectUtil.instantiate(ReflectUtil.java:129)
	... 102 common frames omitted
Caused by: java.lang.ClassNotFoundException: com.home.demo.chapter10.listeners.HandleErrorInfoForPaymentListener
	at java.net.URLClassLoader.findClass(URLClassLoader.java:381)
	at java.lang.ClassLoader.loadClass(ClassLoader.java:424)
	at sun.misc.Launcher$AppClassLoader.loadClass(Launcher.java:331)
	at java.lang.ClassLoader.loadClass(ClassLoader.java:357)
	at java.lang.Class.forName0(Native Method)
	at java.lang.Class.forName(Class.java:348)
	at org.activiti.engine.impl.util.ReflectUtil.loadClass(ReflectUtil.java:63)
	... 103 common frames omitted
16:46:24.870 [main] DEBUG org.springframework.jdbc.datasource.DataSourceTransactionManager - Initiating transaction rollback
16:46:24.870 [main] DEBUG org.springframework.jdbc.datasource.DataSourceTransactionManager - Rolling back JDBC transaction on Connection [conn104: url=jdbc:h2:mem:activiti user=SA]
16:46:24.870 [main] DEBUG org.springframework.jdbc.datasource.DataSourceTransactionManager - Releasing JDBC Connection [conn104: url=jdbc:h2:mem:activiti user=SA] after transaction
16:46:24.870 [main] DEBUG org.springframework.jdbc.datasource.DataSourceUtils - Returning JDBC Connection to DataSource
16:46:24.870 [main] DEBUG org.activiti.engine.impl.interceptor.LogInterceptor - --- SubmitTaskFormCmd finished --------------------------------------------------------
16:46:24.870 [main] DEBUG org.activiti.engine.impl.interceptor.LogInterceptor - 

16:46:24.870 [main] ERROR org.activiti.engine.impl.test.PvmTestCase - 

16:46:24.870 [main] ERROR org.activiti.engine.impl.test.PvmTestCase - EXCEPTION: org.activiti.engine.ActivitiException: couldn't instantiate class com.home.demo.chapter10.listeners.HandleErrorInfoForPaymentListener
org.activiti.engine.ActivitiException: couldn't instantiate class com.home.demo.chapter10.listeners.HandleErrorInfoForPaymentListener
	at org.activiti.engine.impl.util.ReflectUtil.instantiate(ReflectUtil.java:132)
	at org.activiti.engine.impl.bpmn.helper.ClassDelegate.instantiateDelegate(ClassDelegate.java:192)
	at org.activiti.engine.impl.bpmn.helper.ClassDelegate.getExecutionListenerInstance(ClassDelegate.java:78)
	at org.activiti.engine.impl.bpmn.helper.ClassDelegate.notify(ClassDelegate.java:70)
	at org.activiti.engine.impl.pvm.runtime.AtomicOperationTransitionNotifyListenerTake.execute(AtomicOperationTransitionNotifyListenerTake.java:51)
	at org.activiti.engine.impl.interceptor.CommandContext.performOperation(CommandContext.java:96)
	at org.activiti.engine.impl.persistence.entity.ExecutionEntity.performOperationSync(ExecutionEntity.java:621)
	at org.activiti.engine.impl.persistence.entity.ExecutionEntity.performOperation(ExecutionEntity.java:616)
	at org.activiti.engine.impl.pvm.runtime.AtomicOperationTransitionDestroyScope.execute(AtomicOperationTransitionDestroyScope.java:116)
	at org.activiti.engine.impl.interceptor.CommandContext.performOperation(CommandContext.java:96)
	at org.activiti.engine.impl.persistence.entity.ExecutionEntity.performOperationSync(ExecutionEntity.java:621)
	at org.activiti.engine.impl.persistence.entity.ExecutionEntity.performOperation(ExecutionEntity.java:616)
	at org.activiti.engine.impl.pvm.runtime.AtomicOperationTransitionNotifyListenerEnd.eventNotificationsCompleted(AtomicOperationTransitionNotifyListenerEnd.java:35)
	at org.activiti.engine.impl.pvm.runtime.AbstractEventAtomicOperation.execute(AbstractEventAtomicOperation.java:56)
	at org.activiti.engine.impl.interceptor.CommandContext.performOperation(CommandContext.java:96)
	at org.activiti.engine.impl.persistence.entity.ExecutionEntity.performOperationSync(ExecutionEntity.java:621)
	at org.activiti.engine.impl.persistence.entity.ExecutionEntity.performOperation(ExecutionEntity.java:616)
	at org.activiti.engine.impl.pvm.runtime.AbstractEventAtomicOperation.execute(AbstractEventAtomicOperation.java:49)
	at org.activiti.engine.impl.interceptor.CommandContext.performOperation(CommandContext.java:96)
	at org.activiti.engine.impl.persistence.entity.ExecutionEntity.performOperationSync(ExecutionEntity.java:621)
	at org.activiti.engine.impl.persistence.entity.ExecutionEntity.performOperation(ExecutionEntity.java:616)
	at org.activiti.engine.impl.persistence.entity.ExecutionEntity.take(ExecutionEntity.java:440)
	at org.activiti.engine.impl.persistence.entity.ExecutionEntity.take(ExecutionEntity.java:418)
	at org.activiti.engine.impl.bpmn.behavior.ExclusiveGatewayActivityBehavior.leave(ExclusiveGatewayActivityBehavior.java:73)
	at org.activiti.engine.impl.bpmn.behavior.FlowNodeActivityBehavior.execute(FlowNodeActivityBehavior.java:36)
	at org.activiti.engine.impl.pvm.runtime.AtomicOperationActivityExecute.execute(AtomicOperationActivityExecute.java:60)
	at org.activiti.engine.impl.interceptor.CommandContext.performOperation(CommandContext.java:96)
	at org.activiti.engine.impl.persistence.entity.ExecutionEntity.performOperationSync(ExecutionEntity.java:621)
	at org.activiti.engine.impl.persistence.entity.ExecutionEntity.performOperation(ExecutionEntity.java:616)
	at org.activiti.engine.impl.pvm.runtime.AtomicOperationTransitionNotifyListenerStart.eventNotificationsCompleted(AtomicOperationTransitionNotifyListenerStart.java:52)
	at org.activiti.engine.impl.pvm.runtime.AbstractEventAtomicOperation.execute(AbstractEventAtomicOperation.java:56)
	at org.activiti.engine.impl.interceptor.CommandContext.performOperation(CommandContext.java:96)
	at org.activiti.engine.impl.persistence.entity.ExecutionEntity.performOperationSync(ExecutionEntity.java:621)
	at org.activiti.engine.impl.persistence.entity.ExecutionEntity.performOperation(ExecutionEntity.java:616)
	at org.activiti.engine.impl.pvm.runtime.AbstractEventAtomicOperation.execute(AbstractEventAtomicOperation.java:49)
	at org.activiti.engine.impl.interceptor.CommandContext.performOperation(CommandContext.java:96)
	at org.activiti.engine.impl.persistence.entity.ExecutionEntity.performOperationSync(ExecutionEntity.java:621)
	at org.activiti.engine.impl.persistence.entity.ExecutionEntity.performOperation(ExecutionEntity.java:616)
	at org.activiti.engine.impl.pvm.runtime.AtomicOperationTransitionCreateScope.execute(AtomicOperationTransitionCreateScope.java:49)
	at org.activiti.engine.impl.interceptor.CommandContext.performOperation(CommandContext.java:96)
	at org.activiti.engine.impl.persistence.entity.ExecutionEntity.performOperationSync(ExecutionEntity.java:621)
	at org.activiti.engine.impl.persistence.entity.ExecutionEntity.performOperation(ExecutionEntity.java:616)
	at org.activiti.engine.impl.pvm.runtime.AtomicOperationTransitionNotifyListenerTake.execute(AtomicOperationTransitionNotifyListenerTake.java:80)
	at org.activiti.engine.impl.interceptor.CommandContext.performOperation(CommandContext.java:96)
	at org.activiti.engine.impl.persistence.entity.ExecutionEntity.performOperationSync(ExecutionEntity.java:621)
	at org.activiti.engine.impl.persistence.entity.ExecutionEntity.performOperation(ExecutionEntity.java:616)
	at org.activiti.engine.impl.pvm.runtime.AtomicOperationTransitionDestroyScope.execute(AtomicOperationTransitionDestroyScope.java:116)
	at org.activiti.engine.impl.interceptor.CommandContext.performOperation(CommandContext.java:96)
	at org.activiti.engine.impl.persistence.entity.ExecutionEntity.performOperationSync(ExecutionEntity.java:621)
	at org.activiti.engine.impl.persistence.entity.ExecutionEntity.performOperation(ExecutionEntity.java:616)
	at org.activiti.engine.impl.pvm.runtime.AtomicOperationTransitionNotifyListenerEnd.eventNotificationsCompleted(AtomicOperationTransitionNotifyListenerEnd.java:35)
	at org.activiti.engine.impl.pvm.runtime.AbstractEventAtomicOperation.execute(AbstractEventAtomicOperation.java:56)
	at org.activiti.engine.impl.interceptor.CommandContext.performOperation(CommandContext.java:96)
	at org.activiti.engine.impl.persistence.entity.ExecutionEntity.performOperationSync(ExecutionEntity.java:621)
	at org.activiti.engine.impl.persistence.entity.ExecutionEntity.performOperation(ExecutionEntity.java:616)
	at org.activiti.engine.impl.pvm.runtime.AbstractEventAtomicOperation.execute(AbstractEventAtomicOperation.java:49)
	at org.activiti.engine.impl.interceptor.CommandContext.performOperation(CommandContext.java:96)
	at org.activiti.engine.impl.persistence.entity.ExecutionEntity.performOperationSync(ExecutionEntity.java:621)
	at org.activiti.engine.impl.persistence.entity.ExecutionEntity.performOperation(ExecutionEntity.java:616)
	at org.activiti.engine.impl.persistence.entity.ExecutionEntity.take(ExecutionEntity.java:440)
	at org.activiti.engine.impl.persistence.entity.ExecutionEntity.take(ExecutionEntity.java:418)
	at org.activiti.engine.impl.bpmn.behavior.BpmnActivityBehavior.performOutgoingBehavior(BpmnActivityBehavior.java:131)
	at org.activiti.engine.impl.bpmn.behavior.BpmnActivityBehavior.performDefaultOutgoingBehavior(BpmnActivityBehavior.java:64)
	at org.activiti.engine.impl.bpmn.behavior.FlowNodeActivityBehavior.leave(FlowNodeActivityBehavior.java:44)
	at org.activiti.engine.impl.bpmn.behavior.AbstractBpmnActivityBehavior.leave(AbstractBpmnActivityBehavior.java:47)
	at org.activiti.engine.impl.bpmn.behavior.UserTaskActivityBehavior.signal(UserTaskActivityBehavior.java:139)
	at org.activiti.engine.impl.persistence.entity.ExecutionEntity.signal(ExecutionEntity.java:397)
	at org.activiti.engine.impl.persistence.entity.TaskEntity.complete(TaskEntity.java:200)
	at org.activiti.engine.impl.cmd.SubmitTaskFormCmd.execute(SubmitTaskFormCmd.java:50)
	at org.activiti.engine.impl.cmd.NeedsActiveTaskCmd.execute(NeedsActiveTaskCmd.java:59)
	at org.activiti.engine.impl.interceptor.CommandInvoker.execute(CommandInvoker.java:24)
	at org.activiti.engine.impl.interceptor.CommandContextInterceptor.execute(CommandContextInterceptor.java:57)
	at org.activiti.spring.SpringTransactionInterceptor$1.doInTransaction(SpringTransactionInterceptor.java:47)
	at org.springframework.transaction.support.TransactionTemplate.execute(TransactionTemplate.java:133)
	at org.activiti.spring.SpringTransactionInterceptor.execute(SpringTransactionInterceptor.java:45)
	at org.activiti.engine.impl.interceptor.LogInterceptor.execute(LogInterceptor.java:37)
	at org.activiti.engine.impl.cfg.CommandExecutorImpl.execute(CommandExecutorImpl.java:40)
	at org.activiti.engine.impl.cfg.CommandExecutorImpl.execute(CommandExecutorImpl.java:35)
	at org.activiti.engine.impl.FormServiceImpl.submitTaskFormData(FormServiceImpl.java:70)
	at com.home.demo.main.PurchaseErrorEventSubProcessTest.testRejectOnTreasurer(PurchaseErrorEventSubProcessTest.java:69)
	at sun.reflect.NativeMethodAccessorImpl.invoke0(Native Method)
	at sun.reflect.NativeMethodAccessorImpl.invoke(NativeMethodAccessorImpl.java:62)
	at sun.reflect.DelegatingMethodAccessorImpl.invoke(DelegatingMethodAccessorImpl.java:43)
	at java.lang.reflect.Method.invoke(Method.java:497)
	at junit.framework.TestCase.runTest(TestCase.java:168)
	at org.activiti.engine.impl.test.PvmTestCase.runTest(PvmTestCase.java:65)
	at junit.framework.TestCase.runBare(TestCase.java:134)
	at org.activiti.engine.impl.test.AbstractActivitiTestCase.runBare(AbstractActivitiTestCase.java:102)
	at org.activiti.spring.impl.test.SpringActivitiTestCase.runBare(SpringActivitiTestCase.java:54)
	at junit.framework.TestResult$1.protect(TestResult.java:110)
	at junit.framework.TestResult.runProtected(TestResult.java:128)
	at junit.framework.TestResult.run(TestResult.java:113)
	at junit.framework.TestCase.run(TestCase.java:124)
	at junit.framework.TestSuite.runTest(TestSuite.java:243)
	at junit.framework.TestSuite.run(TestSuite.java:238)
	at org.junit.internal.runners.JUnit38ClassRunner.run(JUnit38ClassRunner.java:83)
	at org.apache.maven.surefire.junit4.JUnit4Provider.execute(JUnit4Provider.java:283)
	at org.apache.maven.surefire.junit4.JUnit4Provider.executeWithRerun(JUnit4Provider.java:173)
	at org.apache.maven.surefire.junit4.JUnit4Provider.executeTestSet(JUnit4Provider.java:153)
	at org.apache.maven.surefire.junit4.JUnit4Provider.invoke(JUnit4Provider.java:128)
	at org.apache.maven.surefire.booter.ForkedBooter.invokeProviderInSameClassLoader(ForkedBooter.java:203)
	at org.apache.maven.surefire.booter.ForkedBooter.runSuitesInProcess(ForkedBooter.java:155)
	at org.apache.maven.surefire.booter.ForkedBooter.main(ForkedBooter.java:103)
Caused by: org.activiti.engine.ActivitiClassLoadingException: Class not found: com.home.demo.chapter10.listeners.HandleErrorInfoForPaymentListener
	at org.activiti.engine.impl.util.ReflectUtil.loadClass(ReflectUtil.java:82)
	at org.activiti.engine.impl.util.ReflectUtil.instantiate(ReflectUtil.java:129)
	... 102 common frames omitted
Caused by: java.lang.ClassNotFoundException: com.home.demo.chapter10.listeners.HandleErrorInfoForPaymentListener
	at java.net.URLClassLoader.findClass(URLClassLoader.java:381)
	at java.lang.ClassLoader.loadClass(ClassLoader.java:424)
	at sun.misc.Launcher$AppClassLoader.loadClass(Launcher.java:331)
	at java.lang.ClassLoader.loadClass(ClassLoader.java:357)
	at java.lang.Class.forName0(Native Method)
	at java.lang.Class.forName(Class.java:348)
	at org.activiti.engine.impl.util.ReflectUtil.loadClass(ReflectUtil.java:63)
	... 103 common frames omitted
16:46:24.871 [main] DEBUG org.activiti.engine.impl.test.PvmTestCase - #### END PurchaseErrorEventSubProcessTest.testRejectOnTreasurer #############################################################
16:46:24.871 [main] ERROR org.activiti.engine.impl.test.PvmTestCase - 

16:46:24.871 [main] ERROR org.activiti.engine.impl.test.PvmTestCase - EXCEPTION: org.activiti.engine.ActivitiException: couldn't instantiate class com.home.demo.chapter10.listeners.HandleErrorInfoForPaymentListener
org.activiti.engine.ActivitiException: couldn't instantiate class com.home.demo.chapter10.listeners.HandleErrorInfoForPaymentListener
	at org.activiti.engine.impl.util.ReflectUtil.instantiate(ReflectUtil.java:132)
	at org.activiti.engine.impl.bpmn.helper.ClassDelegate.instantiateDelegate(ClassDelegate.java:192)
	at org.activiti.engine.impl.bpmn.helper.ClassDelegate.getExecutionListenerInstance(ClassDelegate.java:78)
	at org.activiti.engine.impl.bpmn.helper.ClassDelegate.notify(ClassDelegate.java:70)
	at org.activiti.engine.impl.pvm.runtime.AtomicOperationTransitionNotifyListenerTake.execute(AtomicOperationTransitionNotifyListenerTake.java:51)
	at org.activiti.engine.impl.interceptor.CommandContext.performOperation(CommandContext.java:96)
	at org.activiti.engine.impl.persistence.entity.ExecutionEntity.performOperationSync(ExecutionEntity.java:621)
	at org.activiti.engine.impl.persistence.entity.ExecutionEntity.performOperation(ExecutionEntity.java:616)
	at org.activiti.engine.impl.pvm.runtime.AtomicOperationTransitionDestroyScope.execute(AtomicOperationTransitionDestroyScope.java:116)
	at org.activiti.engine.impl.interceptor.CommandContext.performOperation(CommandContext.java:96)
	at org.activiti.engine.impl.persistence.entity.ExecutionEntity.performOperationSync(ExecutionEntity.java:621)
	at org.activiti.engine.impl.persistence.entity.ExecutionEntity.performOperation(ExecutionEntity.java:616)
	at org.activiti.engine.impl.pvm.runtime.AtomicOperationTransitionNotifyListenerEnd.eventNotificationsCompleted(AtomicOperationTransitionNotifyListenerEnd.java:35)
	at org.activiti.engine.impl.pvm.runtime.AbstractEventAtomicOperation.execute(AbstractEventAtomicOperation.java:56)
	at org.activiti.engine.impl.interceptor.CommandContext.performOperation(CommandContext.java:96)
	at org.activiti.engine.impl.persistence.entity.ExecutionEntity.performOperationSync(ExecutionEntity.java:621)
	at org.activiti.engine.impl.persistence.entity.ExecutionEntity.performOperation(ExecutionEntity.java:616)
	at org.activiti.engine.impl.pvm.runtime.AbstractEventAtomicOperation.execute(AbstractEventAtomicOperation.java:49)
	at org.activiti.engine.impl.interceptor.CommandContext.performOperation(CommandContext.java:96)
	at org.activiti.engine.impl.persistence.entity.ExecutionEntity.performOperationSync(ExecutionEntity.java:621)
	at org.activiti.engine.impl.persistence.entity.ExecutionEntity.performOperation(ExecutionEntity.java:616)
	at org.activiti.engine.impl.persistence.entity.ExecutionEntity.take(ExecutionEntity.java:440)
	at org.activiti.engine.impl.persistence.entity.ExecutionEntity.take(ExecutionEntity.java:418)
	at org.activiti.engine.impl.bpmn.behavior.ExclusiveGatewayActivityBehavior.leave(ExclusiveGatewayActivityBehavior.java:73)
	at org.activiti.engine.impl.bpmn.behavior.FlowNodeActivityBehavior.execute(FlowNodeActivityBehavior.java:36)
	at org.activiti.engine.impl.pvm.runtime.AtomicOperationActivityExecute.execute(AtomicOperationActivityExecute.java:60)
	at org.activiti.engine.impl.interceptor.CommandContext.performOperation(CommandContext.java:96)
	at org.activiti.engine.impl.persistence.entity.ExecutionEntity.performOperationSync(ExecutionEntity.java:621)
	at org.activiti.engine.impl.persistence.entity.ExecutionEntity.performOperation(ExecutionEntity.java:616)
	at org.activiti.engine.impl.pvm.runtime.AtomicOperationTransitionNotifyListenerStart.eventNotificationsCompleted(AtomicOperationTransitionNotifyListenerStart.java:52)
	at org.activiti.engine.impl.pvm.runtime.AbstractEventAtomicOperation.execute(AbstractEventAtomicOperation.java:56)
	at org.activiti.engine.impl.interceptor.CommandContext.performOperation(CommandContext.java:96)
	at org.activiti.engine.impl.persistence.entity.ExecutionEntity.performOperationSync(ExecutionEntity.java:621)
	at org.activiti.engine.impl.persistence.entity.ExecutionEntity.performOperation(ExecutionEntity.java:616)
	at org.activiti.engine.impl.pvm.runtime.AbstractEventAtomicOperation.execute(AbstractEventAtomicOperation.java:49)
	at org.activiti.engine.impl.interceptor.CommandContext.performOperation(CommandContext.java:96)
	at org.activiti.engine.impl.persistence.entity.ExecutionEntity.performOperationSync(ExecutionEntity.java:621)
	at org.activiti.engine.impl.persistence.entity.ExecutionEntity.performOperation(ExecutionEntity.java:616)
	at org.activiti.engine.impl.pvm.runtime.AtomicOperationTransitionCreateScope.execute(AtomicOperationTransitionCreateScope.java:49)
	at org.activiti.engine.impl.interceptor.CommandContext.performOperation(CommandContext.java:96)
	at org.activiti.engine.impl.persistence.entity.ExecutionEntity.performOperationSync(ExecutionEntity.java:621)
	at org.activiti.engine.impl.persistence.entity.ExecutionEntity.performOperation(ExecutionEntity.java:616)
	at org.activiti.engine.impl.pvm.runtime.AtomicOperationTransitionNotifyListenerTake.execute(AtomicOperationTransitionNotifyListenerTake.java:80)
	at org.activiti.engine.impl.interceptor.CommandContext.performOperation(CommandContext.java:96)
	at org.activiti.engine.impl.persistence.entity.ExecutionEntity.performOperationSync(ExecutionEntity.java:621)
	at org.activiti.engine.impl.persistence.entity.ExecutionEntity.performOperation(ExecutionEntity.java:616)
	at org.activiti.engine.impl.pvm.runtime.AtomicOperationTransitionDestroyScope.execute(AtomicOperationTransitionDestroyScope.java:116)
	at org.activiti.engine.impl.interceptor.CommandContext.performOperation(CommandContext.java:96)
	at org.activiti.engine.impl.persistence.entity.ExecutionEntity.performOperationSync(ExecutionEntity.java:621)
	at org.activiti.engine.impl.persistence.entity.ExecutionEntity.performOperation(ExecutionEntity.java:616)
	at org.activiti.engine.impl.pvm.runtime.AtomicOperationTransitionNotifyListenerEnd.eventNotificationsCompleted(AtomicOperationTransitionNotifyListenerEnd.java:35)
	at org.activiti.engine.impl.pvm.runtime.AbstractEventAtomicOperation.execute(AbstractEventAtomicOperation.java:56)
	at org.activiti.engine.impl.interceptor.CommandContext.performOperation(CommandContext.java:96)
	at org.activiti.engine.impl.persistence.entity.ExecutionEntity.performOperationSync(ExecutionEntity.java:621)
	at org.activiti.engine.impl.persistence.entity.ExecutionEntity.performOperation(ExecutionEntity.java:616)
	at org.activiti.engine.impl.pvm.runtime.AbstractEventAtomicOperation.execute(AbstractEventAtomicOperation.java:49)
	at org.activiti.engine.impl.interceptor.CommandContext.performOperation(CommandContext.java:96)
	at org.activiti.engine.impl.persistence.entity.ExecutionEntity.performOperationSync(ExecutionEntity.java:621)
	at org.activiti.engine.impl.persistence.entity.ExecutionEntity.performOperation(ExecutionEntity.java:616)
	at org.activiti.engine.impl.persistence.entity.ExecutionEntity.take(ExecutionEntity.java:440)
	at org.activiti.engine.impl.persistence.entity.ExecutionEntity.take(ExecutionEntity.java:418)
	at org.activiti.engine.impl.bpmn.behavior.BpmnActivityBehavior.performOutgoingBehavior(BpmnActivityBehavior.java:131)
	at org.activiti.engine.impl.bpmn.behavior.BpmnActivityBehavior.performDefaultOutgoingBehavior(BpmnActivityBehavior.java:64)
	at org.activiti.engine.impl.bpmn.behavior.FlowNodeActivityBehavior.leave(FlowNodeActivityBehavior.java:44)
	at org.activiti.engine.impl.bpmn.behavior.AbstractBpmnActivityBehavior.leave(AbstractBpmnActivityBehavior.java:47)
	at org.activiti.engine.impl.bpmn.behavior.UserTaskActivityBehavior.signal(UserTaskActivityBehavior.java:139)
	at org.activiti.engine.impl.persistence.entity.ExecutionEntity.signal(ExecutionEntity.java:397)
	at org.activiti.engine.impl.persistence.entity.TaskEntity.complete(TaskEntity.java:200)
	at org.activiti.engine.impl.cmd.SubmitTaskFormCmd.execute(SubmitTaskFormCmd.java:50)
	at org.activiti.engine.impl.cmd.NeedsActiveTaskCmd.execute(NeedsActiveTaskCmd.java:59)
	at org.activiti.engine.impl.interceptor.CommandInvoker.execute(CommandInvoker.java:24)
	at org.activiti.engine.impl.interceptor.CommandContextInterceptor.execute(CommandContextInterceptor.java:57)
	at org.activiti.spring.SpringTransactionInterceptor$1.doInTransaction(SpringTransactionInterceptor.java:47)
	at org.springframework.transaction.support.TransactionTemplate.execute(TransactionTemplate.java:133)
	at org.activiti.spring.SpringTransactionInterceptor.execute(SpringTransactionInterceptor.java:45)
	at org.activiti.engine.impl.interceptor.LogInterceptor.execute(LogInterceptor.java:37)
	at org.activiti.engine.impl.cfg.CommandExecutorImpl.execute(CommandExecutorImpl.java:40)
	at org.activiti.engine.impl.cfg.CommandExecutorImpl.execute(CommandExecutorImpl.java:35)
	at org.activiti.engine.impl.FormServiceImpl.submitTaskFormData(FormServiceImpl.java:70)
	at com.home.demo.main.PurchaseErrorEventSubProcessTest.testRejectOnTreasurer(PurchaseErrorEventSubProcessTest.java:69)
	at sun.reflect.NativeMethodAccessorImpl.invoke0(Native Method)
	at sun.reflect.NativeMethodAccessorImpl.invoke(NativeMethodAccessorImpl.java:62)
	at sun.reflect.DelegatingMethodAccessorImpl.invoke(DelegatingMethodAccessorImpl.java:43)
	at java.lang.reflect.Method.invoke(Method.java:497)
	at junit.framework.TestCase.runTest(TestCase.java:168)
	at org.activiti.engine.impl.test.PvmTestCase.runTest(PvmTestCase.java:65)
	at junit.framework.TestCase.runBare(TestCase.java:134)
	at org.activiti.engine.impl.test.AbstractActivitiTestCase.runBare(AbstractActivitiTestCase.java:102)
	at org.activiti.spring.impl.test.SpringActivitiTestCase.runBare(SpringActivitiTestCase.java:54)
	at junit.framework.TestResult$1.protect(TestResult.java:110)
	at junit.framework.TestResult.runProtected(TestResult.java:128)
	at junit.framework.TestResult.run(TestResult.java:113)
	at junit.framework.TestCase.run(TestCase.java:124)
	at junit.framework.TestSuite.runTest(TestSuite.java:243)
	at junit.framework.TestSuite.run(TestSuite.java:238)
	at org.junit.internal.runners.JUnit38ClassRunner.run(JUnit38ClassRunner.java:83)
	at org.apache.maven.surefire.junit4.JUnit4Provider.execute(JUnit4Provider.java:283)
	at org.apache.maven.surefire.junit4.JUnit4Provider.executeWithRerun(JUnit4Provider.java:173)
	at org.apache.maven.surefire.junit4.JUnit4Provider.executeTestSet(JUnit4Provider.java:153)
	at org.apache.maven.surefire.junit4.JUnit4Provider.invoke(JUnit4Provider.java:128)
	at org.apache.maven.surefire.booter.ForkedBooter.invokeProviderInSameClassLoader(ForkedBooter.java:203)
	at org.apache.maven.surefire.booter.ForkedBooter.runSuitesInProcess(ForkedBooter.java:155)
	at org.apache.maven.surefire.booter.ForkedBooter.main(ForkedBooter.java:103)
Caused by: org.activiti.engine.ActivitiClassLoadingException: Class not found: com.home.demo.chapter10.listeners.HandleErrorInfoForPaymentListener
	at org.activiti.engine.impl.util.ReflectUtil.loadClass(ReflectUtil.java:82)
	at org.activiti.engine.impl.util.ReflectUtil.instantiate(ReflectUtil.java:129)
	... 102 common frames omitted
Caused by: java.lang.ClassNotFoundException: com.home.demo.chapter10.listeners.HandleErrorInfoForPaymentListener
	at java.net.URLClassLoader.findClass(URLClassLoader.java:381)
	at java.lang.ClassLoader.loadClass(ClassLoader.java:424)
	at sun.misc.Launcher$AppClassLoader.loadClass(Launcher.java:331)
	at java.lang.ClassLoader.loadClass(ClassLoader.java:357)
	at java.lang.Class.forName0(Native Method)
	at java.lang.Class.forName(Class.java:348)
	at org.activiti.engine.impl.util.ReflectUtil.loadClass(ReflectUtil.java:63)
	... 103 common frames omitted
16:46:24.871 [main] DEBUG org.activiti.engine.impl.test.TestHelper - annotation @Deployment deletes deployment for PurchaseErrorEventSubProcessTest.testRejectOnTreasurer
16:46:24.871 [main] DEBUG org.activiti.engine.impl.interceptor.LogInterceptor - 

16:46:24.871 [main] DEBUG org.activiti.engine.impl.interceptor.LogInterceptor - --- starting DeleteDeploymentCmd --------------------------------------------------------
16:46:24.871 [main] DEBUG org.activiti.spring.SpringTransactionInterceptor - Running command with propagation REQUIRED
16:46:24.871 [main] DEBUG org.springframework.jdbc.datasource.DataSourceTransactionManager - Creating new transaction with name [null]: PROPAGATION_REQUIRED,ISOLATION_DEFAULT
16:46:24.871 [main] DEBUG org.springframework.jdbc.datasource.SimpleDriverDataSource - Creating new JDBC Driver Connection to [jdbc:h2:mem:activiti;DB_CLOSE_DELAY=1000]
16:46:24.872 [main] DEBUG org.springframework.jdbc.datasource.DataSourceTransactionManager - Acquired Connection [conn105: url=jdbc:h2:mem:activiti user=SA] for JDBC transaction
16:46:24.872 [main] DEBUG org.springframework.jdbc.datasource.DataSourceTransactionManager - Switching JDBC Connection [conn105: url=jdbc:h2:mem:activiti user=SA] to manual commit
16:46:24.872 [main] DEBUG org.apache.ibatis.transaction.managed.ManagedTransaction - Opening JDBC Connection
16:46:24.872 [main] DEBUG org.activiti.engine.impl.persistence.entity.DeploymentEntity.selectDeploymentById - ==>  Preparing: select * from ACT_RE_DEPLOYMENT where ID_ = ? 
16:46:24.872 [main] DEBUG org.activiti.engine.impl.persistence.entity.DeploymentEntity.selectDeploymentById - ==> Parameters: 10161(String)
16:46:24.872 [main] DEBUG org.activiti.engine.impl.persistence.entity.DeploymentEntity.selectDeploymentById - <==      Total: 1
16:46:24.873 [main] DEBUG org.activiti.engine.impl.persistence.entity.ProcessDefinitionEntity.selectProcessDefinitionsByQueryCriteria - ==>  Preparing: select RES.* from ACT_RE_PROCDEF RES WHERE RES.DEPLOYMENT_ID_ = ? order by RES.ID_ asc LIMIT ? OFFSET ? 
16:46:24.873 [main] DEBUG org.activiti.engine.impl.persistence.entity.ProcessDefinitionEntity.selectProcessDefinitionsByQueryCriteria - ==> Parameters: 10161(String), 2147483647(Integer), 0(Integer)
16:46:24.873 [main] DEBUG org.activiti.engine.impl.persistence.entity.ProcessDefinitionEntity.selectProcessDefinitionsByQueryCriteria - <==      Total: 1
16:46:24.873 [main] DEBUG org.activiti.engine.impl.persistence.entity.ModelEntity.selectModelsByQueryCriteria - ==>  Preparing: select distinct RES.* from ACT_RE_MODEL RES WHERE RES.DEPLOYMENT_ID_ = ? order by RES.ID_ asc LIMIT ? OFFSET ? 
16:46:24.873 [main] DEBUG org.activiti.engine.impl.persistence.entity.ModelEntity.selectModelsByQueryCriteria - ==> Parameters: 10161(String), 2147483647(Integer), 0(Integer)
16:46:24.874 [main] DEBUG org.activiti.engine.impl.persistence.entity.ModelEntity.selectModelsByQueryCriteria - <==      Total: 0
16:46:24.874 [main] DEBUG org.activiti.engine.impl.persistence.entity.ExecutionEntity.selectProcessInstanceIdsByProcessDefinitionId - ==>  Preparing: select ID_ from ACT_RU_EXECUTION where PROC_DEF_ID_ = ? and PARENT_ID_ is null 
16:46:24.874 [main] DEBUG org.activiti.engine.impl.persistence.entity.ExecutionEntity.selectProcessInstanceIdsByProcessDefinitionId - ==> Parameters: purchase-error-event-subprocess:1:10164(String)
16:46:24.874 [main] DEBUG org.activiti.engine.impl.persistence.entity.ExecutionEntity.selectProcessInstanceIdsByProcessDefinitionId - <==      Total: 1
16:46:24.874 [main] DEBUG org.activiti.engine.impl.persistence.entity.ExecutionEntity.selectExecution - ==>  Preparing: select * from ACT_RU_EXECUTION where ID_ = ? 
16:46:24.874 [main] DEBUG org.activiti.engine.impl.persistence.entity.ExecutionEntity.selectExecution - ==> Parameters: 10165(String)
16:46:24.874 [main] DEBUG org.activiti.engine.impl.persistence.entity.ExecutionEntity.selectExecution - <==      Total: 1
16:46:24.876 [main] DEBUG org.activiti.engine.impl.persistence.entity.TaskEntity.selectTaskByQueryCriteria - ==>  Preparing: select distinct RES.* from ACT_RU_TASK RES WHERE RES.PROC_INST_ID_ = ? order by RES.ID_ asc LIMIT ? OFFSET ? 
16:46:24.876 [main] DEBUG org.activiti.engine.impl.persistence.entity.TaskEntity.selectTaskByQueryCriteria - ==> Parameters: 10165(String), 2147483647(Integer), 0(Integer)
16:46:24.876 [main] DEBUG org.activiti.engine.impl.persistence.entity.TaskEntity.selectTaskByQueryCriteria - <==      Total: 1
16:46:24.876 [main] DEBUG org.activiti.engine.impl.persistence.entity.TaskEntity.selectTasksByParentTaskId - ==>  Preparing: select * from ACT_RU_TASK where PARENT_TASK_ID_ = ? 
16:46:24.876 [main] DEBUG org.activiti.engine.impl.persistence.entity.TaskEntity.selectTasksByParentTaskId - ==> Parameters: 10197(String)
16:46:24.876 [main] DEBUG org.activiti.engine.impl.persistence.entity.TaskEntity.selectTasksByParentTaskId - <==      Total: 0
16:46:24.876 [main] DEBUG org.activiti.engine.impl.persistence.entity.IdentityLinkEntity.selectIdentityLinksByTask - ==>  Preparing: select * from ACT_RU_IDENTITYLINK where TASK_ID_ = ? 
16:46:24.877 [main] DEBUG org.activiti.engine.impl.persistence.entity.IdentityLinkEntity.selectIdentityLinksByTask - ==> Parameters: 10197(String)
16:46:24.877 [main] DEBUG org.activiti.engine.impl.persistence.entity.IdentityLinkEntity.selectIdentityLinksByTask - <==      Total: 1
16:46:24.877 [main] DEBUG org.activiti.engine.impl.persistence.entity.VariableInstanceEntity.selectVariablesByTaskId - ==>  Preparing: select * from ACT_RU_VARIABLE where TASK_ID_ = ? 
16:46:24.877 [main] DEBUG org.activiti.engine.impl.persistence.entity.VariableInstanceEntity.selectVariablesByTaskId - ==> Parameters: 10197(String)
16:46:24.877 [main] DEBUG org.activiti.engine.impl.persistence.entity.VariableInstanceEntity.selectVariablesByTaskId - <==      Total: 0
16:46:24.877 [main] DEBUG org.activiti.engine.impl.history.DefaultHistoryManager - Current history level: AUDIT
16:46:24.877 [main] DEBUG org.activiti.engine.impl.history.DefaultHistoryManager - Current history level: AUDIT
16:46:24.877 [main] DEBUG org.activiti.engine.impl.persistence.entity.HistoricTaskInstanceEntity.selectHistoricTaskInstance - ==>  Preparing: select * from ACT_HI_TASKINST where ID_ = ? 
16:46:24.877 [main] DEBUG org.activiti.engine.impl.persistence.entity.HistoricTaskInstanceEntity.selectHistoricTaskInstance - ==> Parameters: 10197(String)
16:46:24.877 [main] DEBUG org.activiti.engine.impl.persistence.entity.HistoricTaskInstanceEntity.selectHistoricTaskInstance - <==      Total: 1
16:46:24.877 [main] DEBUG org.activiti.engine.impl.history.DefaultHistoryManager - Current history level: AUDIT, level required: FULL
16:46:24.877 [main] DEBUG org.activiti.engine.impl.history.DefaultHistoryManager - Current history level: AUDIT, level required: ACTIVITY
16:46:24.877 [main] DEBUG org.activiti.engine.impl.persistence.entity.HistoricVariableInstanceEntity.selectHistoricVariableInstanceByQueryCriteria - ==>  Preparing: select RES.* from ACT_HI_VARINST RES WHERE RES.TASK_ID_ = ? order by RES.ID_ asc LIMIT ? OFFSET ? 
16:46:24.878 [main] DEBUG org.activiti.engine.impl.persistence.entity.HistoricVariableInstanceEntity.selectHistoricVariableInstanceByQueryCriteria - ==> Parameters: 10197(String), 2147483647(Integer), 0(Integer)
16:46:24.878 [main] DEBUG org.activiti.engine.impl.persistence.entity.HistoricVariableInstanceEntity.selectHistoricVariableInstanceByQueryCriteria - <==      Total: 0
16:46:24.878 [main] DEBUG org.activiti.engine.impl.history.DefaultHistoryManager - Current history level: AUDIT
16:46:24.878 [main] DEBUG org.activiti.engine.impl.history.DefaultHistoryManager - Current history level: AUDIT
16:46:24.878 [main] DEBUG org.activiti.engine.impl.persistence.entity.AttachmentEntity.selectAttachmentsByTaskId - ==>  Preparing: select * from ACT_HI_ATTACHMENT where TASK_ID_ = ? 
16:46:24.879 [main] DEBUG org.activiti.engine.impl.persistence.entity.AttachmentEntity.selectAttachmentsByTaskId - ==> Parameters: 10197(String)
16:46:24.880 [main] DEBUG org.activiti.engine.impl.persistence.entity.AttachmentEntity.selectAttachmentsByTaskId - <==      Total: 0
16:46:24.881 [main] DEBUG org.activiti.engine.impl.persistence.entity.HistoricIdentityLinkEntity.selectHistoricIdentityLinksByTask - ==>  Preparing: select * from ACT_HI_IDENTITYLINK where TASK_ID_ = ? 
16:46:24.881 [main] DEBUG org.activiti.engine.impl.persistence.entity.HistoricIdentityLinkEntity.selectHistoricIdentityLinksByTask - ==> Parameters: 10197(String)
16:46:24.882 [main] DEBUG org.activiti.engine.impl.persistence.entity.HistoricIdentityLinkEntity.selectHistoricIdentityLinksByTask - <==      Total: 1
16:46:24.883 [main] DEBUG org.activiti.engine.impl.persistence.entity.ExecutionEntity.selectExecutionsByParentExecutionId - ==>  Preparing: select * from ACT_RU_EXECUTION where PARENT_ID_ = ? 
16:46:24.884 [main] DEBUG org.activiti.engine.impl.persistence.entity.ExecutionEntity.selectExecutionsByParentExecutionId - ==> Parameters: 10165(String)
16:46:24.887 [main] DEBUG org.activiti.engine.impl.persistence.entity.ExecutionEntity.selectExecutionsByParentExecutionId - <==      Total: 1
16:46:24.887 [main] DEBUG org.activiti.engine.impl.persistence.entity.ExecutionEntity.selectExecutionsByParentExecutionId - ==>  Preparing: select * from ACT_RU_EXECUTION where PARENT_ID_ = ? 
16:46:24.887 [main] DEBUG org.activiti.engine.impl.persistence.entity.ExecutionEntity.selectExecutionsByParentExecutionId - ==> Parameters: 10194(String)
16:46:24.887 [main] DEBUG org.activiti.engine.impl.persistence.entity.ExecutionEntity.selectExecutionsByParentExecutionId - <==      Total: 0
16:46:24.887 [main] DEBUG org.activiti.engine.impl.persistence.entity.ExecutionEntity.selectSubProcessInstanceBySuperExecutionId - ==>  Preparing: select * from ACT_RU_EXECUTION where SUPER_EXEC_ = ? 
16:46:24.887 [main] DEBUG org.activiti.engine.impl.persistence.entity.ExecutionEntity.selectSubProcessInstanceBySuperExecutionId - ==> Parameters: 10194(String)
16:46:24.887 [main] DEBUG org.activiti.engine.impl.persistence.entity.ExecutionEntity.selectSubProcessInstanceBySuperExecutionId - <==      Total: 0
16:46:24.887 [main] DEBUG org.activiti.engine.impl.history.DefaultHistoryManager - Current history level: AUDIT, level required: ACTIVITY
16:46:24.888 [main] DEBUG org.activiti.engine.impl.persistence.entity.HistoricActivityInstanceEntity.selectHistoricActivityInstancesByQueryCriteria - ==>  Preparing: select RES.* from ACT_HI_ACTINST RES WHERE RES.EXECUTION_ID_ = ? and RES.ACT_ID_ = ? and RES.END_TIME_ is null order by RES.ID_ asc LIMIT ? OFFSET ? 
16:46:24.888 [main] DEBUG org.activiti.engine.impl.persistence.entity.HistoricActivityInstanceEntity.selectHistoricActivityInstancesByQueryCriteria - ==> Parameters: 10194(String), treasurerAudit(String), 1(Integer), 0(Integer)
16:46:24.888 [main] DEBUG org.activiti.engine.impl.persistence.entity.HistoricActivityInstanceEntity.selectHistoricActivityInstancesByQueryCriteria - <==      Total: 1
16:46:24.888 [main] DEBUG org.activiti.engine.impl.history.DefaultHistoryManager - Current history level: AUDIT, level required: ACTIVITY
16:46:24.888 [main] DEBUG org.activiti.engine.impl.persistence.entity.HistoricActivityInstanceEntity.selectHistoricActivityInstancesByQueryCriteria - ==>  Preparing: select RES.* from ACT_HI_ACTINST RES WHERE RES.EXECUTION_ID_ = ? and RES.ACT_ID_ = ? and RES.END_TIME_ is null order by RES.ID_ asc LIMIT ? OFFSET ? 
16:46:24.889 [main] DEBUG org.activiti.engine.impl.persistence.entity.HistoricActivityInstanceEntity.selectHistoricActivityInstancesByQueryCriteria - ==> Parameters: 10194(String), subprocessPay(String), 1(Integer), 0(Integer)
16:46:24.889 [main] DEBUG org.activiti.engine.impl.persistence.entity.HistoricActivityInstanceEntity.selectHistoricActivityInstancesByQueryCriteria - <==      Total: 1
16:46:24.892 [main] DEBUG org.activiti.engine.impl.history.DefaultHistoryManager - Current history level: AUDIT, level required: ACTIVITY
16:46:24.892 [main] DEBUG org.activiti.engine.impl.history.DefaultHistoryManager - Current history level: AUDIT
16:46:24.892 [main] DEBUG org.activiti.engine.impl.persistence.entity.HistoricProcessInstanceEntity.selectHistoricProcessInstance - ==>  Preparing: select * from ACT_HI_PROCINST where PROC_INST_ID_ = ? 
16:46:24.892 [main] DEBUG org.activiti.engine.impl.persistence.entity.HistoricProcessInstanceEntity.selectHistoricProcessInstance - ==> Parameters: 10165(String)
16:46:24.892 [main] DEBUG org.activiti.engine.impl.persistence.entity.HistoricProcessInstanceEntity.selectHistoricProcessInstance - <==      Total: 1
16:46:24.892 [main] DEBUG org.activiti.engine.impl.persistence.entity.ExecutionEntity - destroying ScopeExecution[10194]
16:46:24.892 [main] DEBUG org.activiti.engine.impl.persistence.entity.VariableInstanceEntity.selectVariablesByExecutionId - ==>  Preparing: select * from ACT_RU_VARIABLE where EXECUTION_ID_ = ? and TASK_ID_ is null 
16:46:24.892 [main] DEBUG org.activiti.engine.impl.persistence.entity.VariableInstanceEntity.selectVariablesByExecutionId - ==> Parameters: 10194(String)
16:46:24.893 [main] DEBUG org.activiti.engine.impl.persistence.entity.VariableInstanceEntity.selectVariablesByExecutionId - <==      Total: 0
16:46:24.893 [main] DEBUG org.activiti.engine.impl.persistence.entity.TaskEntity.selectTasksByExecutionId - ==>  Preparing: select distinct T.* from ACT_RU_TASK T where T.EXECUTION_ID_ = ? 
16:46:24.893 [main] DEBUG org.activiti.engine.impl.persistence.entity.TaskEntity.selectTasksByExecutionId - ==> Parameters: 10194(String)
16:46:24.893 [main] DEBUG org.activiti.engine.impl.persistence.entity.TaskEntity.selectTasksByExecutionId - <==      Total: 1
16:46:24.893 [main] DEBUG org.activiti.engine.impl.persistence.entity.IdentityLinkEntity.selectIdentityLinksByProcessInstance - ==>  Preparing: select * from ACT_RU_IDENTITYLINK where PROC_INST_ID_ = ? 
16:46:24.893 [main] DEBUG org.activiti.engine.impl.persistence.entity.IdentityLinkEntity.selectIdentityLinksByProcessInstance - ==> Parameters: 10194(String)
16:46:24.893 [main] DEBUG org.activiti.engine.impl.persistence.entity.IdentityLinkEntity.selectIdentityLinksByProcessInstance - <==      Total: 0
16:46:24.893 [main] DEBUG org.activiti.engine.impl.persistence.entity.ExecutionEntity.selectSubProcessInstanceBySuperExecutionId - ==>  Preparing: select * from ACT_RU_EXECUTION where SUPER_EXEC_ = ? 
16:46:24.893 [main] DEBUG org.activiti.engine.impl.persistence.entity.ExecutionEntity.selectSubProcessInstanceBySuperExecutionId - ==> Parameters: 10165(String)
16:46:24.893 [main] DEBUG org.activiti.engine.impl.persistence.entity.ExecutionEntity.selectSubProcessInstanceBySuperExecutionId - <==      Total: 0
16:46:24.894 [main] DEBUG org.activiti.engine.impl.history.DefaultHistoryManager - Current history level: AUDIT, level required: ACTIVITY
16:46:24.894 [main] DEBUG org.activiti.engine.impl.history.DefaultHistoryManager - Current history level: AUDIT
16:46:24.894 [main] DEBUG org.activiti.engine.impl.persistence.entity.ExecutionEntity - destroying ProcessInstance[10165]
16:46:24.894 [main] DEBUG org.activiti.engine.impl.persistence.entity.VariableInstanceEntity.selectVariablesByExecutionId - ==>  Preparing: select * from ACT_RU_VARIABLE where EXECUTION_ID_ = ? and TASK_ID_ is null 
16:46:24.894 [main] DEBUG org.activiti.engine.impl.persistence.entity.VariableInstanceEntity.selectVariablesByExecutionId - ==> Parameters: 10165(String)
16:46:24.894 [main] DEBUG org.activiti.engine.impl.persistence.entity.VariableInstanceEntity.selectVariablesByExecutionId - <==      Total: 10
16:46:24.894 [main] DEBUG org.activiti.engine.impl.history.DefaultHistoryManager - Current history level: AUDIT, level required: ACTIVITY
16:46:24.894 [main] DEBUG org.activiti.engine.impl.persistence.entity.HistoricVariableInstanceEntity.selectHistoricVariableInstanceByVariableInstanceId - ==>  Preparing: select * from ACT_HI_VARINST where ID_ = ? 
16:46:24.894 [main] DEBUG org.activiti.engine.impl.persistence.entity.HistoricVariableInstanceEntity.selectHistoricVariableInstanceByVariableInstanceId - ==> Parameters: 10166(String)
16:46:24.899 [main] DEBUG org.activiti.engine.impl.persistence.entity.HistoricVariableInstanceEntity.selectHistoricVariableInstanceByVariableInstanceId - <==      Total: 1
16:46:24.899 [main] DEBUG org.activiti.engine.impl.history.DefaultHistoryManager - Current history level: AUDIT, level required: ACTIVITY
16:46:24.899 [main] DEBUG org.activiti.engine.impl.persistence.entity.HistoricVariableInstanceEntity.selectHistoricVariableInstanceByVariableInstanceId - ==>  Preparing: select * from ACT_HI_VARINST where ID_ = ? 
16:46:24.899 [main] DEBUG org.activiti.engine.impl.persistence.entity.HistoricVariableInstanceEntity.selectHistoricVariableInstanceByVariableInstanceId - ==> Parameters: 10172(String)
16:46:24.899 [main] DEBUG org.activiti.engine.impl.persistence.entity.HistoricVariableInstanceEntity.selectHistoricVariableInstanceByVariableInstanceId - <==      Total: 1
16:46:24.899 [main] DEBUG org.activiti.engine.impl.history.DefaultHistoryManager - Current history level: AUDIT, level required: ACTIVITY
16:46:24.899 [main] DEBUG org.activiti.engine.impl.persistence.entity.HistoricVariableInstanceEntity.selectHistoricVariableInstanceByVariableInstanceId - ==>  Preparing: select * from ACT_HI_VARINST where ID_ = ? 
16:46:24.899 [main] DEBUG org.activiti.engine.impl.persistence.entity.HistoricVariableInstanceEntity.selectHistoricVariableInstanceByVariableInstanceId - ==> Parameters: 10173(String)
16:46:24.899 [main] DEBUG org.activiti.engine.impl.persistence.entity.HistoricVariableInstanceEntity.selectHistoricVariableInstanceByVariableInstanceId - <==      Total: 1
16:46:24.899 [main] DEBUG org.activiti.engine.impl.history.DefaultHistoryManager - Current history level: AUDIT, level required: ACTIVITY
16:46:24.899 [main] DEBUG org.activiti.engine.impl.persistence.entity.HistoricVariableInstanceEntity.selectHistoricVariableInstanceByVariableInstanceId - ==>  Preparing: select * from ACT_HI_VARINST where ID_ = ? 
16:46:24.899 [main] DEBUG org.activiti.engine.impl.persistence.entity.HistoricVariableInstanceEntity.selectHistoricVariableInstanceByVariableInstanceId - ==> Parameters: 10174(String)
16:46:24.900 [main] DEBUG org.activiti.engine.impl.persistence.entity.HistoricVariableInstanceEntity.selectHistoricVariableInstanceByVariableInstanceId - <==      Total: 1
16:46:24.900 [main] DEBUG org.activiti.engine.impl.history.DefaultHistoryManager - Current history level: AUDIT, level required: ACTIVITY
16:46:24.900 [main] DEBUG org.activiti.engine.impl.persistence.entity.HistoricVariableInstanceEntity.selectHistoricVariableInstanceByVariableInstanceId - ==>  Preparing: select * from ACT_HI_VARINST where ID_ = ? 
16:46:24.900 [main] DEBUG org.activiti.engine.impl.persistence.entity.HistoricVariableInstanceEntity.selectHistoricVariableInstanceByVariableInstanceId - ==> Parameters: 10180(String)
16:46:24.900 [main] DEBUG org.activiti.engine.impl.persistence.entity.HistoricVariableInstanceEntity.selectHistoricVariableInstanceByVariableInstanceId - <==      Total: 1
16:46:24.900 [main] DEBUG org.activiti.engine.impl.history.DefaultHistoryManager - Current history level: AUDIT, level required: ACTIVITY
16:46:24.900 [main] DEBUG org.activiti.engine.impl.persistence.entity.HistoricVariableInstanceEntity.selectHistoricVariableInstanceByVariableInstanceId - ==>  Preparing: select * from ACT_HI_VARINST where ID_ = ? 
16:46:24.900 [main] DEBUG org.activiti.engine.impl.persistence.entity.HistoricVariableInstanceEntity.selectHistoricVariableInstanceByVariableInstanceId - ==> Parameters: 10189(String)
16:46:24.900 [main] DEBUG org.activiti.engine.impl.persistence.entity.HistoricVariableInstanceEntity.selectHistoricVariableInstanceByVariableInstanceId - <==      Total: 1
16:46:24.900 [main] DEBUG org.activiti.engine.impl.history.DefaultHistoryManager - Current history level: AUDIT, level required: ACTIVITY
16:46:24.900 [main] DEBUG org.activiti.engine.impl.persistence.entity.HistoricVariableInstanceEntity.selectHistoricVariableInstanceByVariableInstanceId - ==>  Preparing: select * from ACT_HI_VARINST where ID_ = ? 
16:46:24.900 [main] DEBUG org.activiti.engine.impl.persistence.entity.HistoricVariableInstanceEntity.selectHistoricVariableInstanceByVariableInstanceId - ==> Parameters: 10190(String)
16:46:24.900 [main] DEBUG org.activiti.engine.impl.persistence.entity.HistoricVariableInstanceEntity.selectHistoricVariableInstanceByVariableInstanceId - <==      Total: 1
16:46:24.900 [main] DEBUG org.activiti.engine.impl.history.DefaultHistoryManager - Current history level: AUDIT, level required: ACTIVITY
16:46:24.900 [main] DEBUG org.activiti.engine.impl.persistence.entity.HistoricVariableInstanceEntity.selectHistoricVariableInstanceByVariableInstanceId - ==>  Preparing: select * from ACT_HI_VARINST where ID_ = ? 
16:46:24.900 [main] DEBUG org.activiti.engine.impl.persistence.entity.HistoricVariableInstanceEntity.selectHistoricVariableInstanceByVariableInstanceId - ==> Parameters: 10191(String)
16:46:24.900 [main] DEBUG org.activiti.engine.impl.persistence.entity.HistoricVariableInstanceEntity.selectHistoricVariableInstanceByVariableInstanceId - <==      Total: 1
16:46:24.900 [main] DEBUG org.activiti.engine.impl.history.DefaultHistoryManager - Current history level: AUDIT, level required: ACTIVITY
16:46:24.900 [main] DEBUG org.activiti.engine.impl.persistence.entity.HistoricVariableInstanceEntity.selectHistoricVariableInstanceByVariableInstanceId - ==>  Preparing: select * from ACT_HI_VARINST where ID_ = ? 
16:46:24.900 [main] DEBUG org.activiti.engine.impl.persistence.entity.HistoricVariableInstanceEntity.selectHistoricVariableInstanceByVariableInstanceId - ==> Parameters: 10192(String)
16:46:24.901 [main] DEBUG org.activiti.engine.impl.persistence.entity.HistoricVariableInstanceEntity.selectHistoricVariableInstanceByVariableInstanceId - <==      Total: 1
16:46:24.901 [main] DEBUG org.activiti.engine.impl.history.DefaultHistoryManager - Current history level: AUDIT, level required: ACTIVITY
16:46:24.901 [main] DEBUG org.activiti.engine.impl.persistence.entity.HistoricVariableInstanceEntity.selectHistoricVariableInstanceByVariableInstanceId - ==>  Preparing: select * from ACT_HI_VARINST where ID_ = ? 
16:46:24.901 [main] DEBUG org.activiti.engine.impl.persistence.entity.HistoricVariableInstanceEntity.selectHistoricVariableInstanceByVariableInstanceId - ==> Parameters: 10193(String)
16:46:24.901 [main] DEBUG org.activiti.engine.impl.persistence.entity.HistoricVariableInstanceEntity.selectHistoricVariableInstanceByVariableInstanceId - <==      Total: 1
16:46:24.901 [main] DEBUG org.activiti.engine.impl.persistence.entity.IdentityLinkEntity.selectIdentityLinksByProcessInstance - ==>  Preparing: select * from ACT_RU_IDENTITYLINK where PROC_INST_ID_ = ? 
16:46:24.901 [main] DEBUG org.activiti.engine.impl.persistence.entity.IdentityLinkEntity.selectIdentityLinksByProcessInstance - ==> Parameters: 10165(String)
16:46:24.901 [main] DEBUG org.activiti.engine.impl.persistence.entity.IdentityLinkEntity.selectIdentityLinksByProcessInstance - <==      Total: 2
16:46:24.901 [main] DEBUG org.activiti.engine.impl.history.DefaultHistoryManager - Current history level: AUDIT
16:46:24.901 [main] DEBUG org.activiti.engine.impl.history.DefaultHistoryManager - Current history level: AUDIT
16:46:24.901 [main] DEBUG org.activiti.engine.impl.history.DefaultHistoryManager - Current history level: AUDIT, level required: AUDIT
16:46:24.901 [main] DEBUG org.activiti.engine.impl.persistence.entity.HistoricDetailEntity.selectHistoricDetailsByQueryCriteria - ==>  Preparing: select RES.* from ACT_HI_DETAIL RES WHERE RES.PROC_INST_ID_ = ? order by RES.ID_ asc LIMIT ? OFFSET ? 
16:46:24.901 [main] DEBUG org.activiti.engine.impl.persistence.entity.HistoricDetailEntity.selectHistoricDetailsByQueryCriteria - ==> Parameters: 10165(String), 2147483647(Integer), 0(Integer)
16:46:24.902 [main] DEBUG org.activiti.engine.impl.persistence.entity.HistoricDetailEntity.selectHistoricDetailsByQueryCriteria - <==      Total: 8
16:46:24.902 [main] DEBUG org.activiti.engine.impl.history.DefaultHistoryManager - Current history level: AUDIT, level required: ACTIVITY
16:46:24.902 [main] DEBUG org.activiti.engine.impl.persistence.entity.HistoricVariableInstanceEntity.selectHistoricVariableInstanceByQueryCriteria - ==>  Preparing: select RES.* from ACT_HI_VARINST RES WHERE RES.PROC_INST_ID_ = ? order by RES.ID_ asc LIMIT ? OFFSET ? 
16:46:24.902 [main] DEBUG org.activiti.engine.impl.persistence.entity.HistoricVariableInstanceEntity.selectHistoricVariableInstanceByQueryCriteria - ==> Parameters: 10165(String), 2147483647(Integer), 0(Integer)
16:46:24.902 [main] DEBUG org.activiti.engine.impl.persistence.entity.HistoricVariableInstanceEntity.selectHistoricVariableInstanceByQueryCriteria - <==      Total: 10
16:46:24.902 [main] DEBUG org.activiti.engine.impl.db.DbSqlSession - skipping redundant delete: HistoricVariableInstanceEntity[id=10190, name=bankName, revision=0, type=string, textValue=中国工商银行]
16:46:24.902 [main] DEBUG org.activiti.engine.impl.db.DbSqlSession - skipping redundant delete: HistoricVariableInstanceEntity[id=10192, name=planDate, revision=0, type=date, longValue=1363708800000]
16:46:24.902 [main] DEBUG org.activiti.engine.impl.db.DbSqlSession - skipping redundant delete: HistoricVariableInstanceEntity[id=10180, name=deptLeaderApproved, revision=0, type=string, textValue=true]
16:46:24.902 [main] DEBUG org.activiti.engine.impl.db.DbSqlSession - skipping redundant delete: HistoricVariableInstanceEntity[id=10191, name=bankAccount, revision=0, type=string, textValue=203840240274247293]
16:46:24.902 [main] DEBUG org.activiti.engine.impl.db.DbSqlSession - skipping redundant delete: HistoricVariableInstanceEntity[id=10172, name=dueDate, revision=0, type=date, longValue=1362931200000]
16:46:24.902 [main] DEBUG org.activiti.engine.impl.db.DbSqlSession - skipping redundant delete: HistoricVariableInstanceEntity[id=10193, name=usage, revision=0, type=string, textValue=1. MacBook Pro一台
2. 27寸显示器一台]
16:46:24.902 [main] DEBUG org.activiti.engine.impl.db.DbSqlSession - skipping redundant delete: HistoricVariableInstanceEntity[id=10174, name=amountMoney, revision=0, type=double, doubleValue=22000.0]
16:46:24.902 [main] DEBUG org.activiti.engine.impl.db.DbSqlSession - skipping redundant delete: HistoricVariableInstanceEntity[id=10173, name=listing, revision=0, type=string, textValue=1. MacBook Pro一台
2. 27寸显示器一台]
16:46:24.902 [main] DEBUG org.activiti.engine.impl.db.DbSqlSession - skipping redundant delete: HistoricVariableInstanceEntity[id=10189, name=supplier, revision=0, type=string, textValue=苹果公司]
16:46:24.903 [main] DEBUG org.activiti.engine.impl.db.DbSqlSession - skipping redundant delete: HistoricVariableInstanceEntity[id=10166, name=applyUserId, revision=0, type=string, textValue=henryyan]
16:46:24.903 [main] DEBUG org.activiti.engine.impl.history.DefaultHistoryManager - Current history level: AUDIT, level required: ACTIVITY
16:46:24.903 [main] DEBUG org.activiti.engine.impl.history.DefaultHistoryManager - Current history level: AUDIT, level required: AUDIT
16:46:24.903 [main] DEBUG org.activiti.engine.impl.persistence.entity.HistoricTaskInstanceEntity.selectHistoricTaskInstanceIdsByProcessInstanceId - ==>  Preparing: select ID_ from ACT_HI_TASKINST where PROC_INST_ID_ = ? 
16:46:24.903 [main] DEBUG org.activiti.engine.impl.persistence.entity.HistoricTaskInstanceEntity.selectHistoricTaskInstanceIdsByProcessInstanceId - ==> Parameters: 10165(String)
16:46:24.903 [main] DEBUG org.activiti.engine.impl.persistence.entity.HistoricTaskInstanceEntity.selectHistoricTaskInstanceIdsByProcessInstanceId - <==      Total: 3
16:46:24.903 [main] DEBUG org.activiti.engine.impl.history.DefaultHistoryManager - Current history level: AUDIT
16:46:24.903 [main] DEBUG org.activiti.engine.impl.history.DefaultHistoryManager - Current history level: AUDIT
16:46:24.903 [main] DEBUG org.activiti.engine.impl.persistence.entity.HistoricTaskInstanceEntity.selectHistoricTaskInstance - ==>  Preparing: select * from ACT_HI_TASKINST where ID_ = ? 
16:46:24.903 [main] DEBUG org.activiti.engine.impl.persistence.entity.HistoricTaskInstanceEntity.selectHistoricTaskInstance - ==> Parameters: 10176(String)
16:46:24.903 [main] DEBUG org.activiti.engine.impl.persistence.entity.HistoricTaskInstanceEntity.selectHistoricTaskInstance - <==      Total: 1
16:46:24.903 [main] DEBUG org.activiti.engine.impl.history.DefaultHistoryManager - Current history level: AUDIT, level required: FULL
16:46:24.903 [main] DEBUG org.activiti.engine.impl.history.DefaultHistoryManager - Current history level: AUDIT, level required: ACTIVITY
16:46:24.903 [main] DEBUG org.activiti.engine.impl.persistence.entity.HistoricVariableInstanceEntity.selectHistoricVariableInstanceByQueryCriteria - ==>  Preparing: select RES.* from ACT_HI_VARINST RES WHERE RES.TASK_ID_ = ? order by RES.ID_ asc LIMIT ? OFFSET ? 
16:46:24.903 [main] DEBUG org.activiti.engine.impl.persistence.entity.HistoricVariableInstanceEntity.selectHistoricVariableInstanceByQueryCriteria - ==> Parameters: 10176(String), 2147483647(Integer), 0(Integer)
16:46:24.903 [main] DEBUG org.activiti.engine.impl.persistence.entity.HistoricVariableInstanceEntity.selectHistoricVariableInstanceByQueryCriteria - <==      Total: 0
16:46:24.903 [main] DEBUG org.activiti.engine.impl.history.DefaultHistoryManager - Current history level: AUDIT
16:46:24.903 [main] DEBUG org.activiti.engine.impl.history.DefaultHistoryManager - Current history level: AUDIT
16:46:24.903 [main] DEBUG org.activiti.engine.impl.persistence.entity.AttachmentEntity.selectAttachmentsByTaskId - ==>  Preparing: select * from ACT_HI_ATTACHMENT where TASK_ID_ = ? 
16:46:24.903 [main] DEBUG org.activiti.engine.impl.persistence.entity.AttachmentEntity.selectAttachmentsByTaskId - ==> Parameters: 10176(String)
16:46:24.903 [main] DEBUG org.activiti.engine.impl.persistence.entity.AttachmentEntity.selectAttachmentsByTaskId - <==      Total: 0
16:46:24.903 [main] DEBUG org.activiti.engine.impl.persistence.entity.HistoricIdentityLinkEntity.selectHistoricIdentityLinksByTask - ==>  Preparing: select * from ACT_HI_IDENTITYLINK where TASK_ID_ = ? 
16:46:24.903 [main] DEBUG org.activiti.engine.impl.persistence.entity.HistoricIdentityLinkEntity.selectHistoricIdentityLinksByTask - ==> Parameters: 10176(String)
16:46:24.904 [main] DEBUG org.activiti.engine.impl.persistence.entity.HistoricIdentityLinkEntity.selectHistoricIdentityLinksByTask - <==      Total: 1
16:46:24.904 [main] DEBUG org.activiti.engine.impl.history.DefaultHistoryManager - Current history level: AUDIT
16:46:24.904 [main] DEBUG org.activiti.engine.impl.history.DefaultHistoryManager - Current history level: AUDIT
16:46:24.904 [main] DEBUG org.activiti.engine.impl.persistence.entity.HistoricTaskInstanceEntity.selectHistoricTaskInstance - ==>  Preparing: select * from ACT_HI_TASKINST where ID_ = ? 
16:46:24.904 [main] DEBUG org.activiti.engine.impl.persistence.entity.HistoricTaskInstanceEntity.selectHistoricTaskInstance - ==> Parameters: 10183(String)
16:46:24.905 [main] DEBUG org.activiti.engine.impl.persistence.entity.HistoricTaskInstanceEntity.selectHistoricTaskInstance - <==      Total: 1
16:46:24.905 [main] DEBUG org.activiti.engine.impl.history.DefaultHistoryManager - Current history level: AUDIT, level required: FULL
16:46:24.905 [main] DEBUG org.activiti.engine.impl.history.DefaultHistoryManager - Current history level: AUDIT, level required: ACTIVITY
16:46:24.905 [main] DEBUG org.activiti.engine.impl.persistence.entity.HistoricVariableInstanceEntity.selectHistoricVariableInstanceByQueryCriteria - ==>  Preparing: select RES.* from ACT_HI_VARINST RES WHERE RES.TASK_ID_ = ? order by RES.ID_ asc LIMIT ? OFFSET ? 
16:46:24.905 [main] DEBUG org.activiti.engine.impl.persistence.entity.HistoricVariableInstanceEntity.selectHistoricVariableInstanceByQueryCriteria - ==> Parameters: 10183(String), 2147483647(Integer), 0(Integer)
16:46:24.905 [main] DEBUG org.activiti.engine.impl.persistence.entity.HistoricVariableInstanceEntity.selectHistoricVariableInstanceByQueryCriteria - <==      Total: 0
16:46:24.905 [main] DEBUG org.activiti.engine.impl.history.DefaultHistoryManager - Current history level: AUDIT
16:46:24.905 [main] DEBUG org.activiti.engine.impl.history.DefaultHistoryManager - Current history level: AUDIT
16:46:24.905 [main] DEBUG org.activiti.engine.impl.persistence.entity.AttachmentEntity.selectAttachmentsByTaskId - ==>  Preparing: select * from ACT_HI_ATTACHMENT where TASK_ID_ = ? 
16:46:24.905 [main] DEBUG org.activiti.engine.impl.persistence.entity.AttachmentEntity.selectAttachmentsByTaskId - ==> Parameters: 10183(String)
16:46:24.905 [main] DEBUG org.activiti.engine.impl.persistence.entity.AttachmentEntity.selectAttachmentsByTaskId - <==      Total: 0
16:46:24.905 [main] DEBUG org.activiti.engine.impl.persistence.entity.HistoricIdentityLinkEntity.selectHistoricIdentityLinksByTask - ==>  Preparing: select * from ACT_HI_IDENTITYLINK where TASK_ID_ = ? 
16:46:24.905 [main] DEBUG org.activiti.engine.impl.persistence.entity.HistoricIdentityLinkEntity.selectHistoricIdentityLinksByTask - ==> Parameters: 10183(String)
16:46:24.905 [main] DEBUG org.activiti.engine.impl.persistence.entity.HistoricIdentityLinkEntity.selectHistoricIdentityLinksByTask - <==      Total: 1
16:46:24.905 [main] DEBUG org.activiti.engine.impl.history.DefaultHistoryManager - Current history level: AUDIT
16:46:24.905 [main] DEBUG org.activiti.engine.impl.history.DefaultHistoryManager - Current history level: AUDIT
16:46:24.905 [main] DEBUG org.activiti.engine.impl.history.DefaultHistoryManager - Current history level: AUDIT, level required: FULL
16:46:24.905 [main] DEBUG org.activiti.engine.impl.history.DefaultHistoryManager - Current history level: AUDIT, level required: ACTIVITY
16:46:24.905 [main] DEBUG org.activiti.engine.impl.history.DefaultHistoryManager - Current history level: AUDIT
16:46:24.905 [main] DEBUG org.activiti.engine.impl.history.DefaultHistoryManager - Current history level: AUDIT
16:46:24.905 [main] DEBUG org.activiti.engine.impl.db.DbSqlSession - skipping redundant delete: org.activiti.engine.impl.persistence.entity.HistoricIdentityLinkEntity@4c5a2baf
16:46:24.905 [main] DEBUG org.activiti.engine.impl.db.DbSqlSession - skipping redundant delete: org.activiti.engine.impl.persistence.entity.HistoricTaskInstanceEntity@1ec22831
16:46:24.905 [main] DEBUG org.activiti.engine.impl.persistence.entity.HistoricIdentityLinkEntity.selectHistoricIdentityLinksByProcessInstance - ==>  Preparing: select * from ACT_HI_IDENTITYLINK where PROC_INST_ID_ = ? 
16:46:24.906 [main] DEBUG org.activiti.engine.impl.persistence.entity.HistoricIdentityLinkEntity.selectHistoricIdentityLinksByProcessInstance - ==> Parameters: 10165(String)
16:46:24.906 [main] DEBUG org.activiti.engine.impl.persistence.entity.HistoricIdentityLinkEntity.selectHistoricIdentityLinksByProcessInstance - <==      Total: 2
16:46:24.906 [main] DEBUG org.activiti.engine.impl.db.DbSqlSession - skipping redundant delete: org.activiti.engine.impl.persistence.entity.HistoricIdentityLinkEntity@63f855b
16:46:24.906 [main] DEBUG org.activiti.engine.impl.db.DbSqlSession - skipping redundant delete: org.activiti.engine.impl.persistence.entity.HistoricIdentityLinkEntity@516592b1
16:46:24.906 [main] DEBUG org.activiti.engine.impl.history.DefaultHistoryManager - Current history level: AUDIT
16:46:24.906 [main] DEBUG org.activiti.engine.impl.persistence.entity.HistoricProcessInstanceEntity.selectHistoricProcessInstancesByQueryCriteria - ==>  Preparing: select RES.* from ACT_HI_PROCINST RES WHERE RES.SUPER_PROCESS_INSTANCE_ID_ = ? order by RES.ID_ asc LIMIT ? OFFSET ? 
16:46:24.907 [main] DEBUG org.activiti.engine.impl.persistence.entity.HistoricProcessInstanceEntity.selectHistoricProcessInstancesByQueryCriteria - ==> Parameters: 10165(String), 2147483647(Integer), 0(Integer)
16:46:24.907 [main] DEBUG org.activiti.engine.impl.persistence.entity.HistoricProcessInstanceEntity.selectHistoricProcessInstancesByQueryCriteria - <==      Total: 0
16:46:24.907 [main] DEBUG org.activiti.engine.impl.history.DefaultHistoryManager - Current history level: AUDIT
16:46:24.907 [main] DEBUG org.activiti.engine.impl.persistence.entity.HistoricProcessInstanceEntity.selectHistoricProcessInstanceIdsByProcessDefinitionId - ==>  Preparing: select ID_ from ACT_HI_PROCINST where PROC_DEF_ID_ = ? 
16:46:24.907 [main] DEBUG org.activiti.engine.impl.persistence.entity.HistoricProcessInstanceEntity.selectHistoricProcessInstanceIdsByProcessDefinitionId - ==> Parameters: purchase-error-event-subprocess:1:10164(String)
16:46:24.907 [main] DEBUG org.activiti.engine.impl.persistence.entity.HistoricProcessInstanceEntity.selectHistoricProcessInstanceIdsByProcessDefinitionId - <==      Total: 1
16:46:24.907 [main] DEBUG org.activiti.engine.impl.history.DefaultHistoryManager - Current history level: AUDIT
16:46:24.907 [main] DEBUG org.activiti.engine.impl.history.DefaultHistoryManager - Current history level: AUDIT
16:46:24.907 [main] DEBUG org.activiti.engine.impl.history.DefaultHistoryManager - Current history level: AUDIT, level required: AUDIT
16:46:24.907 [main] DEBUG org.activiti.engine.impl.db.DbSqlSession - skipping redundant delete: org.activiti.engine.impl.persistence.entity.HistoricFormPropertyEntity@4cffcc61
16:46:24.907 [main] DEBUG org.activiti.engine.impl.db.DbSqlSession - skipping redundant delete: org.activiti.engine.impl.persistence.entity.HistoricFormPropertyEntity@4373f66f
16:46:24.907 [main] DEBUG org.activiti.engine.impl.db.DbSqlSession - skipping redundant delete: org.activiti.engine.impl.persistence.entity.HistoricFormPropertyEntity@399ca607
16:46:24.907 [main] DEBUG org.activiti.engine.impl.db.DbSqlSession - skipping redundant delete: org.activiti.engine.impl.persistence.entity.HistoricFormPropertyEntity@44114b9f
16:46:24.907 [main] DEBUG org.activiti.engine.impl.db.DbSqlSession - skipping redundant delete: org.activiti.engine.impl.persistence.entity.HistoricFormPropertyEntity@76bf1bb8
16:46:24.907 [main] DEBUG org.activiti.engine.impl.db.DbSqlSession - skipping redundant delete: org.activiti.engine.impl.persistence.entity.HistoricFormPropertyEntity@2a235b8e
16:46:24.907 [main] DEBUG org.activiti.engine.impl.db.DbSqlSession - skipping redundant delete: org.activiti.engine.impl.persistence.entity.HistoricFormPropertyEntity@76536c53
16:46:24.907 [main] DEBUG org.activiti.engine.impl.db.DbSqlSession - skipping redundant delete: org.activiti.engine.impl.persistence.entity.HistoricFormPropertyEntity@38d08cb5
16:46:24.907 [main] DEBUG org.activiti.engine.impl.history.DefaultHistoryManager - Current history level: AUDIT, level required: ACTIVITY
16:46:24.907 [main] DEBUG org.activiti.engine.impl.db.DbSqlSession - skipping redundant delete: HistoricVariableInstanceEntity[id=10166, name=applyUserId, revision=0, type=string, textValue=henryyan]
16:46:24.907 [main] DEBUG org.activiti.engine.impl.db.DbSqlSession - skipping redundant delete: HistoricVariableInstanceEntity[id=10172, name=dueDate, revision=0, type=date, longValue=1362931200000]
16:46:24.907 [main] DEBUG org.activiti.engine.impl.db.DbSqlSession - skipping redundant delete: HistoricVariableInstanceEntity[id=10173, name=listing, revision=0, type=string, textValue=1. MacBook Pro一台
2. 27寸显示器一台]
16:46:24.907 [main] DEBUG org.activiti.engine.impl.db.DbSqlSession - skipping redundant delete: HistoricVariableInstanceEntity[id=10174, name=amountMoney, revision=0, type=double, doubleValue=22000.0]
16:46:24.907 [main] DEBUG org.activiti.engine.impl.db.DbSqlSession - skipping redundant delete: HistoricVariableInstanceEntity[id=10180, name=deptLeaderApproved, revision=0, type=string, textValue=true]
16:46:24.907 [main] DEBUG org.activiti.engine.impl.db.DbSqlSession - skipping redundant delete: HistoricVariableInstanceEntity[id=10189, name=supplier, revision=0, type=string, textValue=苹果公司]
16:46:24.907 [main] DEBUG org.activiti.engine.impl.db.DbSqlSession - skipping redundant delete: HistoricVariableInstanceEntity[id=10190, name=bankName, revision=0, type=string, textValue=中国工商银行]
16:46:24.907 [main] DEBUG org.activiti.engine.impl.db.DbSqlSession - skipping redundant delete: HistoricVariableInstanceEntity[id=10191, name=bankAccount, revision=0, type=string, textValue=203840240274247293]
16:46:24.907 [main] DEBUG org.activiti.engine.impl.db.DbSqlSession - skipping redundant delete: HistoricVariableInstanceEntity[id=10192, name=planDate, revision=0, type=date, longValue=1363708800000]
16:46:24.907 [main] DEBUG org.activiti.engine.impl.db.DbSqlSession - skipping redundant delete: HistoricVariableInstanceEntity[id=10193, name=usage, revision=0, type=string, textValue=1. MacBook Pro一台
2. 27寸显示器一台]
16:46:24.907 [main] DEBUG org.activiti.engine.impl.db.DbSqlSession - skipping redundant delete: HistoricVariableInstanceEntity[id=10190, name=bankName, revision=0, type=string, textValue=中国工商银行]
16:46:24.907 [main] DEBUG org.activiti.engine.impl.db.DbSqlSession - skipping redundant delete: HistoricVariableInstanceEntity[id=10192, name=planDate, revision=0, type=date, longValue=1363708800000]
16:46:24.907 [main] DEBUG org.activiti.engine.impl.db.DbSqlSession - skipping redundant delete: HistoricVariableInstanceEntity[id=10180, name=deptLeaderApproved, revision=0, type=string, textValue=true]
16:46:24.907 [main] DEBUG org.activiti.engine.impl.db.DbSqlSession - skipping redundant delete: HistoricVariableInstanceEntity[id=10191, name=bankAccount, revision=0, type=string, textValue=203840240274247293]
16:46:24.907 [main] DEBUG org.activiti.engine.impl.db.DbSqlSession - skipping redundant delete: HistoricVariableInstanceEntity[id=10172, name=dueDate, revision=0, type=date, longValue=1362931200000]
16:46:24.907 [main] DEBUG org.activiti.engine.impl.db.DbSqlSession - skipping redundant delete: HistoricVariableInstanceEntity[id=10193, name=usage, revision=0, type=string, textValue=1. MacBook Pro一台
2. 27寸显示器一台]
16:46:24.907 [main] DEBUG org.activiti.engine.impl.db.DbSqlSession - skipping redundant delete: HistoricVariableInstanceEntity[id=10174, name=amountMoney, revision=0, type=double, doubleValue=22000.0]
16:46:24.907 [main] DEBUG org.activiti.engine.impl.db.DbSqlSession - skipping redundant delete: HistoricVariableInstanceEntity[id=10173, name=listing, revision=0, type=string, textValue=1. MacBook Pro一台
2. 27寸显示器一台]
16:46:24.907 [main] DEBUG org.activiti.engine.impl.db.DbSqlSession - skipping redundant delete: HistoricVariableInstanceEntity[id=10189, name=supplier, revision=0, type=string, textValue=苹果公司]
16:46:24.907 [main] DEBUG org.activiti.engine.impl.db.DbSqlSession - skipping redundant delete: HistoricVariableInstanceEntity[id=10166, name=applyUserId, revision=0, type=string, textValue=henryyan]
16:46:24.907 [main] DEBUG org.activiti.engine.impl.history.DefaultHistoryManager - Current history level: AUDIT, level required: ACTIVITY
16:46:24.908 [main] DEBUG org.activiti.engine.impl.history.DefaultHistoryManager - Current history level: AUDIT, level required: AUDIT
16:46:24.908 [main] DEBUG org.activiti.engine.impl.history.DefaultHistoryManager - Current history level: AUDIT
16:46:24.908 [main] DEBUG org.activiti.engine.impl.history.DefaultHistoryManager - Current history level: AUDIT
16:46:24.908 [main] DEBUG org.activiti.engine.impl.history.DefaultHistoryManager - Current history level: AUDIT, level required: FULL
16:46:24.908 [main] DEBUG org.activiti.engine.impl.history.DefaultHistoryManager - Current history level: AUDIT, level required: ACTIVITY
16:46:24.908 [main] DEBUG org.activiti.engine.impl.history.DefaultHistoryManager - Current history level: AUDIT
16:46:24.908 [main] DEBUG org.activiti.engine.impl.history.DefaultHistoryManager - Current history level: AUDIT
16:46:24.908 [main] DEBUG org.activiti.engine.impl.db.DbSqlSession - skipping redundant delete: org.activiti.engine.impl.persistence.entity.HistoricIdentityLinkEntity@363c32cc
16:46:24.908 [main] DEBUG org.activiti.engine.impl.db.DbSqlSession - skipping redundant delete: org.activiti.engine.impl.persistence.entity.HistoricTaskInstanceEntity@6f3f0ae
16:46:24.908 [main] DEBUG org.activiti.engine.impl.history.DefaultHistoryManager - Current history level: AUDIT
16:46:24.908 [main] DEBUG org.activiti.engine.impl.history.DefaultHistoryManager - Current history level: AUDIT
16:46:24.908 [main] DEBUG org.activiti.engine.impl.history.DefaultHistoryManager - Current history level: AUDIT, level required: FULL
16:46:24.908 [main] DEBUG org.activiti.engine.impl.history.DefaultHistoryManager - Current history level: AUDIT, level required: ACTIVITY
16:46:24.908 [main] DEBUG org.activiti.engine.impl.history.DefaultHistoryManager - Current history level: AUDIT
16:46:24.908 [main] DEBUG org.activiti.engine.impl.history.DefaultHistoryManager - Current history level: AUDIT
16:46:24.908 [main] DEBUG org.activiti.engine.impl.db.DbSqlSession - skipping redundant delete: org.activiti.engine.impl.persistence.entity.HistoricIdentityLinkEntity@6baf25d7
16:46:24.908 [main] DEBUG org.activiti.engine.impl.db.DbSqlSession - skipping redundant delete: org.activiti.engine.impl.persistence.entity.HistoricTaskInstanceEntity@57a6a933
16:46:24.908 [main] DEBUG org.activiti.engine.impl.history.DefaultHistoryManager - Current history level: AUDIT
16:46:24.908 [main] DEBUG org.activiti.engine.impl.history.DefaultHistoryManager - Current history level: AUDIT
16:46:24.908 [main] DEBUG org.activiti.engine.impl.history.DefaultHistoryManager - Current history level: AUDIT, level required: FULL
16:46:24.908 [main] DEBUG org.activiti.engine.impl.history.DefaultHistoryManager - Current history level: AUDIT, level required: ACTIVITY
16:46:24.908 [main] DEBUG org.activiti.engine.impl.history.DefaultHistoryManager - Current history level: AUDIT
16:46:24.908 [main] DEBUG org.activiti.engine.impl.history.DefaultHistoryManager - Current history level: AUDIT
16:46:24.908 [main] DEBUG org.activiti.engine.impl.db.DbSqlSession - skipping redundant delete: org.activiti.engine.impl.persistence.entity.HistoricIdentityLinkEntity@4c5a2baf
16:46:24.908 [main] DEBUG org.activiti.engine.impl.db.DbSqlSession - skipping redundant delete: org.activiti.engine.impl.persistence.entity.HistoricTaskInstanceEntity@1ec22831
16:46:24.908 [main] DEBUG org.activiti.engine.impl.db.DbSqlSession - skipping redundant delete: org.activiti.engine.impl.persistence.entity.HistoricIdentityLinkEntity@63f855b
16:46:24.908 [main] DEBUG org.activiti.engine.impl.db.DbSqlSession - skipping redundant delete: org.activiti.engine.impl.persistence.entity.HistoricIdentityLinkEntity@516592b1
16:46:24.908 [main] DEBUG org.activiti.engine.impl.db.DbSqlSession - skipping redundant delete: org.activiti.engine.impl.persistence.entity.HistoricIdentityLinkEntity@63f855b
16:46:24.908 [main] DEBUG org.activiti.engine.impl.db.DbSqlSession - skipping redundant delete: org.activiti.engine.impl.persistence.entity.HistoricIdentityLinkEntity@516592b1
16:46:24.908 [main] DEBUG org.activiti.engine.impl.history.DefaultHistoryManager - Current history level: AUDIT
16:46:24.908 [main] DEBUG org.activiti.engine.impl.db.DbSqlSession - skipping redundant delete: HistoricProcessInstanceEntity[superProcessInstanceId=null]
16:46:24.908 [main] DEBUG org.activiti.engine.impl.persistence.entity.JobEntity.selectJobsByConfiguration - ==>  Preparing: select * from ACT_RU_JOB where HANDLER_TYPE_ = ? and HANDLER_CFG_ = ? 
16:46:24.908 [main] DEBUG org.activiti.engine.impl.persistence.entity.JobEntity.selectJobsByConfiguration - ==> Parameters: timer-start-event(String), purchase-error-event-subprocess(String)
16:46:24.908 [main] DEBUG org.activiti.engine.impl.persistence.entity.JobEntity.selectJobsByConfiguration - <==      Total: 0
16:46:24.909 [main] DEBUG org.activiti.engine.impl.persistence.entity.EventSubscriptionEntity.selectEventSubscriptionsByConfiguration - ==>  Preparing: select * from ACT_RU_EVENT_SUBSCR where (EVENT_TYPE_ = ?) and ( (CONFIGURATION_ = ?) or (PROC_DEF_ID_ = ?) ) and (TENANT_ID_ = '' or TENANT_ID_ is null) 
16:46:24.909 [main] DEBUG org.activiti.engine.impl.persistence.entity.EventSubscriptionEntity.selectEventSubscriptionsByConfiguration - ==> Parameters: message(String), purchase-error-event-subprocess:1:10164(String), purchase-error-event-subprocess:1:10164(String)
16:46:24.909 [main] DEBUG org.activiti.engine.impl.persistence.entity.EventSubscriptionEntity.selectEventSubscriptionsByConfiguration - <==      Total: 0
16:46:24.909 [main] DEBUG org.activiti.engine.impl.db.DbSqlSession - flush summary: 0 insert, 2 update, 59 delete.
16:46:24.909 [main] DEBUG org.activiti.engine.impl.db.DbSqlSession -   update HistoricActivityInstanceEntity[activityId=treasurerAudit, activityName=财务审批]
16:46:24.909 [main] DEBUG org.activiti.engine.impl.db.DbSqlSession -   update HistoricActivityInstanceEntity[activityId=subprocessPay, activityName=付费子流程]
16:46:24.909 [main] DEBUG org.activiti.engine.impl.db.DbSqlSession -   delete IdentityLinkEntity[id=10198, type=candidate, groupId=treasurer, taskId=10197]
16:46:24.909 [main] DEBUG org.activiti.engine.impl.db.DbSqlSession -   bulk delete: deleteCommentsByTaskId(10197)
16:46:24.909 [main] DEBUG org.activiti.engine.impl.db.DbSqlSession -   delete org.activiti.engine.impl.persistence.entity.HistoricIdentityLinkEntity@4c5a2baf
16:46:24.909 [main] DEBUG org.activiti.engine.impl.db.DbSqlSession -   delete org.activiti.engine.impl.persistence.entity.HistoricTaskInstanceEntity@1ec22831
16:46:24.909 [main] DEBUG org.activiti.engine.impl.db.DbSqlSession -   delete Task[id=10197, name=财务审批]
16:46:24.909 [main] DEBUG org.activiti.engine.impl.db.DbSqlSession -   delete Execution[10194]
16:46:24.909 [main] DEBUG org.activiti.engine.impl.db.DbSqlSession -   delete VariableInstanceEntity[id=10166, name=applyUserId, type=string, textValue=henryyan]
16:46:24.909 [main] DEBUG org.activiti.engine.impl.db.DbSqlSession -   delete VariableInstanceEntity[id=10172, name=dueDate, type=date, longValue=1362931200000]
16:46:24.909 [main] DEBUG org.activiti.engine.impl.db.DbSqlSession -   delete VariableInstanceEntity[id=10173, name=listing, type=string, textValue=1. MacBook Pro一台
2. 27寸显示器一台]
16:46:24.909 [main] DEBUG org.activiti.engine.impl.db.DbSqlSession -   delete VariableInstanceEntity[id=10174, name=amountMoney, type=double, doubleValue=22000.0]
16:46:24.909 [main] DEBUG org.activiti.engine.impl.db.DbSqlSession -   delete VariableInstanceEntity[id=10180, name=deptLeaderApproved, type=string, textValue=true]
16:46:24.909 [main] DEBUG org.activiti.engine.impl.db.DbSqlSession -   delete VariableInstanceEntity[id=10189, name=supplier, type=string, textValue=苹果公司]
16:46:24.909 [main] DEBUG org.activiti.engine.impl.db.DbSqlSession -   delete VariableInstanceEntity[id=10190, name=bankName, type=string, textValue=中国工商银行]
16:46:24.909 [main] DEBUG org.activiti.engine.impl.db.DbSqlSession -   delete VariableInstanceEntity[id=10191, name=bankAccount, type=string, textValue=203840240274247293]
16:46:24.909 [main] DEBUG org.activiti.engine.impl.db.DbSqlSession -   delete VariableInstanceEntity[id=10192, name=planDate, type=date, longValue=1363708800000]
16:46:24.909 [main] DEBUG org.activiti.engine.impl.db.DbSqlSession -   delete VariableInstanceEntity[id=10193, name=usage, type=string, textValue=1. MacBook Pro一台
2. 27寸显示器一台]
16:46:24.909 [main] DEBUG org.activiti.engine.impl.db.DbSqlSession -   delete IdentityLinkEntity[id=10167, type=starter, userId=henryyan, processInstanceId=10165]
16:46:24.909 [main] DEBUG org.activiti.engine.impl.db.DbSqlSession -   delete IdentityLinkEntity[id=10178, type=participant, userId=kermit, processInstanceId=10165]
16:46:24.909 [main] DEBUG org.activiti.engine.impl.db.DbSqlSession -   delete ProcessInstance[10165]
16:46:24.909 [main] DEBUG org.activiti.engine.impl.db.DbSqlSession -   delete org.activiti.engine.impl.persistence.entity.HistoricFormPropertyEntity@4cffcc61
16:46:24.909 [main] DEBUG org.activiti.engine.impl.db.DbSqlSession -   delete org.activiti.engine.impl.persistence.entity.HistoricFormPropertyEntity@4373f66f
16:46:24.909 [main] DEBUG org.activiti.engine.impl.db.DbSqlSession -   delete org.activiti.engine.impl.persistence.entity.HistoricFormPropertyEntity@399ca607
16:46:24.909 [main] DEBUG org.activiti.engine.impl.db.DbSqlSession -   delete org.activiti.engine.impl.persistence.entity.HistoricFormPropertyEntity@44114b9f
16:46:24.909 [main] DEBUG org.activiti.engine.impl.db.DbSqlSession -   delete org.activiti.engine.impl.persistence.entity.HistoricFormPropertyEntity@76bf1bb8
16:46:24.909 [main] DEBUG org.activiti.engine.impl.db.DbSqlSession -   delete org.activiti.engine.impl.persistence.entity.HistoricFormPropertyEntity@2a235b8e
16:46:24.909 [main] DEBUG org.activiti.engine.impl.db.DbSqlSession -   delete org.activiti.engine.impl.persistence.entity.HistoricFormPropertyEntity@76536c53
16:46:24.909 [main] DEBUG org.activiti.engine.impl.db.DbSqlSession -   delete org.activiti.engine.impl.persistence.entity.HistoricFormPropertyEntity@38d08cb5
16:46:24.909 [main] DEBUG org.activiti.engine.impl.db.DbSqlSession -   delete HistoricVariableInstanceEntity[id=10166, name=applyUserId, revision=0, type=string, textValue=henryyan]
16:46:24.909 [main] DEBUG org.activiti.engine.impl.db.DbSqlSession -   delete HistoricVariableInstanceEntity[id=10172, name=dueDate, revision=0, type=date, longValue=1362931200000]
16:46:24.909 [main] DEBUG org.activiti.engine.impl.db.DbSqlSession -   delete HistoricVariableInstanceEntity[id=10173, name=listing, revision=0, type=string, textValue=1. MacBook Pro一台
2. 27寸显示器一台]
16:46:24.909 [main] DEBUG org.activiti.engine.impl.db.DbSqlSession -   delete HistoricVariableInstanceEntity[id=10174, name=amountMoney, revision=0, type=double, doubleValue=22000.0]
16:46:24.909 [main] DEBUG org.activiti.engine.impl.db.DbSqlSession -   delete HistoricVariableInstanceEntity[id=10180, name=deptLeaderApproved, revision=0, type=string, textValue=true]
16:46:24.909 [main] DEBUG org.activiti.engine.impl.db.DbSqlSession -   delete HistoricVariableInstanceEntity[id=10189, name=supplier, revision=0, type=string, textValue=苹果公司]
16:46:24.909 [main] DEBUG org.activiti.engine.impl.db.DbSqlSession -   delete HistoricVariableInstanceEntity[id=10190, name=bankName, revision=0, type=string, textValue=中国工商银行]
16:46:24.909 [main] DEBUG org.activiti.engine.impl.db.DbSqlSession -   delete HistoricVariableInstanceEntity[id=10191, name=bankAccount, revision=0, type=string, textValue=203840240274247293]
16:46:24.909 [main] DEBUG org.activiti.engine.impl.db.DbSqlSession -   delete HistoricVariableInstanceEntity[id=10192, name=planDate, revision=0, type=date, longValue=1363708800000]
16:46:24.909 [main] DEBUG org.activiti.engine.impl.db.DbSqlSession -   delete HistoricVariableInstanceEntity[id=10193, name=usage, revision=0, type=string, textValue=1. MacBook Pro一台
2. 27寸显示器一台]
16:46:24.909 [main] DEBUG org.activiti.engine.impl.db.DbSqlSession -   bulk delete: deleteHistoricActivityInstancesByProcessInstanceId(10165)
16:46:24.909 [main] DEBUG org.activiti.engine.impl.db.DbSqlSession -   bulk delete: deleteCommentsByTaskId(10176)
16:46:24.909 [main] DEBUG org.activiti.engine.impl.db.DbSqlSession -   delete org.activiti.engine.impl.persistence.entity.HistoricIdentityLinkEntity@363c32cc
16:46:24.909 [main] DEBUG org.activiti.engine.impl.db.DbSqlSession -   delete org.activiti.engine.impl.persistence.entity.HistoricTaskInstanceEntity@6f3f0ae
16:46:24.909 [main] DEBUG org.activiti.engine.impl.db.DbSqlSession -   bulk delete: deleteCommentsByTaskId(10183)
16:46:24.909 [main] DEBUG org.activiti.engine.impl.db.DbSqlSession -   delete org.activiti.engine.impl.persistence.entity.HistoricIdentityLinkEntity@6baf25d7
16:46:24.909 [main] DEBUG org.activiti.engine.impl.db.DbSqlSession -   delete org.activiti.engine.impl.persistence.entity.HistoricTaskInstanceEntity@57a6a933
16:46:24.909 [main] DEBUG org.activiti.engine.impl.db.DbSqlSession -   bulk delete: deleteCommentsByTaskId(10197)
16:46:24.909 [main] DEBUG org.activiti.engine.impl.db.DbSqlSession -   delete org.activiti.engine.impl.persistence.entity.HistoricIdentityLinkEntity@63f855b
16:46:24.909 [main] DEBUG org.activiti.engine.impl.db.DbSqlSession -   delete org.activiti.engine.impl.persistence.entity.HistoricIdentityLinkEntity@516592b1
16:46:24.909 [main] DEBUG org.activiti.engine.impl.db.DbSqlSession -   bulk delete: deleteCommentsByProcessInstanceId(10165)
16:46:24.909 [main] DEBUG org.activiti.engine.impl.db.DbSqlSession -   delete HistoricProcessInstanceEntity[superProcessInstanceId=null]
16:46:24.909 [main] DEBUG org.activiti.engine.impl.db.DbSqlSession -   bulk delete: deleteHistoricActivityInstancesByProcessInstanceId(10165)
16:46:24.909 [main] DEBUG org.activiti.engine.impl.db.DbSqlSession -   bulk delete: deleteCommentsByTaskId(10176)
16:46:24.909 [main] DEBUG org.activiti.engine.impl.db.DbSqlSession -   bulk delete: deleteCommentsByTaskId(10183)
16:46:24.909 [main] DEBUG org.activiti.engine.impl.db.DbSqlSession -   bulk delete: deleteCommentsByTaskId(10197)
16:46:24.909 [main] DEBUG org.activiti.engine.impl.db.DbSqlSession -   bulk delete: deleteCommentsByProcessInstanceId(10165)
16:46:24.909 [main] DEBUG org.activiti.engine.impl.db.DbSqlSession -   bulk delete: deleteIdentityLinkByProcDef(purchase-error-event-subprocess:1:10164)
16:46:24.909 [main] DEBUG org.activiti.engine.impl.db.DbSqlSession -   bulk delete: deleteEventSubscriptionsForProcessDefinition(purchase-error-event-subprocess:1:10164)
16:46:24.909 [main] DEBUG org.activiti.engine.impl.db.DbSqlSession -   bulk delete: deleteProcessDefinitionsByDeploymentId(10161)
16:46:24.909 [main] DEBUG org.activiti.engine.impl.db.DbSqlSession -   bulk delete: deleteResourcesByDeploymentId(10161)
16:46:24.909 [main] DEBUG org.activiti.engine.impl.db.DbSqlSession -   bulk delete: deleteDeployment(10161)
16:46:24.909 [main] DEBUG org.activiti.engine.impl.db.DbSqlSession - now executing flush...
16:46:24.909 [main] DEBUG org.activiti.engine.impl.db.DbSqlSession - updating: HistoricActivityInstanceEntity[activityId=treasurerAudit, activityName=财务审批]
16:46:24.909 [main] DEBUG org.activiti.engine.impl.persistence.entity.HistoricActivityInstanceEntity.updateHistoricActivityInstance - ==>  Preparing: update ACT_HI_ACTINST set EXECUTION_ID_ = ?, ASSIGNEE_ = ?, END_TIME_ = ?, DURATION_ = ? where ID_ = ? 
16:46:24.909 [main] DEBUG org.activiti.engine.impl.persistence.entity.HistoricActivityInstanceEntity.updateHistoricActivityInstance - ==> Parameters: 10194(String), kermit(String), 2017-11-28 16:46:24.888(Timestamp), 47(Long), 10196(String)
16:46:24.910 [main] DEBUG org.activiti.engine.impl.persistence.entity.HistoricActivityInstanceEntity.updateHistoricActivityInstance - <==    Updates: 1
16:46:24.910 [main] DEBUG org.activiti.engine.impl.db.DbSqlSession - updating: HistoricActivityInstanceEntity[activityId=subprocessPay, activityName=付费子流程]
16:46:24.910 [main] DEBUG org.activiti.engine.impl.persistence.entity.HistoricActivityInstanceEntity.updateHistoricActivityInstance - ==>  Preparing: update ACT_HI_ACTINST set EXECUTION_ID_ = ?, ASSIGNEE_ = ?, END_TIME_ = ?, DURATION_ = ? where ID_ = ? 
16:46:24.910 [main] DEBUG org.activiti.engine.impl.persistence.entity.HistoricActivityInstanceEntity.updateHistoricActivityInstance - ==> Parameters: 10194(String), null, 2017-11-28 16:46:24.889(Timestamp), 48(Long), 10195(String)
16:46:24.910 [main] DEBUG org.activiti.engine.impl.persistence.entity.HistoricActivityInstanceEntity.updateHistoricActivityInstance - <==    Updates: 1
16:46:24.910 [main] DEBUG org.activiti.engine.impl.db.DbSqlSession - executing: delete IdentityLinkEntity[id=10198, type=candidate, groupId=treasurer, taskId=10197]
16:46:24.910 [main] DEBUG org.activiti.engine.impl.persistence.entity.IdentityLinkEntity.deleteIdentityLink - ==>  Preparing: delete from ACT_RU_IDENTITYLINK where ID_ = ? 
16:46:24.910 [main] DEBUG org.activiti.engine.impl.persistence.entity.IdentityLinkEntity.deleteIdentityLink - ==> Parameters: 10198(String)
16:46:24.910 [main] DEBUG org.activiti.engine.impl.persistence.entity.IdentityLinkEntity.deleteIdentityLink - <==    Updates: 1
16:46:24.910 [main] DEBUG org.activiti.engine.impl.db.DbSqlSession - executing: bulk delete: deleteCommentsByTaskId(10197)
16:46:24.910 [main] DEBUG org.activiti.engine.impl.persistence.entity.CommentEntity.deleteCommentsByTaskId - ==>  Preparing: delete from ACT_HI_COMMENT where TASK_ID_ = ? 
16:46:24.910 [main] DEBUG org.activiti.engine.impl.persistence.entity.CommentEntity.deleteCommentsByTaskId - ==> Parameters: 10197(String)
16:46:24.910 [main] DEBUG org.activiti.engine.impl.persistence.entity.CommentEntity.deleteCommentsByTaskId - <==    Updates: 0
16:46:24.910 [main] DEBUG org.activiti.engine.impl.db.DbSqlSession - executing: delete org.activiti.engine.impl.persistence.entity.HistoricIdentityLinkEntity@4c5a2baf
16:46:24.910 [main] DEBUG org.activiti.engine.impl.persistence.entity.HistoricIdentityLinkEntity.deleteHistoricIdentityLink - ==>  Preparing: delete from ACT_HI_IDENTITYLINK where ID_ = ? 
16:46:24.910 [main] DEBUG org.activiti.engine.impl.persistence.entity.HistoricIdentityLinkEntity.deleteHistoricIdentityLink - ==> Parameters: 10198(String)
16:46:24.910 [main] DEBUG org.activiti.engine.impl.persistence.entity.HistoricIdentityLinkEntity.deleteHistoricIdentityLink - <==    Updates: 1
16:46:24.910 [main] DEBUG org.activiti.engine.impl.db.DbSqlSession - executing: delete org.activiti.engine.impl.persistence.entity.HistoricTaskInstanceEntity@1ec22831
16:46:24.910 [main] DEBUG org.activiti.engine.impl.persistence.entity.HistoricTaskInstanceEntity.deleteHistoricTaskInstance - ==>  Preparing: delete from ACT_HI_TASKINST where ID_ = ? 
16:46:24.910 [main] DEBUG org.activiti.engine.impl.persistence.entity.HistoricTaskInstanceEntity.deleteHistoricTaskInstance - ==> Parameters: 10197(String)
16:46:24.910 [main] DEBUG org.activiti.engine.impl.persistence.entity.HistoricTaskInstanceEntity.deleteHistoricTaskInstance - <==    Updates: 1
16:46:24.910 [main] DEBUG org.activiti.engine.impl.db.DbSqlSession - executing: delete Task[id=10197, name=财务审批]
16:46:24.910 [main] DEBUG org.activiti.engine.impl.persistence.entity.TaskEntity.deleteTask - ==>  Preparing: delete from ACT_RU_TASK where ID_ = ? and REV_ = ? 
16:46:24.910 [main] DEBUG org.activiti.engine.impl.persistence.entity.TaskEntity.deleteTask - ==> Parameters: 10197(String), 2(Integer)
16:46:24.910 [main] DEBUG org.activiti.engine.impl.persistence.entity.TaskEntity.deleteTask - <==    Updates: 1
16:46:24.910 [main] DEBUG org.activiti.engine.impl.db.DbSqlSession - executing: delete Execution[10194]
16:46:24.910 [main] DEBUG org.activiti.engine.impl.persistence.entity.ExecutionEntity.deleteExecution - ==>  Preparing: delete from ACT_RU_EXECUTION where ID_ = ? and REV_ = ? 
16:46:24.910 [main] DEBUG org.activiti.engine.impl.persistence.entity.ExecutionEntity.deleteExecution - ==> Parameters: 10194(String), 1(Integer)
16:46:24.910 [main] DEBUG org.activiti.engine.impl.persistence.entity.ExecutionEntity.deleteExecution - <==    Updates: 1
16:46:24.910 [main] DEBUG org.activiti.engine.impl.db.DbSqlSession - executing: delete VariableInstanceEntity[id=10166, name=applyUserId, type=string, textValue=henryyan]
16:46:24.910 [main] DEBUG org.activiti.engine.impl.persistence.entity.VariableInstanceEntity.deleteVariableInstance - ==>  Preparing: delete from ACT_RU_VARIABLE where ID_ = ? and REV_ = ? 
16:46:24.910 [main] DEBUG org.activiti.engine.impl.persistence.entity.VariableInstanceEntity.deleteVariableInstance - ==> Parameters: 10166(String), 1(Integer)
16:46:24.910 [main] DEBUG org.activiti.engine.impl.persistence.entity.VariableInstanceEntity.deleteVariableInstance - <==    Updates: 1
16:46:24.910 [main] DEBUG org.activiti.engine.impl.db.DbSqlSession - executing: delete VariableInstanceEntity[id=10172, name=dueDate, type=date, longValue=1362931200000]
16:46:24.910 [main] DEBUG org.activiti.engine.impl.persistence.entity.VariableInstanceEntity.deleteVariableInstance - ==>  Preparing: delete from ACT_RU_VARIABLE where ID_ = ? and REV_ = ? 
16:46:24.910 [main] DEBUG org.activiti.engine.impl.persistence.entity.VariableInstanceEntity.deleteVariableInstance - ==> Parameters: 10172(String), 1(Integer)
16:46:24.910 [main] DEBUG org.activiti.engine.impl.persistence.entity.VariableInstanceEntity.deleteVariableInstance - <==    Updates: 1
16:46:24.911 [main] DEBUG org.activiti.engine.impl.db.DbSqlSession - executing: delete VariableInstanceEntity[id=10173, name=listing, type=string, textValue=1. MacBook Pro一台
2. 27寸显示器一台]
16:46:24.911 [main] DEBUG org.activiti.engine.impl.persistence.entity.VariableInstanceEntity.deleteVariableInstance - ==>  Preparing: delete from ACT_RU_VARIABLE where ID_ = ? and REV_ = ? 
16:46:24.911 [main] DEBUG org.activiti.engine.impl.persistence.entity.VariableInstanceEntity.deleteVariableInstance - ==> Parameters: 10173(String), 1(Integer)
16:46:24.911 [main] DEBUG org.activiti.engine.impl.persistence.entity.VariableInstanceEntity.deleteVariableInstance - <==    Updates: 1
16:46:24.911 [main] DEBUG org.activiti.engine.impl.db.DbSqlSession - executing: delete VariableInstanceEntity[id=10174, name=amountMoney, type=double, doubleValue=22000.0]
16:46:24.911 [main] DEBUG org.activiti.engine.impl.persistence.entity.VariableInstanceEntity.deleteVariableInstance - ==>  Preparing: delete from ACT_RU_VARIABLE where ID_ = ? and REV_ = ? 
16:46:24.911 [main] DEBUG org.activiti.engine.impl.persistence.entity.VariableInstanceEntity.deleteVariableInstance - ==> Parameters: 10174(String), 1(Integer)
16:46:24.911 [main] DEBUG org.activiti.engine.impl.persistence.entity.VariableInstanceEntity.deleteVariableInstance - <==    Updates: 1
16:46:24.911 [main] DEBUG org.activiti.engine.impl.db.DbSqlSession - executing: delete VariableInstanceEntity[id=10180, name=deptLeaderApproved, type=string, textValue=true]
16:46:24.911 [main] DEBUG org.activiti.engine.impl.persistence.entity.VariableInstanceEntity.deleteVariableInstance - ==>  Preparing: delete from ACT_RU_VARIABLE where ID_ = ? and REV_ = ? 
16:46:24.911 [main] DEBUG org.activiti.engine.impl.persistence.entity.VariableInstanceEntity.deleteVariableInstance - ==> Parameters: 10180(String), 1(Integer)
16:46:24.911 [main] DEBUG org.activiti.engine.impl.persistence.entity.VariableInstanceEntity.deleteVariableInstance - <==    Updates: 1
16:46:24.911 [main] DEBUG org.activiti.engine.impl.db.DbSqlSession - executing: delete VariableInstanceEntity[id=10189, name=supplier, type=string, textValue=苹果公司]
16:46:24.911 [main] DEBUG org.activiti.engine.impl.persistence.entity.VariableInstanceEntity.deleteVariableInstance - ==>  Preparing: delete from ACT_RU_VARIABLE where ID_ = ? and REV_ = ? 
16:46:24.911 [main] DEBUG org.activiti.engine.impl.persistence.entity.VariableInstanceEntity.deleteVariableInstance - ==> Parameters: 10189(String), 1(Integer)
16:46:24.911 [main] DEBUG org.activiti.engine.impl.persistence.entity.VariableInstanceEntity.deleteVariableInstance - <==    Updates: 1
16:46:24.911 [main] DEBUG org.activiti.engine.impl.db.DbSqlSession - executing: delete VariableInstanceEntity[id=10190, name=bankName, type=string, textValue=中国工商银行]
16:46:24.911 [main] DEBUG org.activiti.engine.impl.persistence.entity.VariableInstanceEntity.deleteVariableInstance - ==>  Preparing: delete from ACT_RU_VARIABLE where ID_ = ? and REV_ = ? 
16:46:24.911 [main] DEBUG org.activiti.engine.impl.persistence.entity.VariableInstanceEntity.deleteVariableInstance - ==> Parameters: 10190(String), 1(Integer)
16:46:24.911 [main] DEBUG org.activiti.engine.impl.persistence.entity.VariableInstanceEntity.deleteVariableInstance - <==    Updates: 1
16:46:24.911 [main] DEBUG org.activiti.engine.impl.db.DbSqlSession - executing: delete VariableInstanceEntity[id=10191, name=bankAccount, type=string, textValue=203840240274247293]
16:46:24.911 [main] DEBUG org.activiti.engine.impl.persistence.entity.VariableInstanceEntity.deleteVariableInstance - ==>  Preparing: delete from ACT_RU_VARIABLE where ID_ = ? and REV_ = ? 
16:46:24.911 [main] DEBUG org.activiti.engine.impl.persistence.entity.VariableInstanceEntity.deleteVariableInstance - ==> Parameters: 10191(String), 1(Integer)
16:46:24.911 [main] DEBUG org.activiti.engine.impl.persistence.entity.VariableInstanceEntity.deleteVariableInstance - <==    Updates: 1
16:46:24.911 [main] DEBUG org.activiti.engine.impl.db.DbSqlSession - executing: delete VariableInstanceEntity[id=10192, name=planDate, type=date, longValue=1363708800000]
16:46:24.911 [main] DEBUG org.activiti.engine.impl.persistence.entity.VariableInstanceEntity.deleteVariableInstance - ==>  Preparing: delete from ACT_RU_VARIABLE where ID_ = ? and REV_ = ? 
16:46:24.911 [main] DEBUG org.activiti.engine.impl.persistence.entity.VariableInstanceEntity.deleteVariableInstance - ==> Parameters: 10192(String), 1(Integer)
16:46:24.911 [main] DEBUG org.activiti.engine.impl.persistence.entity.VariableInstanceEntity.deleteVariableInstance - <==    Updates: 1
16:46:24.912 [main] DEBUG org.activiti.engine.impl.db.DbSqlSession - executing: delete VariableInstanceEntity[id=10193, name=usage, type=string, textValue=1. MacBook Pro一台
2. 27寸显示器一台]
16:46:24.912 [main] DEBUG org.activiti.engine.impl.persistence.entity.VariableInstanceEntity.deleteVariableInstance - ==>  Preparing: delete from ACT_RU_VARIABLE where ID_ = ? and REV_ = ? 
16:46:24.912 [main] DEBUG org.activiti.engine.impl.persistence.entity.VariableInstanceEntity.deleteVariableInstance - ==> Parameters: 10193(String), 1(Integer)
16:46:24.912 [main] DEBUG org.activiti.engine.impl.persistence.entity.VariableInstanceEntity.deleteVariableInstance - <==    Updates: 1
16:46:24.912 [main] DEBUG org.activiti.engine.impl.db.DbSqlSession - executing: delete IdentityLinkEntity[id=10167, type=starter, userId=henryyan, processInstanceId=10165]
16:46:24.913 [main] DEBUG org.activiti.engine.impl.persistence.entity.IdentityLinkEntity.deleteIdentityLink - ==>  Preparing: delete from ACT_RU_IDENTITYLINK where ID_ = ? 
16:46:24.913 [main] DEBUG org.activiti.engine.impl.persistence.entity.IdentityLinkEntity.deleteIdentityLink - ==> Parameters: 10167(String)
16:46:24.913 [main] DEBUG org.activiti.engine.impl.persistence.entity.IdentityLinkEntity.deleteIdentityLink - <==    Updates: 1
16:46:24.913 [main] DEBUG org.activiti.engine.impl.db.DbSqlSession - executing: delete IdentityLinkEntity[id=10178, type=participant, userId=kermit, processInstanceId=10165]
16:46:24.913 [main] DEBUG org.activiti.engine.impl.persistence.entity.IdentityLinkEntity.deleteIdentityLink - ==>  Preparing: delete from ACT_RU_IDENTITYLINK where ID_ = ? 
16:46:24.913 [main] DEBUG org.activiti.engine.impl.persistence.entity.IdentityLinkEntity.deleteIdentityLink - ==> Parameters: 10178(String)
16:46:24.913 [main] DEBUG org.activiti.engine.impl.persistence.entity.IdentityLinkEntity.deleteIdentityLink - <==    Updates: 1
16:46:24.913 [main] DEBUG org.activiti.engine.impl.db.DbSqlSession - executing: delete ProcessInstance[10165]
16:46:24.913 [main] DEBUG org.activiti.engine.impl.persistence.entity.ExecutionEntity.deleteExecution - ==>  Preparing: delete from ACT_RU_EXECUTION where ID_ = ? and REV_ = ? 
16:46:24.914 [main] DEBUG org.activiti.engine.impl.persistence.entity.ExecutionEntity.deleteExecution - ==> Parameters: 10165(String), 3(Integer)
16:46:24.914 [main] DEBUG org.activiti.engine.impl.persistence.entity.ExecutionEntity.deleteExecution - <==    Updates: 1
16:46:24.914 [main] DEBUG org.activiti.engine.impl.db.DbSqlSession - executing: delete org.activiti.engine.impl.persistence.entity.HistoricFormPropertyEntity@4cffcc61
16:46:24.914 [main] DEBUG org.activiti.engine.impl.persistence.entity.HistoricDetailEntity.deleteHistoricFormProperty - ==>  Preparing: delete from ACT_HI_DETAIL where ID_ = ? 
16:46:24.914 [main] DEBUG org.activiti.engine.impl.persistence.entity.HistoricDetailEntity.deleteHistoricFormProperty - ==> Parameters: 10169(String)
16:46:24.914 [main] DEBUG org.activiti.engine.impl.persistence.entity.HistoricDetailEntity.deleteHistoricFormProperty - <==    Updates: 1
16:46:24.914 [main] DEBUG org.activiti.engine.impl.db.DbSqlSession - executing: delete org.activiti.engine.impl.persistence.entity.HistoricFormPropertyEntity@4373f66f
16:46:24.914 [main] DEBUG org.activiti.engine.impl.persistence.entity.HistoricDetailEntity.deleteHistoricFormProperty - ==>  Preparing: delete from ACT_HI_DETAIL where ID_ = ? 
16:46:24.914 [main] DEBUG org.activiti.engine.impl.persistence.entity.HistoricDetailEntity.deleteHistoricFormProperty - ==> Parameters: 10170(String)
16:46:24.914 [main] DEBUG org.activiti.engine.impl.persistence.entity.HistoricDetailEntity.deleteHistoricFormProperty - <==    Updates: 1
16:46:24.914 [main] DEBUG org.activiti.engine.impl.db.DbSqlSession - executing: delete org.activiti.engine.impl.persistence.entity.HistoricFormPropertyEntity@399ca607
16:46:24.914 [main] DEBUG org.activiti.engine.impl.persistence.entity.HistoricDetailEntity.deleteHistoricFormProperty - ==>  Preparing: delete from ACT_HI_DETAIL where ID_ = ? 
16:46:24.914 [main] DEBUG org.activiti.engine.impl.persistence.entity.HistoricDetailEntity.deleteHistoricFormProperty - ==> Parameters: 10171(String)
16:46:24.915 [main] DEBUG org.activiti.engine.impl.persistence.entity.HistoricDetailEntity.deleteHistoricFormProperty - <==    Updates: 1
16:46:24.915 [main] DEBUG org.activiti.engine.impl.db.DbSqlSession - executing: delete org.activiti.engine.impl.persistence.entity.HistoricFormPropertyEntity@44114b9f
16:46:24.915 [main] DEBUG org.activiti.engine.impl.persistence.entity.HistoricDetailEntity.deleteHistoricFormProperty - ==>  Preparing: delete from ACT_HI_DETAIL where ID_ = ? 
16:46:24.915 [main] DEBUG org.activiti.engine.impl.persistence.entity.HistoricDetailEntity.deleteHistoricFormProperty - ==> Parameters: 10179(String)
16:46:24.915 [main] DEBUG org.activiti.engine.impl.persistence.entity.HistoricDetailEntity.deleteHistoricFormProperty - <==    Updates: 1
16:46:24.915 [main] DEBUG org.activiti.engine.impl.db.DbSqlSession - executing: delete org.activiti.engine.impl.persistence.entity.HistoricFormPropertyEntity@76bf1bb8
16:46:24.915 [main] DEBUG org.activiti.engine.impl.persistence.entity.HistoricDetailEntity.deleteHistoricFormProperty - ==>  Preparing: delete from ACT_HI_DETAIL where ID_ = ? 
16:46:24.915 [main] DEBUG org.activiti.engine.impl.persistence.entity.HistoricDetailEntity.deleteHistoricFormProperty - ==> Parameters: 10185(String)
16:46:24.915 [main] DEBUG org.activiti.engine.impl.persistence.entity.HistoricDetailEntity.deleteHistoricFormProperty - <==    Updates: 1
16:46:24.915 [main] DEBUG org.activiti.engine.impl.db.DbSqlSession - executing: delete org.activiti.engine.impl.persistence.entity.HistoricFormPropertyEntity@2a235b8e
16:46:24.915 [main] DEBUG org.activiti.engine.impl.persistence.entity.HistoricDetailEntity.deleteHistoricFormProperty - ==>  Preparing: delete from ACT_HI_DETAIL where ID_ = ? 
16:46:24.915 [main] DEBUG org.activiti.engine.impl.persistence.entity.HistoricDetailEntity.deleteHistoricFormProperty - ==> Parameters: 10186(String)
16:46:24.915 [main] DEBUG org.activiti.engine.impl.persistence.entity.HistoricDetailEntity.deleteHistoricFormProperty - <==    Updates: 1
16:46:24.915 [main] DEBUG org.activiti.engine.impl.db.DbSqlSession - executing: delete org.activiti.engine.impl.persistence.entity.HistoricFormPropertyEntity@76536c53
16:46:24.915 [main] DEBUG org.activiti.engine.impl.persistence.entity.HistoricDetailEntity.deleteHistoricFormProperty - ==>  Preparing: delete from ACT_HI_DETAIL where ID_ = ? 
16:46:24.915 [main] DEBUG org.activiti.engine.impl.persistence.entity.HistoricDetailEntity.deleteHistoricFormProperty - ==> Parameters: 10187(String)
16:46:24.915 [main] DEBUG org.activiti.engine.impl.persistence.entity.HistoricDetailEntity.deleteHistoricFormProperty - <==    Updates: 1
16:46:24.915 [main] DEBUG org.activiti.engine.impl.db.DbSqlSession - executing: delete org.activiti.engine.impl.persistence.entity.HistoricFormPropertyEntity@38d08cb5
16:46:24.915 [main] DEBUG org.activiti.engine.impl.persistence.entity.HistoricDetailEntity.deleteHistoricFormProperty - ==>  Preparing: delete from ACT_HI_DETAIL where ID_ = ? 
16:46:24.915 [main] DEBUG org.activiti.engine.impl.persistence.entity.HistoricDetailEntity.deleteHistoricFormProperty - ==> Parameters: 10188(String)
16:46:24.915 [main] DEBUG org.activiti.engine.impl.persistence.entity.HistoricDetailEntity.deleteHistoricFormProperty - <==    Updates: 1
16:46:24.915 [main] DEBUG org.activiti.engine.impl.db.DbSqlSession - executing: delete HistoricVariableInstanceEntity[id=10166, name=applyUserId, revision=0, type=string, textValue=henryyan]
16:46:24.915 [main] DEBUG org.activiti.engine.impl.persistence.entity.HistoricVariableInstanceEntity.deleteHistoricVariableInstance - ==>  Preparing: delete from ACT_HI_VARINST where ID_ = ? and REV_ = ? 
16:46:24.915 [main] DEBUG org.activiti.engine.impl.persistence.entity.HistoricVariableInstanceEntity.deleteHistoricVariableInstance - ==> Parameters: 10166(String), 0(Integer)
16:46:24.915 [main] DEBUG org.activiti.engine.impl.persistence.entity.HistoricVariableInstanceEntity.deleteHistoricVariableInstance - <==    Updates: 1
16:46:24.915 [main] DEBUG org.activiti.engine.impl.db.DbSqlSession - executing: delete HistoricVariableInstanceEntity[id=10172, name=dueDate, revision=0, type=date, longValue=1362931200000]
16:46:24.915 [main] DEBUG org.activiti.engine.impl.persistence.entity.HistoricVariableInstanceEntity.deleteHistoricVariableInstance - ==>  Preparing: delete from ACT_HI_VARINST where ID_ = ? and REV_ = ? 
16:46:24.915 [main] DEBUG org.activiti.engine.impl.persistence.entity.HistoricVariableInstanceEntity.deleteHistoricVariableInstance - ==> Parameters: 10172(String), 0(Integer)
16:46:24.915 [main] DEBUG org.activiti.engine.impl.persistence.entity.HistoricVariableInstanceEntity.deleteHistoricVariableInstance - <==    Updates: 1
16:46:24.915 [main] DEBUG org.activiti.engine.impl.db.DbSqlSession - executing: delete HistoricVariableInstanceEntity[id=10173, name=listing, revision=0, type=string, textValue=1. MacBook Pro一台
2. 27寸显示器一台]
16:46:24.915 [main] DEBUG org.activiti.engine.impl.persistence.entity.HistoricVariableInstanceEntity.deleteHistoricVariableInstance - ==>  Preparing: delete from ACT_HI_VARINST where ID_ = ? and REV_ = ? 
16:46:24.915 [main] DEBUG org.activiti.engine.impl.persistence.entity.HistoricVariableInstanceEntity.deleteHistoricVariableInstance - ==> Parameters: 10173(String), 0(Integer)
16:46:24.915 [main] DEBUG org.activiti.engine.impl.persistence.entity.HistoricVariableInstanceEntity.deleteHistoricVariableInstance - <==    Updates: 1
16:46:24.915 [main] DEBUG org.activiti.engine.impl.db.DbSqlSession - executing: delete HistoricVariableInstanceEntity[id=10174, name=amountMoney, revision=0, type=double, doubleValue=22000.0]
16:46:24.915 [main] DEBUG org.activiti.engine.impl.persistence.entity.HistoricVariableInstanceEntity.deleteHistoricVariableInstance - ==>  Preparing: delete from ACT_HI_VARINST where ID_ = ? and REV_ = ? 
16:46:24.915 [main] DEBUG org.activiti.engine.impl.persistence.entity.HistoricVariableInstanceEntity.deleteHistoricVariableInstance - ==> Parameters: 10174(String), 0(Integer)
16:46:24.915 [main] DEBUG org.activiti.engine.impl.persistence.entity.HistoricVariableInstanceEntity.deleteHistoricVariableInstance - <==    Updates: 1
16:46:24.915 [main] DEBUG org.activiti.engine.impl.db.DbSqlSession - executing: delete HistoricVariableInstanceEntity[id=10180, name=deptLeaderApproved, revision=0, type=string, textValue=true]
16:46:24.916 [main] DEBUG org.activiti.engine.impl.persistence.entity.HistoricVariableInstanceEntity.deleteHistoricVariableInstance - ==>  Preparing: delete from ACT_HI_VARINST where ID_ = ? and REV_ = ? 
16:46:24.916 [main] DEBUG org.activiti.engine.impl.persistence.entity.HistoricVariableInstanceEntity.deleteHistoricVariableInstance - ==> Parameters: 10180(String), 0(Integer)
16:46:24.916 [main] DEBUG org.activiti.engine.impl.persistence.entity.HistoricVariableInstanceEntity.deleteHistoricVariableInstance - <==    Updates: 1
16:46:24.916 [main] DEBUG org.activiti.engine.impl.db.DbSqlSession - executing: delete HistoricVariableInstanceEntity[id=10189, name=supplier, revision=0, type=string, textValue=苹果公司]
16:46:24.916 [main] DEBUG org.activiti.engine.impl.persistence.entity.HistoricVariableInstanceEntity.deleteHistoricVariableInstance - ==>  Preparing: delete from ACT_HI_VARINST where ID_ = ? and REV_ = ? 
16:46:24.916 [main] DEBUG org.activiti.engine.impl.persistence.entity.HistoricVariableInstanceEntity.deleteHistoricVariableInstance - ==> Parameters: 10189(String), 0(Integer)
16:46:24.916 [main] DEBUG org.activiti.engine.impl.persistence.entity.HistoricVariableInstanceEntity.deleteHistoricVariableInstance - <==    Updates: 1
16:46:24.916 [main] DEBUG org.activiti.engine.impl.db.DbSqlSession - executing: delete HistoricVariableInstanceEntity[id=10190, name=bankName, revision=0, type=string, textValue=中国工商银行]
16:46:24.916 [main] DEBUG org.activiti.engine.impl.persistence.entity.HistoricVariableInstanceEntity.deleteHistoricVariableInstance - ==>  Preparing: delete from ACT_HI_VARINST where ID_ = ? and REV_ = ? 
16:46:24.916 [main] DEBUG org.activiti.engine.impl.persistence.entity.HistoricVariableInstanceEntity.deleteHistoricVariableInstance - ==> Parameters: 10190(String), 0(Integer)
16:46:24.916 [main] DEBUG org.activiti.engine.impl.persistence.entity.HistoricVariableInstanceEntity.deleteHistoricVariableInstance - <==    Updates: 1
16:46:24.916 [main] DEBUG org.activiti.engine.impl.db.DbSqlSession - executing: delete HistoricVariableInstanceEntity[id=10191, name=bankAccount, revision=0, type=string, textValue=203840240274247293]
16:46:24.916 [main] DEBUG org.activiti.engine.impl.persistence.entity.HistoricVariableInstanceEntity.deleteHistoricVariableInstance - ==>  Preparing: delete from ACT_HI_VARINST where ID_ = ? and REV_ = ? 
16:46:24.916 [main] DEBUG org.activiti.engine.impl.persistence.entity.HistoricVariableInstanceEntity.deleteHistoricVariableInstance - ==> Parameters: 10191(String), 0(Integer)
16:46:24.916 [main] DEBUG org.activiti.engine.impl.persistence.entity.HistoricVariableInstanceEntity.deleteHistoricVariableInstance - <==    Updates: 1
16:46:24.916 [main] DEBUG org.activiti.engine.impl.db.DbSqlSession - executing: delete HistoricVariableInstanceEntity[id=10192, name=planDate, revision=0, type=date, longValue=1363708800000]
16:46:24.916 [main] DEBUG org.activiti.engine.impl.persistence.entity.HistoricVariableInstanceEntity.deleteHistoricVariableInstance - ==>  Preparing: delete from ACT_HI_VARINST where ID_ = ? and REV_ = ? 
16:46:24.916 [main] DEBUG org.activiti.engine.impl.persistence.entity.HistoricVariableInstanceEntity.deleteHistoricVariableInstance - ==> Parameters: 10192(String), 0(Integer)
16:46:24.917 [main] DEBUG org.activiti.engine.impl.persistence.entity.HistoricVariableInstanceEntity.deleteHistoricVariableInstance - <==    Updates: 1
16:46:24.917 [main] DEBUG org.activiti.engine.impl.db.DbSqlSession - executing: delete HistoricVariableInstanceEntity[id=10193, name=usage, revision=0, type=string, textValue=1. MacBook Pro一台
2. 27寸显示器一台]
16:46:24.917 [main] DEBUG org.activiti.engine.impl.persistence.entity.HistoricVariableInstanceEntity.deleteHistoricVariableInstance - ==>  Preparing: delete from ACT_HI_VARINST where ID_ = ? and REV_ = ? 
16:46:24.917 [main] DEBUG org.activiti.engine.impl.persistence.entity.HistoricVariableInstanceEntity.deleteHistoricVariableInstance - ==> Parameters: 10193(String), 0(Integer)
16:46:24.917 [main] DEBUG org.activiti.engine.impl.persistence.entity.HistoricVariableInstanceEntity.deleteHistoricVariableInstance - <==    Updates: 1
16:46:24.917 [main] DEBUG org.activiti.engine.impl.db.DbSqlSession - executing: bulk delete: deleteHistoricActivityInstancesByProcessInstanceId(10165)
16:46:24.917 [main] DEBUG org.activiti.engine.impl.persistence.entity.HistoricActivityInstanceEntity.deleteHistoricActivityInstancesByProcessInstanceId - ==>  Preparing: delete from ACT_HI_ACTINST where PROC_INST_ID_ = ? 
16:46:24.917 [main] DEBUG org.activiti.engine.impl.persistence.entity.HistoricActivityInstanceEntity.deleteHistoricActivityInstancesByProcessInstanceId - ==> Parameters: 10165(String)
16:46:24.917 [main] DEBUG org.activiti.engine.impl.persistence.entity.HistoricActivityInstanceEntity.deleteHistoricActivityInstancesByProcessInstanceId - <==    Updates: 6
16:46:24.917 [main] DEBUG org.activiti.engine.impl.db.DbSqlSession - executing: bulk delete: deleteCommentsByTaskId(10176)
16:46:24.917 [main] DEBUG org.activiti.engine.impl.persistence.entity.CommentEntity.deleteCommentsByTaskId - ==>  Preparing: delete from ACT_HI_COMMENT where TASK_ID_ = ? 
16:46:24.917 [main] DEBUG org.activiti.engine.impl.persistence.entity.CommentEntity.deleteCommentsByTaskId - ==> Parameters: 10176(String)
16:46:24.917 [main] DEBUG org.activiti.engine.impl.persistence.entity.CommentEntity.deleteCommentsByTaskId - <==    Updates: 0
16:46:24.917 [main] DEBUG org.activiti.engine.impl.db.DbSqlSession - executing: delete org.activiti.engine.impl.persistence.entity.HistoricIdentityLinkEntity@363c32cc
16:46:24.917 [main] DEBUG org.activiti.engine.impl.persistence.entity.HistoricIdentityLinkEntity.deleteHistoricIdentityLink - ==>  Preparing: delete from ACT_HI_IDENTITYLINK where ID_ = ? 
16:46:24.917 [main] DEBUG org.activiti.engine.impl.persistence.entity.HistoricIdentityLinkEntity.deleteHistoricIdentityLink - ==> Parameters: 10177(String)
16:46:24.917 [main] DEBUG org.activiti.engine.impl.persistence.entity.HistoricIdentityLinkEntity.deleteHistoricIdentityLink - <==    Updates: 1
16:46:24.917 [main] DEBUG org.activiti.engine.impl.db.DbSqlSession - executing: delete org.activiti.engine.impl.persistence.entity.HistoricTaskInstanceEntity@6f3f0ae
16:46:24.917 [main] DEBUG org.activiti.engine.impl.persistence.entity.HistoricTaskInstanceEntity.deleteHistoricTaskInstance - ==>  Preparing: delete from ACT_HI_TASKINST where ID_ = ? 
16:46:24.917 [main] DEBUG org.activiti.engine.impl.persistence.entity.HistoricTaskInstanceEntity.deleteHistoricTaskInstance - ==> Parameters: 10176(String)
16:46:24.917 [main] DEBUG org.activiti.engine.impl.persistence.entity.HistoricTaskInstanceEntity.deleteHistoricTaskInstance - <==    Updates: 1
16:46:24.917 [main] DEBUG org.activiti.engine.impl.db.DbSqlSession - executing: bulk delete: deleteCommentsByTaskId(10183)
16:46:24.917 [main] DEBUG org.activiti.engine.impl.persistence.entity.CommentEntity.deleteCommentsByTaskId - ==>  Preparing: delete from ACT_HI_COMMENT where TASK_ID_ = ? 
16:46:24.917 [main] DEBUG org.activiti.engine.impl.persistence.entity.CommentEntity.deleteCommentsByTaskId - ==> Parameters: 10183(String)
16:46:24.917 [main] DEBUG org.activiti.engine.impl.persistence.entity.CommentEntity.deleteCommentsByTaskId - <==    Updates: 0
16:46:24.917 [main] DEBUG org.activiti.engine.impl.db.DbSqlSession - executing: delete org.activiti.engine.impl.persistence.entity.HistoricIdentityLinkEntity@6baf25d7
16:46:24.917 [main] DEBUG org.activiti.engine.impl.persistence.entity.HistoricIdentityLinkEntity.deleteHistoricIdentityLink - ==>  Preparing: delete from ACT_HI_IDENTITYLINK where ID_ = ? 
16:46:24.917 [main] DEBUG org.activiti.engine.impl.persistence.entity.HistoricIdentityLinkEntity.deleteHistoricIdentityLink - ==> Parameters: 10184(String)
16:46:24.917 [main] DEBUG org.activiti.engine.impl.persistence.entity.HistoricIdentityLinkEntity.deleteHistoricIdentityLink - <==    Updates: 1
16:46:24.917 [main] DEBUG org.activiti.engine.impl.db.DbSqlSession - executing: delete org.activiti.engine.impl.persistence.entity.HistoricTaskInstanceEntity@57a6a933
16:46:24.917 [main] DEBUG org.activiti.engine.impl.persistence.entity.HistoricTaskInstanceEntity.deleteHistoricTaskInstance - ==>  Preparing: delete from ACT_HI_TASKINST where ID_ = ? 
16:46:24.917 [main] DEBUG org.activiti.engine.impl.persistence.entity.HistoricTaskInstanceEntity.deleteHistoricTaskInstance - ==> Parameters: 10183(String)
16:46:24.917 [main] DEBUG org.activiti.engine.impl.persistence.entity.HistoricTaskInstanceEntity.deleteHistoricTaskInstance - <==    Updates: 1
16:46:24.917 [main] DEBUG org.activiti.engine.impl.db.DbSqlSession - executing: bulk delete: deleteCommentsByTaskId(10197)
16:46:24.917 [main] DEBUG org.activiti.engine.impl.persistence.entity.CommentEntity.deleteCommentsByTaskId - ==>  Preparing: delete from ACT_HI_COMMENT where TASK_ID_ = ? 
16:46:24.917 [main] DEBUG org.activiti.engine.impl.persistence.entity.CommentEntity.deleteCommentsByTaskId - ==> Parameters: 10197(String)
16:46:24.917 [main] DEBUG org.activiti.engine.impl.persistence.entity.CommentEntity.deleteCommentsByTaskId - <==    Updates: 0
16:46:24.917 [main] DEBUG org.activiti.engine.impl.db.DbSqlSession - executing: delete org.activiti.engine.impl.persistence.entity.HistoricIdentityLinkEntity@63f855b
16:46:24.917 [main] DEBUG org.activiti.engine.impl.persistence.entity.HistoricIdentityLinkEntity.deleteHistoricIdentityLink - ==>  Preparing: delete from ACT_HI_IDENTITYLINK where ID_ = ? 
16:46:24.917 [main] DEBUG org.activiti.engine.impl.persistence.entity.HistoricIdentityLinkEntity.deleteHistoricIdentityLink - ==> Parameters: 10167(String)
16:46:24.917 [main] DEBUG org.activiti.engine.impl.persistence.entity.HistoricIdentityLinkEntity.deleteHistoricIdentityLink - <==    Updates: 1
16:46:24.917 [main] DEBUG org.activiti.engine.impl.db.DbSqlSession - executing: delete org.activiti.engine.impl.persistence.entity.HistoricIdentityLinkEntity@516592b1
16:46:24.917 [main] DEBUG org.activiti.engine.impl.persistence.entity.HistoricIdentityLinkEntity.deleteHistoricIdentityLink - ==>  Preparing: delete from ACT_HI_IDENTITYLINK where ID_ = ? 
16:46:24.917 [main] DEBUG org.activiti.engine.impl.persistence.entity.HistoricIdentityLinkEntity.deleteHistoricIdentityLink - ==> Parameters: 10178(String)
16:46:24.917 [main] DEBUG org.activiti.engine.impl.persistence.entity.HistoricIdentityLinkEntity.deleteHistoricIdentityLink - <==    Updates: 1
16:46:24.917 [main] DEBUG org.activiti.engine.impl.db.DbSqlSession - executing: bulk delete: deleteCommentsByProcessInstanceId(10165)
16:46:24.917 [main] DEBUG org.activiti.engine.impl.persistence.entity.CommentEntity.deleteCommentsByProcessInstanceId - ==>  Preparing: delete from ACT_HI_COMMENT where PROC_INST_ID_ = ? 
16:46:24.917 [main] DEBUG org.activiti.engine.impl.persistence.entity.CommentEntity.deleteCommentsByProcessInstanceId - ==> Parameters: 10165(String)
16:46:24.917 [main] DEBUG org.activiti.engine.impl.persistence.entity.CommentEntity.deleteCommentsByProcessInstanceId - <==    Updates: 0
16:46:24.917 [main] DEBUG org.activiti.engine.impl.db.DbSqlSession - executing: delete HistoricProcessInstanceEntity[superProcessInstanceId=null]
16:46:24.917 [main] DEBUG org.activiti.engine.impl.persistence.entity.HistoricProcessInstanceEntity.deleteHistoricProcessInstance - ==>  Preparing: delete from ACT_HI_PROCINST where PROC_INST_ID_ = ? 
16:46:24.917 [main] DEBUG org.activiti.engine.impl.persistence.entity.HistoricProcessInstanceEntity.deleteHistoricProcessInstance - ==> Parameters: 10165(String)
16:46:24.917 [main] DEBUG org.activiti.engine.impl.persistence.entity.HistoricProcessInstanceEntity.deleteHistoricProcessInstance - <==    Updates: 1
16:46:24.917 [main] DEBUG org.activiti.engine.impl.db.DbSqlSession - executing: bulk delete: deleteHistoricActivityInstancesByProcessInstanceId(10165)
16:46:24.918 [main] DEBUG org.activiti.engine.impl.persistence.entity.HistoricActivityInstanceEntity.deleteHistoricActivityInstancesByProcessInstanceId - ==>  Preparing: delete from ACT_HI_ACTINST where PROC_INST_ID_ = ? 
16:46:24.918 [main] DEBUG org.activiti.engine.impl.persistence.entity.HistoricActivityInstanceEntity.deleteHistoricActivityInstancesByProcessInstanceId - ==> Parameters: 10165(String)
16:46:24.918 [main] DEBUG org.activiti.engine.impl.persistence.entity.HistoricActivityInstanceEntity.deleteHistoricActivityInstancesByProcessInstanceId - <==    Updates: 0
16:46:24.918 [main] DEBUG org.activiti.engine.impl.db.DbSqlSession - executing: bulk delete: deleteCommentsByTaskId(10176)
16:46:24.918 [main] DEBUG org.activiti.engine.impl.persistence.entity.CommentEntity.deleteCommentsByTaskId - ==>  Preparing: delete from ACT_HI_COMMENT where TASK_ID_ = ? 
16:46:24.918 [main] DEBUG org.activiti.engine.impl.persistence.entity.CommentEntity.deleteCommentsByTaskId - ==> Parameters: 10176(String)
16:46:24.918 [main] DEBUG org.activiti.engine.impl.persistence.entity.CommentEntity.deleteCommentsByTaskId - <==    Updates: 0
16:46:24.918 [main] DEBUG org.activiti.engine.impl.db.DbSqlSession - executing: bulk delete: deleteCommentsByTaskId(10183)
16:46:24.918 [main] DEBUG org.activiti.engine.impl.persistence.entity.CommentEntity.deleteCommentsByTaskId - ==>  Preparing: delete from ACT_HI_COMMENT where TASK_ID_ = ? 
16:46:24.918 [main] DEBUG org.activiti.engine.impl.persistence.entity.CommentEntity.deleteCommentsByTaskId - ==> Parameters: 10183(String)
16:46:24.918 [main] DEBUG org.activiti.engine.impl.persistence.entity.CommentEntity.deleteCommentsByTaskId - <==    Updates: 0
16:46:24.918 [main] DEBUG org.activiti.engine.impl.db.DbSqlSession - executing: bulk delete: deleteCommentsByTaskId(10197)
16:46:24.918 [main] DEBUG org.activiti.engine.impl.persistence.entity.CommentEntity.deleteCommentsByTaskId - ==>  Preparing: delete from ACT_HI_COMMENT where TASK_ID_ = ? 
16:46:24.918 [main] DEBUG org.activiti.engine.impl.persistence.entity.CommentEntity.deleteCommentsByTaskId - ==> Parameters: 10197(String)
16:46:24.918 [main] DEBUG org.activiti.engine.impl.persistence.entity.CommentEntity.deleteCommentsByTaskId - <==    Updates: 0
16:46:24.918 [main] DEBUG org.activiti.engine.impl.db.DbSqlSession - executing: bulk delete: deleteCommentsByProcessInstanceId(10165)
16:46:24.918 [main] DEBUG org.activiti.engine.impl.persistence.entity.CommentEntity.deleteCommentsByProcessInstanceId - ==>  Preparing: delete from ACT_HI_COMMENT where PROC_INST_ID_ = ? 
16:46:24.918 [main] DEBUG org.activiti.engine.impl.persistence.entity.CommentEntity.deleteCommentsByProcessInstanceId - ==> Parameters: 10165(String)
16:46:24.918 [main] DEBUG org.activiti.engine.impl.persistence.entity.CommentEntity.deleteCommentsByProcessInstanceId - <==    Updates: 0
16:46:24.918 [main] DEBUG org.activiti.engine.impl.db.DbSqlSession - executing: bulk delete: deleteIdentityLinkByProcDef(purchase-error-event-subprocess:1:10164)
16:46:24.918 [main] DEBUG org.activiti.engine.impl.persistence.entity.IdentityLinkEntity.deleteIdentityLinkByProcDef - ==>  Preparing: delete from ACT_RU_IDENTITYLINK where PROC_DEF_ID_ = ? 
16:46:24.918 [main] DEBUG org.activiti.engine.impl.persistence.entity.IdentityLinkEntity.deleteIdentityLinkByProcDef - ==> Parameters: purchase-error-event-subprocess:1:10164(String)
16:46:24.918 [main] DEBUG org.activiti.engine.impl.persistence.entity.IdentityLinkEntity.deleteIdentityLinkByProcDef - <==    Updates: 0
16:46:24.918 [main] DEBUG org.activiti.engine.impl.db.DbSqlSession - executing: bulk delete: deleteEventSubscriptionsForProcessDefinition(purchase-error-event-subprocess:1:10164)
16:46:24.918 [main] DEBUG org.activiti.engine.impl.persistence.entity.EventSubscriptionEntity.deleteEventSubscriptionsForProcessDefinition - ==>  Preparing: delete from ACT_RU_EVENT_SUBSCR where PROC_DEF_ID_ = ? 
16:46:24.918 [main] DEBUG org.activiti.engine.impl.persistence.entity.EventSubscriptionEntity.deleteEventSubscriptionsForProcessDefinition - ==> Parameters: purchase-error-event-subprocess:1:10164(String)
16:46:24.918 [main] DEBUG org.activiti.engine.impl.persistence.entity.EventSubscriptionEntity.deleteEventSubscriptionsForProcessDefinition - <==    Updates: 0
16:46:24.918 [main] DEBUG org.activiti.engine.impl.db.DbSqlSession - executing: bulk delete: deleteProcessDefinitionsByDeploymentId(10161)
16:46:24.918 [main] DEBUG org.activiti.engine.impl.persistence.entity.ProcessDefinitionEntity.deleteProcessDefinitionsByDeploymentId - ==>  Preparing: delete from ACT_RE_PROCDEF where DEPLOYMENT_ID_ = ? 
16:46:24.918 [main] DEBUG org.activiti.engine.impl.persistence.entity.ProcessDefinitionEntity.deleteProcessDefinitionsByDeploymentId - ==> Parameters: 10161(String)
16:46:24.918 [main] DEBUG org.activiti.engine.impl.persistence.entity.ProcessDefinitionEntity.deleteProcessDefinitionsByDeploymentId - <==    Updates: 1
16:46:24.918 [main] DEBUG org.activiti.engine.impl.db.DbSqlSession - executing: bulk delete: deleteResourcesByDeploymentId(10161)
16:46:24.918 [main] DEBUG org.activiti.engine.impl.persistence.entity.ResourceEntity.deleteResourcesByDeploymentId - ==>  Preparing: delete from ACT_GE_BYTEARRAY where DEPLOYMENT_ID_ = ? 
16:46:24.918 [main] DEBUG org.activiti.engine.impl.persistence.entity.ResourceEntity.deleteResourcesByDeploymentId - ==> Parameters: 10161(String)
16:46:24.918 [main] DEBUG org.activiti.engine.impl.persistence.entity.ResourceEntity.deleteResourcesByDeploymentId - <==    Updates: 2
16:46:24.918 [main] DEBUG org.activiti.engine.impl.db.DbSqlSession - executing: bulk delete: deleteDeployment(10161)
16:46:24.918 [main] DEBUG org.activiti.engine.impl.persistence.entity.DeploymentEntity.deleteDeployment - ==>  Preparing: delete from ACT_RE_DEPLOYMENT where ID_ = ? 
16:46:24.918 [main] DEBUG org.activiti.engine.impl.persistence.entity.DeploymentEntity.deleteDeployment - ==> Parameters: 10161(String)
16:46:24.918 [main] DEBUG org.activiti.engine.impl.persistence.entity.DeploymentEntity.deleteDeployment - <==    Updates: 1
16:46:24.918 [main] DEBUG org.apache.ibatis.transaction.managed.ManagedTransaction - Closing JDBC Connection [Transaction-aware proxy for target Connection [conn105: url=jdbc:h2:mem:activiti user=SA]]
16:46:24.918 [main] DEBUG org.springframework.jdbc.datasource.DataSourceTransactionManager - Initiating transaction commit
16:46:24.918 [main] DEBUG org.springframework.jdbc.datasource.DataSourceTransactionManager - Committing JDBC transaction on Connection [conn105: url=jdbc:h2:mem:activiti user=SA]
16:46:24.918 [main] DEBUG org.springframework.jdbc.datasource.DataSourceTransactionManager - Releasing JDBC Connection [conn105: url=jdbc:h2:mem:activiti user=SA] after transaction
16:46:24.918 [main] DEBUG org.springframework.jdbc.datasource.DataSourceUtils - Returning JDBC Connection to DataSource
16:46:24.918 [main] DEBUG org.activiti.engine.impl.interceptor.LogInterceptor - --- DeleteDeploymentCmd finished --------------------------------------------------------
16:46:24.918 [main] DEBUG org.activiti.engine.impl.interceptor.LogInterceptor - 

16:46:24.918 [main] DEBUG org.activiti.engine.impl.test.PvmTestCase - verifying that db is clean after test
16:46:24.918 [main] DEBUG org.activiti.engine.impl.interceptor.LogInterceptor - 

16:46:24.918 [main] DEBUG org.activiti.engine.impl.interceptor.LogInterceptor - --- starting GetTableCountCmd --------------------------------------------------------
16:46:24.918 [main] DEBUG org.activiti.spring.SpringTransactionInterceptor - Running command with propagation REQUIRED
16:46:24.918 [main] DEBUG org.springframework.jdbc.datasource.DataSourceTransactionManager - Creating new transaction with name [null]: PROPAGATION_REQUIRED,ISOLATION_DEFAULT
16:46:24.918 [main] DEBUG org.springframework.jdbc.datasource.SimpleDriverDataSource - Creating new JDBC Driver Connection to [jdbc:h2:mem:activiti;DB_CLOSE_DELAY=1000]
16:46:24.919 [main] DEBUG org.springframework.jdbc.datasource.DataSourceTransactionManager - Acquired Connection [conn106: url=jdbc:h2:mem:activiti user=SA] for JDBC transaction
16:46:24.919 [main] DEBUG org.springframework.jdbc.datasource.DataSourceTransactionManager - Switching JDBC Connection [conn106: url=jdbc:h2:mem:activiti user=SA] to manual commit
16:46:24.919 [main] DEBUG org.apache.ibatis.transaction.managed.ManagedTransaction - Opening JDBC Connection
16:46:24.919 [main] DEBUG org.activiti.engine.impl.persistence.entity.TableDataManager - retrieving activiti tables from jdbc metadata
16:46:24.920 [main] DEBUG org.activiti.engine.impl.persistence.entity.TableDataManager -   retrieved activiti table name ACT_EVT_LOG
16:46:24.920 [main] DEBUG org.activiti.engine.impl.persistence.entity.TableDataManager -   retrieved activiti table name ACT_GE_BYTEARRAY
16:46:24.920 [main] DEBUG org.activiti.engine.impl.persistence.entity.TableDataManager -   retrieved activiti table name ACT_GE_PROPERTY
16:46:24.920 [main] DEBUG org.activiti.engine.impl.persistence.entity.TableDataManager -   retrieved activiti table name ACT_HI_ACTINST
16:46:24.920 [main] DEBUG org.activiti.engine.impl.persistence.entity.TableDataManager -   retrieved activiti table name ACT_HI_ATTACHMENT
16:46:24.920 [main] DEBUG org.activiti.engine.impl.persistence.entity.TableDataManager -   retrieved activiti table name ACT_HI_COMMENT
16:46:24.920 [main] DEBUG org.activiti.engine.impl.persistence.entity.TableDataManager -   retrieved activiti table name ACT_HI_DETAIL
16:46:24.920 [main] DEBUG org.activiti.engine.impl.persistence.entity.TableDataManager -   retrieved activiti table name ACT_HI_IDENTITYLINK
16:46:24.920 [main] DEBUG org.activiti.engine.impl.persistence.entity.TableDataManager -   retrieved activiti table name ACT_HI_PROCINST
16:46:24.920 [main] DEBUG org.activiti.engine.impl.persistence.entity.TableDataManager -   retrieved activiti table name ACT_HI_TASKINST
16:46:24.920 [main] DEBUG org.activiti.engine.impl.persistence.entity.TableDataManager -   retrieved activiti table name ACT_HI_VARINST
16:46:24.920 [main] DEBUG org.activiti.engine.impl.persistence.entity.TableDataManager -   retrieved activiti table name ACT_ID_GROUP
16:46:24.920 [main] DEBUG org.activiti.engine.impl.persistence.entity.TableDataManager -   retrieved activiti table name ACT_ID_INFO
16:46:24.920 [main] DEBUG org.activiti.engine.impl.persistence.entity.TableDataManager -   retrieved activiti table name ACT_ID_MEMBERSHIP
16:46:24.920 [main] DEBUG org.activiti.engine.impl.persistence.entity.TableDataManager -   retrieved activiti table name ACT_ID_USER
16:46:24.920 [main] DEBUG org.activiti.engine.impl.persistence.entity.TableDataManager -   retrieved activiti table name ACT_RE_DEPLOYMENT
16:46:24.920 [main] DEBUG org.activiti.engine.impl.persistence.entity.TableDataManager -   retrieved activiti table name ACT_RE_MODEL
16:46:24.920 [main] DEBUG org.activiti.engine.impl.persistence.entity.TableDataManager -   retrieved activiti table name ACT_RE_PROCDEF
16:46:24.920 [main] DEBUG org.activiti.engine.impl.persistence.entity.TableDataManager -   retrieved activiti table name ACT_RU_EVENT_SUBSCR
16:46:24.920 [main] DEBUG org.activiti.engine.impl.persistence.entity.TableDataManager -   retrieved activiti table name ACT_RU_EXECUTION
16:46:24.920 [main] DEBUG org.activiti.engine.impl.persistence.entity.TableDataManager -   retrieved activiti table name ACT_RU_IDENTITYLINK
16:46:24.920 [main] DEBUG org.activiti.engine.impl.persistence.entity.TableDataManager -   retrieved activiti table name ACT_RU_JOB
16:46:24.920 [main] DEBUG org.activiti.engine.impl.persistence.entity.TableDataManager -   retrieved activiti table name ACT_RU_TASK
16:46:24.920 [main] DEBUG org.activiti.engine.impl.persistence.entity.TableDataManager -   retrieved activiti table name ACT_RU_VARIABLE
16:46:24.920 [main] DEBUG org.activiti.engine.impl.persistence.entity.TableDataManager - selecting table count for ACT_EVT_LOG
16:46:24.920 [main] DEBUG org.activiti.engine.impl.TablePageMap.selectTableCount - ==>  Preparing: select count(*) from ACT_EVT_LOG 
16:46:24.920 [main] DEBUG org.activiti.engine.impl.TablePageMap.selectTableCount - ==> Parameters: 
16:46:24.920 [main] DEBUG org.activiti.engine.impl.TablePageMap.selectTableCount - <==      Total: 1
16:46:24.920 [main] DEBUG org.activiti.engine.impl.persistence.entity.TableDataManager - selecting table count for ACT_GE_BYTEARRAY
16:46:24.920 [main] DEBUG org.activiti.engine.impl.TablePageMap.selectTableCount - ==>  Preparing: select count(*) from ACT_GE_BYTEARRAY 
16:46:24.920 [main] DEBUG org.activiti.engine.impl.TablePageMap.selectTableCount - ==> Parameters: 
16:46:24.920 [main] DEBUG org.activiti.engine.impl.TablePageMap.selectTableCount - <==      Total: 1
16:46:24.920 [main] DEBUG org.activiti.engine.impl.persistence.entity.TableDataManager - selecting table count for ACT_GE_PROPERTY
16:46:24.921 [main] DEBUG org.activiti.engine.impl.TablePageMap.selectTableCount - ==>  Preparing: select count(*) from ACT_GE_PROPERTY 
16:46:24.921 [main] DEBUG org.activiti.engine.impl.TablePageMap.selectTableCount - ==> Parameters: 
16:46:24.921 [main] DEBUG org.activiti.engine.impl.TablePageMap.selectTableCount - <==      Total: 1
16:46:24.921 [main] DEBUG org.activiti.engine.impl.persistence.entity.TableDataManager - selecting table count for ACT_HI_ACTINST
16:46:24.921 [main] DEBUG org.activiti.engine.impl.TablePageMap.selectTableCount - ==>  Preparing: select count(*) from ACT_HI_ACTINST 
16:46:24.921 [main] DEBUG org.activiti.engine.impl.TablePageMap.selectTableCount - ==> Parameters: 
16:46:24.921 [main] DEBUG org.activiti.engine.impl.TablePageMap.selectTableCount - <==      Total: 1
16:46:24.921 [main] DEBUG org.activiti.engine.impl.persistence.entity.TableDataManager - selecting table count for ACT_HI_ATTACHMENT
16:46:24.921 [main] DEBUG org.activiti.engine.impl.TablePageMap.selectTableCount - ==>  Preparing: select count(*) from ACT_HI_ATTACHMENT 
16:46:24.921 [main] DEBUG org.activiti.engine.impl.TablePageMap.selectTableCount - ==> Parameters: 
16:46:24.921 [main] DEBUG org.activiti.engine.impl.TablePageMap.selectTableCount - <==      Total: 1
16:46:24.921 [main] DEBUG org.activiti.engine.impl.persistence.entity.TableDataManager - selecting table count for ACT_HI_COMMENT
16:46:24.921 [main] DEBUG org.activiti.engine.impl.TablePageMap.selectTableCount - ==>  Preparing: select count(*) from ACT_HI_COMMENT 
16:46:24.921 [main] DEBUG org.activiti.engine.impl.TablePageMap.selectTableCount - ==> Parameters: 
16:46:24.921 [main] DEBUG org.activiti.engine.impl.TablePageMap.selectTableCount - <==      Total: 1
16:46:24.921 [main] DEBUG org.activiti.engine.impl.persistence.entity.TableDataManager - selecting table count for ACT_HI_DETAIL
16:46:24.921 [main] DEBUG org.activiti.engine.impl.TablePageMap.selectTableCount - ==>  Preparing: select count(*) from ACT_HI_DETAIL 
16:46:24.921 [main] DEBUG org.activiti.engine.impl.TablePageMap.selectTableCount - ==> Parameters: 
16:46:24.921 [main] DEBUG org.activiti.engine.impl.TablePageMap.selectTableCount - <==      Total: 1
16:46:24.921 [main] DEBUG org.activiti.engine.impl.persistence.entity.TableDataManager - selecting table count for ACT_HI_IDENTITYLINK
16:46:24.921 [main] DEBUG org.activiti.engine.impl.TablePageMap.selectTableCount - ==>  Preparing: select count(*) from ACT_HI_IDENTITYLINK 
16:46:24.921 [main] DEBUG org.activiti.engine.impl.TablePageMap.selectTableCount - ==> Parameters: 
16:46:24.921 [main] DEBUG org.activiti.engine.impl.TablePageMap.selectTableCount - <==      Total: 1
16:46:24.921 [main] DEBUG org.activiti.engine.impl.persistence.entity.TableDataManager - selecting table count for ACT_HI_PROCINST
16:46:24.921 [main] DEBUG org.activiti.engine.impl.TablePageMap.selectTableCount - ==>  Preparing: select count(*) from ACT_HI_PROCINST 
16:46:24.921 [main] DEBUG org.activiti.engine.impl.TablePageMap.selectTableCount - ==> Parameters: 
16:46:24.921 [main] DEBUG org.activiti.engine.impl.TablePageMap.selectTableCount - <==      Total: 1
16:46:24.921 [main] DEBUG org.activiti.engine.impl.persistence.entity.TableDataManager - selecting table count for ACT_HI_TASKINST
16:46:24.921 [main] DEBUG org.activiti.engine.impl.TablePageMap.selectTableCount - ==>  Preparing: select count(*) from ACT_HI_TASKINST 
16:46:24.921 [main] DEBUG org.activiti.engine.impl.TablePageMap.selectTableCount - ==> Parameters: 
16:46:24.921 [main] DEBUG org.activiti.engine.impl.TablePageMap.selectTableCount - <==      Total: 1
16:46:24.921 [main] DEBUG org.activiti.engine.impl.persistence.entity.TableDataManager - selecting table count for ACT_HI_VARINST
16:46:24.921 [main] DEBUG org.activiti.engine.impl.TablePageMap.selectTableCount - ==>  Preparing: select count(*) from ACT_HI_VARINST 
16:46:24.921 [main] DEBUG org.activiti.engine.impl.TablePageMap.selectTableCount - ==> Parameters: 
16:46:24.921 [main] DEBUG org.activiti.engine.impl.TablePageMap.selectTableCount - <==      Total: 1
16:46:24.921 [main] DEBUG org.activiti.engine.impl.persistence.entity.TableDataManager - selecting table count for ACT_ID_GROUP
16:46:24.922 [main] DEBUG org.activiti.engine.impl.TablePageMap.selectTableCount - ==>  Preparing: select count(*) from ACT_ID_GROUP 
16:46:24.922 [main] DEBUG org.activiti.engine.impl.TablePageMap.selectTableCount - ==> Parameters: 
16:46:24.922 [main] DEBUG org.activiti.engine.impl.TablePageMap.selectTableCount - <==      Total: 1
16:46:24.922 [main] DEBUG org.activiti.engine.impl.persistence.entity.TableDataManager - selecting table count for ACT_ID_INFO
16:46:24.922 [main] DEBUG org.activiti.engine.impl.TablePageMap.selectTableCount - ==>  Preparing: select count(*) from ACT_ID_INFO 
16:46:24.922 [main] DEBUG org.activiti.engine.impl.TablePageMap.selectTableCount - ==> Parameters: 
16:46:24.922 [main] DEBUG org.activiti.engine.impl.TablePageMap.selectTableCount - <==      Total: 1
16:46:24.922 [main] DEBUG org.activiti.engine.impl.persistence.entity.TableDataManager - selecting table count for ACT_ID_MEMBERSHIP
16:46:24.922 [main] DEBUG org.activiti.engine.impl.TablePageMap.selectTableCount - ==>  Preparing: select count(*) from ACT_ID_MEMBERSHIP 
16:46:24.922 [main] DEBUG org.activiti.engine.impl.TablePageMap.selectTableCount - ==> Parameters: 
16:46:24.922 [main] DEBUG org.activiti.engine.impl.TablePageMap.selectTableCount - <==      Total: 1
16:46:24.922 [main] DEBUG org.activiti.engine.impl.persistence.entity.TableDataManager - selecting table count for ACT_ID_USER
16:46:24.922 [main] DEBUG org.activiti.engine.impl.TablePageMap.selectTableCount - ==>  Preparing: select count(*) from ACT_ID_USER 
16:46:24.922 [main] DEBUG org.activiti.engine.impl.TablePageMap.selectTableCount - ==> Parameters: 
16:46:24.922 [main] DEBUG org.activiti.engine.impl.TablePageMap.selectTableCount - <==      Total: 1
16:46:24.922 [main] DEBUG org.activiti.engine.impl.persistence.entity.TableDataManager - selecting table count for ACT_RE_DEPLOYMENT
16:46:24.922 [main] DEBUG org.activiti.engine.impl.TablePageMap.selectTableCount - ==>  Preparing: select count(*) from ACT_RE_DEPLOYMENT 
16:46:24.922 [main] DEBUG org.activiti.engine.impl.TablePageMap.selectTableCount - ==> Parameters: 
16:46:24.922 [main] DEBUG org.activiti.engine.impl.TablePageMap.selectTableCount - <==      Total: 1
16:46:24.922 [main] DEBUG org.activiti.engine.impl.persistence.entity.TableDataManager - selecting table count for ACT_RE_MODEL
16:46:24.922 [main] DEBUG org.activiti.engine.impl.TablePageMap.selectTableCount - ==>  Preparing: select count(*) from ACT_RE_MODEL 
16:46:24.922 [main] DEBUG org.activiti.engine.impl.TablePageMap.selectTableCount - ==> Parameters: 
16:46:24.922 [main] DEBUG org.activiti.engine.impl.TablePageMap.selectTableCount - <==      Total: 1
16:46:24.922 [main] DEBUG org.activiti.engine.impl.persistence.entity.TableDataManager - selecting table count for ACT_RE_PROCDEF
16:46:24.922 [main] DEBUG org.activiti.engine.impl.TablePageMap.selectTableCount - ==>  Preparing: select count(*) from ACT_RE_PROCDEF 
16:46:24.922 [main] DEBUG org.activiti.engine.impl.TablePageMap.selectTableCount - ==> Parameters: 
16:46:24.922 [main] DEBUG org.activiti.engine.impl.TablePageMap.selectTableCount - <==      Total: 1
16:46:24.922 [main] DEBUG org.activiti.engine.impl.persistence.entity.TableDataManager - selecting table count for ACT_RU_EVENT_SUBSCR
16:46:24.922 [main] DEBUG org.activiti.engine.impl.TablePageMap.selectTableCount - ==>  Preparing: select count(*) from ACT_RU_EVENT_SUBSCR 
16:46:24.922 [main] DEBUG org.activiti.engine.impl.TablePageMap.selectTableCount - ==> Parameters: 
16:46:24.922 [main] DEBUG org.activiti.engine.impl.TablePageMap.selectTableCount - <==      Total: 1
16:46:24.922 [main] DEBUG org.activiti.engine.impl.persistence.entity.TableDataManager - selecting table count for ACT_RU_EXECUTION
16:46:24.922 [main] DEBUG org.activiti.engine.impl.TablePageMap.selectTableCount - ==>  Preparing: select count(*) from ACT_RU_EXECUTION 
16:46:24.922 [main] DEBUG org.activiti.engine.impl.TablePageMap.selectTableCount - ==> Parameters: 
16:46:24.922 [main] DEBUG org.activiti.engine.impl.TablePageMap.selectTableCount - <==      Total: 1
16:46:24.922 [main] DEBUG org.activiti.engine.impl.persistence.entity.TableDataManager - selecting table count for ACT_RU_IDENTITYLINK
16:46:24.922 [main] DEBUG org.activiti.engine.impl.TablePageMap.selectTableCount - ==>  Preparing: select count(*) from ACT_RU_IDENTITYLINK 
16:46:24.922 [main] DEBUG org.activiti.engine.impl.TablePageMap.selectTableCount - ==> Parameters: 
16:46:24.922 [main] DEBUG org.activiti.engine.impl.TablePageMap.selectTableCount - <==      Total: 1
16:46:24.922 [main] DEBUG org.activiti.engine.impl.persistence.entity.TableDataManager - selecting table count for ACT_RU_JOB
16:46:24.922 [main] DEBUG org.activiti.engine.impl.TablePageMap.selectTableCount - ==>  Preparing: select count(*) from ACT_RU_JOB 
16:46:24.923 [main] DEBUG org.activiti.engine.impl.TablePageMap.selectTableCount - ==> Parameters: 
16:46:24.923 [main] DEBUG org.activiti.engine.impl.TablePageMap.selectTableCount - <==      Total: 1
16:46:24.923 [main] DEBUG org.activiti.engine.impl.persistence.entity.TableDataManager - selecting table count for ACT_RU_TASK
16:46:24.923 [main] DEBUG org.activiti.engine.impl.TablePageMap.selectTableCount - ==>  Preparing: select count(*) from ACT_RU_TASK 
16:46:24.923 [main] DEBUG org.activiti.engine.impl.TablePageMap.selectTableCount - ==> Parameters: 
16:46:24.923 [main] DEBUG org.activiti.engine.impl.TablePageMap.selectTableCount - <==      Total: 1
16:46:24.923 [main] DEBUG org.activiti.engine.impl.persistence.entity.TableDataManager - selecting table count for ACT_RU_VARIABLE
16:46:24.923 [main] DEBUG org.activiti.engine.impl.TablePageMap.selectTableCount - ==>  Preparing: select count(*) from ACT_RU_VARIABLE 
16:46:24.923 [main] DEBUG org.activiti.engine.impl.TablePageMap.selectTableCount - ==> Parameters: 
16:46:24.923 [main] DEBUG org.activiti.engine.impl.TablePageMap.selectTableCount - <==      Total: 1
16:46:24.923 [main] DEBUG org.activiti.engine.impl.persistence.entity.TableDataManager - Number of rows per activiti table: {ACT_ID_MEMBERSHIP=0, ACT_RU_EVENT_SUBSCR=0, ACT_ID_USER=0, ACT_RU_JOB=0, ACT_HI_ATTACHMENT=0, ACT_GE_BYTEARRAY=0, ACT_RE_MODEL=0, ACT_RU_VARIABLE=0, ACT_HI_ACTINST=0, ACT_RU_EXECUTION=0, ACT_HI_TASKINST=0, ACT_RU_TASK=0, ACT_HI_DETAIL=0, ACT_EVT_LOG=0, ACT_HI_IDENTITYLINK=0, ACT_RE_DEPLOYMENT=0, ACT_RE_PROCDEF=0, ACT_ID_GROUP=0, ACT_RU_IDENTITYLINK=0, ACT_GE_PROPERTY=3, ACT_HI_VARINST=0, ACT_HI_COMMENT=0, ACT_HI_PROCINST=0, ACT_ID_INFO=0}
16:46:24.923 [main] DEBUG org.activiti.engine.impl.db.DbSqlSession - flush summary: 0 insert, 0 update, 0 delete.
16:46:24.923 [main] DEBUG org.activiti.engine.impl.db.DbSqlSession - now executing flush...
16:46:24.923 [main] DEBUG org.apache.ibatis.transaction.managed.ManagedTransaction - Closing JDBC Connection [Transaction-aware proxy for target Connection [conn106: url=jdbc:h2:mem:activiti user=SA]]
16:46:24.923 [main] DEBUG org.springframework.jdbc.datasource.DataSourceTransactionManager - Initiating transaction commit
16:46:24.923 [main] DEBUG org.springframework.jdbc.datasource.DataSourceTransactionManager - Committing JDBC transaction on Connection [conn106: url=jdbc:h2:mem:activiti user=SA]
16:46:24.923 [main] DEBUG org.springframework.jdbc.datasource.DataSourceTransactionManager - Releasing JDBC Connection [conn106: url=jdbc:h2:mem:activiti user=SA] after transaction
16:46:24.923 [main] DEBUG org.springframework.jdbc.datasource.DataSourceUtils - Returning JDBC Connection to DataSource
16:46:24.923 [main] DEBUG org.activiti.engine.impl.interceptor.LogInterceptor - --- GetTableCountCmd finished --------------------------------------------------------
16:46:24.923 [main] DEBUG org.activiti.engine.impl.interceptor.LogInterceptor - 

16:46:24.923 [main] INFO org.activiti.engine.impl.test.PvmTestCase - database was clean
]]></system-out>
  </testcase>
</testsuite>