<?xml version="1.0" encoding="UTF-8"?>
<testsuite name="com.home.demo.main.LeaveCoutersignTest" time="1.331" tests="2" errors="2" skipped="0" failures="0">
  <properties>
    <property name="java.runtime.name" value="Java(TM) SE Runtime Environment"/>
    <property name="sun.boot.library.path" value="/Library/Java/JavaVirtualMachines/jdk1.8.0_60.jdk/Contents/Home/jre/lib"/>
    <property name="java.vm.version" value="25.60-b23"/>
    <property name="gopherProxySet" value="false"/>
    <property name="java.vm.vendor" value="Oracle Corporation"/>
    <property name="maven.multiModuleProjectDirectory" value="/Users/huanggangyu/eclipse-workspace/activiti-demo"/>
    <property name="java.vendor.url" value="http://java.oracle.com/"/>
    <property name="path.separator" value=":"/>
    <property name="guice.disable.misplaced.annotation.check" value="true"/>
    <property name="java.vm.name" value="Java HotSpot(TM) 64-Bit Server VM"/>
    <property name="file.encoding.pkg" value="sun.io"/>
    <property name="user.country" value="CN"/>
    <property name="sun.java.launcher" value="SUN_STANDARD"/>
    <property name="sun.os.patch.level" value="unknown"/>
    <property name="java.vm.specification.name" value="Java Virtual Machine Specification"/>
    <property name="user.dir" value="/Users/huanggangyu/eclipse-workspace/activiti-demo"/>
    <property name="java.runtime.version" value="1.8.0_60-b27"/>
    <property name="java.awt.graphicsenv" value="sun.awt.CGraphicsEnvironment"/>
    <property name="java.endorsed.dirs" value="/Library/Java/JavaVirtualMachines/jdk1.8.0_60.jdk/Contents/Home/jre/lib/endorsed"/>
    <property name="os.arch" value="x86_64"/>
    <property name="java.io.tmpdir" value="/var/folders/jy/7nvdsqbx1fsfnmff_p4k12_m0000gq/T/"/>
    <property name="line.separator" value="&#10;"/>
    <property name="java.vm.specification.vendor" value="Oracle Corporation"/>
    <property name="os.name" value="Mac OS X"/>
    <property name="classworlds.conf" value="/Users/huanggangyu/eclipse-workspace/.metadata/.plugins/org.eclipse.m2e.launching/launches/m2conf5667045441837054571.tmp"/>
    <property name="sun.jnu.encoding" value="UTF-8"/>
    <property name="java.library.path" value="/Users/huanggangyu/Library/Java/Extensions:/Library/Java/Extensions:/Network/Library/Java/Extensions:/System/Library/Java/Extensions:/usr/lib/java:."/>
    <property name="java.specification.name" value="Java Platform API Specification"/>
    <property name="java.class.version" value="52.0"/>
    <property name="sun.management.compiler" value="HotSpot 64-Bit Tiered Compilers"/>
    <property name="os.version" value="10.11.6"/>
    <property name="user.home" value="/Users/huanggangyu"/>
    <property name="user.timezone" value="Asia/Chongqing"/>
    <property name="java.awt.printerjob" value="sun.lwawt.macosx.CPrinterJob"/>
    <property name="java.specification.version" value="1.8"/>
    <property name="file.encoding" value="UTF-8"/>
    <property name="user.name" value="huanggangyu"/>
    <property name="java.class.path" value="/Users/huanggangyu/Downloads/apache-maven-3.3.9/boot/plexus-classworlds-2.5.2.jar"/>
    <property name="java.vm.specification.version" value="1.8"/>
    <property name="sun.arch.data.model" value="64"/>
    <property name="java.home" value="/Library/Java/JavaVirtualMachines/jdk1.8.0_60.jdk/Contents/Home/jre"/>
    <property name="sun.java.command" value="org.codehaus.plexus.classworlds.launcher.Launcher -B -gs /Users/huanggangyu/.m2/settings.xml -s /Users/huanggangyu/.m2/settings.xml install"/>
    <property name="java.specification.vendor" value="Oracle Corporation"/>
    <property name="user.language" value="zh"/>
    <property name="awt.toolkit" value="sun.lwawt.macosx.LWCToolkit"/>
    <property name="java.vm.info" value="mixed mode"/>
    <property name="java.version" value="1.8.0_60"/>
    <property name="java.ext.dirs" value="/Users/huanggangyu/Library/Java/Extensions:/Library/Java/JavaVirtualMachines/jdk1.8.0_60.jdk/Contents/Home/jre/lib/ext:/Library/Java/Extensions:/Network/Library/Java/Extensions:/System/Library/Java/Extensions:/usr/lib/java"/>
    <property name="sun.boot.class.path" value="/Library/Java/JavaVirtualMachines/jdk1.8.0_60.jdk/Contents/Home/jre/lib/resources.jar:/Library/Java/JavaVirtualMachines/jdk1.8.0_60.jdk/Contents/Home/jre/lib/rt.jar:/Library/Java/JavaVirtualMachines/jdk1.8.0_60.jdk/Contents/Home/jre/lib/sunrsasign.jar:/Library/Java/JavaVirtualMachines/jdk1.8.0_60.jdk/Contents/Home/jre/lib/jsse.jar:/Library/Java/JavaVirtualMachines/jdk1.8.0_60.jdk/Contents/Home/jre/lib/jce.jar:/Library/Java/JavaVirtualMachines/jdk1.8.0_60.jdk/Contents/Home/jre/lib/charsets.jar:/Library/Java/JavaVirtualMachines/jdk1.8.0_60.jdk/Contents/Home/jre/lib/jfr.jar:/Library/Java/JavaVirtualMachines/jdk1.8.0_60.jdk/Contents/Home/jre/classes"/>
    <property name="java.vendor" value="Oracle Corporation"/>
    <property name="maven.home" value="/Users/huanggangyu/Downloads/apache-maven-3.3.9"/>
    <property name="file.separator" value="/"/>
    <property name="java.vendor.url.bug" value="http://bugreport.sun.com/bugreport/"/>
    <property name="sun.cpu.endian" value="little"/>
    <property name="sun.io.unicode.encoding" value="UnicodeBig"/>
    <property name="sun.cpu.isalist" value=""/>
  </properties>
  <testcase name="testAllApproved" classname="com.home.demo.main.LeaveCoutersignTest" time="0.882">
    <error message="Exception while invoking TaskListener: Unknown property used in expression: ${leaveCounterSignCompleteListener}" type="org.activiti.engine.ActivitiException">org.activiti.engine.ActivitiException: Exception while invoking TaskListener: Unknown property used in expression: ${leaveCounterSignCompleteListener}
	at org.activiti.engine.impl.juel.AstIdentifier.eval(AstIdentifier.java:83)
	at org.activiti.engine.impl.juel.AstEval.eval(AstEval.java:50)
	at org.activiti.engine.impl.juel.AstNode.getValue(AstNode.java:26)
	at org.activiti.engine.impl.juel.TreeValueExpression.getValue(TreeValueExpression.java:114)
	at org.activiti.engine.impl.delegate.ExpressionGetInvocation.invoke(ExpressionGetInvocation.java:33)
	at org.activiti.engine.impl.delegate.DelegateInvocation.proceed(DelegateInvocation.java:37)
	at org.activiti.engine.impl.delegate.DefaultDelegateInterceptor.handleInvocation(DefaultDelegateInterceptor.java:25)
	at org.activiti.engine.impl.el.JuelExpression.getValue(JuelExpression.java:48)
	at org.activiti.engine.impl.bpmn.listener.DelegateExpressionTaskListener.notify(DelegateExpressionTaskListener.java:44)
	at org.activiti.engine.impl.delegate.TaskListenerInvocation.invoke(TaskListenerInvocation.java:34)
	at org.activiti.engine.impl.delegate.DelegateInvocation.proceed(DelegateInvocation.java:37)
	at org.activiti.engine.impl.delegate.DefaultDelegateInterceptor.handleInvocation(DefaultDelegateInterceptor.java:25)
	at org.activiti.engine.impl.persistence.entity.TaskEntity.fireEvent(TaskEntity.java:718)
	at org.activiti.engine.impl.persistence.entity.TaskEntity.complete(TaskEntity.java:181)
	at org.activiti.engine.impl.cmd.CompleteTaskCmd.execute(CompleteTaskCmd.java:50)
	at org.activiti.engine.impl.cmd.CompleteTaskCmd.execute(CompleteTaskCmd.java:24)
	at org.activiti.engine.impl.cmd.NeedsActiveTaskCmd.execute(NeedsActiveTaskCmd.java:59)
	at org.activiti.engine.impl.interceptor.CommandInvoker.execute(CommandInvoker.java:24)
	at org.activiti.engine.impl.interceptor.CommandContextInterceptor.execute(CommandContextInterceptor.java:57)
	at org.activiti.spring.SpringTransactionInterceptor$1.doInTransaction(SpringTransactionInterceptor.java:47)
	at org.springframework.transaction.support.TransactionTemplate.execute(TransactionTemplate.java:133)
	at org.activiti.spring.SpringTransactionInterceptor.execute(SpringTransactionInterceptor.java:45)
	at org.activiti.engine.impl.interceptor.LogInterceptor.execute(LogInterceptor.java:37)
	at org.activiti.engine.impl.cfg.CommandExecutorImpl.execute(CommandExecutorImpl.java:40)
	at org.activiti.engine.impl.cfg.CommandExecutorImpl.execute(CommandExecutorImpl.java:35)
	at org.activiti.engine.impl.TaskServiceImpl.complete(TaskServiceImpl.java:179)
	at com.home.demo.main.LeaveCoutersignTest.testAllApproved(LeaveCoutersignTest.java:38)
</error>
    <system-out><![CDATA[-------- 结束测试 --------
16:46:13.187 [main] DEBUG org.springframework.test.context.BootstrapUtils - Instantiating CacheAwareContextLoaderDelegate from class [org.springframework.test.context.cache.DefaultCacheAwareContextLoaderDelegate]
16:46:13.188 [main] DEBUG org.springframework.test.context.BootstrapUtils - Instantiating BootstrapContext using constructor [public org.springframework.test.context.support.DefaultBootstrapContext(java.lang.Class,org.springframework.test.context.CacheAwareContextLoaderDelegate)]
16:46:13.189 [main] DEBUG org.springframework.test.context.BootstrapUtils - Instantiating TestContextBootstrapper for test class [com.home.demo.main.LeaveCoutersignTest] from class [org.springframework.test.context.support.DefaultTestContextBootstrapper]
16:46:13.190 [main] DEBUG org.springframework.test.context.support.AbstractDelegatingSmartContextLoader - Delegating to GenericXmlContextLoader to process context configuration [ContextConfigurationAttributes@76911385 declaringClass = 'com.home.demo.main.LeaveCoutersignTest', classes = '{}', locations = '{classpath:applicationContext-test-chapter9.xml}', inheritLocations = true, initializers = '{}', inheritInitializers = true, name = [null], contextLoaderClass = 'org.springframework.test.context.ContextLoader'].
16:46:13.194 [main] DEBUG org.springframework.test.context.support.ActiveProfilesUtils - Could not find an 'annotation declaring class' for annotation type [org.springframework.test.context.ActiveProfiles] and class [com.home.demo.main.LeaveCoutersignTest]
16:46:13.195 [main] INFO org.springframework.test.context.support.DefaultTestContextBootstrapper - Using TestExecutionListeners: [org.springframework.test.context.support.DependencyInjectionTestExecutionListener@30b2b76f]
16:46:13.195 [main] DEBUG org.springframework.test.context.BootstrapUtils - Instantiating CacheAwareContextLoaderDelegate from class [org.springframework.test.context.cache.DefaultCacheAwareContextLoaderDelegate]
16:46:13.195 [main] DEBUG org.springframework.test.context.BootstrapUtils - Instantiating BootstrapContext using constructor [public org.springframework.test.context.support.DefaultBootstrapContext(java.lang.Class,org.springframework.test.context.CacheAwareContextLoaderDelegate)]
16:46:13.195 [main] DEBUG org.springframework.test.context.BootstrapUtils - Instantiating TestContextBootstrapper for test class [com.home.demo.main.LeaveCoutersignTest] from class [org.springframework.test.context.support.DefaultTestContextBootstrapper]
16:46:13.196 [main] DEBUG org.springframework.test.context.support.AbstractDelegatingSmartContextLoader - Delegating to GenericXmlContextLoader to process context configuration [ContextConfigurationAttributes@56da52a7 declaringClass = 'com.home.demo.main.LeaveCoutersignTest', classes = '{}', locations = '{classpath:applicationContext-test-chapter9.xml}', inheritLocations = true, initializers = '{}', inheritInitializers = true, name = [null], contextLoaderClass = 'org.springframework.test.context.ContextLoader'].
16:46:13.204 [main] DEBUG org.springframework.test.context.support.ActiveProfilesUtils - Could not find an 'annotation declaring class' for annotation type [org.springframework.test.context.ActiveProfiles] and class [com.home.demo.main.LeaveCoutersignTest]
16:46:13.205 [main] INFO org.springframework.test.context.support.DefaultTestContextBootstrapper - Using TestExecutionListeners: [org.springframework.test.context.support.DependencyInjectionTestExecutionListener@38548b19]
16:46:13.205 [main] DEBUG org.springframework.test.context.support.DependencyInjectionTestExecutionListener - Performing dependency injection for test context [[DefaultTestContext@41aaedaa testClass = LeaveCoutersignTest, testInstance = testAllApproved(com.home.demo.main.LeaveCoutersignTest), testMethod = [null], testException = [null], mergedContextConfiguration = [MergedContextConfiguration@303a5119 testClass = LeaveCoutersignTest, locations = '{classpath:applicationContext-test-chapter9.xml}', classes = '{}', contextInitializerClasses = '[]', activeProfiles = '{}', propertySourceLocations = '{}', propertySourceProperties = '{}', contextCustomizers = set[org.springframework.boot.test.context.filter.ExcludeFilterContextCustomizer@5bb21b69, org.springframework.boot.test.mock.mockito.MockitoContextCustomizer@0, org.springframework.boot.test.autoconfigure.properties.PropertyMappingContextCustomizer@0], contextLoader = 'org.springframework.test.context.support.DelegatingSmartContextLoader', parent = [null]]]].
16:46:13.205 [main] DEBUG org.springframework.test.context.support.AbstractDelegatingSmartContextLoader - Delegating to GenericXmlContextLoader to load context from [MergedContextConfiguration@303a5119 testClass = LeaveCoutersignTest, locations = '{classpath:applicationContext-test-chapter9.xml}', classes = '{}', contextInitializerClasses = '[]', activeProfiles = '{}', propertySourceLocations = '{}', propertySourceProperties = '{}', contextCustomizers = set[org.springframework.boot.test.context.filter.ExcludeFilterContextCustomizer@5bb21b69, org.springframework.boot.test.mock.mockito.MockitoContextCustomizer@0, org.springframework.boot.test.autoconfigure.properties.PropertyMappingContextCustomizer@0], contextLoader = 'org.springframework.test.context.support.DelegatingSmartContextLoader', parent = [null]].
16:46:13.205 [main] DEBUG org.springframework.test.context.support.AbstractGenericContextLoader - Loading ApplicationContext for merged context configuration [[MergedContextConfiguration@303a5119 testClass = LeaveCoutersignTest, locations = '{classpath:applicationContext-test-chapter9.xml}', classes = '{}', contextInitializerClasses = '[]', activeProfiles = '{}', propertySourceLocations = '{}', propertySourceProperties = '{}', contextCustomizers = set[org.springframework.boot.test.context.filter.ExcludeFilterContextCustomizer@5bb21b69, org.springframework.boot.test.mock.mockito.MockitoContextCustomizer@0, org.springframework.boot.test.autoconfigure.properties.PropertyMappingContextCustomizer@0], contextLoader = 'org.springframework.test.context.support.DelegatingSmartContextLoader', parent = [null]]].
16:46:13.206 [main] DEBUG org.springframework.core.env.StandardEnvironment - Adding [systemProperties] PropertySource with lowest search precedence
16:46:13.207 [main] DEBUG org.springframework.core.env.StandardEnvironment - Adding [systemEnvironment] PropertySource with lowest search precedence
16:46:13.207 [main] DEBUG org.springframework.core.env.StandardEnvironment - Initialized StandardEnvironment with PropertySources [systemProperties,systemEnvironment]
16:46:13.207 [main] INFO org.springframework.beans.factory.xml.XmlBeanDefinitionReader - Loading XML bean definitions from class path resource [applicationContext-test-chapter9.xml]
16:46:13.208 [main] DEBUG org.springframework.beans.factory.xml.DefaultDocumentLoader - Using JAXP provider [com.sun.org.apache.xerces.internal.jaxp.DocumentBuilderFactoryImpl]
16:46:13.209 [main] DEBUG org.springframework.beans.factory.xml.PluggableSchemaResolver - Loading schema mappings from [META-INF/spring.schemas]
16:46:13.211 [main] DEBUG org.springframework.beans.factory.xml.PluggableSchemaResolver - Loaded schema mappings: {http://www.springframework.org/schema/tx/spring-tx-4.3.xsd=org/springframework/transaction/config/spring-tx-4.3.xsd, http://www.springframework.org/schema/tx/spring-tx-2.5.xsd=org/springframework/transaction/config/spring-tx-2.5.xsd, http://www.springframework.org/schema/cache/spring-cache-4.2.xsd=org/springframework/cache/config/spring-cache-4.2.xsd, http://www.springframework.org/schema/aop/spring-aop-4.1.xsd=org/springframework/aop/config/spring-aop-4.1.xsd, http://www.springframework.org/schema/context/spring-context-3.1.xsd=org/springframework/context/config/spring-context-3.1.xsd, http://www.springframework.org/schema/jdbc/spring-jdbc-4.1.xsd=org/springframework/jdbc/config/spring-jdbc-4.1.xsd, http://www.springframework.org/schema/data/repository/spring-repository-1.4.xsd=org/springframework/data/repository/config/spring-repository-1.4.xsd, http://www.springframework.org/schema/util/spring-util-3.0.xsd=org/springframework/beans/factory/xml/spring-util-3.0.xsd, http://www.springframework.org/schema/mvc/spring-mvc-4.1.xsd=org/springframework/web/servlet/config/spring-mvc-4.1.xsd, http://www.springframework.org/schema/data/jpa/spring-jpa.xsd=org/springframework/data/jpa/repository/config/spring-jpa-1.8.xsd, http://www.springframework.org/schema/tool/spring-tool.xsd=org/springframework/beans/factory/xml/spring-tool-4.3.xsd, http://www.springframework.org/schema/aop/spring-aop-3.2.xsd=org/springframework/aop/config/spring-aop-3.2.xsd, http://mybatis.org/schema/mybatis-spring-1.2.xsd=org/mybatis/spring/config/mybatis-spring-1.2.xsd, http://www.springframework.org/schema/lang/spring-lang-4.1.xsd=org/springframework/scripting/config/spring-lang-4.1.xsd, http://www.springframework.org/schema/context/spring-context-4.0.xsd=org/springframework/context/config/spring-context-4.0.xsd, http://www.springframework.org/schema/mvc/spring-mvc-3.2.xsd=org/springframework/web/servlet/config/spring-mvc-3.2.xsd, http://www.springframework.org/schema/beans/spring-beans-4.2.xsd=org/springframework/beans/factory/xml/spring-beans-4.2.xsd, http://www.springframework.org/schema/tool/spring-tool-4.1.xsd=org/springframework/beans/factory/xml/spring-tool-4.1.xsd, http://www.springframework.org/schema/lang/spring-lang-3.2.xsd=org/springframework/scripting/config/spring-lang-3.2.xsd, http://www.springframework.org/schema/cache/spring-cache-3.2.xsd=org/springframework/cache/config/spring-cache-3.2.xsd, http://www.springframework.org/schema/jee/spring-jee-4.1.xsd=org/springframework/ejb/config/spring-jee-4.1.xsd, http://www.springframework.org/schema/jdbc/spring-jdbc-3.1.xsd=org/springframework/jdbc/config/spring-jdbc-3.1.xsd, http://www.springframework.org/schema/task/spring-task-4.2.xsd=org/springframework/scheduling/config/spring-task-4.2.xsd, http://www.springframework.org/schema/util/spring-util-2.0.xsd=org/springframework/beans/factory/xml/spring-util-2.0.xsd, http://www.springframework.org/schema/context/spring-context.xsd=org/springframework/context/config/spring-context-4.3.xsd, http://www.springframework.org/schema/tool/spring-tool-3.2.xsd=org/springframework/beans/factory/xml/spring-tool-3.2.xsd, http://www.springframework.org/schema/tx/spring-tx-4.2.xsd=org/springframework/transaction/config/spring-tx-4.2.xsd, http://www.springframework.org/schema/cache/spring-cache-4.1.xsd=org/springframework/cache/config/spring-cache-4.1.xsd, http://www.springframework.org/schema/aop/spring-aop-4.0.xsd=org/springframework/aop/config/spring-aop-4.0.xsd, http://www.springframework.org/schema/jee/spring-jee-3.2.xsd=org/springframework/ejb/config/spring-jee-3.2.xsd, http://www.springframework.org/schema/context/spring-context-3.0.xsd=org/springframework/context/config/spring-context-3.0.xsd, http://www.springframework.org/schema/jdbc/spring-jdbc-4.0.xsd=org/springframework/jdbc/config/spring-jdbc-4.0.xsd, http://www.springframework.org/schema/util/spring-util-2.5.xsd=org/springframework/beans/factory/xml/spring-util-2.5.xsd, http://www.springframework.org/schema/mvc/spring-mvc-4.0.xsd=org/springframework/web/servlet/config/spring-mvc-4.0.xsd, http://www.springframework.org/schema/util/spring-util-4.3.xsd=org/springframework/beans/factory/xml/spring-util-4.3.xsd, http://www.springframework.org/schema/beans/spring-beans-3.2.xsd=org/springframework/beans/factory/xml/spring-beans-3.2.xsd, http://www.springframework.org/schema/aop/spring-aop-3.1.xsd=org/springframework/aop/config/spring-aop-3.1.xsd, http://www.springframework.org/schema/lang/spring-lang-4.0.xsd=org/springframework/scripting/config/spring-lang-4.0.xsd, http://www.springframework.org/schema/data/repository/spring-repository-1.8.xsd=org/springframework/data/repository/config/spring-repository-1.8.xsd, http://www.springframework.org/schema/mvc/spring-mvc.xsd=org/springframework/web/servlet/config/spring-mvc-4.3.xsd, http://www.springframework.org/schema/mvc/spring-mvc-3.1.xsd=org/springframework/web/servlet/config/spring-mvc-3.1.xsd, http://www.springframework.org/schema/beans/spring-beans-4.1.xsd=org/springframework/beans/factory/xml/spring-beans-4.1.xsd, http://www.springframework.org/schema/tool/spring-tool-4.0.xsd=org/springframework/beans/factory/xml/spring-tool-4.0.xsd, http://www.springframework.org/schema/tx/spring-tx-3.2.xsd=org/springframework/transaction/config/spring-tx-3.2.xsd, http://www.springframework.org/schema/lang/spring-lang-3.1.xsd=org/springframework/scripting/config/spring-lang-3.1.xsd, http://www.springframework.org/schema/cache/spring-cache-3.1.xsd=org/springframework/cache/config/spring-cache-3.1.xsd, http://www.springframework.org/schema/jee/spring-jee-4.0.xsd=org/springframework/ejb/config/spring-jee-4.0.xsd, http://www.springframework.org/schema/jdbc/spring-jdbc-3.0.xsd=org/springframework/jdbc/config/spring-jdbc-3.0.xsd, http://www.springframework.org/schema/task/spring-task-4.1.xsd=org/springframework/scheduling/config/spring-task-4.1.xsd, http://www.springframework.org/schema/jdbc/spring-jdbc.xsd=org/springframework/jdbc/config/spring-jdbc-4.3.xsd, http://www.springframework.org/schema/tool/spring-tool-3.1.xsd=org/springframework/beans/factory/xml/spring-tool-3.1.xsd, http://www.springframework.org/schema/tx/spring-tx-4.1.xsd=org/springframework/transaction/config/spring-tx-4.1.xsd, http://www.springframework.org/schema/cache/spring-cache-4.0.xsd=org/springframework/cache/config/spring-cache-4.0.xsd, http://www.springframework.org/schema/jee/spring-jee-3.1.xsd=org/springframework/ejb/config/spring-jee-3.1.xsd, http://www.springframework.org/schema/task/spring-task-3.2.xsd=org/springframework/scheduling/config/spring-task-3.2.xsd, http://www.springframework.org/schema/util/spring-util-4.2.xsd=org/springframework/beans/factory/xml/spring-util-4.2.xsd, http://www.springframework.org/schema/beans/spring-beans-3.1.xsd=org/springframework/beans/factory/xml/spring-beans-3.1.xsd, http://www.springframework.org/schema/util/spring-util.xsd=org/springframework/beans/factory/xml/spring-util-4.3.xsd, http://www.springframework.org/schema/data/jpa/spring-jpa-1.3.xsd=org/springframework/data/jpa/repository/config/spring-jpa-1.3.xsd, http://www.springframework.org/schema/aop/spring-aop-3.0.xsd=org/springframework/aop/config/spring-aop-3.0.xsd, http://www.springframework.org/schema/data/repository/spring-repository.xsd=org/springframework/data/repository/config/spring-repository-1.11.xsd, http://www.springframework.org/schema/data/repository/spring-repository-1.7.xsd=org/springframework/data/repository/config/spring-repository-1.7.xsd, http://www.springframework.org/schema/mvc/spring-mvc-3.0.xsd=org/springframework/web/servlet/config/spring-mvc-3.0.xsd, http://www.springframework.org/schema/beans/spring-beans-4.0.xsd=org/springframework/beans/factory/xml/spring-beans-4.0.xsd, http://www.springframework.org/schema/data/jpa/spring-jpa-1.8.xsd=org/springframework/data/jpa/repository/config/spring-jpa-1.8.xsd, http://www.springframework.org/schema/beans/spring-beans.xsd=org/springframework/beans/factory/xml/spring-beans-4.3.xsd, http://www.springframework.org/schema/plugin/spring-plugin.xsd=org/springframework/plugin/core/config/spring-plugin.xsd, http://www.springframework.org/schema/tx/spring-tx-3.1.xsd=org/springframework/transaction/config/spring-tx-3.1.xsd, http://www.springframework.org/schema/lang/spring-lang-3.0.xsd=org/springframework/scripting/config/spring-lang-3.0.xsd, http://mybatis.org/schema/mybatis-spring.xsd=org/mybatis/spring/config/mybatis-spring-1.2.xsd, http://www.springframework.org/schema/context/spring-context-4.3.xsd=org/springframework/context/config/spring-context-4.3.xsd, http://www.springframework.org/schema/context/spring-context-2.5.xsd=org/springframework/context/config/spring-context-2.5.xsd, http://www.springframework.org/schema/task/spring-task-4.0.xsd=org/springframework/scheduling/config/spring-task-4.0.xsd, http://www.springframework.org/schema/tool/spring-tool-3.0.xsd=org/springframework/beans/factory/xml/spring-tool-3.0.xsd, http://www.springframework.org/schema/tx/spring-tx-4.0.xsd=org/springframework/transaction/config/spring-tx-4.0.xsd, http://www.springframework.org/schema/aop/spring-aop-2.0.xsd=org/springframework/aop/config/spring-aop-2.0.xsd, http://www.springframework.org/schema/jee/spring-jee-3.0.xsd=org/springframework/ejb/config/spring-jee-3.0.xsd, http://www.springframework.org/schema/task/spring-task-3.1.xsd=org/springframework/scheduling/config/spring-task-3.1.xsd, http://www.springframework.org/schema/util/spring-util-4.1.xsd=org/springframework/beans/factory/xml/spring-util-4.1.xsd, http://www.springframework.org/schema/beans/spring-beans-3.0.xsd=org/springframework/beans/factory/xml/spring-beans-3.0.xsd, http://www.springframework.org/schema/data/jpa/spring-jpa-1.2.xsd=org/springframework/data/jpa/repository/config/spring-jpa-1.2.xsd, http://www.springframework.org/schema/jee/spring-jee.xsd=org/springframework/ejb/config/spring-jee-4.3.xsd, http://www.springframework.org/schema/aop/spring-aop-2.5.xsd=org/springframework/aop/config/spring-aop-2.5.xsd, http://www.springframework.org/schema/aop/spring-aop-4.3.xsd=org/springframework/aop/config/spring-aop-4.3.xsd, http://www.springframework.org/schema/lang/spring-lang-2.0.xsd=org/springframework/scripting/config/spring-lang-2.0.xsd, http://www.springframework.org/schema/jdbc/spring-jdbc-4.3.xsd=org/springframework/jdbc/config/spring-jdbc-4.3.xsd, http://www.springframework.org/schema/data/repository/spring-repository-1.6.xsd=org/springframework/data/repository/config/spring-repository-1.6.xsd, http://www.springframework.org/schema/mvc/spring-mvc-4.3.xsd=org/springframework/web/servlet/config/spring-mvc-4.3.xsd, http://www.springframework.org/schema/util/spring-util-3.2.xsd=org/springframework/beans/factory/xml/spring-util-3.2.xsd, http://www.springframework.org/schema/task/spring-task.xsd=org/springframework/scheduling/config/spring-task-4.3.xsd, http://www.springframework.org/schema/tool/spring-tool-2.0.xsd=org/springframework/beans/factory/xml/spring-tool-2.0.xsd, http://www.springframework.org/schema/tx/spring-tx-3.0.xsd=org/springframework/transaction/config/spring-tx-3.0.xsd, http://www.springframework.org/schema/lang/spring-lang-4.3.xsd=org/springframework/scripting/config/spring-lang-4.3.xsd, http://www.springframework.org/schema/lang/spring-lang-2.5.xsd=org/springframework/scripting/config/spring-lang-2.5.xsd, http://www.springframework.org/schema/context/spring-context-4.2.xsd=org/springframework/context/config/spring-context-4.2.xsd, http://www.springframework.org/schema/jee/spring-jee-2.0.xsd=org/springframework/ejb/config/spring-jee-2.0.xsd, http://www.springframework.org/schema/tool/spring-tool-4.3.xsd=org/springframework/beans/factory/xml/spring-tool-4.3.xsd, http://www.springframework.org/schema/tool/spring-tool-2.5.xsd=org/springframework/beans/factory/xml/spring-tool-2.5.xsd, http://www.springframework.org/schema/jee/spring-jee-4.3.xsd=org/springframework/ejb/config/spring-jee-4.3.xsd, http://www.springframework.org/schema/jee/spring-jee-2.5.xsd=org/springframework/ejb/config/spring-jee-2.5.xsd, http://www.springframework.org/schema/data/repository/spring-repository-1.0.xsd=org/springframework/data/repository/config/spring-repository-1.0.xsd, http://www.springframework.org/schema/task/spring-task-3.0.xsd=org/springframework/scheduling/config/spring-task-3.0.xsd, http://www.springframework.org/schema/util/spring-util-4.0.xsd=org/springframework/beans/factory/xml/spring-util-4.0.xsd, http://www.springframework.org/schema/data/jpa/spring-jpa-1.1.xsd=org/springframework/data/jpa/repository/config/spring-jpa-1.1.xsd, http://www.springframework.org/schema/cache/spring-cache-4.3.xsd=org/springframework/cache/config/spring-cache-4.3.xsd, http://www.springframework.org/schema/aop/spring-aop-4.2.xsd=org/springframework/aop/config/spring-aop-4.2.xsd, http://www.springframework.org/schema/lang/spring-lang.xsd=org/springframework/scripting/config/spring-lang-4.3.xsd, http://www.springframework.org/schema/context/spring-context-3.2.xsd=org/springframework/context/config/spring-context-3.2.xsd, http://www.springframework.org/schema/jdbc/spring-jdbc-4.2.xsd=org/springframework/jdbc/config/spring-jdbc-4.2.xsd, http://www.springframework.org/schema/data/repository/spring-repository-1.5.xsd=org/springframework/data/repository/config/spring-repository-1.5.xsd, http://www.springframework.org/schema/mvc/spring-mvc-4.2.xsd=org/springframework/web/servlet/config/spring-mvc-4.2.xsd, http://www.springframework.org/schema/util/spring-util-3.1.xsd=org/springframework/beans/factory/xml/spring-util-3.1.xsd, http://www.springframework.org/schema/beans/spring-beans-2.0.xsd=org/springframework/beans/factory/xml/spring-beans-2.0.xsd, http://www.springframework.org/schema/cache/spring-cache.xsd=org/springframework/cache/config/spring-cache-4.3.xsd, http://www.springframework.org/schema/tx/spring-tx.xsd=org/springframework/transaction/config/spring-tx-4.3.xsd, http://www.springframework.org/schema/lang/spring-lang-4.2.xsd=org/springframework/scripting/config/spring-lang-4.2.xsd, http://www.springframework.org/schema/context/spring-context-4.1.xsd=org/springframework/context/config/spring-context-4.1.xsd, http://www.springframework.org/schema/beans/spring-beans-2.5.xsd=org/springframework/beans/factory/xml/spring-beans-2.5.xsd, http://www.springframework.org/schema/beans/spring-beans-4.3.xsd=org/springframework/beans/factory/xml/spring-beans-4.3.xsd, http://www.springframework.org/schema/tool/spring-tool-4.2.xsd=org/springframework/beans/factory/xml/spring-tool-4.2.xsd, http://www.springframework.org/schema/tx/spring-tx-2.0.xsd=org/springframework/transaction/config/spring-tx-2.0.xsd, http://www.springframework.org/schema/jee/spring-jee-4.2.xsd=org/springframework/ejb/config/spring-jee-4.2.xsd, http://www.springframework.org/schema/data/repository/spring-repository-1.11.xsd=org/springframework/data/repository/config/spring-repository-1.11.xsd, http://www.springframework.org/schema/jdbc/spring-jdbc-3.2.xsd=org/springframework/jdbc/config/spring-jdbc-3.2.xsd, http://www.springframework.org/schema/task/spring-task-4.3.xsd=org/springframework/scheduling/config/spring-task-4.3.xsd, http://www.springframework.org/schema/aop/spring-aop.xsd=org/springframework/aop/config/spring-aop-4.3.xsd, http://www.springframework.org/schema/data/jpa/spring-jpa-1.0.xsd=org/springframework/data/jpa/repository/config/spring-jpa-1.0.xsd}
16:46:13.214 [main] DEBUG org.springframework.beans.factory.xml.PluggableSchemaResolver - Found XML schema [http://www.springframework.org/schema/beans/spring-beans.xsd] in classpath: org/springframework/beans/factory/xml/spring-beans-4.3.xsd
16:46:13.248 [main] DEBUG org.springframework.beans.factory.xml.PluggableSchemaResolver - Found XML schema [http://www.springframework.org/schema/context/spring-context-3.1.xsd] in classpath: org/springframework/context/config/spring-context-3.1.xsd
16:46:13.250 [main] DEBUG org.springframework.beans.factory.xml.PluggableSchemaResolver - Found XML schema [http://www.springframework.org/schema/tool/spring-tool-3.1.xsd] in classpath: org/springframework/beans/factory/xml/spring-tool-3.1.xsd
16:46:13.253 [main] DEBUG org.springframework.beans.factory.xml.PluggableSchemaResolver - Found XML schema [http://www.springframework.org/schema/tx/spring-tx-3.1.xsd] in classpath: org/springframework/transaction/config/spring-tx-3.1.xsd
16:46:13.258 [main] DEBUG org.springframework.beans.factory.xml.DefaultBeanDefinitionDocumentReader - Loading bean definitions
16:46:13.260 [main] DEBUG org.springframework.beans.factory.xml.DefaultNamespaceHandlerResolver - Loaded NamespaceHandler mappings: {http://www.springframework.org/schema/p=org.springframework.beans.factory.xml.SimplePropertyNamespaceHandler, http://www.springframework.org/schema/mvc=org.springframework.web.servlet.config.MvcNamespaceHandler, http://www.springframework.org/schema/util=org.springframework.beans.factory.xml.UtilNamespaceHandler, http://www.springframework.org/schema/jee=org.springframework.ejb.config.JeeNamespaceHandler, http://www.springframework.org/schema/aop=org.springframework.aop.config.AopNamespaceHandler, http://www.springframework.org/schema/jdbc=org.springframework.jdbc.config.JdbcNamespaceHandler, http://www.springframework.org/schema/data/repository=org.springframework.data.repository.config.RepositoryNameSpaceHandler, http://www.springframework.org/schema/data/jpa=org.springframework.data.jpa.repository.config.JpaRepositoryNameSpaceHandler, http://www.springframework.org/schema/cache=org.springframework.cache.config.CacheNamespaceHandler, http://mybatis.org/schema/mybatis-spring=org.mybatis.spring.config.NamespaceHandler, http://www.springframework.org/schema/c=org.springframework.beans.factory.xml.SimpleConstructorNamespaceHandler, http://www.springframework.org/schema/plugin=org.springframework.plugin.core.config.PluginNamespaceHandler, http://www.springframework.org/schema/tx=org.springframework.transaction.config.TxNamespaceHandler, http://www.springframework.org/schema/task=org.springframework.scheduling.config.TaskNamespaceHandler, http://www.springframework.org/schema/lang=org.springframework.scripting.config.LangNamespaceHandler, http://www.springframework.org/schema/data/keyvalue=org.springframework.data.keyvalue.repository.config.KeyValueRepositoryNameSpaceHandler, http://www.springframework.org/schema/context=org.springframework.context.config.ContextNamespaceHandler}
16:46:13.276 [main] DEBUG org.springframework.context.annotation.ClassPathBeanDefinitionScanner - JSR-250 'javax.annotation.ManagedBean' found and supported for component scanning
16:46:13.281 [main] DEBUG org.springframework.core.io.support.PathMatchingResourcePatternResolver - Resolved classpath location [com/home/demo/listener/] to resources [URL [file:/Users/huanggangyu/eclipse-workspace/activiti-demo/target/test-classes/com/home/demo/listener/]]
16:46:13.282 [main] DEBUG org.springframework.core.io.support.PathMatchingResourcePatternResolver - Looking for matching resources in directory tree [/Users/huanggangyu/eclipse-workspace/activiti-demo/target/test-classes/com/home/demo/listener]
16:46:13.283 [main] DEBUG org.springframework.core.io.support.PathMatchingResourcePatternResolver - Searching directory [/Users/huanggangyu/eclipse-workspace/activiti-demo/target/test-classes/com/home/demo/listener] for files matching pattern [/Users/huanggangyu/eclipse-workspace/activiti-demo/target/test-classes/com/home/demo/listener/**/*.class]
16:46:13.287 [main] DEBUG org.springframework.core.io.support.PathMatchingResourcePatternResolver - Resolved location pattern [classpath*:com/home/demo/listener/**/*.class] to resources [file [/Users/huanggangyu/eclipse-workspace/activiti-demo/target/test-classes/com/home/demo/listener/ListenerTest.class]]
16:46:13.291 [main] DEBUG org.springframework.beans.factory.xml.BeanDefinitionParserDelegate - Neither XML 'id' nor 'name' specified - using generated bean name [com.home.demo.form.JavascriptFormType#4d23015c]
16:46:13.293 [main] DEBUG org.springframework.beans.factory.xml.BeanDefinitionParserDelegate - Neither XML 'id' nor 'name' specified - using generated bean name [com.home.demo.form.UsersFormType#383f1975]
16:46:13.294 [main] DEBUG org.springframework.beans.factory.xml.XmlBeanDefinitionReader - Loaded 23 bean definitions from location pattern [classpath:applicationContext-test-chapter9.xml]
16:46:13.295 [main] INFO org.springframework.context.support.GenericApplicationContext - Refreshing org.springframework.context.support.GenericApplicationContext@75b3673: startup date [Tue Nov 28 16:46:13 CST 2017]; root of context hierarchy
16:46:13.296 [main] DEBUG org.springframework.context.support.GenericApplicationContext - Bean factory for org.springframework.context.support.GenericApplicationContext@75b3673: org.springframework.beans.factory.support.DefaultListableBeanFactory@441cc260: defining beans [org.springframework.context.annotation.internalConfigurationAnnotationProcessor,org.springframework.context.annotation.internalAutowiredAnnotationProcessor,org.springframework.context.annotation.internalRequiredAnnotationProcessor,org.springframework.context.annotation.internalCommonAnnotationProcessor,org.springframework.context.annotation.internalPersistenceAnnotationProcessor,org.springframework.context.event.internalEventListenerProcessor,org.springframework.context.event.internalEventListenerFactory,dataSource,transactionManager,org.springframework.transaction.config.internalTransactionalEventListenerFactory,org.springframework.aop.config.internalAutoProxyCreator,org.springframework.transaction.annotation.AnnotationTransactionAttributeSource#0,org.springframework.transaction.interceptor.TransactionInterceptor#0,org.springframework.transaction.config.internalTransactionAdvisor,processEngineConfiguration,processEngineFactory,repositoryService,runtimeService,formService,identityService,taskService,historyService,managementService,org.springframework.boot.test.mock.mockito.MockitoPostProcessor$SpyPostProcessor,org.springframework.boot.test.mock.mockito.MockitoPostProcessor]; root of factory hierarchy
16:46:13.297 [main] DEBUG org.springframework.beans.factory.support.DefaultListableBeanFactory - Creating shared instance of singleton bean 'org.springframework.context.annotation.internalConfigurationAnnotationProcessor'
16:46:13.297 [main] DEBUG org.springframework.beans.factory.support.DefaultListableBeanFactory - Creating instance of bean 'org.springframework.context.annotation.internalConfigurationAnnotationProcessor'
16:46:13.298 [main] DEBUG org.springframework.beans.factory.support.DefaultListableBeanFactory - Eagerly caching bean 'org.springframework.context.annotation.internalConfigurationAnnotationProcessor' to allow for resolving potential circular references
16:46:13.298 [main] DEBUG org.springframework.beans.factory.support.DefaultListableBeanFactory - Finished creating instance of bean 'org.springframework.context.annotation.internalConfigurationAnnotationProcessor'
16:46:13.306 [main] DEBUG org.springframework.beans.factory.support.DefaultListableBeanFactory - Creating shared instance of singleton bean 'org.springframework.boot.test.mock.mockito.MockitoPostProcessor'
16:46:13.307 [main] DEBUG org.springframework.beans.factory.support.DefaultListableBeanFactory - Creating instance of bean 'org.springframework.boot.test.mock.mockito.MockitoPostProcessor'
16:46:13.309 [main] DEBUG org.springframework.beans.factory.support.DefaultListableBeanFactory - Eagerly caching bean 'org.springframework.boot.test.mock.mockito.MockitoPostProcessor' to allow for resolving potential circular references
16:46:13.310 [main] DEBUG org.springframework.beans.factory.support.DefaultListableBeanFactory - Finished creating instance of bean 'org.springframework.boot.test.mock.mockito.MockitoPostProcessor'
16:46:13.311 [main] DEBUG org.springframework.beans.factory.support.DefaultListableBeanFactory - Creating shared instance of singleton bean 'org.springframework.context.annotation.internalAutowiredAnnotationProcessor'
16:46:13.313 [main] DEBUG org.springframework.beans.factory.support.DefaultListableBeanFactory - Creating instance of bean 'org.springframework.context.annotation.internalAutowiredAnnotationProcessor'
16:46:13.315 [main] DEBUG org.springframework.beans.factory.support.DefaultListableBeanFactory - Eagerly caching bean 'org.springframework.context.annotation.internalAutowiredAnnotationProcessor' to allow for resolving potential circular references
16:46:13.315 [main] DEBUG org.springframework.beans.factory.support.DefaultListableBeanFactory - Finished creating instance of bean 'org.springframework.context.annotation.internalAutowiredAnnotationProcessor'
16:46:13.315 [main] DEBUG org.springframework.beans.factory.support.DefaultListableBeanFactory - Creating shared instance of singleton bean 'org.springframework.context.annotation.internalRequiredAnnotationProcessor'
16:46:13.315 [main] DEBUG org.springframework.beans.factory.support.DefaultListableBeanFactory - Creating instance of bean 'org.springframework.context.annotation.internalRequiredAnnotationProcessor'
16:46:13.316 [main] DEBUG org.springframework.beans.factory.support.DefaultListableBeanFactory - Eagerly caching bean 'org.springframework.context.annotation.internalRequiredAnnotationProcessor' to allow for resolving potential circular references
16:46:13.316 [main] DEBUG org.springframework.beans.factory.support.DefaultListableBeanFactory - Finished creating instance of bean 'org.springframework.context.annotation.internalRequiredAnnotationProcessor'
16:46:13.316 [main] DEBUG org.springframework.beans.factory.support.DefaultListableBeanFactory - Creating shared instance of singleton bean 'org.springframework.context.annotation.internalCommonAnnotationProcessor'
16:46:13.316 [main] DEBUG org.springframework.beans.factory.support.DefaultListableBeanFactory - Creating instance of bean 'org.springframework.context.annotation.internalCommonAnnotationProcessor'
16:46:13.317 [main] DEBUG org.springframework.beans.factory.support.DefaultListableBeanFactory - Eagerly caching bean 'org.springframework.context.annotation.internalCommonAnnotationProcessor' to allow for resolving potential circular references
16:46:13.317 [main] DEBUG org.springframework.beans.factory.support.DefaultListableBeanFactory - Finished creating instance of bean 'org.springframework.context.annotation.internalCommonAnnotationProcessor'
16:46:13.317 [main] DEBUG org.springframework.beans.factory.support.DefaultListableBeanFactory - Creating shared instance of singleton bean 'org.springframework.context.annotation.internalPersistenceAnnotationProcessor'
16:46:13.317 [main] DEBUG org.springframework.beans.factory.support.DefaultListableBeanFactory - Creating instance of bean 'org.springframework.context.annotation.internalPersistenceAnnotationProcessor'
16:46:13.317 [main] DEBUG org.springframework.beans.factory.support.DefaultListableBeanFactory - Eagerly caching bean 'org.springframework.context.annotation.internalPersistenceAnnotationProcessor' to allow for resolving potential circular references
16:46:13.317 [main] DEBUG org.springframework.beans.factory.support.DefaultListableBeanFactory - Finished creating instance of bean 'org.springframework.context.annotation.internalPersistenceAnnotationProcessor'
16:46:13.317 [main] DEBUG org.springframework.beans.factory.support.DefaultListableBeanFactory - Creating shared instance of singleton bean 'org.springframework.boot.test.mock.mockito.MockitoPostProcessor$SpyPostProcessor'
16:46:13.317 [main] DEBUG org.springframework.beans.factory.support.DefaultListableBeanFactory - Creating instance of bean 'org.springframework.boot.test.mock.mockito.MockitoPostProcessor$SpyPostProcessor'
16:46:13.318 [main] DEBUG org.springframework.beans.factory.support.DefaultListableBeanFactory - Returning cached instance of singleton bean 'org.springframework.boot.test.mock.mockito.MockitoPostProcessor'
16:46:13.319 [main] DEBUG org.springframework.beans.factory.support.DefaultListableBeanFactory - Eagerly caching bean 'org.springframework.boot.test.mock.mockito.MockitoPostProcessor$SpyPostProcessor' to allow for resolving potential circular references
16:46:13.319 [main] DEBUG org.springframework.beans.factory.support.DefaultListableBeanFactory - Finished creating instance of bean 'org.springframework.boot.test.mock.mockito.MockitoPostProcessor$SpyPostProcessor'
16:46:13.319 [main] DEBUG org.springframework.beans.factory.support.DefaultListableBeanFactory - Creating shared instance of singleton bean 'org.springframework.context.annotation.ConfigurationClassPostProcessor.importAwareProcessor'
16:46:13.319 [main] DEBUG org.springframework.beans.factory.support.DefaultListableBeanFactory - Creating instance of bean 'org.springframework.context.annotation.ConfigurationClassPostProcessor.importAwareProcessor'
16:46:13.319 [main] DEBUG org.springframework.beans.factory.support.DefaultListableBeanFactory - Eagerly caching bean 'org.springframework.context.annotation.ConfigurationClassPostProcessor.importAwareProcessor' to allow for resolving potential circular references
16:46:13.319 [main] DEBUG org.springframework.beans.factory.support.DefaultListableBeanFactory - Finished creating instance of bean 'org.springframework.context.annotation.ConfigurationClassPostProcessor.importAwareProcessor'
16:46:13.319 [main] DEBUG org.springframework.beans.factory.support.DefaultListableBeanFactory - Creating shared instance of singleton bean 'org.springframework.context.annotation.ConfigurationClassPostProcessor.enhancedConfigurationProcessor'
16:46:13.320 [main] DEBUG org.springframework.beans.factory.support.DefaultListableBeanFactory - Creating instance of bean 'org.springframework.context.annotation.ConfigurationClassPostProcessor.enhancedConfigurationProcessor'
16:46:13.320 [main] DEBUG org.springframework.beans.factory.support.DefaultListableBeanFactory - Eagerly caching bean 'org.springframework.context.annotation.ConfigurationClassPostProcessor.enhancedConfigurationProcessor' to allow for resolving potential circular references
16:46:13.320 [main] DEBUG org.springframework.beans.factory.support.DefaultListableBeanFactory - Finished creating instance of bean 'org.springframework.context.annotation.ConfigurationClassPostProcessor.enhancedConfigurationProcessor'
16:46:13.320 [main] DEBUG org.springframework.beans.factory.support.DefaultListableBeanFactory - Creating shared instance of singleton bean 'org.springframework.aop.config.internalAutoProxyCreator'
16:46:13.320 [main] DEBUG org.springframework.beans.factory.support.DefaultListableBeanFactory - Creating instance of bean 'org.springframework.aop.config.internalAutoProxyCreator'
16:46:13.321 [main] DEBUG org.springframework.beans.factory.support.DefaultListableBeanFactory - Eagerly caching bean 'org.springframework.aop.config.internalAutoProxyCreator' to allow for resolving potential circular references
16:46:13.326 [main] DEBUG org.springframework.beans.factory.support.DefaultListableBeanFactory - Finished creating instance of bean 'org.springframework.aop.config.internalAutoProxyCreator'
16:46:13.326 [main] DEBUG org.springframework.beans.factory.support.DefaultListableBeanFactory - Returning cached instance of singleton bean 'org.springframework.boot.test.mock.mockito.MockitoPostProcessor'
16:46:13.326 [main] DEBUG org.springframework.beans.factory.support.DefaultListableBeanFactory - Returning cached instance of singleton bean 'org.springframework.boot.test.autoconfigure.properties.PropertyMappingContextCustomizer$PropertyMappingCheckBeanPostProcessor'
16:46:13.326 [main] DEBUG org.springframework.context.support.GenericApplicationContext - Unable to locate MessageSource with name 'messageSource': using default [org.springframework.context.support.DelegatingMessageSource@7ca0863b]
16:46:13.326 [main] DEBUG org.springframework.context.support.GenericApplicationContext - Unable to locate ApplicationEventMulticaster with name 'applicationEventMulticaster': using default [org.springframework.context.event.SimpleApplicationEventMulticaster@319854f0]
16:46:13.327 [main] DEBUG org.springframework.beans.factory.support.DefaultListableBeanFactory - Pre-instantiating singletons in org.springframework.beans.factory.support.DefaultListableBeanFactory@441cc260: defining beans [org.springframework.context.annotation.internalConfigurationAnnotationProcessor,org.springframework.context.annotation.internalAutowiredAnnotationProcessor,org.springframework.context.annotation.internalRequiredAnnotationProcessor,org.springframework.context.annotation.internalCommonAnnotationProcessor,org.springframework.context.annotation.internalPersistenceAnnotationProcessor,org.springframework.context.event.internalEventListenerProcessor,org.springframework.context.event.internalEventListenerFactory,dataSource,transactionManager,org.springframework.transaction.config.internalTransactionalEventListenerFactory,org.springframework.aop.config.internalAutoProxyCreator,org.springframework.transaction.annotation.AnnotationTransactionAttributeSource#0,org.springframework.transaction.interceptor.TransactionInterceptor#0,org.springframework.transaction.config.internalTransactionAdvisor,processEngineConfiguration,processEngineFactory,repositoryService,runtimeService,formService,identityService,taskService,historyService,managementService,org.springframework.boot.test.mock.mockito.MockitoPostProcessor$SpyPostProcessor,org.springframework.boot.test.mock.mockito.MockitoPostProcessor,org.springframework.context.annotation.ConfigurationClassPostProcessor.importAwareProcessor,org.springframework.context.annotation.ConfigurationClassPostProcessor.enhancedConfigurationProcessor]; root of factory hierarchy
16:46:13.327 [main] DEBUG org.springframework.beans.factory.support.DefaultListableBeanFactory - Returning cached instance of singleton bean 'org.springframework.context.annotation.internalConfigurationAnnotationProcessor'
16:46:13.327 [main] DEBUG org.springframework.beans.factory.support.DefaultListableBeanFactory - Returning cached instance of singleton bean 'org.springframework.context.annotation.internalAutowiredAnnotationProcessor'
16:46:13.327 [main] DEBUG org.springframework.beans.factory.support.DefaultListableBeanFactory - Returning cached instance of singleton bean 'org.springframework.context.annotation.internalRequiredAnnotationProcessor'
16:46:13.327 [main] DEBUG org.springframework.beans.factory.support.DefaultListableBeanFactory - Returning cached instance of singleton bean 'org.springframework.context.annotation.internalCommonAnnotationProcessor'
16:46:13.327 [main] DEBUG org.springframework.beans.factory.support.DefaultListableBeanFactory - Returning cached instance of singleton bean 'org.springframework.context.annotation.internalPersistenceAnnotationProcessor'
16:46:13.327 [main] DEBUG org.springframework.beans.factory.support.DefaultListableBeanFactory - Creating shared instance of singleton bean 'org.springframework.context.event.internalEventListenerProcessor'
16:46:13.327 [main] DEBUG org.springframework.beans.factory.support.DefaultListableBeanFactory - Creating instance of bean 'org.springframework.context.event.internalEventListenerProcessor'
16:46:13.327 [main] DEBUG org.springframework.beans.factory.support.DefaultListableBeanFactory - Eagerly caching bean 'org.springframework.context.event.internalEventListenerProcessor' to allow for resolving potential circular references
16:46:13.330 [main] DEBUG org.springframework.beans.factory.support.DefaultListableBeanFactory - Creating shared instance of singleton bean 'org.springframework.transaction.config.internalTransactionAdvisor'
16:46:13.330 [main] DEBUG org.springframework.beans.factory.support.DefaultListableBeanFactory - Creating instance of bean 'org.springframework.transaction.config.internalTransactionAdvisor'
16:46:13.331 [main] DEBUG org.springframework.beans.factory.support.DefaultListableBeanFactory - Eagerly caching bean 'org.springframework.transaction.config.internalTransactionAdvisor' to allow for resolving potential circular references
16:46:13.334 [main] DEBUG org.springframework.beans.factory.support.DefaultListableBeanFactory - Creating shared instance of singleton bean 'org.springframework.transaction.annotation.AnnotationTransactionAttributeSource#0'
16:46:13.334 [main] DEBUG org.springframework.beans.factory.support.DefaultListableBeanFactory - Creating instance of bean 'org.springframework.transaction.annotation.AnnotationTransactionAttributeSource#0'
16:46:13.334 [main] DEBUG org.springframework.beans.factory.support.DefaultListableBeanFactory - Eagerly caching bean 'org.springframework.transaction.annotation.AnnotationTransactionAttributeSource#0' to allow for resolving potential circular references
16:46:13.336 [main] DEBUG org.springframework.aop.framework.autoproxy.BeanFactoryAdvisorRetrievalHelper - Skipping currently created advisor 'org.springframework.transaction.config.internalTransactionAdvisor'
16:46:13.336 [main] DEBUG org.springframework.beans.factory.support.DefaultListableBeanFactory - Finished creating instance of bean 'org.springframework.transaction.annotation.AnnotationTransactionAttributeSource#0'
16:46:13.336 [main] DEBUG org.springframework.beans.factory.support.DefaultListableBeanFactory - Finished creating instance of bean 'org.springframework.transaction.config.internalTransactionAdvisor'
16:46:13.336 [main] DEBUG org.springframework.beans.factory.support.DefaultListableBeanFactory - Finished creating instance of bean 'org.springframework.context.event.internalEventListenerProcessor'
16:46:13.337 [main] DEBUG org.springframework.beans.factory.support.DefaultListableBeanFactory - Creating shared instance of singleton bean 'org.springframework.context.event.internalEventListenerFactory'
16:46:13.337 [main] DEBUG org.springframework.beans.factory.support.DefaultListableBeanFactory - Creating instance of bean 'org.springframework.context.event.internalEventListenerFactory'
16:46:13.337 [main] DEBUG org.springframework.beans.factory.support.DefaultListableBeanFactory - Eagerly caching bean 'org.springframework.context.event.internalEventListenerFactory' to allow for resolving potential circular references
16:46:13.339 [main] DEBUG org.springframework.beans.factory.support.DefaultListableBeanFactory - Returning cached instance of singleton bean 'org.springframework.transaction.config.internalTransactionAdvisor'
16:46:13.339 [main] DEBUG org.springframework.beans.factory.support.DefaultListableBeanFactory - Finished creating instance of bean 'org.springframework.context.event.internalEventListenerFactory'
16:46:13.339 [main] DEBUG org.springframework.beans.factory.support.DefaultListableBeanFactory - Creating shared instance of singleton bean 'dataSource'
16:46:13.339 [main] DEBUG org.springframework.beans.factory.support.DefaultListableBeanFactory - Creating instance of bean 'dataSource'
16:46:13.342 [main] DEBUG org.springframework.beans.factory.support.DefaultListableBeanFactory - Eagerly caching bean 'dataSource' to allow for resolving potential circular references
16:46:13.351 [main] DEBUG org.springframework.beans.factory.support.DefaultListableBeanFactory - Returning cached instance of singleton bean 'org.springframework.transaction.config.internalTransactionAdvisor'
16:46:13.352 [main] DEBUG org.springframework.beans.factory.support.DefaultListableBeanFactory - Finished creating instance of bean 'dataSource'
16:46:13.352 [main] DEBUG org.springframework.beans.factory.support.DefaultListableBeanFactory - Creating shared instance of singleton bean 'transactionManager'
16:46:13.352 [main] DEBUG org.springframework.beans.factory.support.DefaultListableBeanFactory - Creating instance of bean 'transactionManager'
16:46:13.353 [main] DEBUG org.springframework.beans.factory.support.DefaultListableBeanFactory - Eagerly caching bean 'transactionManager' to allow for resolving potential circular references
16:46:13.355 [main] DEBUG org.springframework.beans.factory.support.DefaultListableBeanFactory - Returning cached instance of singleton bean 'dataSource'
16:46:13.355 [main] DEBUG org.springframework.beans.factory.support.DefaultListableBeanFactory - Invoking afterPropertiesSet() on bean with name 'transactionManager'
16:46:13.356 [main] DEBUG org.springframework.beans.factory.support.DefaultListableBeanFactory - Returning cached instance of singleton bean 'org.springframework.transaction.config.internalTransactionAdvisor'
16:46:13.356 [main] DEBUG org.springframework.beans.factory.support.DefaultListableBeanFactory - Finished creating instance of bean 'transactionManager'
16:46:13.356 [main] DEBUG org.springframework.beans.factory.support.DefaultListableBeanFactory - Creating shared instance of singleton bean 'org.springframework.transaction.config.internalTransactionalEventListenerFactory'
16:46:13.356 [main] DEBUG org.springframework.beans.factory.support.DefaultListableBeanFactory - Creating instance of bean 'org.springframework.transaction.config.internalTransactionalEventListenerFactory'
16:46:13.356 [main] DEBUG org.springframework.beans.factory.support.DefaultListableBeanFactory - Eagerly caching bean 'org.springframework.transaction.config.internalTransactionalEventListenerFactory' to allow for resolving potential circular references
16:46:13.358 [main] DEBUG org.springframework.beans.factory.support.DefaultListableBeanFactory - Returning cached instance of singleton bean 'org.springframework.transaction.config.internalTransactionAdvisor'
16:46:13.358 [main] DEBUG org.springframework.beans.factory.support.DefaultListableBeanFactory - Finished creating instance of bean 'org.springframework.transaction.config.internalTransactionalEventListenerFactory'
16:46:13.358 [main] DEBUG org.springframework.beans.factory.support.DefaultListableBeanFactory - Returning cached instance of singleton bean 'org.springframework.aop.config.internalAutoProxyCreator'
16:46:13.358 [main] DEBUG org.springframework.beans.factory.support.DefaultListableBeanFactory - Returning cached instance of singleton bean 'org.springframework.transaction.annotation.AnnotationTransactionAttributeSource#0'
16:46:13.358 [main] DEBUG org.springframework.beans.factory.support.DefaultListableBeanFactory - Creating shared instance of singleton bean 'org.springframework.transaction.interceptor.TransactionInterceptor#0'
16:46:13.358 [main] DEBUG org.springframework.beans.factory.support.DefaultListableBeanFactory - Creating instance of bean 'org.springframework.transaction.interceptor.TransactionInterceptor#0'
16:46:13.359 [main] DEBUG org.springframework.beans.factory.support.DefaultListableBeanFactory - Eagerly caching bean 'org.springframework.transaction.interceptor.TransactionInterceptor#0' to allow for resolving potential circular references
16:46:13.362 [main] DEBUG org.springframework.beans.factory.support.DefaultListableBeanFactory - Returning cached instance of singleton bean 'org.springframework.transaction.annotation.AnnotationTransactionAttributeSource#0'
16:46:13.362 [main] DEBUG org.springframework.beans.factory.support.DefaultListableBeanFactory - Invoking afterPropertiesSet() on bean with name 'org.springframework.transaction.interceptor.TransactionInterceptor#0'
16:46:13.362 [main] DEBUG org.springframework.beans.factory.support.DefaultListableBeanFactory - Finished creating instance of bean 'org.springframework.transaction.interceptor.TransactionInterceptor#0'
16:46:13.362 [main] DEBUG org.springframework.beans.factory.support.DefaultListableBeanFactory - Returning cached instance of singleton bean 'org.springframework.transaction.config.internalTransactionAdvisor'
16:46:13.362 [main] DEBUG org.springframework.beans.factory.support.DefaultListableBeanFactory - Creating shared instance of singleton bean 'processEngineConfiguration'
16:46:13.362 [main] DEBUG org.springframework.beans.factory.support.DefaultListableBeanFactory - Creating instance of bean 'processEngineConfiguration'
16:46:13.364 [main] DEBUG org.springframework.beans.factory.support.DefaultListableBeanFactory - Eagerly caching bean 'processEngineConfiguration' to allow for resolving potential circular references
16:46:13.373 [main] DEBUG org.springframework.beans.factory.support.DefaultListableBeanFactory - Returning cached instance of singleton bean 'dataSource'
16:46:13.374 [main] DEBUG org.springframework.beans.factory.support.DefaultListableBeanFactory - Returning cached instance of singleton bean 'transactionManager'
16:46:13.374 [main] DEBUG org.springframework.beans.factory.support.DefaultListableBeanFactory - Creating instance of bean 'com.home.demo.form.JavascriptFormType#4d23015c'
16:46:13.378 [main] DEBUG org.springframework.beans.factory.support.DefaultListableBeanFactory - Returning cached instance of singleton bean 'org.springframework.transaction.config.internalTransactionAdvisor'
16:46:13.378 [main] DEBUG org.springframework.beans.factory.support.DefaultListableBeanFactory - Finished creating instance of bean 'com.home.demo.form.JavascriptFormType#4d23015c'
16:46:13.378 [main] DEBUG org.springframework.beans.factory.support.DefaultListableBeanFactory - Creating instance of bean 'com.home.demo.form.UsersFormType#383f1975'
16:46:13.382 [main] DEBUG org.springframework.beans.factory.support.DefaultListableBeanFactory - Returning cached instance of singleton bean 'org.springframework.transaction.config.internalTransactionAdvisor'
16:46:13.382 [main] DEBUG org.springframework.beans.factory.support.DefaultListableBeanFactory - Finished creating instance of bean 'com.home.demo.form.UsersFormType#383f1975'
16:46:13.383 [main] DEBUG org.springframework.beans.factory.support.DefaultListableBeanFactory - Returning cached instance of singleton bean 'org.springframework.transaction.config.internalTransactionAdvisor'
16:46:13.385 [main] DEBUG org.springframework.beans.factory.support.DefaultListableBeanFactory - Finished creating instance of bean 'processEngineConfiguration'
16:46:13.385 [main] DEBUG org.springframework.beans.factory.support.DefaultListableBeanFactory - Creating shared instance of singleton bean 'processEngineFactory'
16:46:13.385 [main] DEBUG org.springframework.beans.factory.support.DefaultListableBeanFactory - Creating instance of bean 'processEngineFactory'
16:46:13.386 [main] DEBUG org.springframework.beans.factory.support.DefaultListableBeanFactory - Eagerly caching bean 'processEngineFactory' to allow for resolving potential circular references
16:46:13.389 [main] DEBUG org.springframework.beans.factory.support.DefaultListableBeanFactory - Returning cached instance of singleton bean 'processEngineConfiguration'
16:46:13.391 [main] DEBUG org.springframework.beans.factory.support.DefaultListableBeanFactory - Returning cached instance of singleton bean 'org.springframework.transaction.config.internalTransactionAdvisor'
16:46:13.391 [main] DEBUG org.springframework.beans.factory.support.DefaultListableBeanFactory - Finished creating instance of bean 'processEngineFactory'
16:46:13.392 [main] DEBUG org.springframework.beans.factory.support.DefaultListableBeanFactory - Creating shared instance of singleton bean 'repositoryService'
16:46:13.392 [main] DEBUG org.springframework.beans.factory.support.DefaultListableBeanFactory - Creating instance of bean 'repositoryService'
16:46:13.392 [main] DEBUG org.springframework.beans.factory.support.DefaultListableBeanFactory - Returning cached instance of singleton bean 'processEngineFactory'
16:46:13.398 [main] DEBUG org.springframework.jdbc.datasource.DataSourceUtils - Fetching JDBC Connection from DataSource
16:46:13.398 [main] DEBUG org.springframework.jdbc.datasource.SimpleDriverDataSource - Creating new JDBC Driver Connection to [jdbc:h2:mem:activiti;DB_CLOSE_DELAY=1000]
16:46:13.398 [main] DEBUG org.activiti.engine.impl.cfg.ProcessEngineConfigurationImpl - database product name: 'H2'
16:46:13.399 [main] DEBUG org.activiti.engine.impl.cfg.ProcessEngineConfigurationImpl - using database type: h2
16:46:13.399 [main] DEBUG org.springframework.jdbc.datasource.DataSourceUtils - Returning JDBC Connection to DataSource
16:46:13.689 [main] DEBUG org.activiti.engine.impl.interceptor.LogInterceptor - 

16:46:13.689 [main] DEBUG org.activiti.engine.impl.interceptor.LogInterceptor - --- starting SchemaOperationsProcessEngineBuild --------------------------------------------------------
16:46:13.689 [main] DEBUG org.activiti.spring.SpringTransactionInterceptor - Running command with propagation NOT_SUPPORTED
16:46:13.689 [main] DEBUG org.apache.ibatis.transaction.managed.ManagedTransaction - Opening JDBC Connection
16:46:13.689 [main] DEBUG org.springframework.jdbc.datasource.DataSourceUtils - Fetching JDBC Connection from DataSource
16:46:13.689 [main] DEBUG org.springframework.jdbc.datasource.SimpleDriverDataSource - Creating new JDBC Driver Connection to [jdbc:h2:mem:activiti;DB_CLOSE_DELAY=1000]
16:46:13.690 [main] DEBUG org.springframework.jdbc.datasource.DataSourceUtils - Registering transaction synchronization for JDBC Connection
16:46:13.692 [main] DEBUG org.activiti.engine.impl.persistence.entity.PropertyEntity.selectProperty - ==>  Preparing: select * from ACT_GE_PROPERTY where NAME_ = ? 
16:46:13.692 [main] DEBUG org.activiti.engine.impl.persistence.entity.PropertyEntity.selectProperty - ==> Parameters: schema.version(String)
16:46:13.692 [main] DEBUG org.activiti.engine.impl.persistence.entity.PropertyEntity.selectProperty - <==      Total: 1
16:46:13.695 [main] DEBUG org.activiti.engine.impl.db.DbSqlSession - flush summary: 0 insert, 0 update, 0 delete.
16:46:13.695 [main] DEBUG org.activiti.engine.impl.db.DbSqlSession - now executing flush...
16:46:13.695 [main] DEBUG org.apache.ibatis.transaction.managed.ManagedTransaction - Closing JDBC Connection [Transaction-aware proxy for target Connection [conn19: url=jdbc:h2:mem:activiti user=SA]]
16:46:13.695 [main] DEBUG org.springframework.jdbc.datasource.DataSourceUtils - Returning JDBC Connection to DataSource
16:46:13.695 [main] DEBUG org.activiti.engine.impl.interceptor.LogInterceptor - --- SchemaOperationsProcessEngineBuild finished --------------------------------------------------------
16:46:13.695 [main] DEBUG org.activiti.engine.impl.interceptor.LogInterceptor - 

16:46:13.695 [main] INFO org.activiti.engine.impl.ProcessEngineImpl - ProcessEngine default created
16:46:13.695 [main] DEBUG org.springframework.beans.factory.support.DefaultListableBeanFactory - Returning cached instance of singleton bean 'org.springframework.transaction.config.internalTransactionAdvisor'
16:46:13.695 [main] DEBUG org.springframework.beans.factory.support.DefaultListableBeanFactory - Eagerly caching bean 'repositoryService' to allow for resolving potential circular references
16:46:13.697 [main] DEBUG org.springframework.beans.factory.support.DefaultListableBeanFactory - Returning cached instance of singleton bean 'org.springframework.transaction.config.internalTransactionAdvisor'
16:46:13.697 [main] DEBUG org.springframework.beans.factory.support.DefaultListableBeanFactory - Finished creating instance of bean 'repositoryService'
16:46:13.697 [main] DEBUG org.springframework.beans.factory.support.DefaultListableBeanFactory - Creating shared instance of singleton bean 'runtimeService'
16:46:13.697 [main] DEBUG org.springframework.beans.factory.support.DefaultListableBeanFactory - Creating instance of bean 'runtimeService'
16:46:13.697 [main] DEBUG org.springframework.beans.factory.support.DefaultListableBeanFactory - Returning cached instance of singleton bean 'processEngineFactory'
16:46:13.698 [main] DEBUG org.springframework.beans.factory.support.DefaultListableBeanFactory - Eagerly caching bean 'runtimeService' to allow for resolving potential circular references
16:46:13.700 [main] DEBUG org.springframework.beans.factory.support.DefaultListableBeanFactory - Returning cached instance of singleton bean 'org.springframework.transaction.config.internalTransactionAdvisor'
16:46:13.700 [main] DEBUG org.springframework.beans.factory.support.DefaultListableBeanFactory - Finished creating instance of bean 'runtimeService'
16:46:13.701 [main] DEBUG org.springframework.beans.factory.support.DefaultListableBeanFactory - Creating shared instance of singleton bean 'formService'
16:46:13.701 [main] DEBUG org.springframework.beans.factory.support.DefaultListableBeanFactory - Creating instance of bean 'formService'
16:46:13.701 [main] DEBUG org.springframework.beans.factory.support.DefaultListableBeanFactory - Returning cached instance of singleton bean 'processEngineFactory'
16:46:13.701 [main] DEBUG org.springframework.beans.factory.support.DefaultListableBeanFactory - Eagerly caching bean 'formService' to allow for resolving potential circular references
16:46:13.702 [main] DEBUG org.springframework.beans.factory.support.DefaultListableBeanFactory - Returning cached instance of singleton bean 'org.springframework.transaction.config.internalTransactionAdvisor'
16:46:13.702 [main] DEBUG org.springframework.beans.factory.support.DefaultListableBeanFactory - Finished creating instance of bean 'formService'
16:46:13.702 [main] DEBUG org.springframework.beans.factory.support.DefaultListableBeanFactory - Creating shared instance of singleton bean 'identityService'
16:46:13.702 [main] DEBUG org.springframework.beans.factory.support.DefaultListableBeanFactory - Creating instance of bean 'identityService'
16:46:13.702 [main] DEBUG org.springframework.beans.factory.support.DefaultListableBeanFactory - Returning cached instance of singleton bean 'processEngineFactory'
16:46:13.702 [main] DEBUG org.springframework.beans.factory.support.DefaultListableBeanFactory - Eagerly caching bean 'identityService' to allow for resolving potential circular references
16:46:13.703 [main] DEBUG org.springframework.beans.factory.support.DefaultListableBeanFactory - Returning cached instance of singleton bean 'org.springframework.transaction.config.internalTransactionAdvisor'
16:46:13.704 [main] DEBUG org.springframework.beans.factory.support.DefaultListableBeanFactory - Finished creating instance of bean 'identityService'
16:46:13.704 [main] DEBUG org.springframework.beans.factory.support.DefaultListableBeanFactory - Creating shared instance of singleton bean 'taskService'
16:46:13.705 [main] DEBUG org.springframework.beans.factory.support.DefaultListableBeanFactory - Creating instance of bean 'taskService'
16:46:13.706 [main] DEBUG org.springframework.beans.factory.support.DefaultListableBeanFactory - Returning cached instance of singleton bean 'processEngineFactory'
16:46:13.706 [main] DEBUG org.springframework.beans.factory.support.DefaultListableBeanFactory - Eagerly caching bean 'taskService' to allow for resolving potential circular references
16:46:13.709 [main] DEBUG org.springframework.beans.factory.support.DefaultListableBeanFactory - Returning cached instance of singleton bean 'org.springframework.transaction.config.internalTransactionAdvisor'
16:46:13.709 [main] DEBUG org.springframework.beans.factory.support.DefaultListableBeanFactory - Finished creating instance of bean 'taskService'
16:46:13.709 [main] DEBUG org.springframework.beans.factory.support.DefaultListableBeanFactory - Creating shared instance of singleton bean 'historyService'
16:46:13.709 [main] DEBUG org.springframework.beans.factory.support.DefaultListableBeanFactory - Creating instance of bean 'historyService'
16:46:13.709 [main] DEBUG org.springframework.beans.factory.support.DefaultListableBeanFactory - Returning cached instance of singleton bean 'processEngineFactory'
16:46:13.709 [main] DEBUG org.springframework.beans.factory.support.DefaultListableBeanFactory - Eagerly caching bean 'historyService' to allow for resolving potential circular references
16:46:13.710 [main] DEBUG org.springframework.beans.factory.support.DefaultListableBeanFactory - Returning cached instance of singleton bean 'org.springframework.transaction.config.internalTransactionAdvisor'
16:46:13.711 [main] DEBUG org.springframework.beans.factory.support.DefaultListableBeanFactory - Finished creating instance of bean 'historyService'
16:46:13.711 [main] DEBUG org.springframework.beans.factory.support.DefaultListableBeanFactory - Creating shared instance of singleton bean 'managementService'
16:46:13.711 [main] DEBUG org.springframework.beans.factory.support.DefaultListableBeanFactory - Creating instance of bean 'managementService'
16:46:13.711 [main] DEBUG org.springframework.beans.factory.support.DefaultListableBeanFactory - Returning cached instance of singleton bean 'processEngineFactory'
16:46:13.711 [main] DEBUG org.springframework.beans.factory.support.DefaultListableBeanFactory - Eagerly caching bean 'managementService' to allow for resolving potential circular references
16:46:13.712 [main] DEBUG org.springframework.beans.factory.support.DefaultListableBeanFactory - Returning cached instance of singleton bean 'org.springframework.transaction.config.internalTransactionAdvisor'
16:46:13.713 [main] DEBUG org.springframework.beans.factory.support.DefaultListableBeanFactory - Finished creating instance of bean 'managementService'
16:46:13.713 [main] DEBUG org.springframework.beans.factory.support.DefaultListableBeanFactory - Returning cached instance of singleton bean 'org.springframework.boot.test.mock.mockito.MockitoPostProcessor$SpyPostProcessor'
16:46:13.713 [main] DEBUG org.springframework.beans.factory.support.DefaultListableBeanFactory - Returning cached instance of singleton bean 'org.springframework.boot.test.mock.mockito.MockitoPostProcessor'
16:46:13.713 [main] DEBUG org.springframework.beans.factory.support.DefaultListableBeanFactory - Returning cached instance of singleton bean 'org.springframework.context.annotation.ConfigurationClassPostProcessor.importAwareProcessor'
16:46:13.713 [main] DEBUG org.springframework.beans.factory.support.DefaultListableBeanFactory - Returning cached instance of singleton bean 'org.springframework.context.annotation.ConfigurationClassPostProcessor.enhancedConfigurationProcessor'
16:46:13.713 [main] DEBUG org.springframework.beans.factory.support.DefaultListableBeanFactory - Returning cached instance of singleton bean 'org.springframework.context.event.internalEventListenerFactory'
16:46:13.713 [main] DEBUG org.springframework.beans.factory.support.DefaultListableBeanFactory - Returning cached instance of singleton bean 'org.springframework.transaction.config.internalTransactionalEventListenerFactory'
16:46:13.726 [main] DEBUG org.springframework.context.support.GenericApplicationContext - Unable to locate LifecycleProcessor with name 'lifecycleProcessor': using default [org.springframework.context.support.DefaultLifecycleProcessor@3b6c624]
16:46:13.727 [main] DEBUG org.springframework.beans.factory.support.DefaultListableBeanFactory - Returning cached instance of singleton bean 'lifecycleProcessor'
16:46:13.727 [main] DEBUG org.springframework.core.env.PropertySourcesPropertyResolver - Could not find key 'spring.liveBeansView.mbeanDomain' in any property source
16:46:13.727 [main] DEBUG org.springframework.test.context.cache.DefaultCacheAwareContextLoaderDelegate - Storing ApplicationContext in cache under key [[MergedContextConfiguration@303a5119 testClass = LeaveCoutersignTest, locations = '{classpath:applicationContext-test-chapter9.xml}', classes = '{}', contextInitializerClasses = '[]', activeProfiles = '{}', propertySourceLocations = '{}', propertySourceProperties = '{}', contextCustomizers = set[org.springframework.boot.test.context.filter.ExcludeFilterContextCustomizer@5bb21b69, org.springframework.boot.test.mock.mockito.MockitoContextCustomizer@0, org.springframework.boot.test.autoconfigure.properties.PropertyMappingContextCustomizer@0], contextLoader = 'org.springframework.test.context.support.DelegatingSmartContextLoader', parent = [null]]]
16:46:13.727 [main] DEBUG org.springframework.test.context.cache - Spring test ApplicationContext cache statistics: [DefaultContextCache@d02f8d size = 2, maxSize = 32, parentContextCount = 0, hitCount = 0, missCount = 2]
16:46:13.734 [main] DEBUG org.springframework.beans.factory.annotation.InjectionMetadata - Processing injected element of bean 'com.home.demo.main.LeaveCoutersignTest': AutowiredFieldElement for protected org.springframework.context.ApplicationContext org.activiti.spring.impl.test.SpringActivitiTestCase.applicationContext
16:46:13.735 [main] DEBUG org.springframework.beans.factory.annotation.AutowiredAnnotationBeanPostProcessor - Autowiring by type from bean name 'com.home.demo.main.LeaveCoutersignTest' to bean named 'org.springframework.context.support.GenericApplicationContext@75b3673'
16:46:13.735 [main] DEBUG org.springframework.beans.factory.support.DefaultListableBeanFactory - Returning cached instance of singleton bean 'org.springframework.transaction.config.internalTransactionAdvisor'
16:46:13.737 [main] DEBUG org.springframework.beans.factory.support.DefaultListableBeanFactory - Returning cached instance of singleton bean 'processEngineFactory'
16:46:13.737 [main] DEBUG org.activiti.engine.impl.test.TestHelper - annotation @Deployment creates deployment for LeaveCoutersignTest.testAllApproved
16:46:13.737 [main] DEBUG org.activiti.engine.impl.interceptor.LogInterceptor - 

16:46:13.737 [main] DEBUG org.activiti.engine.impl.interceptor.LogInterceptor - --- starting DeployCmd --------------------------------------------------------
16:46:13.737 [main] DEBUG org.activiti.spring.SpringTransactionInterceptor - Running command with propagation REQUIRED
16:46:13.737 [main] DEBUG org.springframework.jdbc.datasource.DataSourceTransactionManager - Creating new transaction with name [null]: PROPAGATION_REQUIRED,ISOLATION_DEFAULT
16:46:13.737 [main] DEBUG org.springframework.jdbc.datasource.SimpleDriverDataSource - Creating new JDBC Driver Connection to [jdbc:h2:mem:activiti;DB_CLOSE_DELAY=1000]
16:46:13.738 [main] DEBUG org.springframework.jdbc.datasource.DataSourceTransactionManager - Acquired Connection [conn20: url=jdbc:h2:mem:activiti user=SA] for JDBC transaction
16:46:13.738 [main] DEBUG org.springframework.jdbc.datasource.DataSourceTransactionManager - Switching JDBC Connection [conn20: url=jdbc:h2:mem:activiti user=SA] to manual commit
16:46:13.738 [main] DEBUG org.activiti.engine.impl.interceptor.LogInterceptor - 

16:46:13.738 [main] DEBUG org.activiti.engine.impl.interceptor.LogInterceptor - --- starting GetNextIdBlockCmd --------------------------------------------------------
16:46:13.738 [main] DEBUG org.activiti.spring.SpringTransactionInterceptor - Running command with propagation REQUIRES_NEW
16:46:13.738 [main] DEBUG org.springframework.jdbc.datasource.DataSourceTransactionManager - Suspending current transaction, creating new transaction with name [null]
16:46:13.738 [main] DEBUG org.springframework.jdbc.datasource.SimpleDriverDataSource - Creating new JDBC Driver Connection to [jdbc:h2:mem:activiti;DB_CLOSE_DELAY=1000]
16:46:13.738 [main] DEBUG org.springframework.jdbc.datasource.DataSourceTransactionManager - Acquired Connection [conn21: url=jdbc:h2:mem:activiti user=SA] for JDBC transaction
16:46:13.738 [main] DEBUG org.springframework.jdbc.datasource.DataSourceTransactionManager - Switching JDBC Connection [conn21: url=jdbc:h2:mem:activiti user=SA] to manual commit
16:46:13.738 [main] DEBUG org.apache.ibatis.transaction.managed.ManagedTransaction - Opening JDBC Connection
16:46:13.739 [main] DEBUG org.activiti.engine.impl.persistence.entity.PropertyEntity.selectProperty - ==>  Preparing: select * from ACT_GE_PROPERTY where NAME_ = ? 
16:46:13.739 [main] DEBUG org.activiti.engine.impl.persistence.entity.PropertyEntity.selectProperty - ==> Parameters: next.dbid(String)
16:46:13.739 [main] DEBUG org.activiti.engine.impl.persistence.entity.PropertyEntity.selectProperty - <==      Total: 1
16:46:13.739 [main] DEBUG org.activiti.engine.impl.db.DbSqlSession - flush summary: 0 insert, 1 update, 0 delete.
16:46:13.739 [main] DEBUG org.activiti.engine.impl.db.DbSqlSession -   update PropertyEntity[name=next.dbid, value=5001]
16:46:13.739 [main] DEBUG org.activiti.engine.impl.db.DbSqlSession - now executing flush...
16:46:13.739 [main] DEBUG org.activiti.engine.impl.db.DbSqlSession - updating: PropertyEntity[name=next.dbid, value=5001]
16:46:13.740 [main] DEBUG org.activiti.engine.impl.persistence.entity.PropertyEntity.updateProperty - ==>  Preparing: update ACT_GE_PROPERTY SET REV_ = ?, VALUE_ = ? where NAME_ = ? and REV_ = ? 
16:46:13.740 [main] DEBUG org.activiti.engine.impl.persistence.entity.PropertyEntity.updateProperty - ==> Parameters: 3(Integer), 5001(String), next.dbid(String), 2(Integer)
16:46:13.740 [main] DEBUG org.activiti.engine.impl.persistence.entity.PropertyEntity.updateProperty - <==    Updates: 1
16:46:13.740 [main] DEBUG org.apache.ibatis.transaction.managed.ManagedTransaction - Closing JDBC Connection [Transaction-aware proxy for target Connection [conn21: url=jdbc:h2:mem:activiti user=SA]]
16:46:13.740 [main] DEBUG org.springframework.jdbc.datasource.DataSourceTransactionManager - Initiating transaction commit
16:46:13.740 [main] DEBUG org.springframework.jdbc.datasource.DataSourceTransactionManager - Committing JDBC transaction on Connection [conn21: url=jdbc:h2:mem:activiti user=SA]
16:46:13.740 [main] DEBUG org.springframework.jdbc.datasource.DataSourceTransactionManager - Releasing JDBC Connection [conn21: url=jdbc:h2:mem:activiti user=SA] after transaction
16:46:13.740 [main] DEBUG org.springframework.jdbc.datasource.DataSourceUtils - Returning JDBC Connection to DataSource
16:46:13.740 [main] DEBUG org.springframework.jdbc.datasource.DataSourceTransactionManager - Resuming suspended transaction after completion of inner transaction
16:46:13.741 [main] DEBUG org.activiti.engine.impl.interceptor.LogInterceptor - --- GetNextIdBlockCmd finished --------------------------------------------------------
16:46:13.741 [main] DEBUG org.activiti.engine.impl.interceptor.LogInterceptor - 

16:46:13.741 [main] DEBUG org.activiti.engine.impl.bpmn.deployer.BpmnDeployer - Processing deployment LeaveCoutersignTest.testAllApproved
16:46:13.741 [main] INFO org.activiti.engine.impl.bpmn.deployer.BpmnDeployer - Processing resource diagrams/chapter9/leave-countersign.bpmn
16:46:13.773 [main] DEBUG org.activiti.engine.impl.bpmn.parser.handler.ProcessParseHandler - Parsing process leave-countersign
16:46:13.773 [main] DEBUG org.activiti.engine.impl.bpmn.parser.handler.AbstractBpmnParseHandler - Parsing activity countersign
16:46:13.776 [main] DEBUG org.activiti.engine.impl.bpmn.parser.handler.AbstractBpmnParseHandler - Parsing activity reportBack
16:46:13.777 [main] DEBUG org.activiti.engine.impl.bpmn.parser.handler.AbstractBpmnParseHandler - Parsing activity exclusivegateway1
16:46:13.778 [main] DEBUG org.activiti.engine.impl.bpmn.parser.handler.AbstractBpmnParseHandler - Parsing activity modifyApply
16:46:13.779 [main] DEBUG org.activiti.engine.impl.bpmn.parser.handler.AbstractBpmnParseHandler - Parsing activity exclusivegateway2
16:46:13.779 [main] DEBUG org.activiti.engine.impl.bpmn.parser.handler.AbstractBpmnParseHandler - Parsing activity startevent1
16:46:13.780 [main] DEBUG org.activiti.engine.impl.bpmn.parser.handler.AbstractBpmnParseHandler - Parsing activity endevent1
16:46:13.871 [main] DEBUG org.apache.ibatis.transaction.managed.ManagedTransaction - Opening JDBC Connection
16:46:13.871 [main] DEBUG org.activiti.engine.impl.persistence.entity.ProcessDefinitionEntity.selectLatestProcessDefinitionByKey - ==>  Preparing: select * from ACT_RE_PROCDEF where KEY_ = ? and (TENANT_ID_ = '' or TENANT_ID_ is null) and VERSION_ = (select max(VERSION_) from ACT_RE_PROCDEF where KEY_ = ? and (TENANT_ID_ = '' or TENANT_ID_ is null)) 
16:46:13.872 [main] DEBUG org.activiti.engine.impl.persistence.entity.ProcessDefinitionEntity.selectLatestProcessDefinitionByKey - ==> Parameters: leave-countersign(String), leave-countersign(String)
16:46:13.873 [main] DEBUG org.activiti.engine.impl.persistence.entity.ProcessDefinitionEntity.selectLatestProcessDefinitionByKey - <==      Total: 0
16:46:13.873 [main] DEBUG org.activiti.engine.impl.persistence.entity.JobEntity.selectJobsByConfiguration - ==>  Preparing: select * from ACT_RU_JOB where HANDLER_TYPE_ = ? and HANDLER_CFG_ = ? 
16:46:13.873 [main] DEBUG org.activiti.engine.impl.persistence.entity.JobEntity.selectJobsByConfiguration - ==> Parameters: timer-start-event(String), leave-countersign(String)
16:46:13.873 [main] DEBUG org.activiti.engine.impl.persistence.entity.JobEntity.selectJobsByConfiguration - <==      Total: 0
16:46:13.874 [main] DEBUG org.activiti.engine.impl.db.DbSqlSession - flush summary: 4 insert, 0 update, 0 delete.
16:46:13.874 [main] DEBUG org.activiti.engine.impl.db.DbSqlSession -   insert DeploymentEntity[id=2501, name=LeaveCoutersignTest.testAllApproved]
16:46:13.874 [main] DEBUG org.activiti.engine.impl.db.DbSqlSession -   insert ResourceEntity[id=2502, name=diagrams/chapter9/leave-countersign.bpmn]
16:46:13.874 [main] DEBUG org.activiti.engine.impl.db.DbSqlSession -   insert ResourceEntity[id=2503, name=diagrams/chapter9/leave-countersign.leave-countersign.png]
16:46:13.874 [main] DEBUG org.activiti.engine.impl.db.DbSqlSession -   insert ProcessDefinitionEntity[leave-countersign:1:2504]
16:46:13.874 [main] DEBUG org.activiti.engine.impl.db.DbSqlSession - now executing flush...
16:46:13.874 [main] DEBUG org.activiti.engine.impl.db.DbSqlSession - inserting: DeploymentEntity[id=2501, name=LeaveCoutersignTest.testAllApproved]
16:46:13.874 [main] DEBUG org.activiti.engine.impl.persistence.entity.DeploymentEntity.insertDeployment - ==>  Preparing: insert into ACT_RE_DEPLOYMENT(ID_, NAME_, CATEGORY_, TENANT_ID_, DEPLOY_TIME_) values(?, ?, ?, ?, ?) 
16:46:13.874 [main] DEBUG org.activiti.engine.impl.persistence.entity.DeploymentEntity.insertDeployment - ==> Parameters: 2501(String), LeaveCoutersignTest.testAllApproved(String), null, (String), 2017-11-28 16:46:13.738(Timestamp)
16:46:13.874 [main] DEBUG org.activiti.engine.impl.persistence.entity.DeploymentEntity.insertDeployment - <==    Updates: 1
16:46:13.874 [main] DEBUG org.activiti.engine.impl.db.DbSqlSession - inserting: ResourceEntity[id=2502, name=diagrams/chapter9/leave-countersign.bpmn]
16:46:13.874 [main] DEBUG org.activiti.engine.impl.persistence.entity.ResourceEntity.insertResource - ==>  Preparing: insert into ACT_GE_BYTEARRAY(ID_, REV_, NAME_, BYTES_, DEPLOYMENT_ID_, GENERATED_) values (?, 1, ?, ?, ?, ?) 
16:46:13.875 [main] DEBUG org.activiti.engine.impl.persistence.entity.ResourceEntity.insertResource - ==> Parameters: 2502(String), diagrams/chapter9/leave-countersign.bpmn(String), java.io.ByteArrayInputStream@2098d37d(ByteArrayInputStream), 2501(String), false(Boolean)
16:46:13.875 [main] DEBUG org.activiti.engine.impl.persistence.entity.ResourceEntity.insertResource - <==    Updates: 1
16:46:13.875 [main] DEBUG org.activiti.engine.impl.db.DbSqlSession - inserting: ResourceEntity[id=2503, name=diagrams/chapter9/leave-countersign.leave-countersign.png]
16:46:13.875 [main] DEBUG org.activiti.engine.impl.persistence.entity.ResourceEntity.insertResource - ==>  Preparing: insert into ACT_GE_BYTEARRAY(ID_, REV_, NAME_, BYTES_, DEPLOYMENT_ID_, GENERATED_) values (?, 1, ?, ?, ?, ?) 
16:46:13.876 [main] DEBUG org.activiti.engine.impl.persistence.entity.ResourceEntity.insertResource - ==> Parameters: 2503(String), diagrams/chapter9/leave-countersign.leave-countersign.png(String), java.io.ByteArrayInputStream@77b9d0c7(ByteArrayInputStream), 2501(String), true(Boolean)
16:46:13.876 [main] DEBUG org.activiti.engine.impl.persistence.entity.ResourceEntity.insertResource - <==    Updates: 1
16:46:13.876 [main] DEBUG org.activiti.engine.impl.db.DbSqlSession - inserting: ProcessDefinitionEntity[leave-countersign:1:2504]
16:46:13.876 [main] DEBUG org.activiti.engine.impl.persistence.entity.ProcessDefinitionEntity.insertProcessDefinition - ==>  Preparing: insert into ACT_RE_PROCDEF(ID_, REV_, CATEGORY_, NAME_, KEY_, VERSION_, DEPLOYMENT_ID_, RESOURCE_NAME_, DGRM_RESOURCE_NAME_, DESCRIPTION_, HAS_START_FORM_KEY_, SUSPENSION_STATE_, TENANT_ID_) values (?, 1, ?, ?, ?, ?, ?, ?, ?, ?, ?, ?, ?) 
16:46:13.876 [main] DEBUG org.activiti.engine.impl.persistence.entity.ProcessDefinitionEntity.insertProcessDefinition - ==> Parameters: leave-countersign:1:2504(String), http://www.activiti.org/test(String), 请假流程-会签(String), leave-countersign(String), 1(Integer), 2501(String), diagrams/chapter9/leave-countersign.bpmn(String), diagrams/chapter9/leave-countersign.leave-countersign.png(String), 请假流程演示-会签(String), false(Boolean), 1(Integer), (String)
16:46:13.876 [main] DEBUG org.activiti.engine.impl.persistence.entity.ProcessDefinitionEntity.insertProcessDefinition - <==    Updates: 1
16:46:13.877 [main] DEBUG org.apache.ibatis.transaction.managed.ManagedTransaction - Closing JDBC Connection [Transaction-aware proxy for target Connection [conn20: url=jdbc:h2:mem:activiti user=SA]]
16:46:13.877 [main] DEBUG org.springframework.jdbc.datasource.DataSourceTransactionManager - Initiating transaction commit
16:46:13.877 [main] DEBUG org.springframework.jdbc.datasource.DataSourceTransactionManager - Committing JDBC transaction on Connection [conn20: url=jdbc:h2:mem:activiti user=SA]
16:46:13.877 [main] DEBUG org.springframework.jdbc.datasource.DataSourceTransactionManager - Releasing JDBC Connection [conn20: url=jdbc:h2:mem:activiti user=SA] after transaction
16:46:13.877 [main] DEBUG org.springframework.jdbc.datasource.DataSourceUtils - Returning JDBC Connection to DataSource
16:46:13.877 [main] DEBUG org.activiti.engine.impl.interceptor.LogInterceptor - --- DeployCmd finished --------------------------------------------------------
16:46:13.877 [main] DEBUG org.activiti.engine.impl.interceptor.LogInterceptor - 

16:46:13.877 [main] DEBUG org.activiti.engine.impl.test.PvmTestCase - 

16:46:13.877 [main] DEBUG org.activiti.engine.impl.test.PvmTestCase - #### START LeaveCoutersignTest.testAllApproved ###########################################################
16:46:13.877 [main] DEBUG org.activiti.engine.impl.interceptor.LogInterceptor - 

16:46:13.877 [main] DEBUG org.activiti.engine.impl.interceptor.LogInterceptor - --- starting StartProcessInstanceCmd --------------------------------------------------------
16:46:13.877 [main] DEBUG org.activiti.spring.SpringTransactionInterceptor - Running command with propagation REQUIRED
16:46:13.877 [main] DEBUG org.springframework.jdbc.datasource.DataSourceTransactionManager - Creating new transaction with name [null]: PROPAGATION_REQUIRED,ISOLATION_DEFAULT
16:46:13.877 [main] DEBUG org.springframework.jdbc.datasource.SimpleDriverDataSource - Creating new JDBC Driver Connection to [jdbc:h2:mem:activiti;DB_CLOSE_DELAY=1000]
16:46:13.878 [main] DEBUG org.springframework.jdbc.datasource.DataSourceTransactionManager - Acquired Connection [conn22: url=jdbc:h2:mem:activiti user=SA] for JDBC transaction
16:46:13.878 [main] DEBUG org.springframework.jdbc.datasource.DataSourceTransactionManager - Switching JDBC Connection [conn22: url=jdbc:h2:mem:activiti user=SA] to manual commit
16:46:13.878 [main] DEBUG org.apache.ibatis.transaction.managed.ManagedTransaction - Opening JDBC Connection
16:46:13.878 [main] DEBUG org.activiti.engine.impl.persistence.entity.ProcessDefinitionEntity.selectLatestProcessDefinitionByKey - ==>  Preparing: select * from ACT_RE_PROCDEF where KEY_ = ? and (TENANT_ID_ = '' or TENANT_ID_ is null) and VERSION_ = (select max(VERSION_) from ACT_RE_PROCDEF where KEY_ = ? and (TENANT_ID_ = '' or TENANT_ID_ is null)) 
16:46:13.879 [main] DEBUG org.activiti.engine.impl.persistence.entity.ProcessDefinitionEntity.selectLatestProcessDefinitionByKey - ==> Parameters: leave-countersign(String), leave-countersign(String)
16:46:13.880 [main] DEBUG org.activiti.engine.impl.persistence.entity.ProcessDefinitionEntity.selectLatestProcessDefinitionByKey - <==      Total: 1
16:46:13.880 [main] DEBUG org.activiti.engine.impl.persistence.entity.ExecutionEntity - initializing ProcessInstance[2505]
16:46:13.880 [main] DEBUG org.activiti.engine.impl.history.DefaultHistoryManager - Current history level: AUDIT, level required: ACTIVITY
16:46:13.880 [main] DEBUG org.activiti.engine.impl.history.DefaultHistoryManager - Current history level: AUDIT, level required: FULL
16:46:13.880 [main] DEBUG org.activiti.engine.impl.persistence.entity.IdentityLinkEntity.selectIdentityLinksByProcessInstance - ==>  Preparing: select * from ACT_RU_IDENTITYLINK where PROC_INST_ID_ = ? 
16:46:13.881 [main] DEBUG org.activiti.engine.impl.persistence.entity.IdentityLinkEntity.selectIdentityLinksByProcessInstance - ==> Parameters: 2505(String)
16:46:13.881 [main] DEBUG org.activiti.engine.impl.persistence.entity.IdentityLinkEntity.selectIdentityLinksByProcessInstance - <==      Total: 0
16:46:13.881 [main] DEBUG org.activiti.engine.impl.history.DefaultHistoryManager - Current history level: AUDIT, level required: AUDIT
16:46:13.881 [main] DEBUG org.activiti.engine.impl.history.DefaultHistoryManager - Current history level: AUDIT, level required: ACTIVITY
16:46:13.884 [main] DEBUG org.activiti.engine.impl.history.DefaultHistoryManager - Current history level: AUDIT, level required: ACTIVITY
16:46:13.884 [main] DEBUG org.activiti.engine.impl.history.DefaultHistoryManager - Current history level: AUDIT, level required: FULL
16:46:13.884 [main] DEBUG org.activiti.engine.impl.pvm.runtime.AtomicOperationActivityExecute - ProcessInstance[2505] executes Activity(startevent1): org.activiti.engine.impl.bpmn.behavior.NoneStartEventActivityBehavior
16:46:13.884 [main] DEBUG org.activiti.engine.impl.bpmn.behavior.BpmnActivityBehavior - Leaving activity 'startevent1'
16:46:13.884 [main] DEBUG org.activiti.engine.impl.history.DefaultHistoryManager - Current history level: AUDIT, level required: ACTIVITY
16:46:13.886 [main] DEBUG org.activiti.engine.impl.history.DefaultHistoryManager - Current history level: AUDIT, level required: ACTIVITY
16:46:13.886 [main] DEBUG org.activiti.engine.impl.history.DefaultHistoryManager - Current history level: AUDIT, level required: FULL
16:46:13.886 [main] DEBUG org.activiti.engine.impl.pvm.runtime.AtomicOperationTransitionNotifyListenerTake - ProcessInstance[2505] takes transition (startevent1)--flow2-->(countersign)
16:46:13.886 [main] DEBUG org.activiti.engine.impl.persistence.entity.ExecutionEntity - Child execution ScopeExecution[2513] created with parent 
16:46:13.886 [main] DEBUG org.activiti.engine.impl.pvm.runtime.AtomicOperationTransitionCreateScope - create scope: parent ProcessInstance[2505] continues as execution ScopeExecution[2513]
16:46:13.886 [main] DEBUG org.activiti.engine.impl.persistence.entity.ExecutionEntity - initializing ScopeExecution[2513]
16:46:13.886 [main] DEBUG org.activiti.engine.impl.history.DefaultHistoryManager - Current history level: AUDIT, level required: ACTIVITY
16:46:13.887 [main] DEBUG org.activiti.engine.impl.pvm.runtime.AtomicOperationActivityExecute - ScopeExecution[2513] executes Activity(countersign): org.activiti.engine.impl.bpmn.behavior.ParallelMultiInstanceBehavior
16:46:13.887 [main] DEBUG org.activiti.engine.impl.history.DefaultHistoryManager - Current history level: AUDIT, level required: ACTIVITY
16:46:13.887 [main] DEBUG org.activiti.engine.impl.history.DefaultHistoryManager - Current history level: AUDIT, level required: FULL
16:46:13.887 [main] DEBUG org.activiti.engine.impl.history.DefaultHistoryManager - Current history level: AUDIT, level required: ACTIVITY
16:46:13.887 [main] DEBUG org.activiti.engine.impl.history.DefaultHistoryManager - Current history level: AUDIT, level required: FULL
16:46:13.887 [main] DEBUG org.activiti.engine.impl.history.DefaultHistoryManager - Current history level: AUDIT, level required: ACTIVITY
16:46:13.887 [main] DEBUG org.activiti.engine.impl.history.DefaultHistoryManager - Current history level: AUDIT, level required: FULL
16:46:13.887 [main] DEBUG org.activiti.engine.impl.persistence.entity.ExecutionEntity - Child execution ScopeExecution[2518] created with parent 
16:46:13.887 [main] DEBUG org.activiti.engine.impl.bpmn.behavior.MultiInstanceActivityBehavior - Multi-instance 'Activity(countersign)' initialized. Details: loopCounter=0, nrOrCompletedInstances=0,nrOfActiveInstances=3,nrOfInstances=3
16:46:13.887 [main] DEBUG org.activiti.engine.impl.persistence.entity.ExecutionEntity - Child execution ScopeExecution[2519] created with parent 
16:46:13.888 [main] DEBUG org.activiti.engine.impl.bpmn.behavior.MultiInstanceActivityBehavior - Multi-instance 'Activity(countersign)' initialized. Details: loopCounter=1, nrOrCompletedInstances=0,nrOfActiveInstances=3,nrOfInstances=3
16:46:13.888 [main] DEBUG org.activiti.engine.impl.persistence.entity.ExecutionEntity - Child execution ScopeExecution[2520] created with parent 
16:46:13.888 [main] DEBUG org.activiti.engine.impl.bpmn.behavior.MultiInstanceActivityBehavior - Multi-instance 'Activity(countersign)' initialized. Details: loopCounter=2, nrOrCompletedInstances=0,nrOfActiveInstances=3,nrOfInstances=3
16:46:13.888 [main] DEBUG org.activiti.engine.impl.persistence.entity.VariableInstanceEntity.selectVariablesByExecutionId - ==>  Preparing: select * from ACT_RU_VARIABLE where EXECUTION_ID_ = ? and TASK_ID_ is null 
16:46:13.888 [main] DEBUG org.activiti.engine.impl.persistence.entity.VariableInstanceEntity.selectVariablesByExecutionId - ==> Parameters: 2518(String)
16:46:13.888 [main] DEBUG org.activiti.engine.impl.persistence.entity.VariableInstanceEntity.selectVariablesByExecutionId - <==      Total: 0
16:46:13.888 [main] DEBUG org.activiti.engine.impl.history.DefaultHistoryManager - Current history level: AUDIT, level required: ACTIVITY
16:46:13.889 [main] DEBUG org.activiti.engine.impl.history.DefaultHistoryManager - Current history level: AUDIT, level required: FULL
16:46:13.889 [main] DEBUG org.activiti.engine.impl.history.DefaultHistoryManager - Current history level: AUDIT, level required: ACTIVITY
16:46:13.889 [main] DEBUG org.activiti.engine.impl.history.DefaultHistoryManager - Current history level: AUDIT, level required: FULL
16:46:13.889 [main] DEBUG org.activiti.engine.impl.persistence.entity.TaskEntity.selectTasksByExecutionId - ==>  Preparing: select distinct T.* from ACT_RU_TASK T where T.EXECUTION_ID_ = ? 
16:46:13.889 [main] DEBUG org.activiti.engine.impl.persistence.entity.TaskEntity.selectTasksByExecutionId - ==> Parameters: 2518(String)
16:46:13.890 [main] DEBUG org.activiti.engine.impl.persistence.entity.TaskEntity.selectTasksByExecutionId - <==      Total: 0
16:46:13.890 [main] DEBUG org.activiti.engine.impl.history.DefaultHistoryManager - Current history level: AUDIT, level required: AUDIT
16:46:13.890 [main] DEBUG org.activiti.engine.impl.history.DefaultHistoryManager - Current history level: AUDIT, level required: AUDIT
16:46:13.890 [main] DEBUG org.activiti.engine.impl.history.DefaultHistoryManager - Current history level: AUDIT, level required: AUDIT
16:46:13.890 [main] DEBUG org.activiti.engine.impl.history.DefaultHistoryManager - Current history level: AUDIT, level required: AUDIT
16:46:13.890 [main] DEBUG org.activiti.engine.impl.history.DefaultHistoryManager - Current history level: AUDIT, level required: AUDIT
16:46:13.890 [main] DEBUG org.activiti.engine.impl.history.DefaultHistoryManager - Current history level: AUDIT, level required: AUDIT
16:46:13.890 [main] DEBUG org.activiti.engine.impl.history.DefaultHistoryManager - Current history level: AUDIT, level required: ACTIVITY
16:46:13.891 [main] DEBUG org.activiti.engine.impl.persistence.entity.HistoricActivityInstanceEntity.selectHistoricActivityInstancesByQueryCriteria - ==>  Preparing: select RES.* from ACT_HI_ACTINST RES WHERE RES.EXECUTION_ID_ = ? and RES.ACT_ID_ = ? and RES.END_TIME_ is null order by RES.ID_ asc LIMIT ? OFFSET ? 
16:46:13.891 [main] DEBUG org.activiti.engine.impl.persistence.entity.HistoricActivityInstanceEntity.selectHistoricActivityInstancesByQueryCriteria - ==> Parameters: 2518(String), countersign(String), 1(Integer), 0(Integer)
16:46:13.892 [main] DEBUG org.activiti.engine.impl.persistence.entity.HistoricActivityInstanceEntity.selectHistoricActivityInstancesByQueryCriteria - <==      Total: 0
16:46:13.892 [main] DEBUG org.activiti.engine.impl.history.DefaultHistoryManager - Current history level: AUDIT, level required: ACTIVITY
16:46:13.892 [main] DEBUG org.activiti.engine.impl.persistence.entity.VariableInstanceEntity.selectVariablesByExecutionId - ==>  Preparing: select * from ACT_RU_VARIABLE where EXECUTION_ID_ = ? and TASK_ID_ is null 
16:46:13.893 [main] DEBUG org.activiti.engine.impl.persistence.entity.VariableInstanceEntity.selectVariablesByExecutionId - ==> Parameters: 2519(String)
16:46:13.893 [main] DEBUG org.activiti.engine.impl.persistence.entity.VariableInstanceEntity.selectVariablesByExecutionId - <==      Total: 0
16:46:13.893 [main] DEBUG org.activiti.engine.impl.history.DefaultHistoryManager - Current history level: AUDIT, level required: ACTIVITY
16:46:13.893 [main] DEBUG org.activiti.engine.impl.history.DefaultHistoryManager - Current history level: AUDIT, level required: FULL
16:46:13.893 [main] DEBUG org.activiti.engine.impl.history.DefaultHistoryManager - Current history level: AUDIT, level required: ACTIVITY
16:46:13.893 [main] DEBUG org.activiti.engine.impl.history.DefaultHistoryManager - Current history level: AUDIT, level required: FULL
16:46:13.893 [main] DEBUG org.activiti.engine.impl.history.DefaultHistoryManager - Current history level: AUDIT, level required: ACTIVITY
16:46:13.893 [main] DEBUG org.activiti.engine.impl.pvm.runtime.AtomicOperationActivityExecute - ConcurrentExecution[2519] executes Activity(countersign): org.activiti.engine.impl.bpmn.behavior.ParallelMultiInstanceBehavior
16:46:13.893 [main] DEBUG org.activiti.engine.impl.persistence.entity.TaskEntity.selectTasksByExecutionId - ==>  Preparing: select distinct T.* from ACT_RU_TASK T where T.EXECUTION_ID_ = ? 
16:46:13.893 [main] DEBUG org.activiti.engine.impl.persistence.entity.TaskEntity.selectTasksByExecutionId - ==> Parameters: 2519(String)
16:46:13.894 [main] DEBUG org.activiti.engine.impl.persistence.entity.TaskEntity.selectTasksByExecutionId - <==      Total: 0
16:46:13.894 [main] DEBUG org.activiti.engine.impl.history.DefaultHistoryManager - Current history level: AUDIT, level required: AUDIT
16:46:13.894 [main] DEBUG org.activiti.engine.impl.history.DefaultHistoryManager - Current history level: AUDIT, level required: AUDIT
16:46:13.894 [main] DEBUG org.activiti.engine.impl.history.DefaultHistoryManager - Current history level: AUDIT, level required: AUDIT
16:46:13.894 [main] DEBUG org.activiti.engine.impl.history.DefaultHistoryManager - Current history level: AUDIT, level required: AUDIT
16:46:13.894 [main] DEBUG org.activiti.engine.impl.history.DefaultHistoryManager - Current history level: AUDIT, level required: AUDIT
16:46:13.894 [main] DEBUG org.activiti.engine.impl.history.DefaultHistoryManager - Current history level: AUDIT, level required: AUDIT
16:46:13.894 [main] DEBUG org.activiti.engine.impl.history.DefaultHistoryManager - Current history level: AUDIT, level required: ACTIVITY
16:46:13.894 [main] DEBUG org.activiti.engine.impl.history.DefaultHistoryManager - Current history level: AUDIT, level required: ACTIVITY
16:46:13.894 [main] DEBUG org.activiti.engine.impl.persistence.entity.VariableInstanceEntity.selectVariablesByExecutionId - ==>  Preparing: select * from ACT_RU_VARIABLE where EXECUTION_ID_ = ? and TASK_ID_ is null 
16:46:13.894 [main] DEBUG org.activiti.engine.impl.persistence.entity.VariableInstanceEntity.selectVariablesByExecutionId - ==> Parameters: 2520(String)
16:46:13.894 [main] DEBUG org.activiti.engine.impl.persistence.entity.VariableInstanceEntity.selectVariablesByExecutionId - <==      Total: 0
16:46:13.895 [main] DEBUG org.activiti.engine.impl.history.DefaultHistoryManager - Current history level: AUDIT, level required: ACTIVITY
16:46:13.895 [main] DEBUG org.activiti.engine.impl.history.DefaultHistoryManager - Current history level: AUDIT, level required: FULL
16:46:13.895 [main] DEBUG org.activiti.engine.impl.history.DefaultHistoryManager - Current history level: AUDIT, level required: ACTIVITY
16:46:13.895 [main] DEBUG org.activiti.engine.impl.history.DefaultHistoryManager - Current history level: AUDIT, level required: FULL
16:46:13.895 [main] DEBUG org.activiti.engine.impl.history.DefaultHistoryManager - Current history level: AUDIT, level required: ACTIVITY
16:46:13.895 [main] DEBUG org.activiti.engine.impl.pvm.runtime.AtomicOperationActivityExecute - ConcurrentExecution[2520] executes Activity(countersign): org.activiti.engine.impl.bpmn.behavior.ParallelMultiInstanceBehavior
16:46:13.895 [main] DEBUG org.activiti.engine.impl.persistence.entity.TaskEntity.selectTasksByExecutionId - ==>  Preparing: select distinct T.* from ACT_RU_TASK T where T.EXECUTION_ID_ = ? 
16:46:13.895 [main] DEBUG org.activiti.engine.impl.persistence.entity.TaskEntity.selectTasksByExecutionId - ==> Parameters: 2520(String)
16:46:13.895 [main] DEBUG org.activiti.engine.impl.persistence.entity.TaskEntity.selectTasksByExecutionId - <==      Total: 0
16:46:13.895 [main] DEBUG org.activiti.engine.impl.history.DefaultHistoryManager - Current history level: AUDIT, level required: AUDIT
16:46:13.896 [main] DEBUG org.activiti.engine.impl.history.DefaultHistoryManager - Current history level: AUDIT, level required: AUDIT
16:46:13.896 [main] DEBUG org.activiti.engine.impl.history.DefaultHistoryManager - Current history level: AUDIT, level required: AUDIT
16:46:13.896 [main] DEBUG org.activiti.engine.impl.history.DefaultHistoryManager - Current history level: AUDIT, level required: AUDIT
16:46:13.896 [main] DEBUG org.activiti.engine.impl.history.DefaultHistoryManager - Current history level: AUDIT, level required: AUDIT
16:46:13.896 [main] DEBUG org.activiti.engine.impl.history.DefaultHistoryManager - Current history level: AUDIT, level required: AUDIT
16:46:13.896 [main] DEBUG org.activiti.engine.impl.history.DefaultHistoryManager - Current history level: AUDIT, level required: ACTIVITY
16:46:13.896 [main] DEBUG org.activiti.engine.impl.history.DefaultHistoryManager - Current history level: AUDIT, level required: ACTIVITY
16:46:13.896 [main] DEBUG org.activiti.engine.impl.db.DbSqlSession - flush summary: 50 insert, 0 update, 0 delete.
16:46:13.896 [main] DEBUG org.activiti.engine.impl.db.DbSqlSession -   insert ProcessInstance[2505]
16:46:13.896 [main] DEBUG org.activiti.engine.impl.db.DbSqlSession -   insert VariableInstanceEntity[id=2506, name=applyUserId, type=string, textValue=henryyan]
16:46:13.896 [main] DEBUG org.activiti.engine.impl.db.DbSqlSession -   insert HistoricVariableInstanceEntity[id=2506, name=applyUserId, revision=0, type=string, textValue=henryyan]
16:46:13.896 [main] DEBUG org.activiti.engine.impl.db.DbSqlSession -   insert IdentityLinkEntity[id=2507, type=starter, userId=henryyan, processInstanceId=2505]
16:46:13.896 [main] DEBUG org.activiti.engine.impl.db.DbSqlSession -   insert org.activiti.engine.impl.persistence.entity.HistoricIdentityLinkEntity@d8948cd
16:46:13.896 [main] DEBUG org.activiti.engine.impl.db.DbSqlSession -   insert HistoricProcessInstanceEntity[superProcessInstanceId=null]
16:46:13.896 [main] DEBUG org.activiti.engine.impl.db.DbSqlSession -   insert HistoricActivityInstanceEntity[activityId=startevent1, activityName=Start]
16:46:13.896 [main] DEBUG org.activiti.engine.impl.db.DbSqlSession -   insert ByteArrayEntity[id=2509, name=var-users, size=145]
16:46:13.896 [main] DEBUG org.activiti.engine.impl.db.DbSqlSession -   insert VariableInstanceEntity[id=2510, name=users, type=serializable, byteArrayValueId=2509]
16:46:13.896 [main] DEBUG org.activiti.engine.impl.db.DbSqlSession -   insert ByteArrayEntity[id=2511, name=hist.var-users, size=145]
16:46:13.897 [main] DEBUG org.activiti.engine.impl.db.DbSqlSession -   insert HistoricVariableInstanceEntity[id=2510, name=users, revision=0, type=serializable, byteArrayValueId=2511]
16:46:13.897 [main] DEBUG org.activiti.engine.impl.db.DbSqlSession -   insert VariableInstanceEntity[id=2512, name=approvedCounter, type=long, longValue=0, textValue=0]
16:46:13.897 [main] DEBUG org.activiti.engine.impl.db.DbSqlSession -   insert HistoricVariableInstanceEntity[id=2512, name=approvedCounter, revision=0, type=long, longValue=0, textValue=0]
16:46:13.897 [main] DEBUG org.activiti.engine.impl.db.DbSqlSession -   insert ScopeExecution[2513]
16:46:13.897 [main] DEBUG org.activiti.engine.impl.db.DbSqlSession -   insert HistoricActivityInstanceEntity[activityId=countersign, activityName=[部门/人事]联合会签]
16:46:13.897 [main] DEBUG org.activiti.engine.impl.db.DbSqlSession -   insert VariableInstanceEntity[id=2515, name=nrOfInstances, type=integer, longValue=3, textValue=3]
16:46:13.897 [main] DEBUG org.activiti.engine.impl.db.DbSqlSession -   insert HistoricVariableInstanceEntity[id=2515, name=nrOfInstances, revision=0, type=integer, longValue=3, textValue=3]
16:46:13.897 [main] DEBUG org.activiti.engine.impl.db.DbSqlSession -   insert VariableInstanceEntity[id=2516, name=nrOfCompletedInstances, type=integer, longValue=0, textValue=0]
16:46:13.897 [main] DEBUG org.activiti.engine.impl.db.DbSqlSession -   insert HistoricVariableInstanceEntity[id=2516, name=nrOfCompletedInstances, revision=0, type=integer, longValue=0, textValue=0]
16:46:13.897 [main] DEBUG org.activiti.engine.impl.db.DbSqlSession -   insert VariableInstanceEntity[id=2517, name=nrOfActiveInstances, type=integer, longValue=3, textValue=3]
16:46:13.897 [main] DEBUG org.activiti.engine.impl.db.DbSqlSession -   insert HistoricVariableInstanceEntity[id=2517, name=nrOfActiveInstances, revision=0, type=integer, longValue=3, textValue=3]
16:46:13.897 [main] DEBUG org.activiti.engine.impl.db.DbSqlSession -   insert ConcurrentExecution[2518]
16:46:13.897 [main] DEBUG org.activiti.engine.impl.db.DbSqlSession -   insert ConcurrentExecution[2519]
16:46:13.897 [main] DEBUG org.activiti.engine.impl.db.DbSqlSession -   insert ConcurrentExecution[2520]
16:46:13.897 [main] DEBUG org.activiti.engine.impl.db.DbSqlSession -   insert VariableInstanceEntity[id=2521, name=loopCounter, type=integer, longValue=0, textValue=0]
16:46:13.897 [main] DEBUG org.activiti.engine.impl.db.DbSqlSession -   insert HistoricVariableInstanceEntity[id=2521, name=loopCounter, revision=0, type=integer, longValue=0, textValue=0]
16:46:13.897 [main] DEBUG org.activiti.engine.impl.db.DbSqlSession -   insert VariableInstanceEntity[id=2522, name=user, type=string, textValue=groupLeader]
16:46:13.897 [main] DEBUG org.activiti.engine.impl.db.DbSqlSession -   insert HistoricVariableInstanceEntity[id=2522, name=user, revision=0, type=string, textValue=groupLeader]
16:46:13.897 [main] DEBUG org.activiti.engine.impl.db.DbSqlSession -   insert Task[id=2523, name=[部门/人事]联合会签]
16:46:13.897 [main] DEBUG org.activiti.engine.impl.db.DbSqlSession -   insert org.activiti.engine.impl.persistence.entity.HistoricTaskInstanceEntity@1436a7ab
16:46:13.897 [main] DEBUG org.activiti.engine.impl.db.DbSqlSession -   insert IdentityLinkEntity[id=2524, type=participant, userId=groupLeader, processInstanceId=2505]
16:46:13.897 [main] DEBUG org.activiti.engine.impl.db.DbSqlSession -   insert org.activiti.engine.impl.persistence.entity.HistoricIdentityLinkEntity@3b7b05a8
16:46:13.897 [main] DEBUG org.activiti.engine.impl.db.DbSqlSession -   insert VariableInstanceEntity[id=2525, name=loopCounter, type=integer, longValue=1, textValue=1]
16:46:13.897 [main] DEBUG org.activiti.engine.impl.db.DbSqlSession -   insert HistoricVariableInstanceEntity[id=2525, name=loopCounter, revision=0, type=integer, longValue=1, textValue=1]
16:46:13.897 [main] DEBUG org.activiti.engine.impl.db.DbSqlSession -   insert VariableInstanceEntity[id=2526, name=user, type=string, textValue=deptLeader]
16:46:13.897 [main] DEBUG org.activiti.engine.impl.db.DbSqlSession -   insert HistoricVariableInstanceEntity[id=2526, name=user, revision=0, type=string, textValue=deptLeader]
16:46:13.897 [main] DEBUG org.activiti.engine.impl.db.DbSqlSession -   insert HistoricActivityInstanceEntity[activityId=countersign, activityName=[部门/人事]联合会签]
16:46:13.897 [main] DEBUG org.activiti.engine.impl.db.DbSqlSession -   insert Task[id=2528, name=[部门/人事]联合会签]
16:46:13.898 [main] DEBUG org.activiti.engine.impl.db.DbSqlSession -   insert org.activiti.engine.impl.persistence.entity.HistoricTaskInstanceEntity@3d36dff4
16:46:13.898 [main] DEBUG org.activiti.engine.impl.db.DbSqlSession -   insert IdentityLinkEntity[id=2529, type=participant, userId=deptLeader, processInstanceId=2505]
16:46:13.898 [main] DEBUG org.activiti.engine.impl.db.DbSqlSession -   insert org.activiti.engine.impl.persistence.entity.HistoricIdentityLinkEntity@7abe27bf
16:46:13.898 [main] DEBUG org.activiti.engine.impl.db.DbSqlSession -   insert VariableInstanceEntity[id=2530, name=loopCounter, type=integer, longValue=2, textValue=2]
16:46:13.898 [main] DEBUG org.activiti.engine.impl.db.DbSqlSession -   insert HistoricVariableInstanceEntity[id=2530, name=loopCounter, revision=0, type=integer, longValue=2, textValue=2]
16:46:13.898 [main] DEBUG org.activiti.engine.impl.db.DbSqlSession -   insert VariableInstanceEntity[id=2531, name=user, type=string, textValue=hr]
16:46:13.898 [main] DEBUG org.activiti.engine.impl.db.DbSqlSession -   insert HistoricVariableInstanceEntity[id=2531, name=user, revision=0, type=string, textValue=hr]
16:46:13.898 [main] DEBUG org.activiti.engine.impl.db.DbSqlSession -   insert HistoricActivityInstanceEntity[activityId=countersign, activityName=[部门/人事]联合会签]
16:46:13.898 [main] DEBUG org.activiti.engine.impl.db.DbSqlSession -   insert Task[id=2533, name=[部门/人事]联合会签]
16:46:13.898 [main] DEBUG org.activiti.engine.impl.db.DbSqlSession -   insert org.activiti.engine.impl.persistence.entity.HistoricTaskInstanceEntity@5b94ccbc
16:46:13.898 [main] DEBUG org.activiti.engine.impl.db.DbSqlSession -   insert IdentityLinkEntity[id=2534, type=participant, userId=hr, processInstanceId=2505]
16:46:13.898 [main] DEBUG org.activiti.engine.impl.db.DbSqlSession -   insert org.activiti.engine.impl.persistence.entity.HistoricIdentityLinkEntity@38a1c423
16:46:13.898 [main] DEBUG org.activiti.engine.impl.db.DbSqlSession - now executing flush...
16:46:13.898 [main] DEBUG org.activiti.engine.impl.db.DbSqlSession - inserting: ProcessInstance[2505]
16:46:13.898 [main] DEBUG org.activiti.engine.impl.persistence.entity.ExecutionEntity.insertExecution - ==>  Preparing: insert into ACT_RU_EXECUTION (ID_, REV_, PROC_INST_ID_, BUSINESS_KEY_, PROC_DEF_ID_, ACT_ID_, IS_ACTIVE_, IS_CONCURRENT_, IS_SCOPE_,IS_EVENT_SCOPE_, PARENT_ID_, SUPER_EXEC_, SUSPENSION_STATE_, CACHED_ENT_STATE_, TENANT_ID_, NAME_) values ( ?, 1, ?, ?, ?, ?, ?, ?, ?, ?, ?, ?, ?, ?, ?, ? ) 
16:46:13.898 [main] DEBUG org.activiti.engine.impl.persistence.entity.ExecutionEntity.insertExecution - ==> Parameters: 2505(String), 2505(String), null, leave-countersign:1:2504(String), null, false(Boolean), false(Boolean), true(Boolean), false(Boolean), null, null, 1(Integer), 0(Integer), (String), null
16:46:13.899 [main] DEBUG org.activiti.engine.impl.persistence.entity.ExecutionEntity.insertExecution - <==    Updates: 1
16:46:13.899 [main] DEBUG org.activiti.engine.impl.db.DbSqlSession - inserting: VariableInstanceEntity[id=2506, name=applyUserId, type=string, textValue=henryyan]
16:46:13.899 [main] DEBUG org.activiti.engine.impl.persistence.entity.VariableInstanceEntity.insertVariableInstance - ==>  Preparing: insert into ACT_RU_VARIABLE (ID_, REV_, TYPE_, NAME_, PROC_INST_ID_, EXECUTION_ID_, TASK_ID_, BYTEARRAY_ID_, DOUBLE_, LONG_ , TEXT_, TEXT2_) values ( ?, 1, ?, ?, ?, ?, ?, ?, ?, ?, ?, ? ) 
16:46:13.899 [main] DEBUG org.activiti.engine.impl.persistence.entity.VariableInstanceEntity.insertVariableInstance - ==> Parameters: 2506(String), string(String), applyUserId(String), 2505(String), 2505(String), null, null, null, null, henryyan(String), null
16:46:13.899 [main] DEBUG org.activiti.engine.impl.persistence.entity.VariableInstanceEntity.insertVariableInstance - <==    Updates: 1
16:46:13.899 [main] DEBUG org.activiti.engine.impl.db.DbSqlSession - inserting: HistoricVariableInstanceEntity[id=2506, name=applyUserId, revision=0, type=string, textValue=henryyan]
16:46:13.899 [main] DEBUG org.activiti.engine.impl.persistence.entity.HistoricVariableInstanceEntity.insertHistoricVariableInstance - ==>  Preparing: insert into ACT_HI_VARINST (ID_, PROC_INST_ID_, EXECUTION_ID_, TASK_ID_, NAME_, REV_, VAR_TYPE_, BYTEARRAY_ID_, DOUBLE_, LONG_ , TEXT_, TEXT2_, CREATE_TIME_, LAST_UPDATED_TIME_) values ( ?, ?, ?, ?, ?, ?, ?, ?, ?, ?, ?, ?, ?, ? ) 
16:46:13.899 [main] DEBUG org.activiti.engine.impl.persistence.entity.HistoricVariableInstanceEntity.insertHistoricVariableInstance - ==> Parameters: 2506(String), 2505(String), 2505(String), null, applyUserId(String), 0(Integer), string(String), null, null, null, henryyan(String), null, 2017-11-28 16:46:13.88(Timestamp), 2017-11-28 16:46:13.88(Timestamp)
16:46:13.900 [main] DEBUG org.activiti.engine.impl.persistence.entity.HistoricVariableInstanceEntity.insertHistoricVariableInstance - <==    Updates: 1
16:46:13.901 [main] DEBUG org.activiti.engine.impl.db.DbSqlSession - inserting: IdentityLinkEntity[id=2507, type=starter, userId=henryyan, processInstanceId=2505]
16:46:13.901 [main] DEBUG org.activiti.engine.impl.persistence.entity.IdentityLinkEntity.insertIdentityLink - ==>  Preparing: insert into ACT_RU_IDENTITYLINK (ID_, REV_, TYPE_, USER_ID_, GROUP_ID_, TASK_ID_, PROC_INST_ID_, PROC_DEF_ID_) values (?, 1, ?, ?, ?, ?, ?, ?) 
16:46:13.901 [main] DEBUG org.activiti.engine.impl.persistence.entity.IdentityLinkEntity.insertIdentityLink - ==> Parameters: 2507(String), starter(String), henryyan(String), null, null, 2505(String), null
16:46:13.901 [main] DEBUG org.activiti.engine.impl.persistence.entity.IdentityLinkEntity.insertIdentityLink - <==    Updates: 1
16:46:13.901 [main] DEBUG org.activiti.engine.impl.db.DbSqlSession - inserting: org.activiti.engine.impl.persistence.entity.HistoricIdentityLinkEntity@d8948cd
16:46:13.901 [main] DEBUG org.activiti.engine.impl.persistence.entity.HistoricIdentityLinkEntity.insertHistoricIdentityLink - ==>  Preparing: insert into ACT_HI_IDENTITYLINK (ID_, TYPE_, USER_ID_, GROUP_ID_, TASK_ID_, PROC_INST_ID_) values (?, ?, ?, ?, ?, ?) 
16:46:13.901 [main] DEBUG org.activiti.engine.impl.persistence.entity.HistoricIdentityLinkEntity.insertHistoricIdentityLink - ==> Parameters: 2507(String), starter(String), henryyan(String), null, null, 2505(String)
16:46:13.902 [main] DEBUG org.activiti.engine.impl.persistence.entity.HistoricIdentityLinkEntity.insertHistoricIdentityLink - <==    Updates: 1
16:46:13.902 [main] DEBUG org.activiti.engine.impl.db.DbSqlSession - inserting: HistoricProcessInstanceEntity[superProcessInstanceId=null]
16:46:13.902 [main] DEBUG org.activiti.engine.impl.persistence.entity.HistoricProcessInstanceEntity.insertHistoricProcessInstance - ==>  Preparing: insert into ACT_HI_PROCINST ( ID_, PROC_INST_ID_, BUSINESS_KEY_, PROC_DEF_ID_, START_TIME_, END_TIME_, DURATION_, START_USER_ID_, START_ACT_ID_, END_ACT_ID_, SUPER_PROCESS_INSTANCE_ID_, DELETE_REASON_, TENANT_ID_, NAME_ ) values ( ?, ?, ?, ?, ?, ?, ?, ?, ?, ?, ?, ?, ?, ? ) 
16:46:13.902 [main] DEBUG org.activiti.engine.impl.persistence.entity.HistoricProcessInstanceEntity.insertHistoricProcessInstance - ==> Parameters: 2505(String), 2505(String), null, leave-countersign:1:2504(String), 2017-11-28 16:46:13.881(Timestamp), null, null, henryyan(String), startevent1(String), null, null, null, (String), null
16:46:13.902 [main] DEBUG org.activiti.engine.impl.persistence.entity.HistoricProcessInstanceEntity.insertHistoricProcessInstance - <==    Updates: 1
16:46:13.902 [main] DEBUG org.activiti.engine.impl.db.DbSqlSession - inserting: HistoricActivityInstanceEntity[activityId=startevent1, activityName=Start]
16:46:13.902 [main] DEBUG org.activiti.engine.impl.persistence.entity.HistoricActivityInstanceEntity.insertHistoricActivityInstance - ==>  Preparing: insert into ACT_HI_ACTINST ( ID_, PROC_DEF_ID_, PROC_INST_ID_, EXECUTION_ID_, ACT_ID_, TASK_ID_, CALL_PROC_INST_ID_, ACT_NAME_, ACT_TYPE_, ASSIGNEE_, START_TIME_, END_TIME_, DURATION_, TENANT_ID_ ) values ( ?, ?, ?, ?, ?, ?, ?, ?, ?, ?, ?, ?, ?, ? ) 
16:46:13.903 [main] DEBUG org.activiti.engine.impl.persistence.entity.HistoricActivityInstanceEntity.insertHistoricActivityInstance - ==> Parameters: 2508(String), leave-countersign:1:2504(String), 2505(String), 2505(String), startevent1(String), null, null, Start(String), startEvent(String), null, 2017-11-28 16:46:13.881(Timestamp), 2017-11-28 16:46:13.884(Timestamp), 3(Long), (String)
16:46:13.904 [main] DEBUG org.activiti.engine.impl.persistence.entity.HistoricActivityInstanceEntity.insertHistoricActivityInstance - <==    Updates: 1
16:46:13.904 [main] DEBUG org.activiti.engine.impl.db.DbSqlSession - inserting: ByteArrayEntity[id=2509, name=var-users, size=145]
16:46:13.904 [main] DEBUG org.activiti.engine.impl.persistence.entity.ByteArrayEntity.insertByteArray - ==>  Preparing: insert into ACT_GE_BYTEARRAY(ID_, REV_, NAME_, BYTES_, DEPLOYMENT_ID_) values ( ?, 1, ?, ?, ? ) 
16:46:13.904 [main] DEBUG org.activiti.engine.impl.persistence.entity.ByteArrayEntity.insertByteArray - ==> Parameters: 2509(String), var-users(String), java.io.ByteArrayInputStream@336365bc(ByteArrayInputStream), null
16:46:13.904 [main] DEBUG org.activiti.engine.impl.persistence.entity.ByteArrayEntity.insertByteArray - <==    Updates: 1
16:46:13.904 [main] DEBUG org.activiti.engine.impl.db.DbSqlSession - inserting: VariableInstanceEntity[id=2510, name=users, type=serializable, byteArrayValueId=2509]
16:46:13.904 [main] DEBUG org.activiti.engine.impl.persistence.entity.VariableInstanceEntity.insertVariableInstance - ==>  Preparing: insert into ACT_RU_VARIABLE (ID_, REV_, TYPE_, NAME_, PROC_INST_ID_, EXECUTION_ID_, TASK_ID_, BYTEARRAY_ID_, DOUBLE_, LONG_ , TEXT_, TEXT2_) values ( ?, 1, ?, ?, ?, ?, ?, ?, ?, ?, ?, ? ) 
16:46:13.904 [main] DEBUG org.activiti.engine.impl.persistence.entity.VariableInstanceEntity.insertVariableInstance - ==> Parameters: 2510(String), serializable(String), users(String), 2505(String), 2505(String), null, 2509(String), null, null, null, null
16:46:13.905 [main] DEBUG org.activiti.engine.impl.persistence.entity.VariableInstanceEntity.insertVariableInstance - <==    Updates: 1
16:46:13.905 [main] DEBUG org.activiti.engine.impl.db.DbSqlSession - inserting: ByteArrayEntity[id=2511, name=hist.var-users, size=145]
16:46:13.905 [main] DEBUG org.activiti.engine.impl.persistence.entity.ByteArrayEntity.insertByteArray - ==>  Preparing: insert into ACT_GE_BYTEARRAY(ID_, REV_, NAME_, BYTES_, DEPLOYMENT_ID_) values ( ?, 1, ?, ?, ? ) 
16:46:13.905 [main] DEBUG org.activiti.engine.impl.persistence.entity.ByteArrayEntity.insertByteArray - ==> Parameters: 2511(String), hist.var-users(String), java.io.ByteArrayInputStream@38eb2fb0(ByteArrayInputStream), null
16:46:13.905 [main] DEBUG org.activiti.engine.impl.persistence.entity.ByteArrayEntity.insertByteArray - <==    Updates: 1
16:46:13.905 [main] DEBUG org.activiti.engine.impl.db.DbSqlSession - inserting: HistoricVariableInstanceEntity[id=2510, name=users, revision=0, type=serializable, byteArrayValueId=2511]
16:46:13.905 [main] DEBUG org.activiti.engine.impl.persistence.entity.HistoricVariableInstanceEntity.insertHistoricVariableInstance - ==>  Preparing: insert into ACT_HI_VARINST (ID_, PROC_INST_ID_, EXECUTION_ID_, TASK_ID_, NAME_, REV_, VAR_TYPE_, BYTEARRAY_ID_, DOUBLE_, LONG_ , TEXT_, TEXT2_, CREATE_TIME_, LAST_UPDATED_TIME_) values ( ?, ?, ?, ?, ?, ?, ?, ?, ?, ?, ?, ?, ?, ? ) 
16:46:13.905 [main] DEBUG org.activiti.engine.impl.persistence.entity.HistoricVariableInstanceEntity.insertHistoricVariableInstance - ==> Parameters: 2510(String), 2505(String), 2505(String), null, users(String), 0(Integer), serializable(String), 2511(String), null, null, null, null, 2017-11-28 16:46:13.884(Timestamp), 2017-11-28 16:46:13.884(Timestamp)
16:46:13.905 [main] DEBUG org.activiti.engine.impl.persistence.entity.HistoricVariableInstanceEntity.insertHistoricVariableInstance - <==    Updates: 1
16:46:13.905 [main] DEBUG org.activiti.engine.impl.db.DbSqlSession - inserting: VariableInstanceEntity[id=2512, name=approvedCounter, type=long, longValue=0, textValue=0]
16:46:13.905 [main] DEBUG org.activiti.engine.impl.persistence.entity.VariableInstanceEntity.insertVariableInstance - ==>  Preparing: insert into ACT_RU_VARIABLE (ID_, REV_, TYPE_, NAME_, PROC_INST_ID_, EXECUTION_ID_, TASK_ID_, BYTEARRAY_ID_, DOUBLE_, LONG_ , TEXT_, TEXT2_) values ( ?, 1, ?, ?, ?, ?, ?, ?, ?, ?, ?, ? ) 
16:46:13.906 [main] DEBUG org.activiti.engine.impl.persistence.entity.VariableInstanceEntity.insertVariableInstance - ==> Parameters: 2512(String), long(String), approvedCounter(String), 2505(String), 2505(String), null, null, null, 0(Long), 0(String), null
16:46:13.906 [main] DEBUG org.activiti.engine.impl.persistence.entity.VariableInstanceEntity.insertVariableInstance - <==    Updates: 1
16:46:13.906 [main] DEBUG org.activiti.engine.impl.db.DbSqlSession - inserting: HistoricVariableInstanceEntity[id=2512, name=approvedCounter, revision=0, type=long, longValue=0, textValue=0]
16:46:13.906 [main] DEBUG org.activiti.engine.impl.persistence.entity.HistoricVariableInstanceEntity.insertHistoricVariableInstance - ==>  Preparing: insert into ACT_HI_VARINST (ID_, PROC_INST_ID_, EXECUTION_ID_, TASK_ID_, NAME_, REV_, VAR_TYPE_, BYTEARRAY_ID_, DOUBLE_, LONG_ , TEXT_, TEXT2_, CREATE_TIME_, LAST_UPDATED_TIME_) values ( ?, ?, ?, ?, ?, ?, ?, ?, ?, ?, ?, ?, ?, ? ) 
16:46:13.906 [main] DEBUG org.activiti.engine.impl.persistence.entity.HistoricVariableInstanceEntity.insertHistoricVariableInstance - ==> Parameters: 2512(String), 2505(String), 2505(String), null, approvedCounter(String), 0(Integer), long(String), null, null, 0(Long), 0(String), null, 2017-11-28 16:46:13.886(Timestamp), 2017-11-28 16:46:13.886(Timestamp)
16:46:13.906 [main] DEBUG org.activiti.engine.impl.persistence.entity.HistoricVariableInstanceEntity.insertHistoricVariableInstance - <==    Updates: 1
16:46:13.906 [main] DEBUG org.activiti.engine.impl.db.DbSqlSession - inserting: ScopeExecution[2513]
16:46:13.906 [main] DEBUG org.activiti.engine.impl.persistence.entity.ExecutionEntity.insertExecution - ==>  Preparing: insert into ACT_RU_EXECUTION (ID_, REV_, PROC_INST_ID_, BUSINESS_KEY_, PROC_DEF_ID_, ACT_ID_, IS_ACTIVE_, IS_CONCURRENT_, IS_SCOPE_,IS_EVENT_SCOPE_, PARENT_ID_, SUPER_EXEC_, SUSPENSION_STATE_, CACHED_ENT_STATE_, TENANT_ID_, NAME_) values ( ?, 1, ?, ?, ?, ?, ?, ?, ?, ?, ?, ?, ?, ?, ?, ? ) 
16:46:13.906 [main] DEBUG org.activiti.engine.impl.persistence.entity.ExecutionEntity.insertExecution - ==> Parameters: 2513(String), 2505(String), null, leave-countersign:1:2504(String), countersign(String), false(Boolean), false(Boolean), true(Boolean), false(Boolean), 2505(String), null, 1(Integer), 0(Integer), (String), null
16:46:13.907 [main] DEBUG org.activiti.engine.impl.persistence.entity.ExecutionEntity.insertExecution - <==    Updates: 1
16:46:13.907 [main] DEBUG org.activiti.engine.impl.db.DbSqlSession - inserting: HistoricActivityInstanceEntity[activityId=countersign, activityName=[部门/人事]联合会签]
16:46:13.907 [main] DEBUG org.activiti.engine.impl.persistence.entity.HistoricActivityInstanceEntity.insertHistoricActivityInstance - ==>  Preparing: insert into ACT_HI_ACTINST ( ID_, PROC_DEF_ID_, PROC_INST_ID_, EXECUTION_ID_, ACT_ID_, TASK_ID_, CALL_PROC_INST_ID_, ACT_NAME_, ACT_TYPE_, ASSIGNEE_, START_TIME_, END_TIME_, DURATION_, TENANT_ID_ ) values ( ?, ?, ?, ?, ?, ?, ?, ?, ?, ?, ?, ?, ?, ? ) 
16:46:13.907 [main] DEBUG org.activiti.engine.impl.persistence.entity.HistoricActivityInstanceEntity.insertHistoricActivityInstance - ==> Parameters: 2514(String), leave-countersign:1:2504(String), 2505(String), 2513(String), countersign(String), 2523(String), null, [部门/人事]联合会签(String), userTask(String), groupLeader(String), 2017-11-28 16:46:13.887(Timestamp), null, null, (String)
16:46:13.907 [main] DEBUG org.activiti.engine.impl.persistence.entity.HistoricActivityInstanceEntity.insertHistoricActivityInstance - <==    Updates: 1
16:46:13.907 [main] DEBUG org.activiti.engine.impl.db.DbSqlSession - inserting: VariableInstanceEntity[id=2515, name=nrOfInstances, type=integer, longValue=3, textValue=3]
16:46:13.907 [main] DEBUG org.activiti.engine.impl.persistence.entity.VariableInstanceEntity.insertVariableInstance - ==>  Preparing: insert into ACT_RU_VARIABLE (ID_, REV_, TYPE_, NAME_, PROC_INST_ID_, EXECUTION_ID_, TASK_ID_, BYTEARRAY_ID_, DOUBLE_, LONG_ , TEXT_, TEXT2_) values ( ?, 1, ?, ?, ?, ?, ?, ?, ?, ?, ?, ? ) 
16:46:13.907 [main] DEBUG org.activiti.engine.impl.persistence.entity.VariableInstanceEntity.insertVariableInstance - ==> Parameters: 2515(String), integer(String), nrOfInstances(String), 2505(String), 2513(String), null, null, null, 3(Long), 3(String), null
16:46:13.907 [main] DEBUG org.activiti.engine.impl.persistence.entity.VariableInstanceEntity.insertVariableInstance - <==    Updates: 1
16:46:13.908 [main] DEBUG org.activiti.engine.impl.db.DbSqlSession - inserting: HistoricVariableInstanceEntity[id=2515, name=nrOfInstances, revision=0, type=integer, longValue=3, textValue=3]
16:46:13.908 [main] DEBUG org.activiti.engine.impl.persistence.entity.HistoricVariableInstanceEntity.insertHistoricVariableInstance - ==>  Preparing: insert into ACT_HI_VARINST (ID_, PROC_INST_ID_, EXECUTION_ID_, TASK_ID_, NAME_, REV_, VAR_TYPE_, BYTEARRAY_ID_, DOUBLE_, LONG_ , TEXT_, TEXT2_, CREATE_TIME_, LAST_UPDATED_TIME_) values ( ?, ?, ?, ?, ?, ?, ?, ?, ?, ?, ?, ?, ?, ? ) 
16:46:13.908 [main] DEBUG org.activiti.engine.impl.persistence.entity.HistoricVariableInstanceEntity.insertHistoricVariableInstance - ==> Parameters: 2515(String), 2505(String), 2513(String), null, nrOfInstances(String), 0(Integer), integer(String), null, null, 3(Long), 3(String), null, 2017-11-28 16:46:13.887(Timestamp), 2017-11-28 16:46:13.887(Timestamp)
16:46:13.908 [main] DEBUG org.activiti.engine.impl.persistence.entity.HistoricVariableInstanceEntity.insertHistoricVariableInstance - <==    Updates: 1
16:46:13.908 [main] DEBUG org.activiti.engine.impl.db.DbSqlSession - inserting: VariableInstanceEntity[id=2516, name=nrOfCompletedInstances, type=integer, longValue=0, textValue=0]
16:46:13.908 [main] DEBUG org.activiti.engine.impl.persistence.entity.VariableInstanceEntity.insertVariableInstance - ==>  Preparing: insert into ACT_RU_VARIABLE (ID_, REV_, TYPE_, NAME_, PROC_INST_ID_, EXECUTION_ID_, TASK_ID_, BYTEARRAY_ID_, DOUBLE_, LONG_ , TEXT_, TEXT2_) values ( ?, 1, ?, ?, ?, ?, ?, ?, ?, ?, ?, ? ) 
16:46:13.910 [main] DEBUG org.activiti.engine.impl.persistence.entity.VariableInstanceEntity.insertVariableInstance - ==> Parameters: 2516(String), integer(String), nrOfCompletedInstances(String), 2505(String), 2513(String), null, null, null, 0(Long), 0(String), null
16:46:13.910 [main] DEBUG org.activiti.engine.impl.persistence.entity.VariableInstanceEntity.insertVariableInstance - <==    Updates: 1
16:46:13.910 [main] DEBUG org.activiti.engine.impl.db.DbSqlSession - inserting: HistoricVariableInstanceEntity[id=2516, name=nrOfCompletedInstances, revision=0, type=integer, longValue=0, textValue=0]
16:46:13.910 [main] DEBUG org.activiti.engine.impl.persistence.entity.HistoricVariableInstanceEntity.insertHistoricVariableInstance - ==>  Preparing: insert into ACT_HI_VARINST (ID_, PROC_INST_ID_, EXECUTION_ID_, TASK_ID_, NAME_, REV_, VAR_TYPE_, BYTEARRAY_ID_, DOUBLE_, LONG_ , TEXT_, TEXT2_, CREATE_TIME_, LAST_UPDATED_TIME_) values ( ?, ?, ?, ?, ?, ?, ?, ?, ?, ?, ?, ?, ?, ? ) 
16:46:13.912 [main] DEBUG org.activiti.engine.impl.persistence.entity.HistoricVariableInstanceEntity.insertHistoricVariableInstance - ==> Parameters: 2516(String), 2505(String), 2513(String), null, nrOfCompletedInstances(String), 0(Integer), integer(String), null, null, 0(Long), 0(String), null, 2017-11-28 16:46:13.887(Timestamp), 2017-11-28 16:46:13.887(Timestamp)
16:46:13.913 [main] DEBUG org.activiti.engine.impl.persistence.entity.HistoricVariableInstanceEntity.insertHistoricVariableInstance - <==    Updates: 1
16:46:13.913 [main] DEBUG org.activiti.engine.impl.db.DbSqlSession - inserting: VariableInstanceEntity[id=2517, name=nrOfActiveInstances, type=integer, longValue=3, textValue=3]
16:46:13.913 [main] DEBUG org.activiti.engine.impl.persistence.entity.VariableInstanceEntity.insertVariableInstance - ==>  Preparing: insert into ACT_RU_VARIABLE (ID_, REV_, TYPE_, NAME_, PROC_INST_ID_, EXECUTION_ID_, TASK_ID_, BYTEARRAY_ID_, DOUBLE_, LONG_ , TEXT_, TEXT2_) values ( ?, 1, ?, ?, ?, ?, ?, ?, ?, ?, ?, ? ) 
16:46:13.914 [main] DEBUG org.activiti.engine.impl.persistence.entity.VariableInstanceEntity.insertVariableInstance - ==> Parameters: 2517(String), integer(String), nrOfActiveInstances(String), 2505(String), 2513(String), null, null, null, 3(Long), 3(String), null
16:46:13.914 [main] DEBUG org.activiti.engine.impl.persistence.entity.VariableInstanceEntity.insertVariableInstance - <==    Updates: 1
16:46:13.914 [main] DEBUG org.activiti.engine.impl.db.DbSqlSession - inserting: HistoricVariableInstanceEntity[id=2517, name=nrOfActiveInstances, revision=0, type=integer, longValue=3, textValue=3]
16:46:13.914 [main] DEBUG org.activiti.engine.impl.persistence.entity.HistoricVariableInstanceEntity.insertHistoricVariableInstance - ==>  Preparing: insert into ACT_HI_VARINST (ID_, PROC_INST_ID_, EXECUTION_ID_, TASK_ID_, NAME_, REV_, VAR_TYPE_, BYTEARRAY_ID_, DOUBLE_, LONG_ , TEXT_, TEXT2_, CREATE_TIME_, LAST_UPDATED_TIME_) values ( ?, ?, ?, ?, ?, ?, ?, ?, ?, ?, ?, ?, ?, ? ) 
16:46:13.915 [main] DEBUG org.activiti.engine.impl.persistence.entity.HistoricVariableInstanceEntity.insertHistoricVariableInstance - ==> Parameters: 2517(String), 2505(String), 2513(String), null, nrOfActiveInstances(String), 0(Integer), integer(String), null, null, 3(Long), 3(String), null, 2017-11-28 16:46:13.887(Timestamp), 2017-11-28 16:46:13.887(Timestamp)
16:46:13.915 [main] DEBUG org.activiti.engine.impl.persistence.entity.HistoricVariableInstanceEntity.insertHistoricVariableInstance - <==    Updates: 1
16:46:13.915 [main] DEBUG org.activiti.engine.impl.db.DbSqlSession - inserting: ConcurrentExecution[2518]
16:46:13.915 [main] DEBUG org.activiti.engine.impl.persistence.entity.ExecutionEntity.insertExecution - ==>  Preparing: insert into ACT_RU_EXECUTION (ID_, REV_, PROC_INST_ID_, BUSINESS_KEY_, PROC_DEF_ID_, ACT_ID_, IS_ACTIVE_, IS_CONCURRENT_, IS_SCOPE_,IS_EVENT_SCOPE_, PARENT_ID_, SUPER_EXEC_, SUSPENSION_STATE_, CACHED_ENT_STATE_, TENANT_ID_, NAME_) values ( ?, 1, ?, ?, ?, ?, ?, ?, ?, ?, ?, ?, ?, ?, ?, ? ) 
16:46:13.915 [main] DEBUG org.activiti.engine.impl.persistence.entity.ExecutionEntity.insertExecution - ==> Parameters: 2518(String), 2505(String), null, leave-countersign:1:2504(String), countersign(String), true(Boolean), true(Boolean), false(Boolean), false(Boolean), 2513(String), null, 1(Integer), 7(Integer), (String), null
16:46:13.915 [main] DEBUG org.activiti.engine.impl.persistence.entity.ExecutionEntity.insertExecution - <==    Updates: 1
16:46:13.916 [main] DEBUG org.activiti.engine.impl.db.DbSqlSession - inserting: ConcurrentExecution[2519]
16:46:13.916 [main] DEBUG org.activiti.engine.impl.persistence.entity.ExecutionEntity.insertExecution - ==>  Preparing: insert into ACT_RU_EXECUTION (ID_, REV_, PROC_INST_ID_, BUSINESS_KEY_, PROC_DEF_ID_, ACT_ID_, IS_ACTIVE_, IS_CONCURRENT_, IS_SCOPE_,IS_EVENT_SCOPE_, PARENT_ID_, SUPER_EXEC_, SUSPENSION_STATE_, CACHED_ENT_STATE_, TENANT_ID_, NAME_) values ( ?, 1, ?, ?, ?, ?, ?, ?, ?, ?, ?, ?, ?, ?, ?, ? ) 
16:46:13.916 [main] DEBUG org.activiti.engine.impl.persistence.entity.ExecutionEntity.insertExecution - ==> Parameters: 2519(String), 2505(String), null, leave-countersign:1:2504(String), countersign(String), true(Boolean), true(Boolean), false(Boolean), false(Boolean), 2513(String), null, 1(Integer), 7(Integer), (String), null
16:46:13.916 [main] DEBUG org.activiti.engine.impl.persistence.entity.ExecutionEntity.insertExecution - <==    Updates: 1
16:46:13.916 [main] DEBUG org.activiti.engine.impl.db.DbSqlSession - inserting: ConcurrentExecution[2520]
16:46:13.916 [main] DEBUG org.activiti.engine.impl.persistence.entity.ExecutionEntity.insertExecution - ==>  Preparing: insert into ACT_RU_EXECUTION (ID_, REV_, PROC_INST_ID_, BUSINESS_KEY_, PROC_DEF_ID_, ACT_ID_, IS_ACTIVE_, IS_CONCURRENT_, IS_SCOPE_,IS_EVENT_SCOPE_, PARENT_ID_, SUPER_EXEC_, SUSPENSION_STATE_, CACHED_ENT_STATE_, TENANT_ID_, NAME_) values ( ?, 1, ?, ?, ?, ?, ?, ?, ?, ?, ?, ?, ?, ?, ?, ? ) 
16:46:13.916 [main] DEBUG org.activiti.engine.impl.persistence.entity.ExecutionEntity.insertExecution - ==> Parameters: 2520(String), 2505(String), null, leave-countersign:1:2504(String), countersign(String), true(Boolean), true(Boolean), false(Boolean), false(Boolean), 2513(String), null, 1(Integer), 7(Integer), (String), null
16:46:13.917 [main] DEBUG org.activiti.engine.impl.persistence.entity.ExecutionEntity.insertExecution - <==    Updates: 1
16:46:13.917 [main] DEBUG org.activiti.engine.impl.db.DbSqlSession - inserting: VariableInstanceEntity[id=2521, name=loopCounter, type=integer, longValue=0, textValue=0]
16:46:13.917 [main] DEBUG org.activiti.engine.impl.persistence.entity.VariableInstanceEntity.insertVariableInstance - ==>  Preparing: insert into ACT_RU_VARIABLE (ID_, REV_, TYPE_, NAME_, PROC_INST_ID_, EXECUTION_ID_, TASK_ID_, BYTEARRAY_ID_, DOUBLE_, LONG_ , TEXT_, TEXT2_) values ( ?, 1, ?, ?, ?, ?, ?, ?, ?, ?, ?, ? ) 
16:46:13.917 [main] DEBUG org.activiti.engine.impl.persistence.entity.VariableInstanceEntity.insertVariableInstance - ==> Parameters: 2521(String), integer(String), loopCounter(String), 2505(String), 2518(String), null, null, null, 0(Long), 0(String), null
16:46:13.917 [main] DEBUG org.activiti.engine.impl.persistence.entity.VariableInstanceEntity.insertVariableInstance - <==    Updates: 1
16:46:13.917 [main] DEBUG org.activiti.engine.impl.db.DbSqlSession - inserting: HistoricVariableInstanceEntity[id=2521, name=loopCounter, revision=0, type=integer, longValue=0, textValue=0]
16:46:13.917 [main] DEBUG org.activiti.engine.impl.persistence.entity.HistoricVariableInstanceEntity.insertHistoricVariableInstance - ==>  Preparing: insert into ACT_HI_VARINST (ID_, PROC_INST_ID_, EXECUTION_ID_, TASK_ID_, NAME_, REV_, VAR_TYPE_, BYTEARRAY_ID_, DOUBLE_, LONG_ , TEXT_, TEXT2_, CREATE_TIME_, LAST_UPDATED_TIME_) values ( ?, ?, ?, ?, ?, ?, ?, ?, ?, ?, ?, ?, ?, ? ) 
16:46:13.917 [main] DEBUG org.activiti.engine.impl.persistence.entity.HistoricVariableInstanceEntity.insertHistoricVariableInstance - ==> Parameters: 2521(String), 2505(String), 2518(String), null, loopCounter(String), 0(Integer), integer(String), null, null, 0(Long), 0(String), null, 2017-11-28 16:46:13.889(Timestamp), 2017-11-28 16:46:13.889(Timestamp)
16:46:13.917 [main] DEBUG org.activiti.engine.impl.persistence.entity.HistoricVariableInstanceEntity.insertHistoricVariableInstance - <==    Updates: 1
16:46:13.918 [main] DEBUG org.activiti.engine.impl.db.DbSqlSession - inserting: VariableInstanceEntity[id=2522, name=user, type=string, textValue=groupLeader]
16:46:13.918 [main] DEBUG org.activiti.engine.impl.persistence.entity.VariableInstanceEntity.insertVariableInstance - ==>  Preparing: insert into ACT_RU_VARIABLE (ID_, REV_, TYPE_, NAME_, PROC_INST_ID_, EXECUTION_ID_, TASK_ID_, BYTEARRAY_ID_, DOUBLE_, LONG_ , TEXT_, TEXT2_) values ( ?, 1, ?, ?, ?, ?, ?, ?, ?, ?, ?, ? ) 
16:46:13.918 [main] DEBUG org.activiti.engine.impl.persistence.entity.VariableInstanceEntity.insertVariableInstance - ==> Parameters: 2522(String), string(String), user(String), 2505(String), 2518(String), null, null, null, null, groupLeader(String), null
16:46:13.918 [main] DEBUG org.activiti.engine.impl.persistence.entity.VariableInstanceEntity.insertVariableInstance - <==    Updates: 1
16:46:13.918 [main] DEBUG org.activiti.engine.impl.db.DbSqlSession - inserting: HistoricVariableInstanceEntity[id=2522, name=user, revision=0, type=string, textValue=groupLeader]
16:46:13.918 [main] DEBUG org.activiti.engine.impl.persistence.entity.HistoricVariableInstanceEntity.insertHistoricVariableInstance - ==>  Preparing: insert into ACT_HI_VARINST (ID_, PROC_INST_ID_, EXECUTION_ID_, TASK_ID_, NAME_, REV_, VAR_TYPE_, BYTEARRAY_ID_, DOUBLE_, LONG_ , TEXT_, TEXT2_, CREATE_TIME_, LAST_UPDATED_TIME_) values ( ?, ?, ?, ?, ?, ?, ?, ?, ?, ?, ?, ?, ?, ? ) 
16:46:13.918 [main] DEBUG org.activiti.engine.impl.persistence.entity.HistoricVariableInstanceEntity.insertHistoricVariableInstance - ==> Parameters: 2522(String), 2505(String), 2518(String), null, user(String), 0(Integer), string(String), null, null, null, groupLeader(String), null, 2017-11-28 16:46:13.889(Timestamp), 2017-11-28 16:46:13.889(Timestamp)
16:46:13.918 [main] DEBUG org.activiti.engine.impl.persistence.entity.HistoricVariableInstanceEntity.insertHistoricVariableInstance - <==    Updates: 1
16:46:13.918 [main] DEBUG org.activiti.engine.impl.db.DbSqlSession - inserting: Task[id=2523, name=[部门/人事]联合会签]
16:46:13.918 [main] DEBUG org.activiti.engine.impl.persistence.entity.TaskEntity.insertTask - ==>  Preparing: insert into ACT_RU_TASK (ID_, REV_, NAME_, PARENT_TASK_ID_, DESCRIPTION_, PRIORITY_, CREATE_TIME_, OWNER_, ASSIGNEE_, DELEGATION_, EXECUTION_ID_, PROC_INST_ID_, PROC_DEF_ID_, TASK_DEF_KEY_, DUE_DATE_, CATEGORY_, SUSPENSION_STATE_, TENANT_ID_, FORM_KEY_) values (?, 1, ?, ?, ?, ?, ?, ?, ?, ?, ?, ?, ?, ?, ?, ?, ?, ?, ? ) 
16:46:13.919 [main] DEBUG org.activiti.engine.impl.persistence.entity.TaskEntity.insertTask - ==> Parameters: 2523(String), [部门/人事]联合会签(String), null, null, 50(Integer), 2017-11-28 16:46:13.889(Timestamp), null, groupLeader(String), null, 2518(String), 2505(String), leave-countersign:1:2504(String), countersign(String), null, null, 1(Integer), (String), null
16:46:13.919 [main] DEBUG org.activiti.engine.impl.persistence.entity.TaskEntity.insertTask - <==    Updates: 1
16:46:13.919 [main] DEBUG org.activiti.engine.impl.db.DbSqlSession - inserting: org.activiti.engine.impl.persistence.entity.HistoricTaskInstanceEntity@1436a7ab
16:46:13.919 [main] DEBUG org.activiti.engine.impl.persistence.entity.HistoricTaskInstanceEntity.insertHistoricTaskInstance - ==>  Preparing: insert into ACT_HI_TASKINST ( ID_, PROC_DEF_ID_, PROC_INST_ID_, EXECUTION_ID_, NAME_, PARENT_TASK_ID_, DESCRIPTION_, OWNER_, ASSIGNEE_, START_TIME_, CLAIM_TIME_, END_TIME_, DURATION_, DELETE_REASON_, TASK_DEF_KEY_, FORM_KEY_, PRIORITY_, DUE_DATE_, CATEGORY_, TENANT_ID_ ) values ( ?, ?, ?, ?, ?, ?, ?, ?, ?, ?, ?, ?, ?, ?, ?, ?, ?, ?, ?, ? ) 
16:46:13.920 [main] DEBUG org.activiti.engine.impl.persistence.entity.HistoricTaskInstanceEntity.insertHistoricTaskInstance - ==> Parameters: 2523(String), leave-countersign:1:2504(String), 2505(String), 2518(String), [部门/人事]联合会签(String), null, null, null, groupLeader(String), 2017-11-28 16:46:13.89(Timestamp), null, null, null, null, countersign(String), null, 50(Integer), null, null, (String)
16:46:13.920 [main] DEBUG org.activiti.engine.impl.persistence.entity.HistoricTaskInstanceEntity.insertHistoricTaskInstance - <==    Updates: 1
16:46:13.920 [main] DEBUG org.activiti.engine.impl.db.DbSqlSession - inserting: IdentityLinkEntity[id=2524, type=participant, userId=groupLeader, processInstanceId=2505]
16:46:13.920 [main] DEBUG org.activiti.engine.impl.persistence.entity.IdentityLinkEntity.insertIdentityLink - ==>  Preparing: insert into ACT_RU_IDENTITYLINK (ID_, REV_, TYPE_, USER_ID_, GROUP_ID_, TASK_ID_, PROC_INST_ID_, PROC_DEF_ID_) values (?, 1, ?, ?, ?, ?, ?, ?) 
16:46:13.920 [main] DEBUG org.activiti.engine.impl.persistence.entity.IdentityLinkEntity.insertIdentityLink - ==> Parameters: 2524(String), participant(String), groupLeader(String), null, null, 2505(String), null
16:46:13.920 [main] DEBUG org.activiti.engine.impl.persistence.entity.IdentityLinkEntity.insertIdentityLink - <==    Updates: 1
16:46:13.920 [main] DEBUG org.activiti.engine.impl.db.DbSqlSession - inserting: org.activiti.engine.impl.persistence.entity.HistoricIdentityLinkEntity@3b7b05a8
16:46:13.920 [main] DEBUG org.activiti.engine.impl.persistence.entity.HistoricIdentityLinkEntity.insertHistoricIdentityLink - ==>  Preparing: insert into ACT_HI_IDENTITYLINK (ID_, TYPE_, USER_ID_, GROUP_ID_, TASK_ID_, PROC_INST_ID_) values (?, ?, ?, ?, ?, ?) 
16:46:13.920 [main] DEBUG org.activiti.engine.impl.persistence.entity.HistoricIdentityLinkEntity.insertHistoricIdentityLink - ==> Parameters: 2524(String), participant(String), groupLeader(String), null, null, 2505(String)
16:46:13.921 [main] DEBUG org.activiti.engine.impl.persistence.entity.HistoricIdentityLinkEntity.insertHistoricIdentityLink - <==    Updates: 1
16:46:13.921 [main] DEBUG org.activiti.engine.impl.db.DbSqlSession - inserting: VariableInstanceEntity[id=2525, name=loopCounter, type=integer, longValue=1, textValue=1]
16:46:13.921 [main] DEBUG org.activiti.engine.impl.persistence.entity.VariableInstanceEntity.insertVariableInstance - ==>  Preparing: insert into ACT_RU_VARIABLE (ID_, REV_, TYPE_, NAME_, PROC_INST_ID_, EXECUTION_ID_, TASK_ID_, BYTEARRAY_ID_, DOUBLE_, LONG_ , TEXT_, TEXT2_) values ( ?, 1, ?, ?, ?, ?, ?, ?, ?, ?, ?, ? ) 
16:46:13.921 [main] DEBUG org.activiti.engine.impl.persistence.entity.VariableInstanceEntity.insertVariableInstance - ==> Parameters: 2525(String), integer(String), loopCounter(String), 2505(String), 2519(String), null, null, null, 1(Long), 1(String), null
16:46:13.921 [main] DEBUG org.activiti.engine.impl.persistence.entity.VariableInstanceEntity.insertVariableInstance - <==    Updates: 1
16:46:13.921 [main] DEBUG org.activiti.engine.impl.db.DbSqlSession - inserting: HistoricVariableInstanceEntity[id=2525, name=loopCounter, revision=0, type=integer, longValue=1, textValue=1]
16:46:13.921 [main] DEBUG org.activiti.engine.impl.persistence.entity.HistoricVariableInstanceEntity.insertHistoricVariableInstance - ==>  Preparing: insert into ACT_HI_VARINST (ID_, PROC_INST_ID_, EXECUTION_ID_, TASK_ID_, NAME_, REV_, VAR_TYPE_, BYTEARRAY_ID_, DOUBLE_, LONG_ , TEXT_, TEXT2_, CREATE_TIME_, LAST_UPDATED_TIME_) values ( ?, ?, ?, ?, ?, ?, ?, ?, ?, ?, ?, ?, ?, ? ) 
16:46:13.922 [main] DEBUG org.activiti.engine.impl.persistence.entity.HistoricVariableInstanceEntity.insertHistoricVariableInstance - ==> Parameters: 2525(String), 2505(String), 2519(String), null, loopCounter(String), 0(Integer), integer(String), null, null, 1(Long), 1(String), null, 2017-11-28 16:46:13.893(Timestamp), 2017-11-28 16:46:13.893(Timestamp)
16:46:13.922 [main] DEBUG org.activiti.engine.impl.persistence.entity.HistoricVariableInstanceEntity.insertHistoricVariableInstance - <==    Updates: 1
16:46:13.922 [main] DEBUG org.activiti.engine.impl.db.DbSqlSession - inserting: VariableInstanceEntity[id=2526, name=user, type=string, textValue=deptLeader]
16:46:13.922 [main] DEBUG org.activiti.engine.impl.persistence.entity.VariableInstanceEntity.insertVariableInstance - ==>  Preparing: insert into ACT_RU_VARIABLE (ID_, REV_, TYPE_, NAME_, PROC_INST_ID_, EXECUTION_ID_, TASK_ID_, BYTEARRAY_ID_, DOUBLE_, LONG_ , TEXT_, TEXT2_) values ( ?, 1, ?, ?, ?, ?, ?, ?, ?, ?, ?, ? ) 
16:46:13.922 [main] DEBUG org.activiti.engine.impl.persistence.entity.VariableInstanceEntity.insertVariableInstance - ==> Parameters: 2526(String), string(String), user(String), 2505(String), 2519(String), null, null, null, null, deptLeader(String), null
16:46:13.922 [main] DEBUG org.activiti.engine.impl.persistence.entity.VariableInstanceEntity.insertVariableInstance - <==    Updates: 1
16:46:13.922 [main] DEBUG org.activiti.engine.impl.db.DbSqlSession - inserting: HistoricVariableInstanceEntity[id=2526, name=user, revision=0, type=string, textValue=deptLeader]
16:46:13.922 [main] DEBUG org.activiti.engine.impl.persistence.entity.HistoricVariableInstanceEntity.insertHistoricVariableInstance - ==>  Preparing: insert into ACT_HI_VARINST (ID_, PROC_INST_ID_, EXECUTION_ID_, TASK_ID_, NAME_, REV_, VAR_TYPE_, BYTEARRAY_ID_, DOUBLE_, LONG_ , TEXT_, TEXT2_, CREATE_TIME_, LAST_UPDATED_TIME_) values ( ?, ?, ?, ?, ?, ?, ?, ?, ?, ?, ?, ?, ?, ? ) 
16:46:13.923 [main] DEBUG org.activiti.engine.impl.persistence.entity.HistoricVariableInstanceEntity.insertHistoricVariableInstance - ==> Parameters: 2526(String), 2505(String), 2519(String), null, user(String), 0(Integer), string(String), null, null, null, deptLeader(String), null, 2017-11-28 16:46:13.893(Timestamp), 2017-11-28 16:46:13.893(Timestamp)
16:46:13.923 [main] DEBUG org.activiti.engine.impl.persistence.entity.HistoricVariableInstanceEntity.insertHistoricVariableInstance - <==    Updates: 1
16:46:13.923 [main] DEBUG org.activiti.engine.impl.db.DbSqlSession - inserting: HistoricActivityInstanceEntity[activityId=countersign, activityName=[部门/人事]联合会签]
16:46:13.923 [main] DEBUG org.activiti.engine.impl.persistence.entity.HistoricActivityInstanceEntity.insertHistoricActivityInstance - ==>  Preparing: insert into ACT_HI_ACTINST ( ID_, PROC_DEF_ID_, PROC_INST_ID_, EXECUTION_ID_, ACT_ID_, TASK_ID_, CALL_PROC_INST_ID_, ACT_NAME_, ACT_TYPE_, ASSIGNEE_, START_TIME_, END_TIME_, DURATION_, TENANT_ID_ ) values ( ?, ?, ?, ?, ?, ?, ?, ?, ?, ?, ?, ?, ?, ? ) 
16:46:13.923 [main] DEBUG org.activiti.engine.impl.persistence.entity.HistoricActivityInstanceEntity.insertHistoricActivityInstance - ==> Parameters: 2527(String), leave-countersign:1:2504(String), 2505(String), 2519(String), countersign(String), 2528(String), null, [部门/人事]联合会签(String), userTask(String), deptLeader(String), 2017-11-28 16:46:13.893(Timestamp), null, null, (String)
16:46:13.923 [main] DEBUG org.activiti.engine.impl.persistence.entity.HistoricActivityInstanceEntity.insertHistoricActivityInstance - <==    Updates: 1
16:46:13.923 [main] DEBUG org.activiti.engine.impl.db.DbSqlSession - inserting: Task[id=2528, name=[部门/人事]联合会签]
16:46:13.924 [main] DEBUG org.activiti.engine.impl.persistence.entity.TaskEntity.insertTask - ==>  Preparing: insert into ACT_RU_TASK (ID_, REV_, NAME_, PARENT_TASK_ID_, DESCRIPTION_, PRIORITY_, CREATE_TIME_, OWNER_, ASSIGNEE_, DELEGATION_, EXECUTION_ID_, PROC_INST_ID_, PROC_DEF_ID_, TASK_DEF_KEY_, DUE_DATE_, CATEGORY_, SUSPENSION_STATE_, TENANT_ID_, FORM_KEY_) values (?, 1, ?, ?, ?, ?, ?, ?, ?, ?, ?, ?, ?, ?, ?, ?, ?, ?, ? ) 
16:46:13.924 [main] DEBUG org.activiti.engine.impl.persistence.entity.TaskEntity.insertTask - ==> Parameters: 2528(String), [部门/人事]联合会签(String), null, null, 50(Integer), 2017-11-28 16:46:13.893(Timestamp), null, deptLeader(String), null, 2519(String), 2505(String), leave-countersign:1:2504(String), countersign(String), null, null, 1(Integer), (String), null
16:46:13.924 [main] DEBUG org.activiti.engine.impl.persistence.entity.TaskEntity.insertTask - <==    Updates: 1
16:46:13.924 [main] DEBUG org.activiti.engine.impl.db.DbSqlSession - inserting: org.activiti.engine.impl.persistence.entity.HistoricTaskInstanceEntity@3d36dff4
16:46:13.924 [main] DEBUG org.activiti.engine.impl.persistence.entity.HistoricTaskInstanceEntity.insertHistoricTaskInstance - ==>  Preparing: insert into ACT_HI_TASKINST ( ID_, PROC_DEF_ID_, PROC_INST_ID_, EXECUTION_ID_, NAME_, PARENT_TASK_ID_, DESCRIPTION_, OWNER_, ASSIGNEE_, START_TIME_, CLAIM_TIME_, END_TIME_, DURATION_, DELETE_REASON_, TASK_DEF_KEY_, FORM_KEY_, PRIORITY_, DUE_DATE_, CATEGORY_, TENANT_ID_ ) values ( ?, ?, ?, ?, ?, ?, ?, ?, ?, ?, ?, ?, ?, ?, ?, ?, ?, ?, ?, ? ) 
16:46:13.925 [main] DEBUG org.activiti.engine.impl.persistence.entity.HistoricTaskInstanceEntity.insertHistoricTaskInstance - ==> Parameters: 2528(String), leave-countersign:1:2504(String), 2505(String), 2519(String), [部门/人事]联合会签(String), null, null, null, deptLeader(String), 2017-11-28 16:46:13.894(Timestamp), null, null, null, null, countersign(String), null, 50(Integer), null, null, (String)
16:46:13.925 [main] DEBUG org.activiti.engine.impl.persistence.entity.HistoricTaskInstanceEntity.insertHistoricTaskInstance - <==    Updates: 1
16:46:13.925 [main] DEBUG org.activiti.engine.impl.db.DbSqlSession - inserting: IdentityLinkEntity[id=2529, type=participant, userId=deptLeader, processInstanceId=2505]
16:46:13.925 [main] DEBUG org.activiti.engine.impl.persistence.entity.IdentityLinkEntity.insertIdentityLink - ==>  Preparing: insert into ACT_RU_IDENTITYLINK (ID_, REV_, TYPE_, USER_ID_, GROUP_ID_, TASK_ID_, PROC_INST_ID_, PROC_DEF_ID_) values (?, 1, ?, ?, ?, ?, ?, ?) 
16:46:13.925 [main] DEBUG org.activiti.engine.impl.persistence.entity.IdentityLinkEntity.insertIdentityLink - ==> Parameters: 2529(String), participant(String), deptLeader(String), null, null, 2505(String), null
16:46:13.925 [main] DEBUG org.activiti.engine.impl.persistence.entity.IdentityLinkEntity.insertIdentityLink - <==    Updates: 1
16:46:13.926 [main] DEBUG org.activiti.engine.impl.db.DbSqlSession - inserting: org.activiti.engine.impl.persistence.entity.HistoricIdentityLinkEntity@7abe27bf
16:46:13.926 [main] DEBUG org.activiti.engine.impl.persistence.entity.HistoricIdentityLinkEntity.insertHistoricIdentityLink - ==>  Preparing: insert into ACT_HI_IDENTITYLINK (ID_, TYPE_, USER_ID_, GROUP_ID_, TASK_ID_, PROC_INST_ID_) values (?, ?, ?, ?, ?, ?) 
16:46:13.926 [main] DEBUG org.activiti.engine.impl.persistence.entity.HistoricIdentityLinkEntity.insertHistoricIdentityLink - ==> Parameters: 2529(String), participant(String), deptLeader(String), null, null, 2505(String)
16:46:13.926 [main] DEBUG org.activiti.engine.impl.persistence.entity.HistoricIdentityLinkEntity.insertHistoricIdentityLink - <==    Updates: 1
16:46:13.926 [main] DEBUG org.activiti.engine.impl.db.DbSqlSession - inserting: VariableInstanceEntity[id=2530, name=loopCounter, type=integer, longValue=2, textValue=2]
16:46:13.926 [main] DEBUG org.activiti.engine.impl.persistence.entity.VariableInstanceEntity.insertVariableInstance - ==>  Preparing: insert into ACT_RU_VARIABLE (ID_, REV_, TYPE_, NAME_, PROC_INST_ID_, EXECUTION_ID_, TASK_ID_, BYTEARRAY_ID_, DOUBLE_, LONG_ , TEXT_, TEXT2_) values ( ?, 1, ?, ?, ?, ?, ?, ?, ?, ?, ?, ? ) 
16:46:13.926 [main] DEBUG org.activiti.engine.impl.persistence.entity.VariableInstanceEntity.insertVariableInstance - ==> Parameters: 2530(String), integer(String), loopCounter(String), 2505(String), 2520(String), null, null, null, 2(Long), 2(String), null
16:46:13.926 [main] DEBUG org.activiti.engine.impl.persistence.entity.VariableInstanceEntity.insertVariableInstance - <==    Updates: 1
16:46:13.926 [main] DEBUG org.activiti.engine.impl.db.DbSqlSession - inserting: HistoricVariableInstanceEntity[id=2530, name=loopCounter, revision=0, type=integer, longValue=2, textValue=2]
16:46:13.926 [main] DEBUG org.activiti.engine.impl.persistence.entity.HistoricVariableInstanceEntity.insertHistoricVariableInstance - ==>  Preparing: insert into ACT_HI_VARINST (ID_, PROC_INST_ID_, EXECUTION_ID_, TASK_ID_, NAME_, REV_, VAR_TYPE_, BYTEARRAY_ID_, DOUBLE_, LONG_ , TEXT_, TEXT2_, CREATE_TIME_, LAST_UPDATED_TIME_) values ( ?, ?, ?, ?, ?, ?, ?, ?, ?, ?, ?, ?, ?, ? ) 
16:46:13.927 [main] DEBUG org.activiti.engine.impl.persistence.entity.HistoricVariableInstanceEntity.insertHistoricVariableInstance - ==> Parameters: 2530(String), 2505(String), 2520(String), null, loopCounter(String), 0(Integer), integer(String), null, null, 2(Long), 2(String), null, 2017-11-28 16:46:13.895(Timestamp), 2017-11-28 16:46:13.895(Timestamp)
16:46:13.927 [main] DEBUG org.activiti.engine.impl.persistence.entity.HistoricVariableInstanceEntity.insertHistoricVariableInstance - <==    Updates: 1
16:46:13.927 [main] DEBUG org.activiti.engine.impl.db.DbSqlSession - inserting: VariableInstanceEntity[id=2531, name=user, type=string, textValue=hr]
16:46:13.927 [main] DEBUG org.activiti.engine.impl.persistence.entity.VariableInstanceEntity.insertVariableInstance - ==>  Preparing: insert into ACT_RU_VARIABLE (ID_, REV_, TYPE_, NAME_, PROC_INST_ID_, EXECUTION_ID_, TASK_ID_, BYTEARRAY_ID_, DOUBLE_, LONG_ , TEXT_, TEXT2_) values ( ?, 1, ?, ?, ?, ?, ?, ?, ?, ?, ?, ? ) 
16:46:13.927 [main] DEBUG org.activiti.engine.impl.persistence.entity.VariableInstanceEntity.insertVariableInstance - ==> Parameters: 2531(String), string(String), user(String), 2505(String), 2520(String), null, null, null, null, hr(String), null
16:46:13.928 [main] DEBUG org.activiti.engine.impl.persistence.entity.VariableInstanceEntity.insertVariableInstance - <==    Updates: 1
16:46:13.928 [main] DEBUG org.activiti.engine.impl.db.DbSqlSession - inserting: HistoricVariableInstanceEntity[id=2531, name=user, revision=0, type=string, textValue=hr]
16:46:13.928 [main] DEBUG org.activiti.engine.impl.persistence.entity.HistoricVariableInstanceEntity.insertHistoricVariableInstance - ==>  Preparing: insert into ACT_HI_VARINST (ID_, PROC_INST_ID_, EXECUTION_ID_, TASK_ID_, NAME_, REV_, VAR_TYPE_, BYTEARRAY_ID_, DOUBLE_, LONG_ , TEXT_, TEXT2_, CREATE_TIME_, LAST_UPDATED_TIME_) values ( ?, ?, ?, ?, ?, ?, ?, ?, ?, ?, ?, ?, ?, ? ) 
16:46:13.928 [main] DEBUG org.activiti.engine.impl.persistence.entity.HistoricVariableInstanceEntity.insertHistoricVariableInstance - ==> Parameters: 2531(String), 2505(String), 2520(String), null, user(String), 0(Integer), string(String), null, null, null, hr(String), null, 2017-11-28 16:46:13.895(Timestamp), 2017-11-28 16:46:13.895(Timestamp)
16:46:13.928 [main] DEBUG org.activiti.engine.impl.persistence.entity.HistoricVariableInstanceEntity.insertHistoricVariableInstance - <==    Updates: 1
16:46:13.929 [main] DEBUG org.activiti.engine.impl.db.DbSqlSession - inserting: HistoricActivityInstanceEntity[activityId=countersign, activityName=[部门/人事]联合会签]
16:46:13.929 [main] DEBUG org.activiti.engine.impl.persistence.entity.HistoricActivityInstanceEntity.insertHistoricActivityInstance - ==>  Preparing: insert into ACT_HI_ACTINST ( ID_, PROC_DEF_ID_, PROC_INST_ID_, EXECUTION_ID_, ACT_ID_, TASK_ID_, CALL_PROC_INST_ID_, ACT_NAME_, ACT_TYPE_, ASSIGNEE_, START_TIME_, END_TIME_, DURATION_, TENANT_ID_ ) values ( ?, ?, ?, ?, ?, ?, ?, ?, ?, ?, ?, ?, ?, ? ) 
16:46:13.931 [main] DEBUG org.activiti.engine.impl.persistence.entity.HistoricActivityInstanceEntity.insertHistoricActivityInstance - ==> Parameters: 2532(String), leave-countersign:1:2504(String), 2505(String), 2520(String), countersign(String), 2533(String), null, [部门/人事]联合会签(String), userTask(String), hr(String), 2017-11-28 16:46:13.895(Timestamp), null, null, (String)
16:46:13.932 [main] DEBUG org.activiti.engine.impl.persistence.entity.HistoricActivityInstanceEntity.insertHistoricActivityInstance - <==    Updates: 1
16:46:13.932 [main] DEBUG org.activiti.engine.impl.db.DbSqlSession - inserting: Task[id=2533, name=[部门/人事]联合会签]
16:46:13.932 [main] DEBUG org.activiti.engine.impl.persistence.entity.TaskEntity.insertTask - ==>  Preparing: insert into ACT_RU_TASK (ID_, REV_, NAME_, PARENT_TASK_ID_, DESCRIPTION_, PRIORITY_, CREATE_TIME_, OWNER_, ASSIGNEE_, DELEGATION_, EXECUTION_ID_, PROC_INST_ID_, PROC_DEF_ID_, TASK_DEF_KEY_, DUE_DATE_, CATEGORY_, SUSPENSION_STATE_, TENANT_ID_, FORM_KEY_) values (?, 1, ?, ?, ?, ?, ?, ?, ?, ?, ?, ?, ?, ?, ?, ?, ?, ?, ? ) 
16:46:13.932 [main] DEBUG org.activiti.engine.impl.persistence.entity.TaskEntity.insertTask - ==> Parameters: 2533(String), [部门/人事]联合会签(String), null, null, 50(Integer), 2017-11-28 16:46:13.895(Timestamp), null, hr(String), null, 2520(String), 2505(String), leave-countersign:1:2504(String), countersign(String), null, null, 1(Integer), (String), null
16:46:13.932 [main] DEBUG org.activiti.engine.impl.persistence.entity.TaskEntity.insertTask - <==    Updates: 1
16:46:13.932 [main] DEBUG org.activiti.engine.impl.db.DbSqlSession - inserting: org.activiti.engine.impl.persistence.entity.HistoricTaskInstanceEntity@5b94ccbc
16:46:13.933 [main] DEBUG org.activiti.engine.impl.persistence.entity.HistoricTaskInstanceEntity.insertHistoricTaskInstance - ==>  Preparing: insert into ACT_HI_TASKINST ( ID_, PROC_DEF_ID_, PROC_INST_ID_, EXECUTION_ID_, NAME_, PARENT_TASK_ID_, DESCRIPTION_, OWNER_, ASSIGNEE_, START_TIME_, CLAIM_TIME_, END_TIME_, DURATION_, DELETE_REASON_, TASK_DEF_KEY_, FORM_KEY_, PRIORITY_, DUE_DATE_, CATEGORY_, TENANT_ID_ ) values ( ?, ?, ?, ?, ?, ?, ?, ?, ?, ?, ?, ?, ?, ?, ?, ?, ?, ?, ?, ? ) 
16:46:13.933 [main] DEBUG org.activiti.engine.impl.persistence.entity.HistoricTaskInstanceEntity.insertHistoricTaskInstance - ==> Parameters: 2533(String), leave-countersign:1:2504(String), 2505(String), 2520(String), [部门/人事]联合会签(String), null, null, null, hr(String), 2017-11-28 16:46:13.895(Timestamp), null, null, null, null, countersign(String), null, 50(Integer), null, null, (String)
16:46:13.933 [main] DEBUG org.activiti.engine.impl.persistence.entity.HistoricTaskInstanceEntity.insertHistoricTaskInstance - <==    Updates: 1
16:46:13.933 [main] DEBUG org.activiti.engine.impl.db.DbSqlSession - inserting: IdentityLinkEntity[id=2534, type=participant, userId=hr, processInstanceId=2505]
16:46:13.933 [main] DEBUG org.activiti.engine.impl.persistence.entity.IdentityLinkEntity.insertIdentityLink - ==>  Preparing: insert into ACT_RU_IDENTITYLINK (ID_, REV_, TYPE_, USER_ID_, GROUP_ID_, TASK_ID_, PROC_INST_ID_, PROC_DEF_ID_) values (?, 1, ?, ?, ?, ?, ?, ?) 
16:46:13.933 [main] DEBUG org.activiti.engine.impl.persistence.entity.IdentityLinkEntity.insertIdentityLink - ==> Parameters: 2534(String), participant(String), hr(String), null, null, 2505(String), null
16:46:13.933 [main] DEBUG org.activiti.engine.impl.persistence.entity.IdentityLinkEntity.insertIdentityLink - <==    Updates: 1
16:46:13.933 [main] DEBUG org.activiti.engine.impl.db.DbSqlSession - inserting: org.activiti.engine.impl.persistence.entity.HistoricIdentityLinkEntity@38a1c423
16:46:13.933 [main] DEBUG org.activiti.engine.impl.persistence.entity.HistoricIdentityLinkEntity.insertHistoricIdentityLink - ==>  Preparing: insert into ACT_HI_IDENTITYLINK (ID_, TYPE_, USER_ID_, GROUP_ID_, TASK_ID_, PROC_INST_ID_) values (?, ?, ?, ?, ?, ?) 
16:46:13.934 [main] DEBUG org.activiti.engine.impl.persistence.entity.HistoricIdentityLinkEntity.insertHistoricIdentityLink - ==> Parameters: 2534(String), participant(String), hr(String), null, null, 2505(String)
16:46:13.934 [main] DEBUG org.activiti.engine.impl.persistence.entity.HistoricIdentityLinkEntity.insertHistoricIdentityLink - <==    Updates: 1
16:46:13.934 [main] DEBUG org.apache.ibatis.transaction.managed.ManagedTransaction - Closing JDBC Connection [Transaction-aware proxy for target Connection [conn22: url=jdbc:h2:mem:activiti user=SA]]
16:46:13.934 [main] DEBUG org.springframework.jdbc.datasource.DataSourceTransactionManager - Initiating transaction commit
16:46:13.934 [main] DEBUG org.springframework.jdbc.datasource.DataSourceTransactionManager - Committing JDBC transaction on Connection [conn22: url=jdbc:h2:mem:activiti user=SA]
16:46:13.934 [main] DEBUG org.springframework.jdbc.datasource.DataSourceTransactionManager - Releasing JDBC Connection [conn22: url=jdbc:h2:mem:activiti user=SA] after transaction
16:46:13.934 [main] DEBUG org.springframework.jdbc.datasource.DataSourceUtils - Returning JDBC Connection to DataSource
16:46:13.934 [main] DEBUG org.activiti.engine.impl.interceptor.LogInterceptor - --- StartProcessInstanceCmd finished --------------------------------------------------------
16:46:13.934 [main] DEBUG org.activiti.engine.impl.interceptor.LogInterceptor - 

16:46:13.934 [main] DEBUG org.activiti.engine.impl.interceptor.LogInterceptor - 

16:46:13.934 [main] DEBUG org.activiti.engine.impl.interceptor.LogInterceptor - --- starting TaskQueryImpl --------------------------------------------------------
16:46:13.934 [main] DEBUG org.activiti.spring.SpringTransactionInterceptor - Running command with propagation REQUIRED
16:46:13.934 [main] DEBUG org.springframework.jdbc.datasource.DataSourceTransactionManager - Creating new transaction with name [null]: PROPAGATION_REQUIRED,ISOLATION_DEFAULT
16:46:13.934 [main] DEBUG org.springframework.jdbc.datasource.SimpleDriverDataSource - Creating new JDBC Driver Connection to [jdbc:h2:mem:activiti;DB_CLOSE_DELAY=1000]
16:46:13.935 [main] DEBUG org.springframework.jdbc.datasource.DataSourceTransactionManager - Acquired Connection [conn23: url=jdbc:h2:mem:activiti user=SA] for JDBC transaction
16:46:13.935 [main] DEBUG org.springframework.jdbc.datasource.DataSourceTransactionManager - Switching JDBC Connection [conn23: url=jdbc:h2:mem:activiti user=SA] to manual commit
16:46:13.937 [main] DEBUG org.apache.ibatis.transaction.managed.ManagedTransaction - Opening JDBC Connection
16:46:13.937 [main] DEBUG org.activiti.engine.impl.persistence.entity.TaskEntity.selectTaskByQueryCriteria - ==>  Preparing: select distinct RES.* from ACT_RU_TASK RES WHERE RES.ASSIGNEE_ = ? and RES.PROC_INST_ID_ = ? order by RES.ID_ asc LIMIT ? OFFSET ? 
16:46:13.937 [main] DEBUG org.activiti.engine.impl.persistence.entity.TaskEntity.selectTaskByQueryCriteria - ==> Parameters: groupLeader(String), 2505(String), 2147483647(Integer), 0(Integer)
16:46:13.938 [main] DEBUG org.activiti.engine.impl.persistence.entity.TaskEntity.selectTaskByQueryCriteria - <==      Total: 1
16:46:13.938 [main] DEBUG org.activiti.engine.impl.db.DbSqlSession - flush summary: 0 insert, 0 update, 0 delete.
16:46:13.938 [main] DEBUG org.activiti.engine.impl.db.DbSqlSession - now executing flush...
16:46:13.938 [main] DEBUG org.apache.ibatis.transaction.managed.ManagedTransaction - Closing JDBC Connection [Transaction-aware proxy for target Connection [conn23: url=jdbc:h2:mem:activiti user=SA]]
16:46:13.938 [main] DEBUG org.springframework.jdbc.datasource.DataSourceTransactionManager - Initiating transaction commit
16:46:13.938 [main] DEBUG org.springframework.jdbc.datasource.DataSourceTransactionManager - Committing JDBC transaction on Connection [conn23: url=jdbc:h2:mem:activiti user=SA]
16:46:13.938 [main] DEBUG org.springframework.jdbc.datasource.DataSourceTransactionManager - Releasing JDBC Connection [conn23: url=jdbc:h2:mem:activiti user=SA] after transaction
16:46:13.938 [main] DEBUG org.springframework.jdbc.datasource.DataSourceUtils - Returning JDBC Connection to DataSource
16:46:13.938 [main] DEBUG org.activiti.engine.impl.interceptor.LogInterceptor - --- TaskQueryImpl finished --------------------------------------------------------
16:46:13.938 [main] DEBUG org.activiti.engine.impl.interceptor.LogInterceptor - 

16:46:13.939 [main] DEBUG org.activiti.engine.impl.interceptor.LogInterceptor - 

16:46:13.940 [main] DEBUG org.activiti.engine.impl.interceptor.LogInterceptor - --- starting CompleteTaskCmd --------------------------------------------------------
16:46:13.940 [main] DEBUG org.activiti.spring.SpringTransactionInterceptor - Running command with propagation REQUIRED
16:46:13.940 [main] DEBUG org.springframework.jdbc.datasource.DataSourceTransactionManager - Creating new transaction with name [null]: PROPAGATION_REQUIRED,ISOLATION_DEFAULT
16:46:13.940 [main] DEBUG org.springframework.jdbc.datasource.SimpleDriverDataSource - Creating new JDBC Driver Connection to [jdbc:h2:mem:activiti;DB_CLOSE_DELAY=1000]
16:46:13.940 [main] DEBUG org.springframework.jdbc.datasource.DataSourceTransactionManager - Acquired Connection [conn24: url=jdbc:h2:mem:activiti user=SA] for JDBC transaction
16:46:13.940 [main] DEBUG org.springframework.jdbc.datasource.DataSourceTransactionManager - Switching JDBC Connection [conn24: url=jdbc:h2:mem:activiti user=SA] to manual commit
16:46:13.940 [main] DEBUG org.apache.ibatis.transaction.managed.ManagedTransaction - Opening JDBC Connection
16:46:13.940 [main] DEBUG org.activiti.engine.impl.persistence.entity.TaskEntity.selectTask - ==>  Preparing: select * from ACT_RU_TASK where ID_ = ? 
16:46:13.940 [main] DEBUG org.activiti.engine.impl.persistence.entity.TaskEntity.selectTask - ==> Parameters: 2523(String)
16:46:13.941 [main] DEBUG org.activiti.engine.impl.persistence.entity.TaskEntity.selectTask - <==      Total: 1
16:46:13.941 [main] DEBUG org.activiti.engine.impl.persistence.entity.ExecutionEntity.selectExecution - ==>  Preparing: select * from ACT_RU_EXECUTION where ID_ = ? 
16:46:13.941 [main] DEBUG org.activiti.engine.impl.persistence.entity.ExecutionEntity.selectExecution - ==> Parameters: 2518(String)
16:46:13.942 [main] DEBUG org.activiti.engine.impl.persistence.entity.ExecutionEntity.selectExecution - <==      Total: 1
16:46:13.942 [main] DEBUG org.activiti.engine.impl.persistence.entity.VariableInstanceEntity.selectVariablesByExecutionId - ==>  Preparing: select * from ACT_RU_VARIABLE where EXECUTION_ID_ = ? and TASK_ID_ is null 
16:46:13.942 [main] DEBUG org.activiti.engine.impl.persistence.entity.VariableInstanceEntity.selectVariablesByExecutionId - ==> Parameters: 2518(String)
16:46:13.943 [main] DEBUG org.activiti.engine.impl.persistence.entity.VariableInstanceEntity.selectVariablesByExecutionId - <==      Total: 2
16:46:13.944 [main] DEBUG org.activiti.engine.impl.persistence.entity.ExecutionEntity.selectExecution - ==>  Preparing: select * from ACT_RU_EXECUTION where ID_ = ? 
16:46:13.944 [main] DEBUG org.activiti.engine.impl.persistence.entity.ExecutionEntity.selectExecution - ==> Parameters: 2513(String)
16:46:13.945 [main] DEBUG org.activiti.engine.impl.persistence.entity.ExecutionEntity.selectExecution - <==      Total: 1
16:46:13.946 [main] DEBUG org.activiti.engine.impl.persistence.entity.VariableInstanceEntity.selectVariablesByExecutionId - ==>  Preparing: select * from ACT_RU_VARIABLE where EXECUTION_ID_ = ? and TASK_ID_ is null 
16:46:13.946 [main] DEBUG org.activiti.engine.impl.persistence.entity.VariableInstanceEntity.selectVariablesByExecutionId - ==> Parameters: 2513(String)
16:46:13.947 [main] DEBUG org.activiti.engine.impl.persistence.entity.VariableInstanceEntity.selectVariablesByExecutionId - <==      Total: 3
16:46:13.947 [main] DEBUG org.activiti.engine.impl.persistence.entity.ExecutionEntity.selectExecution - ==>  Preparing: select * from ACT_RU_EXECUTION where ID_ = ? 
16:46:13.947 [main] DEBUG org.activiti.engine.impl.persistence.entity.ExecutionEntity.selectExecution - ==> Parameters: 2505(String)
16:46:13.949 [main] DEBUG org.activiti.engine.impl.persistence.entity.ExecutionEntity.selectExecution - <==      Total: 1
16:46:13.950 [main] DEBUG org.activiti.engine.impl.persistence.entity.VariableInstanceEntity.selectVariablesByExecutionId - ==>  Preparing: select * from ACT_RU_VARIABLE where EXECUTION_ID_ = ? and TASK_ID_ is null 
16:46:13.950 [main] DEBUG org.activiti.engine.impl.persistence.entity.VariableInstanceEntity.selectVariablesByExecutionId - ==> Parameters: 2505(String)
16:46:13.950 [main] DEBUG org.activiti.engine.impl.persistence.entity.VariableInstanceEntity.selectVariablesByExecutionId - <==      Total: 3
16:46:13.950 [main] DEBUG org.activiti.engine.impl.history.DefaultHistoryManager - Current history level: AUDIT, level required: ACTIVITY
16:46:13.950 [main] DEBUG org.activiti.engine.impl.history.DefaultHistoryManager - Current history level: AUDIT, level required: FULL
16:46:13.956 [main] DEBUG org.activiti.engine.impl.interceptor.CommandContext - Error while closing command context
org.activiti.engine.ActivitiException: Exception while invoking TaskListener: Unknown property used in expression: ${leaveCounterSignCompleteListener}
	at org.activiti.engine.impl.persistence.entity.TaskEntity.fireEvent(TaskEntity.java:722)
	at org.activiti.engine.impl.persistence.entity.TaskEntity.complete(TaskEntity.java:181)
	at org.activiti.engine.impl.cmd.CompleteTaskCmd.execute(CompleteTaskCmd.java:50)
	at org.activiti.engine.impl.cmd.CompleteTaskCmd.execute(CompleteTaskCmd.java:24)
	at org.activiti.engine.impl.cmd.NeedsActiveTaskCmd.execute(NeedsActiveTaskCmd.java:59)
	at org.activiti.engine.impl.interceptor.CommandInvoker.execute(CommandInvoker.java:24)
	at org.activiti.engine.impl.interceptor.CommandContextInterceptor.execute(CommandContextInterceptor.java:57)
	at org.activiti.spring.SpringTransactionInterceptor$1.doInTransaction(SpringTransactionInterceptor.java:47)
	at org.springframework.transaction.support.TransactionTemplate.execute(TransactionTemplate.java:133)
	at org.activiti.spring.SpringTransactionInterceptor.execute(SpringTransactionInterceptor.java:45)
	at org.activiti.engine.impl.interceptor.LogInterceptor.execute(LogInterceptor.java:37)
	at org.activiti.engine.impl.cfg.CommandExecutorImpl.execute(CommandExecutorImpl.java:40)
	at org.activiti.engine.impl.cfg.CommandExecutorImpl.execute(CommandExecutorImpl.java:35)
	at org.activiti.engine.impl.TaskServiceImpl.complete(TaskServiceImpl.java:179)
	at com.home.demo.main.LeaveCoutersignTest.testAllApproved(LeaveCoutersignTest.java:38)
	at sun.reflect.NativeMethodAccessorImpl.invoke0(Native Method)
	at sun.reflect.NativeMethodAccessorImpl.invoke(NativeMethodAccessorImpl.java:62)
	at sun.reflect.DelegatingMethodAccessorImpl.invoke(DelegatingMethodAccessorImpl.java:43)
	at java.lang.reflect.Method.invoke(Method.java:497)
	at junit.framework.TestCase.runTest(TestCase.java:168)
	at org.activiti.engine.impl.test.PvmTestCase.runTest(PvmTestCase.java:65)
	at junit.framework.TestCase.runBare(TestCase.java:134)
	at org.activiti.engine.impl.test.AbstractActivitiTestCase.runBare(AbstractActivitiTestCase.java:102)
	at org.activiti.spring.impl.test.SpringActivitiTestCase.runBare(SpringActivitiTestCase.java:54)
	at junit.framework.TestResult$1.protect(TestResult.java:110)
	at junit.framework.TestResult.runProtected(TestResult.java:128)
	at junit.framework.TestResult.run(TestResult.java:113)
	at junit.framework.TestCase.run(TestCase.java:124)
	at junit.framework.TestSuite.runTest(TestSuite.java:243)
	at junit.framework.TestSuite.run(TestSuite.java:238)
	at org.junit.internal.runners.JUnit38ClassRunner.run(JUnit38ClassRunner.java:83)
	at org.apache.maven.surefire.junit4.JUnit4Provider.execute(JUnit4Provider.java:283)
	at org.apache.maven.surefire.junit4.JUnit4Provider.executeWithRerun(JUnit4Provider.java:173)
	at org.apache.maven.surefire.junit4.JUnit4Provider.executeTestSet(JUnit4Provider.java:153)
	at org.apache.maven.surefire.junit4.JUnit4Provider.invoke(JUnit4Provider.java:128)
	at org.apache.maven.surefire.booter.ForkedBooter.invokeProviderInSameClassLoader(ForkedBooter.java:203)
	at org.apache.maven.surefire.booter.ForkedBooter.runSuitesInProcess(ForkedBooter.java:155)
	at org.apache.maven.surefire.booter.ForkedBooter.main(ForkedBooter.java:103)
Caused by: org.activiti.engine.ActivitiException: Unknown property used in expression: ${leaveCounterSignCompleteListener}
	at org.activiti.engine.impl.el.JuelExpression.getValue(JuelExpression.java:53)
	at org.activiti.engine.impl.bpmn.listener.DelegateExpressionTaskListener.notify(DelegateExpressionTaskListener.java:44)
	at org.activiti.engine.impl.delegate.TaskListenerInvocation.invoke(TaskListenerInvocation.java:34)
	at org.activiti.engine.impl.delegate.DelegateInvocation.proceed(DelegateInvocation.java:37)
	at org.activiti.engine.impl.delegate.DefaultDelegateInterceptor.handleInvocation(DefaultDelegateInterceptor.java:25)
	at org.activiti.engine.impl.persistence.entity.TaskEntity.fireEvent(TaskEntity.java:718)
	... 37 common frames omitted
Caused by: org.activiti.engine.impl.javax.el.PropertyNotFoundException: Cannot resolve identifier 'leaveCounterSignCompleteListener'
	at org.activiti.engine.impl.juel.AstIdentifier.eval(AstIdentifier.java:83)
	at org.activiti.engine.impl.juel.AstEval.eval(AstEval.java:50)
	at org.activiti.engine.impl.juel.AstNode.getValue(AstNode.java:26)
	at org.activiti.engine.impl.juel.TreeValueExpression.getValue(TreeValueExpression.java:114)
	at org.activiti.engine.impl.delegate.ExpressionGetInvocation.invoke(ExpressionGetInvocation.java:33)
	at org.activiti.engine.impl.delegate.DelegateInvocation.proceed(DelegateInvocation.java:37)
	at org.activiti.engine.impl.delegate.DefaultDelegateInterceptor.handleInvocation(DefaultDelegateInterceptor.java:25)
	at org.activiti.engine.impl.el.JuelExpression.getValue(JuelExpression.java:48)
	... 42 common frames omitted
16:46:13.956 [main] DEBUG org.springframework.jdbc.datasource.DataSourceTransactionManager - Participating in existing transaction
16:46:13.956 [main] DEBUG org.apache.ibatis.transaction.managed.ManagedTransaction - Closing JDBC Connection [Transaction-aware proxy for target Connection [conn24: url=jdbc:h2:mem:activiti user=SA]]
16:46:13.956 [main] DEBUG org.springframework.transaction.support.TransactionTemplate - Initiating transaction rollback on application exception
org.activiti.engine.ActivitiException: Exception while invoking TaskListener: Unknown property used in expression: ${leaveCounterSignCompleteListener}
	at org.activiti.engine.impl.persistence.entity.TaskEntity.fireEvent(TaskEntity.java:722)
	at org.activiti.engine.impl.persistence.entity.TaskEntity.complete(TaskEntity.java:181)
	at org.activiti.engine.impl.cmd.CompleteTaskCmd.execute(CompleteTaskCmd.java:50)
	at org.activiti.engine.impl.cmd.CompleteTaskCmd.execute(CompleteTaskCmd.java:24)
	at org.activiti.engine.impl.cmd.NeedsActiveTaskCmd.execute(NeedsActiveTaskCmd.java:59)
	at org.activiti.engine.impl.interceptor.CommandInvoker.execute(CommandInvoker.java:24)
	at org.activiti.engine.impl.interceptor.CommandContextInterceptor.execute(CommandContextInterceptor.java:57)
	at org.activiti.spring.SpringTransactionInterceptor$1.doInTransaction(SpringTransactionInterceptor.java:47)
	at org.springframework.transaction.support.TransactionTemplate.execute(TransactionTemplate.java:133)
	at org.activiti.spring.SpringTransactionInterceptor.execute(SpringTransactionInterceptor.java:45)
	at org.activiti.engine.impl.interceptor.LogInterceptor.execute(LogInterceptor.java:37)
	at org.activiti.engine.impl.cfg.CommandExecutorImpl.execute(CommandExecutorImpl.java:40)
	at org.activiti.engine.impl.cfg.CommandExecutorImpl.execute(CommandExecutorImpl.java:35)
	at org.activiti.engine.impl.TaskServiceImpl.complete(TaskServiceImpl.java:179)
	at com.home.demo.main.LeaveCoutersignTest.testAllApproved(LeaveCoutersignTest.java:38)
	at sun.reflect.NativeMethodAccessorImpl.invoke0(Native Method)
	at sun.reflect.NativeMethodAccessorImpl.invoke(NativeMethodAccessorImpl.java:62)
	at sun.reflect.DelegatingMethodAccessorImpl.invoke(DelegatingMethodAccessorImpl.java:43)
	at java.lang.reflect.Method.invoke(Method.java:497)
	at junit.framework.TestCase.runTest(TestCase.java:168)
	at org.activiti.engine.impl.test.PvmTestCase.runTest(PvmTestCase.java:65)
	at junit.framework.TestCase.runBare(TestCase.java:134)
	at org.activiti.engine.impl.test.AbstractActivitiTestCase.runBare(AbstractActivitiTestCase.java:102)
	at org.activiti.spring.impl.test.SpringActivitiTestCase.runBare(SpringActivitiTestCase.java:54)
	at junit.framework.TestResult$1.protect(TestResult.java:110)
	at junit.framework.TestResult.runProtected(TestResult.java:128)
	at junit.framework.TestResult.run(TestResult.java:113)
	at junit.framework.TestCase.run(TestCase.java:124)
	at junit.framework.TestSuite.runTest(TestSuite.java:243)
	at junit.framework.TestSuite.run(TestSuite.java:238)
	at org.junit.internal.runners.JUnit38ClassRunner.run(JUnit38ClassRunner.java:83)
	at org.apache.maven.surefire.junit4.JUnit4Provider.execute(JUnit4Provider.java:283)
	at org.apache.maven.surefire.junit4.JUnit4Provider.executeWithRerun(JUnit4Provider.java:173)
	at org.apache.maven.surefire.junit4.JUnit4Provider.executeTestSet(JUnit4Provider.java:153)
	at org.apache.maven.surefire.junit4.JUnit4Provider.invoke(JUnit4Provider.java:128)
	at org.apache.maven.surefire.booter.ForkedBooter.invokeProviderInSameClassLoader(ForkedBooter.java:203)
	at org.apache.maven.surefire.booter.ForkedBooter.runSuitesInProcess(ForkedBooter.java:155)
	at org.apache.maven.surefire.booter.ForkedBooter.main(ForkedBooter.java:103)
Caused by: org.activiti.engine.ActivitiException: Unknown property used in expression: ${leaveCounterSignCompleteListener}
	at org.activiti.engine.impl.el.JuelExpression.getValue(JuelExpression.java:53)
	at org.activiti.engine.impl.bpmn.listener.DelegateExpressionTaskListener.notify(DelegateExpressionTaskListener.java:44)
	at org.activiti.engine.impl.delegate.TaskListenerInvocation.invoke(TaskListenerInvocation.java:34)
	at org.activiti.engine.impl.delegate.DelegateInvocation.proceed(DelegateInvocation.java:37)
	at org.activiti.engine.impl.delegate.DefaultDelegateInterceptor.handleInvocation(DefaultDelegateInterceptor.java:25)
	at org.activiti.engine.impl.persistence.entity.TaskEntity.fireEvent(TaskEntity.java:718)
	... 37 common frames omitted
Caused by: org.activiti.engine.impl.javax.el.PropertyNotFoundException: Cannot resolve identifier 'leaveCounterSignCompleteListener'
	at org.activiti.engine.impl.juel.AstIdentifier.eval(AstIdentifier.java:83)
	at org.activiti.engine.impl.juel.AstEval.eval(AstEval.java:50)
	at org.activiti.engine.impl.juel.AstNode.getValue(AstNode.java:26)
	at org.activiti.engine.impl.juel.TreeValueExpression.getValue(TreeValueExpression.java:114)
	at org.activiti.engine.impl.delegate.ExpressionGetInvocation.invoke(ExpressionGetInvocation.java:33)
	at org.activiti.engine.impl.delegate.DelegateInvocation.proceed(DelegateInvocation.java:37)
	at org.activiti.engine.impl.delegate.DefaultDelegateInterceptor.handleInvocation(DefaultDelegateInterceptor.java:25)
	at org.activiti.engine.impl.el.JuelExpression.getValue(JuelExpression.java:48)
	... 42 common frames omitted
16:46:13.957 [main] DEBUG org.springframework.jdbc.datasource.DataSourceTransactionManager - Initiating transaction rollback
16:46:13.957 [main] DEBUG org.springframework.jdbc.datasource.DataSourceTransactionManager - Rolling back JDBC transaction on Connection [conn24: url=jdbc:h2:mem:activiti user=SA]
16:46:13.957 [main] DEBUG org.springframework.jdbc.datasource.DataSourceTransactionManager - Releasing JDBC Connection [conn24: url=jdbc:h2:mem:activiti user=SA] after transaction
16:46:13.957 [main] DEBUG org.springframework.jdbc.datasource.DataSourceUtils - Returning JDBC Connection to DataSource
16:46:13.957 [main] DEBUG org.activiti.engine.impl.interceptor.LogInterceptor - --- CompleteTaskCmd finished --------------------------------------------------------
16:46:13.957 [main] DEBUG org.activiti.engine.impl.interceptor.LogInterceptor - 

16:46:13.958 [main] ERROR org.activiti.engine.impl.test.PvmTestCase - 

16:46:13.958 [main] ERROR org.activiti.engine.impl.test.PvmTestCase - EXCEPTION: org.activiti.engine.ActivitiException: Exception while invoking TaskListener: Unknown property used in expression: ${leaveCounterSignCompleteListener}
org.activiti.engine.ActivitiException: Exception while invoking TaskListener: Unknown property used in expression: ${leaveCounterSignCompleteListener}
	at org.activiti.engine.impl.persistence.entity.TaskEntity.fireEvent(TaskEntity.java:722)
	at org.activiti.engine.impl.persistence.entity.TaskEntity.complete(TaskEntity.java:181)
	at org.activiti.engine.impl.cmd.CompleteTaskCmd.execute(CompleteTaskCmd.java:50)
	at org.activiti.engine.impl.cmd.CompleteTaskCmd.execute(CompleteTaskCmd.java:24)
	at org.activiti.engine.impl.cmd.NeedsActiveTaskCmd.execute(NeedsActiveTaskCmd.java:59)
	at org.activiti.engine.impl.interceptor.CommandInvoker.execute(CommandInvoker.java:24)
	at org.activiti.engine.impl.interceptor.CommandContextInterceptor.execute(CommandContextInterceptor.java:57)
	at org.activiti.spring.SpringTransactionInterceptor$1.doInTransaction(SpringTransactionInterceptor.java:47)
	at org.springframework.transaction.support.TransactionTemplate.execute(TransactionTemplate.java:133)
	at org.activiti.spring.SpringTransactionInterceptor.execute(SpringTransactionInterceptor.java:45)
	at org.activiti.engine.impl.interceptor.LogInterceptor.execute(LogInterceptor.java:37)
	at org.activiti.engine.impl.cfg.CommandExecutorImpl.execute(CommandExecutorImpl.java:40)
	at org.activiti.engine.impl.cfg.CommandExecutorImpl.execute(CommandExecutorImpl.java:35)
	at org.activiti.engine.impl.TaskServiceImpl.complete(TaskServiceImpl.java:179)
	at com.home.demo.main.LeaveCoutersignTest.testAllApproved(LeaveCoutersignTest.java:38)
	at sun.reflect.NativeMethodAccessorImpl.invoke0(Native Method)
	at sun.reflect.NativeMethodAccessorImpl.invoke(NativeMethodAccessorImpl.java:62)
	at sun.reflect.DelegatingMethodAccessorImpl.invoke(DelegatingMethodAccessorImpl.java:43)
	at java.lang.reflect.Method.invoke(Method.java:497)
	at junit.framework.TestCase.runTest(TestCase.java:168)
	at org.activiti.engine.impl.test.PvmTestCase.runTest(PvmTestCase.java:65)
	at junit.framework.TestCase.runBare(TestCase.java:134)
	at org.activiti.engine.impl.test.AbstractActivitiTestCase.runBare(AbstractActivitiTestCase.java:102)
	at org.activiti.spring.impl.test.SpringActivitiTestCase.runBare(SpringActivitiTestCase.java:54)
	at junit.framework.TestResult$1.protect(TestResult.java:110)
	at junit.framework.TestResult.runProtected(TestResult.java:128)
	at junit.framework.TestResult.run(TestResult.java:113)
	at junit.framework.TestCase.run(TestCase.java:124)
	at junit.framework.TestSuite.runTest(TestSuite.java:243)
	at junit.framework.TestSuite.run(TestSuite.java:238)
	at org.junit.internal.runners.JUnit38ClassRunner.run(JUnit38ClassRunner.java:83)
	at org.apache.maven.surefire.junit4.JUnit4Provider.execute(JUnit4Provider.java:283)
	at org.apache.maven.surefire.junit4.JUnit4Provider.executeWithRerun(JUnit4Provider.java:173)
	at org.apache.maven.surefire.junit4.JUnit4Provider.executeTestSet(JUnit4Provider.java:153)
	at org.apache.maven.surefire.junit4.JUnit4Provider.invoke(JUnit4Provider.java:128)
	at org.apache.maven.surefire.booter.ForkedBooter.invokeProviderInSameClassLoader(ForkedBooter.java:203)
	at org.apache.maven.surefire.booter.ForkedBooter.runSuitesInProcess(ForkedBooter.java:155)
	at org.apache.maven.surefire.booter.ForkedBooter.main(ForkedBooter.java:103)
Caused by: org.activiti.engine.ActivitiException: Unknown property used in expression: ${leaveCounterSignCompleteListener}
	at org.activiti.engine.impl.el.JuelExpression.getValue(JuelExpression.java:53)
	at org.activiti.engine.impl.bpmn.listener.DelegateExpressionTaskListener.notify(DelegateExpressionTaskListener.java:44)
	at org.activiti.engine.impl.delegate.TaskListenerInvocation.invoke(TaskListenerInvocation.java:34)
	at org.activiti.engine.impl.delegate.DelegateInvocation.proceed(DelegateInvocation.java:37)
	at org.activiti.engine.impl.delegate.DefaultDelegateInterceptor.handleInvocation(DefaultDelegateInterceptor.java:25)
	at org.activiti.engine.impl.persistence.entity.TaskEntity.fireEvent(TaskEntity.java:718)
	... 37 common frames omitted
Caused by: org.activiti.engine.impl.javax.el.PropertyNotFoundException: Cannot resolve identifier 'leaveCounterSignCompleteListener'
	at org.activiti.engine.impl.juel.AstIdentifier.eval(AstIdentifier.java:83)
	at org.activiti.engine.impl.juel.AstEval.eval(AstEval.java:50)
	at org.activiti.engine.impl.juel.AstNode.getValue(AstNode.java:26)
	at org.activiti.engine.impl.juel.TreeValueExpression.getValue(TreeValueExpression.java:114)
	at org.activiti.engine.impl.delegate.ExpressionGetInvocation.invoke(ExpressionGetInvocation.java:33)
	at org.activiti.engine.impl.delegate.DelegateInvocation.proceed(DelegateInvocation.java:37)
	at org.activiti.engine.impl.delegate.DefaultDelegateInterceptor.handleInvocation(DefaultDelegateInterceptor.java:25)
	at org.activiti.engine.impl.el.JuelExpression.getValue(JuelExpression.java:48)
	... 42 common frames omitted
16:46:13.958 [main] DEBUG org.activiti.engine.impl.test.PvmTestCase - #### END LeaveCoutersignTest.testAllApproved #############################################################
16:46:13.958 [main] ERROR org.activiti.engine.impl.test.PvmTestCase - 

16:46:13.959 [main] ERROR org.activiti.engine.impl.test.PvmTestCase - EXCEPTION: org.activiti.engine.ActivitiException: Exception while invoking TaskListener: Unknown property used in expression: ${leaveCounterSignCompleteListener}
org.activiti.engine.ActivitiException: Exception while invoking TaskListener: Unknown property used in expression: ${leaveCounterSignCompleteListener}
	at org.activiti.engine.impl.persistence.entity.TaskEntity.fireEvent(TaskEntity.java:722)
	at org.activiti.engine.impl.persistence.entity.TaskEntity.complete(TaskEntity.java:181)
	at org.activiti.engine.impl.cmd.CompleteTaskCmd.execute(CompleteTaskCmd.java:50)
	at org.activiti.engine.impl.cmd.CompleteTaskCmd.execute(CompleteTaskCmd.java:24)
	at org.activiti.engine.impl.cmd.NeedsActiveTaskCmd.execute(NeedsActiveTaskCmd.java:59)
	at org.activiti.engine.impl.interceptor.CommandInvoker.execute(CommandInvoker.java:24)
	at org.activiti.engine.impl.interceptor.CommandContextInterceptor.execute(CommandContextInterceptor.java:57)
	at org.activiti.spring.SpringTransactionInterceptor$1.doInTransaction(SpringTransactionInterceptor.java:47)
	at org.springframework.transaction.support.TransactionTemplate.execute(TransactionTemplate.java:133)
	at org.activiti.spring.SpringTransactionInterceptor.execute(SpringTransactionInterceptor.java:45)
	at org.activiti.engine.impl.interceptor.LogInterceptor.execute(LogInterceptor.java:37)
	at org.activiti.engine.impl.cfg.CommandExecutorImpl.execute(CommandExecutorImpl.java:40)
	at org.activiti.engine.impl.cfg.CommandExecutorImpl.execute(CommandExecutorImpl.java:35)
	at org.activiti.engine.impl.TaskServiceImpl.complete(TaskServiceImpl.java:179)
	at com.home.demo.main.LeaveCoutersignTest.testAllApproved(LeaveCoutersignTest.java:38)
	at sun.reflect.NativeMethodAccessorImpl.invoke0(Native Method)
	at sun.reflect.NativeMethodAccessorImpl.invoke(NativeMethodAccessorImpl.java:62)
	at sun.reflect.DelegatingMethodAccessorImpl.invoke(DelegatingMethodAccessorImpl.java:43)
	at java.lang.reflect.Method.invoke(Method.java:497)
	at junit.framework.TestCase.runTest(TestCase.java:168)
	at org.activiti.engine.impl.test.PvmTestCase.runTest(PvmTestCase.java:65)
	at junit.framework.TestCase.runBare(TestCase.java:134)
	at org.activiti.engine.impl.test.AbstractActivitiTestCase.runBare(AbstractActivitiTestCase.java:102)
	at org.activiti.spring.impl.test.SpringActivitiTestCase.runBare(SpringActivitiTestCase.java:54)
	at junit.framework.TestResult$1.protect(TestResult.java:110)
	at junit.framework.TestResult.runProtected(TestResult.java:128)
	at junit.framework.TestResult.run(TestResult.java:113)
	at junit.framework.TestCase.run(TestCase.java:124)
	at junit.framework.TestSuite.runTest(TestSuite.java:243)
	at junit.framework.TestSuite.run(TestSuite.java:238)
	at org.junit.internal.runners.JUnit38ClassRunner.run(JUnit38ClassRunner.java:83)
	at org.apache.maven.surefire.junit4.JUnit4Provider.execute(JUnit4Provider.java:283)
	at org.apache.maven.surefire.junit4.JUnit4Provider.executeWithRerun(JUnit4Provider.java:173)
	at org.apache.maven.surefire.junit4.JUnit4Provider.executeTestSet(JUnit4Provider.java:153)
	at org.apache.maven.surefire.junit4.JUnit4Provider.invoke(JUnit4Provider.java:128)
	at org.apache.maven.surefire.booter.ForkedBooter.invokeProviderInSameClassLoader(ForkedBooter.java:203)
	at org.apache.maven.surefire.booter.ForkedBooter.runSuitesInProcess(ForkedBooter.java:155)
	at org.apache.maven.surefire.booter.ForkedBooter.main(ForkedBooter.java:103)
Caused by: org.activiti.engine.ActivitiException: Unknown property used in expression: ${leaveCounterSignCompleteListener}
	at org.activiti.engine.impl.el.JuelExpression.getValue(JuelExpression.java:53)
	at org.activiti.engine.impl.bpmn.listener.DelegateExpressionTaskListener.notify(DelegateExpressionTaskListener.java:44)
	at org.activiti.engine.impl.delegate.TaskListenerInvocation.invoke(TaskListenerInvocation.java:34)
	at org.activiti.engine.impl.delegate.DelegateInvocation.proceed(DelegateInvocation.java:37)
	at org.activiti.engine.impl.delegate.DefaultDelegateInterceptor.handleInvocation(DefaultDelegateInterceptor.java:25)
	at org.activiti.engine.impl.persistence.entity.TaskEntity.fireEvent(TaskEntity.java:718)
	... 37 common frames omitted
Caused by: org.activiti.engine.impl.javax.el.PropertyNotFoundException: Cannot resolve identifier 'leaveCounterSignCompleteListener'
	at org.activiti.engine.impl.juel.AstIdentifier.eval(AstIdentifier.java:83)
	at org.activiti.engine.impl.juel.AstEval.eval(AstEval.java:50)
	at org.activiti.engine.impl.juel.AstNode.getValue(AstNode.java:26)
	at org.activiti.engine.impl.juel.TreeValueExpression.getValue(TreeValueExpression.java:114)
	at org.activiti.engine.impl.delegate.ExpressionGetInvocation.invoke(ExpressionGetInvocation.java:33)
	at org.activiti.engine.impl.delegate.DelegateInvocation.proceed(DelegateInvocation.java:37)
	at org.activiti.engine.impl.delegate.DefaultDelegateInterceptor.handleInvocation(DefaultDelegateInterceptor.java:25)
	at org.activiti.engine.impl.el.JuelExpression.getValue(JuelExpression.java:48)
	... 42 common frames omitted
16:46:13.959 [main] DEBUG org.activiti.engine.impl.test.TestHelper - annotation @Deployment deletes deployment for LeaveCoutersignTest.testAllApproved
16:46:13.959 [main] DEBUG org.activiti.engine.impl.interceptor.LogInterceptor - 

16:46:13.959 [main] DEBUG org.activiti.engine.impl.interceptor.LogInterceptor - --- starting DeleteDeploymentCmd --------------------------------------------------------
16:46:13.959 [main] DEBUG org.activiti.spring.SpringTransactionInterceptor - Running command with propagation REQUIRED
16:46:13.959 [main] DEBUG org.springframework.jdbc.datasource.DataSourceTransactionManager - Creating new transaction with name [null]: PROPAGATION_REQUIRED,ISOLATION_DEFAULT
16:46:13.959 [main] DEBUG org.springframework.jdbc.datasource.SimpleDriverDataSource - Creating new JDBC Driver Connection to [jdbc:h2:mem:activiti;DB_CLOSE_DELAY=1000]
16:46:13.959 [main] DEBUG org.springframework.jdbc.datasource.DataSourceTransactionManager - Acquired Connection [conn25: url=jdbc:h2:mem:activiti user=SA] for JDBC transaction
16:46:13.959 [main] DEBUG org.springframework.jdbc.datasource.DataSourceTransactionManager - Switching JDBC Connection [conn25: url=jdbc:h2:mem:activiti user=SA] to manual commit
16:46:13.960 [main] DEBUG org.apache.ibatis.transaction.managed.ManagedTransaction - Opening JDBC Connection
16:46:13.960 [main] DEBUG org.activiti.engine.impl.persistence.entity.DeploymentEntity.selectDeploymentById - ==>  Preparing: select * from ACT_RE_DEPLOYMENT where ID_ = ? 
16:46:13.960 [main] DEBUG org.activiti.engine.impl.persistence.entity.DeploymentEntity.selectDeploymentById - ==> Parameters: 2501(String)
16:46:13.960 [main] DEBUG org.activiti.engine.impl.persistence.entity.DeploymentEntity.selectDeploymentById - <==      Total: 1
16:46:13.963 [main] DEBUG org.activiti.engine.impl.persistence.entity.ProcessDefinitionEntity.selectProcessDefinitionsByQueryCriteria - ==>  Preparing: select RES.* from ACT_RE_PROCDEF RES WHERE RES.DEPLOYMENT_ID_ = ? order by RES.ID_ asc LIMIT ? OFFSET ? 
16:46:13.964 [main] DEBUG org.activiti.engine.impl.persistence.entity.ProcessDefinitionEntity.selectProcessDefinitionsByQueryCriteria - ==> Parameters: 2501(String), 2147483647(Integer), 0(Integer)
16:46:13.965 [main] DEBUG org.activiti.engine.impl.persistence.entity.ProcessDefinitionEntity.selectProcessDefinitionsByQueryCriteria - <==      Total: 1
16:46:13.966 [main] DEBUG org.activiti.engine.impl.persistence.entity.ModelEntity.selectModelsByQueryCriteria - ==>  Preparing: select distinct RES.* from ACT_RE_MODEL RES WHERE RES.DEPLOYMENT_ID_ = ? order by RES.ID_ asc LIMIT ? OFFSET ? 
16:46:13.968 [main] DEBUG org.activiti.engine.impl.persistence.entity.ModelEntity.selectModelsByQueryCriteria - ==> Parameters: 2501(String), 2147483647(Integer), 0(Integer)
16:46:13.968 [main] DEBUG org.activiti.engine.impl.persistence.entity.ModelEntity.selectModelsByQueryCriteria - <==      Total: 0
16:46:13.969 [main] DEBUG org.activiti.engine.impl.persistence.entity.ExecutionEntity.selectProcessInstanceIdsByProcessDefinitionId - ==>  Preparing: select ID_ from ACT_RU_EXECUTION where PROC_DEF_ID_ = ? and PARENT_ID_ is null 
16:46:13.969 [main] DEBUG org.activiti.engine.impl.persistence.entity.ExecutionEntity.selectProcessInstanceIdsByProcessDefinitionId - ==> Parameters: leave-countersign:1:2504(String)
16:46:13.970 [main] DEBUG org.activiti.engine.impl.persistence.entity.ExecutionEntity.selectProcessInstanceIdsByProcessDefinitionId - <==      Total: 1
16:46:13.971 [main] DEBUG org.activiti.engine.impl.persistence.entity.ExecutionEntity.selectExecution - ==>  Preparing: select * from ACT_RU_EXECUTION where ID_ = ? 
16:46:13.971 [main] DEBUG org.activiti.engine.impl.persistence.entity.ExecutionEntity.selectExecution - ==> Parameters: 2505(String)
16:46:13.971 [main] DEBUG org.activiti.engine.impl.persistence.entity.ExecutionEntity.selectExecution - <==      Total: 1
16:46:13.972 [main] DEBUG org.activiti.engine.impl.persistence.entity.TaskEntity.selectTaskByQueryCriteria - ==>  Preparing: select distinct RES.* from ACT_RU_TASK RES WHERE RES.PROC_INST_ID_ = ? order by RES.ID_ asc LIMIT ? OFFSET ? 
16:46:13.973 [main] DEBUG org.activiti.engine.impl.persistence.entity.TaskEntity.selectTaskByQueryCriteria - ==> Parameters: 2505(String), 2147483647(Integer), 0(Integer)
16:46:13.974 [main] DEBUG org.activiti.engine.impl.persistence.entity.TaskEntity.selectTaskByQueryCriteria - <==      Total: 3
16:46:13.974 [main] DEBUG org.activiti.engine.impl.persistence.entity.TaskEntity.selectTasksByParentTaskId - ==>  Preparing: select * from ACT_RU_TASK where PARENT_TASK_ID_ = ? 
16:46:13.974 [main] DEBUG org.activiti.engine.impl.persistence.entity.TaskEntity.selectTasksByParentTaskId - ==> Parameters: 2523(String)
16:46:13.980 [main] DEBUG org.activiti.engine.impl.persistence.entity.TaskEntity.selectTasksByParentTaskId - <==      Total: 0
16:46:13.981 [main] DEBUG org.activiti.engine.impl.persistence.entity.IdentityLinkEntity.selectIdentityLinksByTask - ==>  Preparing: select * from ACT_RU_IDENTITYLINK where TASK_ID_ = ? 
16:46:13.981 [main] DEBUG org.activiti.engine.impl.persistence.entity.IdentityLinkEntity.selectIdentityLinksByTask - ==> Parameters: 2523(String)
16:46:13.982 [main] DEBUG org.activiti.engine.impl.persistence.entity.IdentityLinkEntity.selectIdentityLinksByTask - <==      Total: 0
16:46:13.982 [main] DEBUG org.activiti.engine.impl.persistence.entity.VariableInstanceEntity.selectVariablesByTaskId - ==>  Preparing: select * from ACT_RU_VARIABLE where TASK_ID_ = ? 
16:46:13.982 [main] DEBUG org.activiti.engine.impl.persistence.entity.VariableInstanceEntity.selectVariablesByTaskId - ==> Parameters: 2523(String)
16:46:13.982 [main] DEBUG org.activiti.engine.impl.persistence.entity.VariableInstanceEntity.selectVariablesByTaskId - <==      Total: 0
16:46:13.983 [main] DEBUG org.activiti.engine.impl.history.DefaultHistoryManager - Current history level: AUDIT
16:46:13.983 [main] DEBUG org.activiti.engine.impl.history.DefaultHistoryManager - Current history level: AUDIT
16:46:13.983 [main] DEBUG org.activiti.engine.impl.persistence.entity.HistoricTaskInstanceEntity.selectHistoricTaskInstance - ==>  Preparing: select * from ACT_HI_TASKINST where ID_ = ? 
16:46:13.983 [main] DEBUG org.activiti.engine.impl.persistence.entity.HistoricTaskInstanceEntity.selectHistoricTaskInstance - ==> Parameters: 2523(String)
16:46:13.984 [main] DEBUG org.activiti.engine.impl.persistence.entity.HistoricTaskInstanceEntity.selectHistoricTaskInstance - <==      Total: 1
16:46:13.984 [main] DEBUG org.activiti.engine.impl.history.DefaultHistoryManager - Current history level: AUDIT, level required: FULL
16:46:13.984 [main] DEBUG org.activiti.engine.impl.history.DefaultHistoryManager - Current history level: AUDIT, level required: ACTIVITY
16:46:13.984 [main] DEBUG org.activiti.engine.impl.persistence.entity.HistoricVariableInstanceEntity.selectHistoricVariableInstanceByQueryCriteria - ==>  Preparing: select RES.* from ACT_HI_VARINST RES WHERE RES.TASK_ID_ = ? order by RES.ID_ asc LIMIT ? OFFSET ? 
16:46:13.985 [main] DEBUG org.activiti.engine.impl.persistence.entity.HistoricVariableInstanceEntity.selectHistoricVariableInstanceByQueryCriteria - ==> Parameters: 2523(String), 2147483647(Integer), 0(Integer)
16:46:13.985 [main] DEBUG org.activiti.engine.impl.persistence.entity.HistoricVariableInstanceEntity.selectHistoricVariableInstanceByQueryCriteria - <==      Total: 0
16:46:13.985 [main] DEBUG org.activiti.engine.impl.history.DefaultHistoryManager - Current history level: AUDIT
16:46:13.985 [main] DEBUG org.activiti.engine.impl.history.DefaultHistoryManager - Current history level: AUDIT
16:46:13.985 [main] DEBUG org.activiti.engine.impl.persistence.entity.AttachmentEntity.selectAttachmentsByTaskId - ==>  Preparing: select * from ACT_HI_ATTACHMENT where TASK_ID_ = ? 
16:46:13.986 [main] DEBUG org.activiti.engine.impl.persistence.entity.AttachmentEntity.selectAttachmentsByTaskId - ==> Parameters: 2523(String)
16:46:13.986 [main] DEBUG org.activiti.engine.impl.persistence.entity.AttachmentEntity.selectAttachmentsByTaskId - <==      Total: 0
16:46:13.986 [main] DEBUG org.activiti.engine.impl.persistence.entity.HistoricIdentityLinkEntity.selectHistoricIdentityLinksByTask - ==>  Preparing: select * from ACT_HI_IDENTITYLINK where TASK_ID_ = ? 
16:46:13.986 [main] DEBUG org.activiti.engine.impl.persistence.entity.HistoricIdentityLinkEntity.selectHistoricIdentityLinksByTask - ==> Parameters: 2523(String)
16:46:13.986 [main] DEBUG org.activiti.engine.impl.persistence.entity.HistoricIdentityLinkEntity.selectHistoricIdentityLinksByTask - <==      Total: 0
16:46:13.986 [main] DEBUG org.activiti.engine.impl.persistence.entity.TaskEntity.selectTasksByParentTaskId - ==>  Preparing: select * from ACT_RU_TASK where PARENT_TASK_ID_ = ? 
16:46:13.986 [main] DEBUG org.activiti.engine.impl.persistence.entity.TaskEntity.selectTasksByParentTaskId - ==> Parameters: 2528(String)
16:46:13.987 [main] DEBUG org.activiti.engine.impl.persistence.entity.TaskEntity.selectTasksByParentTaskId - <==      Total: 0
16:46:13.987 [main] DEBUG org.activiti.engine.impl.persistence.entity.IdentityLinkEntity.selectIdentityLinksByTask - ==>  Preparing: select * from ACT_RU_IDENTITYLINK where TASK_ID_ = ? 
16:46:13.987 [main] DEBUG org.activiti.engine.impl.persistence.entity.IdentityLinkEntity.selectIdentityLinksByTask - ==> Parameters: 2528(String)
16:46:13.987 [main] DEBUG org.activiti.engine.impl.persistence.entity.IdentityLinkEntity.selectIdentityLinksByTask - <==      Total: 0
16:46:13.987 [main] DEBUG org.activiti.engine.impl.persistence.entity.VariableInstanceEntity.selectVariablesByTaskId - ==>  Preparing: select * from ACT_RU_VARIABLE where TASK_ID_ = ? 
16:46:13.987 [main] DEBUG org.activiti.engine.impl.persistence.entity.VariableInstanceEntity.selectVariablesByTaskId - ==> Parameters: 2528(String)
16:46:13.987 [main] DEBUG org.activiti.engine.impl.persistence.entity.VariableInstanceEntity.selectVariablesByTaskId - <==      Total: 0
16:46:13.988 [main] DEBUG org.activiti.engine.impl.history.DefaultHistoryManager - Current history level: AUDIT
16:46:13.988 [main] DEBUG org.activiti.engine.impl.history.DefaultHistoryManager - Current history level: AUDIT
16:46:13.988 [main] DEBUG org.activiti.engine.impl.persistence.entity.HistoricTaskInstanceEntity.selectHistoricTaskInstance - ==>  Preparing: select * from ACT_HI_TASKINST where ID_ = ? 
16:46:13.988 [main] DEBUG org.activiti.engine.impl.persistence.entity.HistoricTaskInstanceEntity.selectHistoricTaskInstance - ==> Parameters: 2528(String)
16:46:13.988 [main] DEBUG org.activiti.engine.impl.persistence.entity.HistoricTaskInstanceEntity.selectHistoricTaskInstance - <==      Total: 1
16:46:13.988 [main] DEBUG org.activiti.engine.impl.history.DefaultHistoryManager - Current history level: AUDIT, level required: FULL
16:46:13.988 [main] DEBUG org.activiti.engine.impl.history.DefaultHistoryManager - Current history level: AUDIT, level required: ACTIVITY
16:46:13.989 [main] DEBUG org.activiti.engine.impl.persistence.entity.HistoricVariableInstanceEntity.selectHistoricVariableInstanceByQueryCriteria - ==>  Preparing: select RES.* from ACT_HI_VARINST RES WHERE RES.TASK_ID_ = ? order by RES.ID_ asc LIMIT ? OFFSET ? 
16:46:13.989 [main] DEBUG org.activiti.engine.impl.persistence.entity.HistoricVariableInstanceEntity.selectHistoricVariableInstanceByQueryCriteria - ==> Parameters: 2528(String), 2147483647(Integer), 0(Integer)
16:46:13.989 [main] DEBUG org.activiti.engine.impl.persistence.entity.HistoricVariableInstanceEntity.selectHistoricVariableInstanceByQueryCriteria - <==      Total: 0
16:46:13.989 [main] DEBUG org.activiti.engine.impl.history.DefaultHistoryManager - Current history level: AUDIT
16:46:13.989 [main] DEBUG org.activiti.engine.impl.history.DefaultHistoryManager - Current history level: AUDIT
16:46:13.989 [main] DEBUG org.activiti.engine.impl.persistence.entity.AttachmentEntity.selectAttachmentsByTaskId - ==>  Preparing: select * from ACT_HI_ATTACHMENT where TASK_ID_ = ? 
16:46:13.989 [main] DEBUG org.activiti.engine.impl.persistence.entity.AttachmentEntity.selectAttachmentsByTaskId - ==> Parameters: 2528(String)
16:46:13.989 [main] DEBUG org.activiti.engine.impl.persistence.entity.AttachmentEntity.selectAttachmentsByTaskId - <==      Total: 0
16:46:13.989 [main] DEBUG org.activiti.engine.impl.persistence.entity.HistoricIdentityLinkEntity.selectHistoricIdentityLinksByTask - ==>  Preparing: select * from ACT_HI_IDENTITYLINK where TASK_ID_ = ? 
16:46:13.989 [main] DEBUG org.activiti.engine.impl.persistence.entity.HistoricIdentityLinkEntity.selectHistoricIdentityLinksByTask - ==> Parameters: 2528(String)
16:46:13.989 [main] DEBUG org.activiti.engine.impl.persistence.entity.HistoricIdentityLinkEntity.selectHistoricIdentityLinksByTask - <==      Total: 0
16:46:13.990 [main] DEBUG org.activiti.engine.impl.persistence.entity.TaskEntity.selectTasksByParentTaskId - ==>  Preparing: select * from ACT_RU_TASK where PARENT_TASK_ID_ = ? 
16:46:13.990 [main] DEBUG org.activiti.engine.impl.persistence.entity.TaskEntity.selectTasksByParentTaskId - ==> Parameters: 2533(String)
16:46:13.990 [main] DEBUG org.activiti.engine.impl.persistence.entity.TaskEntity.selectTasksByParentTaskId - <==      Total: 0
16:46:13.990 [main] DEBUG org.activiti.engine.impl.persistence.entity.IdentityLinkEntity.selectIdentityLinksByTask - ==>  Preparing: select * from ACT_RU_IDENTITYLINK where TASK_ID_ = ? 
16:46:13.990 [main] DEBUG org.activiti.engine.impl.persistence.entity.IdentityLinkEntity.selectIdentityLinksByTask - ==> Parameters: 2533(String)
16:46:13.990 [main] DEBUG org.activiti.engine.impl.persistence.entity.IdentityLinkEntity.selectIdentityLinksByTask - <==      Total: 0
16:46:13.991 [main] DEBUG org.activiti.engine.impl.persistence.entity.VariableInstanceEntity.selectVariablesByTaskId - ==>  Preparing: select * from ACT_RU_VARIABLE where TASK_ID_ = ? 
16:46:13.991 [main] DEBUG org.activiti.engine.impl.persistence.entity.VariableInstanceEntity.selectVariablesByTaskId - ==> Parameters: 2533(String)
16:46:13.991 [main] DEBUG org.activiti.engine.impl.persistence.entity.VariableInstanceEntity.selectVariablesByTaskId - <==      Total: 0
16:46:13.991 [main] DEBUG org.activiti.engine.impl.history.DefaultHistoryManager - Current history level: AUDIT
16:46:13.991 [main] DEBUG org.activiti.engine.impl.history.DefaultHistoryManager - Current history level: AUDIT
16:46:13.991 [main] DEBUG org.activiti.engine.impl.persistence.entity.HistoricTaskInstanceEntity.selectHistoricTaskInstance - ==>  Preparing: select * from ACT_HI_TASKINST where ID_ = ? 
16:46:13.991 [main] DEBUG org.activiti.engine.impl.persistence.entity.HistoricTaskInstanceEntity.selectHistoricTaskInstance - ==> Parameters: 2533(String)
16:46:13.992 [main] DEBUG org.activiti.engine.impl.persistence.entity.HistoricTaskInstanceEntity.selectHistoricTaskInstance - <==      Total: 1
16:46:13.992 [main] DEBUG org.activiti.engine.impl.history.DefaultHistoryManager - Current history level: AUDIT, level required: FULL
16:46:13.992 [main] DEBUG org.activiti.engine.impl.history.DefaultHistoryManager - Current history level: AUDIT, level required: ACTIVITY
16:46:13.992 [main] DEBUG org.activiti.engine.impl.persistence.entity.HistoricVariableInstanceEntity.selectHistoricVariableInstanceByQueryCriteria - ==>  Preparing: select RES.* from ACT_HI_VARINST RES WHERE RES.TASK_ID_ = ? order by RES.ID_ asc LIMIT ? OFFSET ? 
16:46:13.993 [main] DEBUG org.activiti.engine.impl.persistence.entity.HistoricVariableInstanceEntity.selectHistoricVariableInstanceByQueryCriteria - ==> Parameters: 2533(String), 2147483647(Integer), 0(Integer)
16:46:13.994 [main] DEBUG org.activiti.engine.impl.persistence.entity.HistoricVariableInstanceEntity.selectHistoricVariableInstanceByQueryCriteria - <==      Total: 0
16:46:13.994 [main] DEBUG org.activiti.engine.impl.history.DefaultHistoryManager - Current history level: AUDIT
16:46:13.994 [main] DEBUG org.activiti.engine.impl.history.DefaultHistoryManager - Current history level: AUDIT
16:46:13.994 [main] DEBUG org.activiti.engine.impl.persistence.entity.AttachmentEntity.selectAttachmentsByTaskId - ==>  Preparing: select * from ACT_HI_ATTACHMENT where TASK_ID_ = ? 
16:46:13.995 [main] DEBUG org.activiti.engine.impl.persistence.entity.AttachmentEntity.selectAttachmentsByTaskId - ==> Parameters: 2533(String)
16:46:13.995 [main] DEBUG org.activiti.engine.impl.persistence.entity.AttachmentEntity.selectAttachmentsByTaskId - <==      Total: 0
16:46:13.995 [main] DEBUG org.activiti.engine.impl.persistence.entity.HistoricIdentityLinkEntity.selectHistoricIdentityLinksByTask - ==>  Preparing: select * from ACT_HI_IDENTITYLINK where TASK_ID_ = ? 
16:46:13.995 [main] DEBUG org.activiti.engine.impl.persistence.entity.HistoricIdentityLinkEntity.selectHistoricIdentityLinksByTask - ==> Parameters: 2533(String)
16:46:13.995 [main] DEBUG org.activiti.engine.impl.persistence.entity.HistoricIdentityLinkEntity.selectHistoricIdentityLinksByTask - <==      Total: 0
16:46:13.995 [main] DEBUG org.activiti.engine.impl.persistence.entity.ExecutionEntity.selectExecutionsByParentExecutionId - ==>  Preparing: select * from ACT_RU_EXECUTION where PARENT_ID_ = ? 
16:46:13.996 [main] DEBUG org.activiti.engine.impl.persistence.entity.ExecutionEntity.selectExecutionsByParentExecutionId - ==> Parameters: 2505(String)
16:46:13.996 [main] DEBUG org.activiti.engine.impl.persistence.entity.ExecutionEntity.selectExecutionsByParentExecutionId - <==      Total: 1
16:46:13.996 [main] DEBUG org.activiti.engine.impl.persistence.entity.ExecutionEntity.selectExecutionsByParentExecutionId - ==>  Preparing: select * from ACT_RU_EXECUTION where PARENT_ID_ = ? 
16:46:13.996 [main] DEBUG org.activiti.engine.impl.persistence.entity.ExecutionEntity.selectExecutionsByParentExecutionId - ==> Parameters: 2513(String)
16:46:14.000 [main] DEBUG org.activiti.engine.impl.persistence.entity.ExecutionEntity.selectExecutionsByParentExecutionId - <==      Total: 3
16:46:14.002 [main] DEBUG org.activiti.engine.impl.persistence.entity.ExecutionEntity.selectExecutionsByParentExecutionId - ==>  Preparing: select * from ACT_RU_EXECUTION where PARENT_ID_ = ? 
16:46:14.003 [main] DEBUG org.activiti.engine.impl.persistence.entity.ExecutionEntity.selectExecutionsByParentExecutionId - ==> Parameters: 2518(String)
16:46:14.003 [main] DEBUG org.activiti.engine.impl.persistence.entity.ExecutionEntity.selectExecutionsByParentExecutionId - <==      Total: 0
16:46:14.003 [main] DEBUG org.activiti.engine.impl.persistence.entity.ExecutionEntity.selectSubProcessInstanceBySuperExecutionId - ==>  Preparing: select * from ACT_RU_EXECUTION where SUPER_EXEC_ = ? 
16:46:14.004 [main] DEBUG org.activiti.engine.impl.persistence.entity.ExecutionEntity.selectSubProcessInstanceBySuperExecutionId - ==> Parameters: 2518(String)
16:46:14.004 [main] DEBUG org.activiti.engine.impl.persistence.entity.ExecutionEntity.selectSubProcessInstanceBySuperExecutionId - <==      Total: 0
16:46:14.005 [main] DEBUG org.activiti.engine.impl.history.DefaultHistoryManager - Current history level: AUDIT, level required: ACTIVITY
16:46:14.005 [main] DEBUG org.activiti.engine.impl.persistence.entity.HistoricActivityInstanceEntity.selectHistoricActivityInstancesByQueryCriteria - ==>  Preparing: select RES.* from ACT_HI_ACTINST RES WHERE RES.EXECUTION_ID_ = ? and RES.ACT_ID_ = ? and RES.END_TIME_ is null order by RES.ID_ asc LIMIT ? OFFSET ? 
16:46:14.006 [main] DEBUG org.activiti.engine.impl.persistence.entity.HistoricActivityInstanceEntity.selectHistoricActivityInstancesByQueryCriteria - ==> Parameters: 2518(String), countersign(String), 1(Integer), 0(Integer)
16:46:14.007 [main] DEBUG org.activiti.engine.impl.persistence.entity.HistoricActivityInstanceEntity.selectHistoricActivityInstancesByQueryCriteria - <==      Total: 0
16:46:14.007 [main] DEBUG org.activiti.engine.impl.persistence.entity.HistoricActivityInstanceEntity.selectHistoricActivityInstancesByQueryCriteria - ==>  Preparing: select RES.* from ACT_HI_ACTINST RES WHERE RES.EXECUTION_ID_ = ? and RES.ACT_ID_ = ? and RES.END_TIME_ is null order by RES.ID_ asc LIMIT ? OFFSET ? 
16:46:14.008 [main] DEBUG org.activiti.engine.impl.persistence.entity.HistoricActivityInstanceEntity.selectHistoricActivityInstancesByQueryCriteria - ==> Parameters: 2513(String), countersign(String), 1(Integer), 0(Integer)
16:46:14.009 [main] DEBUG org.activiti.engine.impl.persistence.entity.HistoricActivityInstanceEntity.selectHistoricActivityInstancesByQueryCriteria - <==      Total: 1
16:46:14.010 [main] DEBUG org.activiti.engine.impl.persistence.entity.VariableInstanceEntity.selectVariablesByExecutionId - ==>  Preparing: select * from ACT_RU_VARIABLE where EXECUTION_ID_ = ? and TASK_ID_ is null 
16:46:14.010 [main] DEBUG org.activiti.engine.impl.persistence.entity.VariableInstanceEntity.selectVariablesByExecutionId - ==> Parameters: 2518(String)
16:46:14.011 [main] DEBUG org.activiti.engine.impl.persistence.entity.VariableInstanceEntity.selectVariablesByExecutionId - <==      Total: 2
16:46:14.011 [main] DEBUG org.activiti.engine.impl.history.DefaultHistoryManager - Current history level: AUDIT, level required: ACTIVITY
16:46:14.011 [main] DEBUG org.activiti.engine.impl.persistence.entity.HistoricVariableInstanceEntity.selectHistoricVariableInstanceByVariableInstanceId - ==>  Preparing: select * from ACT_HI_VARINST where ID_ = ? 
16:46:14.012 [main] DEBUG org.activiti.engine.impl.persistence.entity.HistoricVariableInstanceEntity.selectHistoricVariableInstanceByVariableInstanceId - ==> Parameters: 2521(String)
16:46:14.012 [main] DEBUG org.activiti.engine.impl.persistence.entity.HistoricVariableInstanceEntity.selectHistoricVariableInstanceByVariableInstanceId - <==      Total: 1
16:46:14.013 [main] DEBUG org.activiti.engine.impl.history.DefaultHistoryManager - Current history level: AUDIT, level required: ACTIVITY
16:46:14.013 [main] DEBUG org.activiti.engine.impl.persistence.entity.HistoricVariableInstanceEntity.selectHistoricVariableInstanceByVariableInstanceId - ==>  Preparing: select * from ACT_HI_VARINST where ID_ = ? 
16:46:14.013 [main] DEBUG org.activiti.engine.impl.persistence.entity.HistoricVariableInstanceEntity.selectHistoricVariableInstanceByVariableInstanceId - ==> Parameters: 2522(String)
16:46:14.014 [main] DEBUG org.activiti.engine.impl.persistence.entity.HistoricVariableInstanceEntity.selectHistoricVariableInstanceByVariableInstanceId - <==      Total: 1
16:46:14.014 [main] DEBUG org.activiti.engine.impl.persistence.entity.TaskEntity.selectTasksByExecutionId - ==>  Preparing: select distinct T.* from ACT_RU_TASK T where T.EXECUTION_ID_ = ? 
16:46:14.014 [main] DEBUG org.activiti.engine.impl.persistence.entity.TaskEntity.selectTasksByExecutionId - ==> Parameters: 2518(String)
16:46:14.015 [main] DEBUG org.activiti.engine.impl.persistence.entity.TaskEntity.selectTasksByExecutionId - <==      Total: 1
16:46:14.015 [main] DEBUG org.activiti.engine.impl.persistence.entity.JobEntity.selectJobsByExecutionId - ==>  Preparing: select * from ACT_RU_JOB J where J.EXECUTION_ID_ = ? 
16:46:14.016 [main] DEBUG org.activiti.engine.impl.persistence.entity.JobEntity.selectJobsByExecutionId - ==> Parameters: 2518(String)
16:46:14.016 [main] DEBUG org.activiti.engine.impl.persistence.entity.JobEntity.selectJobsByExecutionId - <==      Total: 0
16:46:14.016 [main] DEBUG org.activiti.engine.impl.persistence.entity.EventSubscriptionEntity.selectEventSubscriptionsByExecution - ==>  Preparing: select * from ACT_RU_EVENT_SUBSCR where (EXECUTION_ID_ = ?) 
16:46:14.016 [main] DEBUG org.activiti.engine.impl.persistence.entity.EventSubscriptionEntity.selectEventSubscriptionsByExecution - ==> Parameters: 2518(String)
16:46:14.016 [main] DEBUG org.activiti.engine.impl.persistence.entity.EventSubscriptionEntity.selectEventSubscriptionsByExecution - <==      Total: 0
16:46:14.016 [main] DEBUG org.activiti.engine.impl.persistence.entity.IdentityLinkEntity.selectIdentityLinksByProcessInstance - ==>  Preparing: select * from ACT_RU_IDENTITYLINK where PROC_INST_ID_ = ? 
16:46:14.017 [main] DEBUG org.activiti.engine.impl.persistence.entity.IdentityLinkEntity.selectIdentityLinksByProcessInstance - ==> Parameters: 2518(String)
16:46:14.017 [main] DEBUG org.activiti.engine.impl.persistence.entity.IdentityLinkEntity.selectIdentityLinksByProcessInstance - <==      Total: 0
16:46:14.017 [main] DEBUG org.activiti.engine.impl.persistence.entity.ExecutionEntity.selectExecutionsByParentExecutionId - ==>  Preparing: select * from ACT_RU_EXECUTION where PARENT_ID_ = ? 
16:46:14.017 [main] DEBUG org.activiti.engine.impl.persistence.entity.ExecutionEntity.selectExecutionsByParentExecutionId - ==> Parameters: 2519(String)
16:46:14.017 [main] DEBUG org.activiti.engine.impl.persistence.entity.ExecutionEntity.selectExecutionsByParentExecutionId - <==      Total: 0
16:46:14.018 [main] DEBUG org.activiti.engine.impl.persistence.entity.ExecutionEntity.selectSubProcessInstanceBySuperExecutionId - ==>  Preparing: select * from ACT_RU_EXECUTION where SUPER_EXEC_ = ? 
16:46:14.018 [main] DEBUG org.activiti.engine.impl.persistence.entity.ExecutionEntity.selectSubProcessInstanceBySuperExecutionId - ==> Parameters: 2519(String)
16:46:14.018 [main] DEBUG org.activiti.engine.impl.persistence.entity.ExecutionEntity.selectSubProcessInstanceBySuperExecutionId - <==      Total: 0
16:46:14.018 [main] DEBUG org.activiti.engine.impl.history.DefaultHistoryManager - Current history level: AUDIT, level required: ACTIVITY
16:46:14.019 [main] DEBUG org.activiti.engine.impl.persistence.entity.HistoricActivityInstanceEntity.selectHistoricActivityInstancesByQueryCriteria - ==>  Preparing: select RES.* from ACT_HI_ACTINST RES WHERE RES.EXECUTION_ID_ = ? and RES.ACT_ID_ = ? and RES.END_TIME_ is null order by RES.ID_ asc LIMIT ? OFFSET ? 
16:46:14.019 [main] DEBUG org.activiti.engine.impl.persistence.entity.HistoricActivityInstanceEntity.selectHistoricActivityInstancesByQueryCriteria - ==> Parameters: 2519(String), countersign(String), 1(Integer), 0(Integer)
16:46:14.020 [main] DEBUG org.activiti.engine.impl.persistence.entity.HistoricActivityInstanceEntity.selectHistoricActivityInstancesByQueryCriteria - <==      Total: 1
16:46:14.021 [main] DEBUG org.activiti.engine.impl.persistence.entity.VariableInstanceEntity.selectVariablesByExecutionId - ==>  Preparing: select * from ACT_RU_VARIABLE where EXECUTION_ID_ = ? and TASK_ID_ is null 
16:46:14.021 [main] DEBUG org.activiti.engine.impl.persistence.entity.VariableInstanceEntity.selectVariablesByExecutionId - ==> Parameters: 2519(String)
16:46:14.022 [main] DEBUG org.activiti.engine.impl.persistence.entity.VariableInstanceEntity.selectVariablesByExecutionId - <==      Total: 2
16:46:14.022 [main] DEBUG org.activiti.engine.impl.history.DefaultHistoryManager - Current history level: AUDIT, level required: ACTIVITY
16:46:14.022 [main] DEBUG org.activiti.engine.impl.persistence.entity.HistoricVariableInstanceEntity.selectHistoricVariableInstanceByVariableInstanceId - ==>  Preparing: select * from ACT_HI_VARINST where ID_ = ? 
16:46:14.022 [main] DEBUG org.activiti.engine.impl.persistence.entity.HistoricVariableInstanceEntity.selectHistoricVariableInstanceByVariableInstanceId - ==> Parameters: 2525(String)
16:46:14.023 [main] DEBUG org.activiti.engine.impl.persistence.entity.HistoricVariableInstanceEntity.selectHistoricVariableInstanceByVariableInstanceId - <==      Total: 1
16:46:14.023 [main] DEBUG org.activiti.engine.impl.history.DefaultHistoryManager - Current history level: AUDIT, level required: ACTIVITY
16:46:14.023 [main] DEBUG org.activiti.engine.impl.persistence.entity.HistoricVariableInstanceEntity.selectHistoricVariableInstanceByVariableInstanceId - ==>  Preparing: select * from ACT_HI_VARINST where ID_ = ? 
16:46:14.023 [main] DEBUG org.activiti.engine.impl.persistence.entity.HistoricVariableInstanceEntity.selectHistoricVariableInstanceByVariableInstanceId - ==> Parameters: 2526(String)
16:46:14.024 [main] DEBUG org.activiti.engine.impl.persistence.entity.HistoricVariableInstanceEntity.selectHistoricVariableInstanceByVariableInstanceId - <==      Total: 1
16:46:14.024 [main] DEBUG org.activiti.engine.impl.persistence.entity.TaskEntity.selectTasksByExecutionId - ==>  Preparing: select distinct T.* from ACT_RU_TASK T where T.EXECUTION_ID_ = ? 
16:46:14.024 [main] DEBUG org.activiti.engine.impl.persistence.entity.TaskEntity.selectTasksByExecutionId - ==> Parameters: 2519(String)
16:46:14.025 [main] DEBUG org.activiti.engine.impl.persistence.entity.TaskEntity.selectTasksByExecutionId - <==      Total: 1
16:46:14.025 [main] DEBUG org.activiti.engine.impl.persistence.entity.JobEntity.selectJobsByExecutionId - ==>  Preparing: select * from ACT_RU_JOB J where J.EXECUTION_ID_ = ? 
16:46:14.025 [main] DEBUG org.activiti.engine.impl.persistence.entity.JobEntity.selectJobsByExecutionId - ==> Parameters: 2519(String)
16:46:14.026 [main] DEBUG org.activiti.engine.impl.persistence.entity.JobEntity.selectJobsByExecutionId - <==      Total: 0
16:46:14.026 [main] DEBUG org.activiti.engine.impl.persistence.entity.EventSubscriptionEntity.selectEventSubscriptionsByExecution - ==>  Preparing: select * from ACT_RU_EVENT_SUBSCR where (EXECUTION_ID_ = ?) 
16:46:14.026 [main] DEBUG org.activiti.engine.impl.persistence.entity.EventSubscriptionEntity.selectEventSubscriptionsByExecution - ==> Parameters: 2519(String)
16:46:14.026 [main] DEBUG org.activiti.engine.impl.persistence.entity.EventSubscriptionEntity.selectEventSubscriptionsByExecution - <==      Total: 0
16:46:14.027 [main] DEBUG org.activiti.engine.impl.persistence.entity.IdentityLinkEntity.selectIdentityLinksByProcessInstance - ==>  Preparing: select * from ACT_RU_IDENTITYLINK where PROC_INST_ID_ = ? 
16:46:14.027 [main] DEBUG org.activiti.engine.impl.persistence.entity.IdentityLinkEntity.selectIdentityLinksByProcessInstance - ==> Parameters: 2519(String)
16:46:14.027 [main] DEBUG org.activiti.engine.impl.persistence.entity.IdentityLinkEntity.selectIdentityLinksByProcessInstance - <==      Total: 0
16:46:14.027 [main] DEBUG org.activiti.engine.impl.persistence.entity.ExecutionEntity.selectExecutionsByParentExecutionId - ==>  Preparing: select * from ACT_RU_EXECUTION where PARENT_ID_ = ? 
16:46:14.028 [main] DEBUG org.activiti.engine.impl.persistence.entity.ExecutionEntity.selectExecutionsByParentExecutionId - ==> Parameters: 2520(String)
16:46:14.028 [main] DEBUG org.activiti.engine.impl.persistence.entity.ExecutionEntity.selectExecutionsByParentExecutionId - <==      Total: 0
16:46:14.031 [main] DEBUG org.activiti.engine.impl.persistence.entity.ExecutionEntity.selectSubProcessInstanceBySuperExecutionId - ==>  Preparing: select * from ACT_RU_EXECUTION where SUPER_EXEC_ = ? 
16:46:14.032 [main] DEBUG org.activiti.engine.impl.persistence.entity.ExecutionEntity.selectSubProcessInstanceBySuperExecutionId - ==> Parameters: 2520(String)
16:46:14.032 [main] DEBUG org.activiti.engine.impl.persistence.entity.ExecutionEntity.selectSubProcessInstanceBySuperExecutionId - <==      Total: 0
16:46:14.033 [main] DEBUG org.activiti.engine.impl.history.DefaultHistoryManager - Current history level: AUDIT, level required: ACTIVITY
16:46:14.033 [main] DEBUG org.activiti.engine.impl.persistence.entity.HistoricActivityInstanceEntity.selectHistoricActivityInstancesByQueryCriteria - ==>  Preparing: select RES.* from ACT_HI_ACTINST RES WHERE RES.EXECUTION_ID_ = ? and RES.ACT_ID_ = ? and RES.END_TIME_ is null order by RES.ID_ asc LIMIT ? OFFSET ? 
16:46:14.034 [main] DEBUG org.activiti.engine.impl.persistence.entity.HistoricActivityInstanceEntity.selectHistoricActivityInstancesByQueryCriteria - ==> Parameters: 2520(String), countersign(String), 1(Integer), 0(Integer)
16:46:14.035 [main] DEBUG org.activiti.engine.impl.persistence.entity.HistoricActivityInstanceEntity.selectHistoricActivityInstancesByQueryCriteria - <==      Total: 1
16:46:14.036 [main] DEBUG org.activiti.engine.impl.persistence.entity.VariableInstanceEntity.selectVariablesByExecutionId - ==>  Preparing: select * from ACT_RU_VARIABLE where EXECUTION_ID_ = ? and TASK_ID_ is null 
16:46:14.036 [main] DEBUG org.activiti.engine.impl.persistence.entity.VariableInstanceEntity.selectVariablesByExecutionId - ==> Parameters: 2520(String)
16:46:14.037 [main] DEBUG org.activiti.engine.impl.persistence.entity.VariableInstanceEntity.selectVariablesByExecutionId - <==      Total: 2
16:46:14.037 [main] DEBUG org.activiti.engine.impl.history.DefaultHistoryManager - Current history level: AUDIT, level required: ACTIVITY
16:46:14.037 [main] DEBUG org.activiti.engine.impl.persistence.entity.HistoricVariableInstanceEntity.selectHistoricVariableInstanceByVariableInstanceId - ==>  Preparing: select * from ACT_HI_VARINST where ID_ = ? 
16:46:14.038 [main] DEBUG org.activiti.engine.impl.persistence.entity.HistoricVariableInstanceEntity.selectHistoricVariableInstanceByVariableInstanceId - ==> Parameters: 2530(String)
16:46:14.038 [main] DEBUG org.activiti.engine.impl.persistence.entity.HistoricVariableInstanceEntity.selectHistoricVariableInstanceByVariableInstanceId - <==      Total: 1
16:46:14.039 [main] DEBUG org.activiti.engine.impl.history.DefaultHistoryManager - Current history level: AUDIT, level required: ACTIVITY
16:46:14.039 [main] DEBUG org.activiti.engine.impl.persistence.entity.HistoricVariableInstanceEntity.selectHistoricVariableInstanceByVariableInstanceId - ==>  Preparing: select * from ACT_HI_VARINST where ID_ = ? 
16:46:14.039 [main] DEBUG org.activiti.engine.impl.persistence.entity.HistoricVariableInstanceEntity.selectHistoricVariableInstanceByVariableInstanceId - ==> Parameters: 2531(String)
16:46:14.040 [main] DEBUG org.activiti.engine.impl.persistence.entity.HistoricVariableInstanceEntity.selectHistoricVariableInstanceByVariableInstanceId - <==      Total: 1
16:46:14.042 [main] DEBUG org.activiti.engine.impl.persistence.entity.TaskEntity.selectTasksByExecutionId - ==>  Preparing: select distinct T.* from ACT_RU_TASK T where T.EXECUTION_ID_ = ? 
16:46:14.042 [main] DEBUG org.activiti.engine.impl.persistence.entity.TaskEntity.selectTasksByExecutionId - ==> Parameters: 2520(String)
16:46:14.045 [main] DEBUG org.activiti.engine.impl.persistence.entity.TaskEntity.selectTasksByExecutionId - <==      Total: 1
16:46:14.046 [main] DEBUG org.activiti.engine.impl.persistence.entity.JobEntity.selectJobsByExecutionId - ==>  Preparing: select * from ACT_RU_JOB J where J.EXECUTION_ID_ = ? 
16:46:14.046 [main] DEBUG org.activiti.engine.impl.persistence.entity.JobEntity.selectJobsByExecutionId - ==> Parameters: 2520(String)
16:46:14.046 [main] DEBUG org.activiti.engine.impl.persistence.entity.JobEntity.selectJobsByExecutionId - <==      Total: 0
16:46:14.046 [main] DEBUG org.activiti.engine.impl.persistence.entity.EventSubscriptionEntity.selectEventSubscriptionsByExecution - ==>  Preparing: select * from ACT_RU_EVENT_SUBSCR where (EXECUTION_ID_ = ?) 
16:46:14.046 [main] DEBUG org.activiti.engine.impl.persistence.entity.EventSubscriptionEntity.selectEventSubscriptionsByExecution - ==> Parameters: 2520(String)
16:46:14.046 [main] DEBUG org.activiti.engine.impl.persistence.entity.EventSubscriptionEntity.selectEventSubscriptionsByExecution - <==      Total: 0
16:46:14.046 [main] DEBUG org.activiti.engine.impl.persistence.entity.IdentityLinkEntity.selectIdentityLinksByProcessInstance - ==>  Preparing: select * from ACT_RU_IDENTITYLINK where PROC_INST_ID_ = ? 
16:46:14.046 [main] DEBUG org.activiti.engine.impl.persistence.entity.IdentityLinkEntity.selectIdentityLinksByProcessInstance - ==> Parameters: 2520(String)
16:46:14.046 [main] DEBUG org.activiti.engine.impl.persistence.entity.IdentityLinkEntity.selectIdentityLinksByProcessInstance - <==      Total: 0
16:46:14.046 [main] DEBUG org.activiti.engine.impl.persistence.entity.ExecutionEntity.selectSubProcessInstanceBySuperExecutionId - ==>  Preparing: select * from ACT_RU_EXECUTION where SUPER_EXEC_ = ? 
16:46:14.046 [main] DEBUG org.activiti.engine.impl.persistence.entity.ExecutionEntity.selectSubProcessInstanceBySuperExecutionId - ==> Parameters: 2513(String)
16:46:14.047 [main] DEBUG org.activiti.engine.impl.persistence.entity.ExecutionEntity.selectSubProcessInstanceBySuperExecutionId - <==      Total: 0
16:46:14.047 [main] DEBUG org.activiti.engine.impl.history.DefaultHistoryManager - Current history level: AUDIT, level required: ACTIVITY
16:46:14.047 [main] DEBUG org.activiti.engine.impl.history.DefaultHistoryManager - Current history level: AUDIT, level required: ACTIVITY
16:46:14.049 [main] DEBUG org.activiti.engine.impl.history.DefaultHistoryManager - Current history level: AUDIT
16:46:14.049 [main] DEBUG org.activiti.engine.impl.persistence.entity.HistoricProcessInstanceEntity.selectHistoricProcessInstance - ==>  Preparing: select * from ACT_HI_PROCINST where PROC_INST_ID_ = ? 
16:46:14.049 [main] DEBUG org.activiti.engine.impl.persistence.entity.HistoricProcessInstanceEntity.selectHistoricProcessInstance - ==> Parameters: 2505(String)
16:46:14.050 [main] DEBUG org.activiti.engine.impl.persistence.entity.HistoricProcessInstanceEntity.selectHistoricProcessInstance - <==      Total: 1
16:46:14.050 [main] DEBUG org.activiti.engine.impl.persistence.entity.ExecutionEntity - destroying ScopeExecution[2513]
16:46:14.051 [main] DEBUG org.activiti.engine.impl.persistence.entity.VariableInstanceEntity.selectVariablesByExecutionId - ==>  Preparing: select * from ACT_RU_VARIABLE where EXECUTION_ID_ = ? and TASK_ID_ is null 
16:46:14.051 [main] DEBUG org.activiti.engine.impl.persistence.entity.VariableInstanceEntity.selectVariablesByExecutionId - ==> Parameters: 2513(String)
16:46:14.051 [main] DEBUG org.activiti.engine.impl.persistence.entity.VariableInstanceEntity.selectVariablesByExecutionId - <==      Total: 3
16:46:14.051 [main] DEBUG org.activiti.engine.impl.history.DefaultHistoryManager - Current history level: AUDIT, level required: ACTIVITY
16:46:14.051 [main] DEBUG org.activiti.engine.impl.persistence.entity.HistoricVariableInstanceEntity.selectHistoricVariableInstanceByVariableInstanceId - ==>  Preparing: select * from ACT_HI_VARINST where ID_ = ? 
16:46:14.051 [main] DEBUG org.activiti.engine.impl.persistence.entity.HistoricVariableInstanceEntity.selectHistoricVariableInstanceByVariableInstanceId - ==> Parameters: 2515(String)
16:46:14.052 [main] DEBUG org.activiti.engine.impl.persistence.entity.HistoricVariableInstanceEntity.selectHistoricVariableInstanceByVariableInstanceId - <==      Total: 1
16:46:14.052 [main] DEBUG org.activiti.engine.impl.history.DefaultHistoryManager - Current history level: AUDIT, level required: ACTIVITY
16:46:14.052 [main] DEBUG org.activiti.engine.impl.persistence.entity.HistoricVariableInstanceEntity.selectHistoricVariableInstanceByVariableInstanceId - ==>  Preparing: select * from ACT_HI_VARINST where ID_ = ? 
16:46:14.052 [main] DEBUG org.activiti.engine.impl.persistence.entity.HistoricVariableInstanceEntity.selectHistoricVariableInstanceByVariableInstanceId - ==> Parameters: 2516(String)
16:46:14.053 [main] DEBUG org.activiti.engine.impl.persistence.entity.HistoricVariableInstanceEntity.selectHistoricVariableInstanceByVariableInstanceId - <==      Total: 1
16:46:14.053 [main] DEBUG org.activiti.engine.impl.history.DefaultHistoryManager - Current history level: AUDIT, level required: ACTIVITY
16:46:14.053 [main] DEBUG org.activiti.engine.impl.persistence.entity.HistoricVariableInstanceEntity.selectHistoricVariableInstanceByVariableInstanceId - ==>  Preparing: select * from ACT_HI_VARINST where ID_ = ? 
16:46:14.053 [main] DEBUG org.activiti.engine.impl.persistence.entity.HistoricVariableInstanceEntity.selectHistoricVariableInstanceByVariableInstanceId - ==> Parameters: 2517(String)
16:46:14.054 [main] DEBUG org.activiti.engine.impl.persistence.entity.HistoricVariableInstanceEntity.selectHistoricVariableInstanceByVariableInstanceId - <==      Total: 1
16:46:14.054 [main] DEBUG org.activiti.engine.impl.persistence.entity.IdentityLinkEntity.selectIdentityLinksByProcessInstance - ==>  Preparing: select * from ACT_RU_IDENTITYLINK where PROC_INST_ID_ = ? 
16:46:14.054 [main] DEBUG org.activiti.engine.impl.persistence.entity.IdentityLinkEntity.selectIdentityLinksByProcessInstance - ==> Parameters: 2513(String)
16:46:14.054 [main] DEBUG org.activiti.engine.impl.persistence.entity.IdentityLinkEntity.selectIdentityLinksByProcessInstance - <==      Total: 0
16:46:14.054 [main] DEBUG org.activiti.engine.impl.persistence.entity.ExecutionEntity.selectSubProcessInstanceBySuperExecutionId - ==>  Preparing: select * from ACT_RU_EXECUTION where SUPER_EXEC_ = ? 
16:46:14.054 [main] DEBUG org.activiti.engine.impl.persistence.entity.ExecutionEntity.selectSubProcessInstanceBySuperExecutionId - ==> Parameters: 2505(String)
16:46:14.054 [main] DEBUG org.activiti.engine.impl.persistence.entity.ExecutionEntity.selectSubProcessInstanceBySuperExecutionId - <==      Total: 0
16:46:14.054 [main] DEBUG org.activiti.engine.impl.history.DefaultHistoryManager - Current history level: AUDIT, level required: ACTIVITY
16:46:14.054 [main] DEBUG org.activiti.engine.impl.history.DefaultHistoryManager - Current history level: AUDIT
16:46:14.054 [main] DEBUG org.activiti.engine.impl.persistence.entity.ExecutionEntity - destroying ProcessInstance[2505]
16:46:14.054 [main] DEBUG org.activiti.engine.impl.persistence.entity.VariableInstanceEntity.selectVariablesByExecutionId - ==>  Preparing: select * from ACT_RU_VARIABLE where EXECUTION_ID_ = ? and TASK_ID_ is null 
16:46:14.054 [main] DEBUG org.activiti.engine.impl.persistence.entity.VariableInstanceEntity.selectVariablesByExecutionId - ==> Parameters: 2505(String)
16:46:14.055 [main] DEBUG org.activiti.engine.impl.persistence.entity.VariableInstanceEntity.selectVariablesByExecutionId - <==      Total: 3
16:46:14.055 [main] DEBUG org.activiti.engine.impl.history.DefaultHistoryManager - Current history level: AUDIT, level required: ACTIVITY
16:46:14.055 [main] DEBUG org.activiti.engine.impl.persistence.entity.HistoricVariableInstanceEntity.selectHistoricVariableInstanceByVariableInstanceId - ==>  Preparing: select * from ACT_HI_VARINST where ID_ = ? 
16:46:14.055 [main] DEBUG org.activiti.engine.impl.persistence.entity.HistoricVariableInstanceEntity.selectHistoricVariableInstanceByVariableInstanceId - ==> Parameters: 2506(String)
16:46:14.055 [main] DEBUG org.activiti.engine.impl.persistence.entity.HistoricVariableInstanceEntity.selectHistoricVariableInstanceByVariableInstanceId - <==      Total: 1
16:46:14.055 [main] DEBUG org.activiti.engine.impl.history.DefaultHistoryManager - Current history level: AUDIT, level required: ACTIVITY
16:46:14.056 [main] DEBUG org.activiti.engine.impl.persistence.entity.HistoricVariableInstanceEntity.selectHistoricVariableInstanceByVariableInstanceId - ==>  Preparing: select * from ACT_HI_VARINST where ID_ = ? 
16:46:14.056 [main] DEBUG org.activiti.engine.impl.persistence.entity.HistoricVariableInstanceEntity.selectHistoricVariableInstanceByVariableInstanceId - ==> Parameters: 2510(String)
16:46:14.056 [main] DEBUG org.activiti.engine.impl.persistence.entity.HistoricVariableInstanceEntity.selectHistoricVariableInstanceByVariableInstanceId - <==      Total: 1
16:46:14.056 [main] DEBUG org.activiti.engine.impl.persistence.entity.ByteArrayEntity.selectByteArray - ==>  Preparing: select * from ACT_GE_BYTEARRAY where ID_ = ? 
16:46:14.056 [main] DEBUG org.activiti.engine.impl.persistence.entity.ByteArrayEntity.selectByteArray - ==> Parameters: 2509(String)
16:46:14.057 [main] DEBUG org.activiti.engine.impl.persistence.entity.ByteArrayEntity.selectByteArray - <==      Total: 1
16:46:14.057 [main] DEBUG org.activiti.engine.impl.persistence.entity.ByteArrayEntity.selectByteArray - ==>  Preparing: select * from ACT_GE_BYTEARRAY where ID_ = ? 
16:46:14.057 [main] DEBUG org.activiti.engine.impl.persistence.entity.ByteArrayEntity.selectByteArray - ==> Parameters: 2511(String)
16:46:14.057 [main] DEBUG org.activiti.engine.impl.persistence.entity.ByteArrayEntity.selectByteArray - <==      Total: 1
16:46:14.057 [main] DEBUG org.activiti.engine.impl.history.DefaultHistoryManager - Current history level: AUDIT, level required: ACTIVITY
16:46:14.057 [main] DEBUG org.activiti.engine.impl.persistence.entity.HistoricVariableInstanceEntity.selectHistoricVariableInstanceByVariableInstanceId - ==>  Preparing: select * from ACT_HI_VARINST where ID_ = ? 
16:46:14.057 [main] DEBUG org.activiti.engine.impl.persistence.entity.HistoricVariableInstanceEntity.selectHistoricVariableInstanceByVariableInstanceId - ==> Parameters: 2512(String)
16:46:14.060 [main] DEBUG org.activiti.engine.impl.persistence.entity.HistoricVariableInstanceEntity.selectHistoricVariableInstanceByVariableInstanceId - <==      Total: 1
16:46:14.060 [main] DEBUG org.activiti.engine.impl.persistence.entity.IdentityLinkEntity.selectIdentityLinksByProcessInstance - ==>  Preparing: select * from ACT_RU_IDENTITYLINK where PROC_INST_ID_ = ? 
16:46:14.060 [main] DEBUG org.activiti.engine.impl.persistence.entity.IdentityLinkEntity.selectIdentityLinksByProcessInstance - ==> Parameters: 2505(String)
16:46:14.060 [main] DEBUG org.activiti.engine.impl.persistence.entity.IdentityLinkEntity.selectIdentityLinksByProcessInstance - <==      Total: 4
16:46:14.060 [main] DEBUG org.activiti.engine.impl.history.DefaultHistoryManager - Current history level: AUDIT
16:46:14.061 [main] DEBUG org.activiti.engine.impl.history.DefaultHistoryManager - Current history level: AUDIT
16:46:14.061 [main] DEBUG org.activiti.engine.impl.history.DefaultHistoryManager - Current history level: AUDIT, level required: AUDIT
16:46:14.061 [main] DEBUG org.activiti.engine.impl.persistence.entity.HistoricDetailEntity.selectHistoricDetailsByQueryCriteria - ==>  Preparing: select RES.* from ACT_HI_DETAIL RES WHERE RES.PROC_INST_ID_ = ? order by RES.ID_ asc LIMIT ? OFFSET ? 
16:46:14.062 [main] DEBUG org.activiti.engine.impl.persistence.entity.HistoricDetailEntity.selectHistoricDetailsByQueryCriteria - ==> Parameters: 2505(String), 2147483647(Integer), 0(Integer)
16:46:14.062 [main] DEBUG org.activiti.engine.impl.persistence.entity.HistoricDetailEntity.selectHistoricDetailsByQueryCriteria - <==      Total: 0
16:46:14.063 [main] DEBUG org.activiti.engine.impl.history.DefaultHistoryManager - Current history level: AUDIT, level required: ACTIVITY
16:46:14.064 [main] DEBUG org.activiti.engine.impl.persistence.entity.HistoricVariableInstanceEntity.selectHistoricVariableInstanceByQueryCriteria - ==>  Preparing: select RES.* from ACT_HI_VARINST RES WHERE RES.PROC_INST_ID_ = ? order by RES.ID_ asc LIMIT ? OFFSET ? 
16:46:14.064 [main] DEBUG org.activiti.engine.impl.persistence.entity.HistoricVariableInstanceEntity.selectHistoricVariableInstanceByQueryCriteria - ==> Parameters: 2505(String), 2147483647(Integer), 0(Integer)
16:46:14.066 [main] DEBUG org.activiti.engine.impl.persistence.entity.HistoricVariableInstanceEntity.selectHistoricVariableInstanceByQueryCriteria - <==      Total: 12
16:46:14.066 [main] DEBUG org.activiti.engine.impl.db.DbSqlSession - skipping redundant delete: HistoricVariableInstanceEntity[id=2526, name=user, revision=0, type=string, textValue=deptLeader]
16:46:14.066 [main] DEBUG org.activiti.engine.impl.db.DbSqlSession - skipping redundant delete: HistoricVariableInstanceEntity[id=2515, name=nrOfInstances, revision=0, type=integer, longValue=3, textValue=3]
16:46:14.067 [main] DEBUG org.activiti.engine.impl.db.DbSqlSession - skipping redundant delete: HistoricVariableInstanceEntity[id=2525, name=loopCounter, revision=0, type=integer, longValue=1, textValue=1]
16:46:14.067 [main] DEBUG org.activiti.engine.impl.db.DbSqlSession - skipping redundant delete: HistoricVariableInstanceEntity[id=2512, name=approvedCounter, revision=0, type=long, longValue=0, textValue=0]
16:46:14.067 [main] DEBUG org.activiti.engine.impl.db.DbSqlSession - skipping redundant delete: HistoricVariableInstanceEntity[id=2522, name=user, revision=0, type=string, textValue=groupLeader]
16:46:14.067 [main] DEBUG org.activiti.engine.impl.db.DbSqlSession - skipping redundant delete: HistoricVariableInstanceEntity[id=2521, name=loopCounter, revision=0, type=integer, longValue=0, textValue=0]
16:46:14.067 [main] DEBUG org.activiti.engine.impl.db.DbSqlSession - skipping redundant delete: HistoricVariableInstanceEntity[id=2510, name=users, revision=0, type=serializable, byteArrayValueId=2511]
16:46:14.067 [main] DEBUG org.activiti.engine.impl.db.DbSqlSession - skipping redundant delete: HistoricVariableInstanceEntity[id=2531, name=user, revision=0, type=string, textValue=hr]
16:46:14.067 [main] DEBUG org.activiti.engine.impl.db.DbSqlSession - skipping redundant delete: HistoricVariableInstanceEntity[id=2530, name=loopCounter, revision=0, type=integer, longValue=2, textValue=2]
16:46:14.067 [main] DEBUG org.activiti.engine.impl.db.DbSqlSession - skipping redundant delete: HistoricVariableInstanceEntity[id=2517, name=nrOfActiveInstances, revision=0, type=integer, longValue=3, textValue=3]
16:46:14.067 [main] DEBUG org.activiti.engine.impl.db.DbSqlSession - skipping redundant delete: HistoricVariableInstanceEntity[id=2506, name=applyUserId, revision=0, type=string, textValue=henryyan]
16:46:14.067 [main] DEBUG org.activiti.engine.impl.db.DbSqlSession - skipping redundant delete: HistoricVariableInstanceEntity[id=2516, name=nrOfCompletedInstances, revision=0, type=integer, longValue=0, textValue=0]
16:46:14.067 [main] DEBUG org.activiti.engine.impl.history.DefaultHistoryManager - Current history level: AUDIT, level required: ACTIVITY
16:46:14.067 [main] DEBUG org.activiti.engine.impl.history.DefaultHistoryManager - Current history level: AUDIT, level required: AUDIT
16:46:14.067 [main] DEBUG org.activiti.engine.impl.persistence.entity.HistoricTaskInstanceEntity.selectHistoricTaskInstanceIdsByProcessInstanceId - ==>  Preparing: select ID_ from ACT_HI_TASKINST where PROC_INST_ID_ = ? 
16:46:14.067 [main] DEBUG org.activiti.engine.impl.persistence.entity.HistoricTaskInstanceEntity.selectHistoricTaskInstanceIdsByProcessInstanceId - ==> Parameters: 2505(String)
16:46:14.067 [main] DEBUG org.activiti.engine.impl.persistence.entity.HistoricTaskInstanceEntity.selectHistoricTaskInstanceIdsByProcessInstanceId - <==      Total: 3
16:46:14.067 [main] DEBUG org.activiti.engine.impl.history.DefaultHistoryManager - Current history level: AUDIT
16:46:14.067 [main] DEBUG org.activiti.engine.impl.history.DefaultHistoryManager - Current history level: AUDIT
16:46:14.067 [main] DEBUG org.activiti.engine.impl.history.DefaultHistoryManager - Current history level: AUDIT, level required: FULL
16:46:14.068 [main] DEBUG org.activiti.engine.impl.history.DefaultHistoryManager - Current history level: AUDIT, level required: ACTIVITY
16:46:14.068 [main] DEBUG org.activiti.engine.impl.history.DefaultHistoryManager - Current history level: AUDIT
16:46:14.068 [main] DEBUG org.activiti.engine.impl.history.DefaultHistoryManager - Current history level: AUDIT
16:46:14.068 [main] DEBUG org.activiti.engine.impl.db.DbSqlSession - skipping redundant delete: org.activiti.engine.impl.persistence.entity.HistoricTaskInstanceEntity@3d43fe
16:46:14.068 [main] DEBUG org.activiti.engine.impl.history.DefaultHistoryManager - Current history level: AUDIT
16:46:14.068 [main] DEBUG org.activiti.engine.impl.history.DefaultHistoryManager - Current history level: AUDIT
16:46:14.068 [main] DEBUG org.activiti.engine.impl.history.DefaultHistoryManager - Current history level: AUDIT, level required: FULL
16:46:14.068 [main] DEBUG org.activiti.engine.impl.history.DefaultHistoryManager - Current history level: AUDIT, level required: ACTIVITY
16:46:14.069 [main] DEBUG org.activiti.engine.impl.history.DefaultHistoryManager - Current history level: AUDIT
16:46:14.069 [main] DEBUG org.activiti.engine.impl.history.DefaultHistoryManager - Current history level: AUDIT
16:46:14.070 [main] DEBUG org.activiti.engine.impl.db.DbSqlSession - skipping redundant delete: org.activiti.engine.impl.persistence.entity.HistoricTaskInstanceEntity@476a736d
16:46:14.070 [main] DEBUG org.activiti.engine.impl.history.DefaultHistoryManager - Current history level: AUDIT
16:46:14.070 [main] DEBUG org.activiti.engine.impl.history.DefaultHistoryManager - Current history level: AUDIT
16:46:14.070 [main] DEBUG org.activiti.engine.impl.history.DefaultHistoryManager - Current history level: AUDIT, level required: FULL
16:46:14.070 [main] DEBUG org.activiti.engine.impl.history.DefaultHistoryManager - Current history level: AUDIT, level required: ACTIVITY
16:46:14.070 [main] DEBUG org.activiti.engine.impl.history.DefaultHistoryManager - Current history level: AUDIT
16:46:14.070 [main] DEBUG org.activiti.engine.impl.history.DefaultHistoryManager - Current history level: AUDIT
16:46:14.070 [main] DEBUG org.activiti.engine.impl.db.DbSqlSession - skipping redundant delete: org.activiti.engine.impl.persistence.entity.HistoricTaskInstanceEntity@5f80fa43
16:46:14.070 [main] DEBUG org.activiti.engine.impl.persistence.entity.HistoricIdentityLinkEntity.selectHistoricIdentityLinksByProcessInstance - ==>  Preparing: select * from ACT_HI_IDENTITYLINK where PROC_INST_ID_ = ? 
16:46:14.070 [main] DEBUG org.activiti.engine.impl.persistence.entity.HistoricIdentityLinkEntity.selectHistoricIdentityLinksByProcessInstance - ==> Parameters: 2505(String)
16:46:14.071 [main] DEBUG org.activiti.engine.impl.persistence.entity.HistoricIdentityLinkEntity.selectHistoricIdentityLinksByProcessInstance - <==      Total: 4
16:46:14.071 [main] DEBUG org.activiti.engine.impl.db.DbSqlSession - skipping redundant delete: org.activiti.engine.impl.persistence.entity.HistoricIdentityLinkEntity@16c8b7bd
16:46:14.071 [main] DEBUG org.activiti.engine.impl.db.DbSqlSession - skipping redundant delete: org.activiti.engine.impl.persistence.entity.HistoricIdentityLinkEntity@7159139f
16:46:14.071 [main] DEBUG org.activiti.engine.impl.db.DbSqlSession - skipping redundant delete: org.activiti.engine.impl.persistence.entity.HistoricIdentityLinkEntity@65bcf7c2
16:46:14.071 [main] DEBUG org.activiti.engine.impl.db.DbSqlSession - skipping redundant delete: org.activiti.engine.impl.persistence.entity.HistoricIdentityLinkEntity@3db64bd4
16:46:14.071 [main] DEBUG org.activiti.engine.impl.history.DefaultHistoryManager - Current history level: AUDIT
16:46:14.072 [main] DEBUG org.activiti.engine.impl.persistence.entity.HistoricProcessInstanceEntity.selectHistoricProcessInstancesByQueryCriteria - ==>  Preparing: select RES.* from ACT_HI_PROCINST RES WHERE RES.SUPER_PROCESS_INSTANCE_ID_ = ? order by RES.ID_ asc LIMIT ? OFFSET ? 
16:46:14.072 [main] DEBUG org.activiti.engine.impl.persistence.entity.HistoricProcessInstanceEntity.selectHistoricProcessInstancesByQueryCriteria - ==> Parameters: 2505(String), 2147483647(Integer), 0(Integer)
16:46:14.073 [main] DEBUG org.activiti.engine.impl.persistence.entity.HistoricProcessInstanceEntity.selectHistoricProcessInstancesByQueryCriteria - <==      Total: 0
16:46:14.073 [main] DEBUG org.activiti.engine.impl.history.DefaultHistoryManager - Current history level: AUDIT
16:46:14.073 [main] DEBUG org.activiti.engine.impl.persistence.entity.HistoricProcessInstanceEntity.selectHistoricProcessInstanceIdsByProcessDefinitionId - ==>  Preparing: select ID_ from ACT_HI_PROCINST where PROC_DEF_ID_ = ? 
16:46:14.073 [main] DEBUG org.activiti.engine.impl.persistence.entity.HistoricProcessInstanceEntity.selectHistoricProcessInstanceIdsByProcessDefinitionId - ==> Parameters: leave-countersign:1:2504(String)
16:46:14.073 [main] DEBUG org.activiti.engine.impl.persistence.entity.HistoricProcessInstanceEntity.selectHistoricProcessInstanceIdsByProcessDefinitionId - <==      Total: 1
16:46:14.073 [main] DEBUG org.activiti.engine.impl.history.DefaultHistoryManager - Current history level: AUDIT
16:46:14.073 [main] DEBUG org.activiti.engine.impl.history.DefaultHistoryManager - Current history level: AUDIT
16:46:14.073 [main] DEBUG org.activiti.engine.impl.history.DefaultHistoryManager - Current history level: AUDIT, level required: AUDIT
16:46:14.073 [main] DEBUG org.activiti.engine.impl.history.DefaultHistoryManager - Current history level: AUDIT, level required: ACTIVITY
16:46:14.074 [main] DEBUG org.activiti.engine.impl.db.DbSqlSession - skipping redundant delete: HistoricVariableInstanceEntity[id=2506, name=applyUserId, revision=0, type=string, textValue=henryyan]
16:46:14.074 [main] DEBUG org.activiti.engine.impl.db.DbSqlSession - skipping redundant delete: HistoricVariableInstanceEntity[id=2510, name=users, revision=0, type=serializable, byteArrayValueId=2511]
16:46:14.074 [main] DEBUG org.activiti.engine.impl.db.DbSqlSession - skipping redundant delete: HistoricVariableInstanceEntity[id=2512, name=approvedCounter, revision=0, type=long, longValue=0, textValue=0]
16:46:14.074 [main] DEBUG org.activiti.engine.impl.db.DbSqlSession - skipping redundant delete: HistoricVariableInstanceEntity[id=2515, name=nrOfInstances, revision=0, type=integer, longValue=3, textValue=3]
16:46:14.074 [main] DEBUG org.activiti.engine.impl.db.DbSqlSession - skipping redundant delete: HistoricVariableInstanceEntity[id=2516, name=nrOfCompletedInstances, revision=0, type=integer, longValue=0, textValue=0]
16:46:14.074 [main] DEBUG org.activiti.engine.impl.db.DbSqlSession - skipping redundant delete: HistoricVariableInstanceEntity[id=2517, name=nrOfActiveInstances, revision=0, type=integer, longValue=3, textValue=3]
16:46:14.074 [main] DEBUG org.activiti.engine.impl.db.DbSqlSession - skipping redundant delete: HistoricVariableInstanceEntity[id=2521, name=loopCounter, revision=0, type=integer, longValue=0, textValue=0]
16:46:14.074 [main] DEBUG org.activiti.engine.impl.db.DbSqlSession - skipping redundant delete: HistoricVariableInstanceEntity[id=2522, name=user, revision=0, type=string, textValue=groupLeader]
16:46:14.074 [main] DEBUG org.activiti.engine.impl.db.DbSqlSession - skipping redundant delete: HistoricVariableInstanceEntity[id=2525, name=loopCounter, revision=0, type=integer, longValue=1, textValue=1]
16:46:14.074 [main] DEBUG org.activiti.engine.impl.db.DbSqlSession - skipping redundant delete: HistoricVariableInstanceEntity[id=2526, name=user, revision=0, type=string, textValue=deptLeader]
16:46:14.074 [main] DEBUG org.activiti.engine.impl.db.DbSqlSession - skipping redundant delete: HistoricVariableInstanceEntity[id=2530, name=loopCounter, revision=0, type=integer, longValue=2, textValue=2]
16:46:14.074 [main] DEBUG org.activiti.engine.impl.db.DbSqlSession - skipping redundant delete: HistoricVariableInstanceEntity[id=2531, name=user, revision=0, type=string, textValue=hr]
16:46:14.074 [main] DEBUG org.activiti.engine.impl.db.DbSqlSession - skipping redundant delete: HistoricVariableInstanceEntity[id=2526, name=user, revision=0, type=string, textValue=deptLeader]
16:46:14.074 [main] DEBUG org.activiti.engine.impl.db.DbSqlSession - skipping redundant delete: HistoricVariableInstanceEntity[id=2515, name=nrOfInstances, revision=0, type=integer, longValue=3, textValue=3]
16:46:14.074 [main] DEBUG org.activiti.engine.impl.db.DbSqlSession - skipping redundant delete: HistoricVariableInstanceEntity[id=2525, name=loopCounter, revision=0, type=integer, longValue=1, textValue=1]
16:46:14.074 [main] DEBUG org.activiti.engine.impl.db.DbSqlSession - skipping redundant delete: HistoricVariableInstanceEntity[id=2512, name=approvedCounter, revision=0, type=long, longValue=0, textValue=0]
16:46:14.074 [main] DEBUG org.activiti.engine.impl.db.DbSqlSession - skipping redundant delete: HistoricVariableInstanceEntity[id=2522, name=user, revision=0, type=string, textValue=groupLeader]
16:46:14.074 [main] DEBUG org.activiti.engine.impl.db.DbSqlSession - skipping redundant delete: HistoricVariableInstanceEntity[id=2521, name=loopCounter, revision=0, type=integer, longValue=0, textValue=0]
16:46:14.074 [main] DEBUG org.activiti.engine.impl.db.DbSqlSession - skipping redundant delete: HistoricVariableInstanceEntity[id=2510, name=users, revision=0, type=serializable, byteArrayValueId=2511]
16:46:14.074 [main] DEBUG org.activiti.engine.impl.db.DbSqlSession - skipping redundant delete: HistoricVariableInstanceEntity[id=2531, name=user, revision=0, type=string, textValue=hr]
16:46:14.074 [main] DEBUG org.activiti.engine.impl.db.DbSqlSession - skipping redundant delete: HistoricVariableInstanceEntity[id=2530, name=loopCounter, revision=0, type=integer, longValue=2, textValue=2]
16:46:14.074 [main] DEBUG org.activiti.engine.impl.db.DbSqlSession - skipping redundant delete: HistoricVariableInstanceEntity[id=2517, name=nrOfActiveInstances, revision=0, type=integer, longValue=3, textValue=3]
16:46:14.074 [main] DEBUG org.activiti.engine.impl.db.DbSqlSession - skipping redundant delete: HistoricVariableInstanceEntity[id=2506, name=applyUserId, revision=0, type=string, textValue=henryyan]
16:46:14.074 [main] DEBUG org.activiti.engine.impl.db.DbSqlSession - skipping redundant delete: HistoricVariableInstanceEntity[id=2516, name=nrOfCompletedInstances, revision=0, type=integer, longValue=0, textValue=0]
16:46:14.074 [main] DEBUG org.activiti.engine.impl.history.DefaultHistoryManager - Current history level: AUDIT, level required: ACTIVITY
16:46:14.074 [main] DEBUG org.activiti.engine.impl.history.DefaultHistoryManager - Current history level: AUDIT, level required: AUDIT
16:46:14.074 [main] DEBUG org.activiti.engine.impl.history.DefaultHistoryManager - Current history level: AUDIT
16:46:14.074 [main] DEBUG org.activiti.engine.impl.history.DefaultHistoryManager - Current history level: AUDIT
16:46:14.074 [main] DEBUG org.activiti.engine.impl.history.DefaultHistoryManager - Current history level: AUDIT, level required: FULL
16:46:14.074 [main] DEBUG org.activiti.engine.impl.history.DefaultHistoryManager - Current history level: AUDIT, level required: ACTIVITY
16:46:14.074 [main] DEBUG org.activiti.engine.impl.history.DefaultHistoryManager - Current history level: AUDIT
16:46:14.074 [main] DEBUG org.activiti.engine.impl.history.DefaultHistoryManager - Current history level: AUDIT
16:46:14.074 [main] DEBUG org.activiti.engine.impl.db.DbSqlSession - skipping redundant delete: org.activiti.engine.impl.persistence.entity.HistoricTaskInstanceEntity@3d43fe
16:46:14.074 [main] DEBUG org.activiti.engine.impl.history.DefaultHistoryManager - Current history level: AUDIT
16:46:14.074 [main] DEBUG org.activiti.engine.impl.history.DefaultHistoryManager - Current history level: AUDIT
16:46:14.074 [main] DEBUG org.activiti.engine.impl.history.DefaultHistoryManager - Current history level: AUDIT, level required: FULL
16:46:14.074 [main] DEBUG org.activiti.engine.impl.history.DefaultHistoryManager - Current history level: AUDIT, level required: ACTIVITY
16:46:14.074 [main] DEBUG org.activiti.engine.impl.history.DefaultHistoryManager - Current history level: AUDIT
16:46:14.075 [main] DEBUG org.activiti.engine.impl.history.DefaultHistoryManager - Current history level: AUDIT
16:46:14.075 [main] DEBUG org.activiti.engine.impl.db.DbSqlSession - skipping redundant delete: org.activiti.engine.impl.persistence.entity.HistoricTaskInstanceEntity@476a736d
16:46:14.075 [main] DEBUG org.activiti.engine.impl.history.DefaultHistoryManager - Current history level: AUDIT
16:46:14.075 [main] DEBUG org.activiti.engine.impl.history.DefaultHistoryManager - Current history level: AUDIT
16:46:14.075 [main] DEBUG org.activiti.engine.impl.history.DefaultHistoryManager - Current history level: AUDIT, level required: FULL
16:46:14.075 [main] DEBUG org.activiti.engine.impl.history.DefaultHistoryManager - Current history level: AUDIT, level required: ACTIVITY
16:46:14.075 [main] DEBUG org.activiti.engine.impl.history.DefaultHistoryManager - Current history level: AUDIT
16:46:14.075 [main] DEBUG org.activiti.engine.impl.history.DefaultHistoryManager - Current history level: AUDIT
16:46:14.075 [main] DEBUG org.activiti.engine.impl.db.DbSqlSession - skipping redundant delete: org.activiti.engine.impl.persistence.entity.HistoricTaskInstanceEntity@5f80fa43
16:46:14.075 [main] DEBUG org.activiti.engine.impl.db.DbSqlSession - skipping redundant delete: org.activiti.engine.impl.persistence.entity.HistoricIdentityLinkEntity@65bcf7c2
16:46:14.075 [main] DEBUG org.activiti.engine.impl.db.DbSqlSession - skipping redundant delete: org.activiti.engine.impl.persistence.entity.HistoricIdentityLinkEntity@16c8b7bd
16:46:14.075 [main] DEBUG org.activiti.engine.impl.db.DbSqlSession - skipping redundant delete: org.activiti.engine.impl.persistence.entity.HistoricIdentityLinkEntity@3db64bd4
16:46:14.075 [main] DEBUG org.activiti.engine.impl.db.DbSqlSession - skipping redundant delete: org.activiti.engine.impl.persistence.entity.HistoricIdentityLinkEntity@7159139f
16:46:14.075 [main] DEBUG org.activiti.engine.impl.db.DbSqlSession - skipping redundant delete: org.activiti.engine.impl.persistence.entity.HistoricIdentityLinkEntity@16c8b7bd
16:46:14.075 [main] DEBUG org.activiti.engine.impl.db.DbSqlSession - skipping redundant delete: org.activiti.engine.impl.persistence.entity.HistoricIdentityLinkEntity@7159139f
16:46:14.075 [main] DEBUG org.activiti.engine.impl.db.DbSqlSession - skipping redundant delete: org.activiti.engine.impl.persistence.entity.HistoricIdentityLinkEntity@65bcf7c2
16:46:14.075 [main] DEBUG org.activiti.engine.impl.db.DbSqlSession - skipping redundant delete: org.activiti.engine.impl.persistence.entity.HistoricIdentityLinkEntity@3db64bd4
16:46:14.075 [main] DEBUG org.activiti.engine.impl.history.DefaultHistoryManager - Current history level: AUDIT
16:46:14.075 [main] DEBUG org.activiti.engine.impl.db.DbSqlSession - skipping redundant delete: HistoricProcessInstanceEntity[superProcessInstanceId=null]
16:46:14.075 [main] DEBUG org.activiti.engine.impl.persistence.entity.JobEntity.selectJobsByConfiguration - ==>  Preparing: select * from ACT_RU_JOB where HANDLER_TYPE_ = ? and HANDLER_CFG_ = ? 
16:46:14.076 [main] DEBUG org.activiti.engine.impl.persistence.entity.JobEntity.selectJobsByConfiguration - ==> Parameters: timer-start-event(String), leave-countersign(String)
16:46:14.076 [main] DEBUG org.activiti.engine.impl.persistence.entity.JobEntity.selectJobsByConfiguration - <==      Total: 0
16:46:14.076 [main] DEBUG org.activiti.engine.impl.persistence.entity.EventSubscriptionEntity.selectEventSubscriptionsByConfiguration - ==>  Preparing: select * from ACT_RU_EVENT_SUBSCR where (EVENT_TYPE_ = ?) and ( (CONFIGURATION_ = ?) or (PROC_DEF_ID_ = ?) ) and (TENANT_ID_ = '' or TENANT_ID_ is null) 
16:46:14.076 [main] DEBUG org.activiti.engine.impl.persistence.entity.EventSubscriptionEntity.selectEventSubscriptionsByConfiguration - ==> Parameters: message(String), leave-countersign:1:2504(String), leave-countersign:1:2504(String)
16:46:14.076 [main] DEBUG org.activiti.engine.impl.persistence.entity.EventSubscriptionEntity.selectEventSubscriptionsByConfiguration - <==      Total: 0
16:46:14.076 [main] DEBUG org.activiti.engine.impl.db.DbSqlSession - flush summary: 0 insert, 3 update, 64 delete.
16:46:14.076 [main] DEBUG org.activiti.engine.impl.db.DbSqlSession -   update HistoricActivityInstanceEntity[activityId=countersign, activityName=[部门/人事]联合会签]
16:46:14.077 [main] DEBUG org.activiti.engine.impl.db.DbSqlSession -   update HistoricActivityInstanceEntity[activityId=countersign, activityName=[部门/人事]联合会签]
16:46:14.077 [main] DEBUG org.activiti.engine.impl.db.DbSqlSession -   update HistoricActivityInstanceEntity[activityId=countersign, activityName=[部门/人事]联合会签]
16:46:14.077 [main] DEBUG org.activiti.engine.impl.db.DbSqlSession -   bulk delete: deleteCommentsByTaskId(2523)
16:46:14.077 [main] DEBUG org.activiti.engine.impl.db.DbSqlSession -   delete org.activiti.engine.impl.persistence.entity.HistoricTaskInstanceEntity@3d43fe
16:46:14.077 [main] DEBUG org.activiti.engine.impl.db.DbSqlSession -   delete Task[id=2523, name=[部门/人事]联合会签]
16:46:14.077 [main] DEBUG org.activiti.engine.impl.db.DbSqlSession -   bulk delete: deleteCommentsByTaskId(2528)
16:46:14.077 [main] DEBUG org.activiti.engine.impl.db.DbSqlSession -   delete org.activiti.engine.impl.persistence.entity.HistoricTaskInstanceEntity@476a736d
16:46:14.077 [main] DEBUG org.activiti.engine.impl.db.DbSqlSession -   delete Task[id=2528, name=[部门/人事]联合会签]
16:46:14.077 [main] DEBUG org.activiti.engine.impl.db.DbSqlSession -   bulk delete: deleteCommentsByTaskId(2533)
16:46:14.077 [main] DEBUG org.activiti.engine.impl.db.DbSqlSession -   delete org.activiti.engine.impl.persistence.entity.HistoricTaskInstanceEntity@5f80fa43
16:46:14.077 [main] DEBUG org.activiti.engine.impl.db.DbSqlSession -   delete Task[id=2533, name=[部门/人事]联合会签]
16:46:14.077 [main] DEBUG org.activiti.engine.impl.db.DbSqlSession -   delete VariableInstanceEntity[id=2521, name=loopCounter, type=integer, longValue=0, textValue=0]
16:46:14.077 [main] DEBUG org.activiti.engine.impl.db.DbSqlSession -   delete VariableInstanceEntity[id=2522, name=user, type=string, textValue=groupLeader]
16:46:14.077 [main] DEBUG org.activiti.engine.impl.db.DbSqlSession -   delete ConcurrentExecution[2518]
16:46:14.077 [main] DEBUG org.activiti.engine.impl.db.DbSqlSession -   delete VariableInstanceEntity[id=2525, name=loopCounter, type=integer, longValue=1, textValue=1]
16:46:14.077 [main] DEBUG org.activiti.engine.impl.db.DbSqlSession -   delete VariableInstanceEntity[id=2526, name=user, type=string, textValue=deptLeader]
16:46:14.077 [main] DEBUG org.activiti.engine.impl.db.DbSqlSession -   delete ConcurrentExecution[2519]
16:46:14.077 [main] DEBUG org.activiti.engine.impl.db.DbSqlSession -   delete VariableInstanceEntity[id=2530, name=loopCounter, type=integer, longValue=2, textValue=2]
16:46:14.077 [main] DEBUG org.activiti.engine.impl.db.DbSqlSession -   delete VariableInstanceEntity[id=2531, name=user, type=string, textValue=hr]
16:46:14.077 [main] DEBUG org.activiti.engine.impl.db.DbSqlSession -   delete ConcurrentExecution[2520]
16:46:14.077 [main] DEBUG org.activiti.engine.impl.db.DbSqlSession -   delete VariableInstanceEntity[id=2515, name=nrOfInstances, type=integer, longValue=3, textValue=3]
16:46:14.077 [main] DEBUG org.activiti.engine.impl.db.DbSqlSession -   delete VariableInstanceEntity[id=2516, name=nrOfCompletedInstances, type=integer, longValue=0, textValue=0]
16:46:14.077 [main] DEBUG org.activiti.engine.impl.db.DbSqlSession -   delete VariableInstanceEntity[id=2517, name=nrOfActiveInstances, type=integer, longValue=3, textValue=3]
16:46:14.077 [main] DEBUG org.activiti.engine.impl.db.DbSqlSession -   delete Execution[2513]
16:46:14.077 [main] DEBUG org.activiti.engine.impl.db.DbSqlSession -   delete VariableInstanceEntity[id=2506, name=applyUserId, type=string, textValue=henryyan]
16:46:14.077 [main] DEBUG org.activiti.engine.impl.db.DbSqlSession -   delete VariableInstanceEntity[id=2510, name=users, type=serializable, byteArrayValueId=2509]
16:46:14.077 [main] DEBUG org.activiti.engine.impl.db.DbSqlSession -   delete ByteArrayEntity[id=2509, name=var-users, size=145]
16:46:14.077 [main] DEBUG org.activiti.engine.impl.db.DbSqlSession -   delete VariableInstanceEntity[id=2512, name=approvedCounter, type=long, longValue=0, textValue=0]
16:46:14.077 [main] DEBUG org.activiti.engine.impl.db.DbSqlSession -   delete IdentityLinkEntity[id=2507, type=starter, userId=henryyan, processInstanceId=2505]
16:46:14.077 [main] DEBUG org.activiti.engine.impl.db.DbSqlSession -   delete IdentityLinkEntity[id=2524, type=participant, userId=groupLeader, processInstanceId=2505]
16:46:14.077 [main] DEBUG org.activiti.engine.impl.db.DbSqlSession -   delete IdentityLinkEntity[id=2529, type=participant, userId=deptLeader, processInstanceId=2505]
16:46:14.077 [main] DEBUG org.activiti.engine.impl.db.DbSqlSession -   delete IdentityLinkEntity[id=2534, type=participant, userId=hr, processInstanceId=2505]
16:46:14.077 [main] DEBUG org.activiti.engine.impl.db.DbSqlSession -   delete ProcessInstance[2505]
16:46:14.077 [main] DEBUG org.activiti.engine.impl.db.DbSqlSession -   delete HistoricVariableInstanceEntity[id=2506, name=applyUserId, revision=0, type=string, textValue=henryyan]
16:46:14.077 [main] DEBUG org.activiti.engine.impl.db.DbSqlSession -   delete HistoricVariableInstanceEntity[id=2510, name=users, revision=0, type=serializable, byteArrayValueId=2511]
16:46:14.077 [main] DEBUG org.activiti.engine.impl.db.DbSqlSession -   delete ByteArrayEntity[id=2511, name=hist.var-users, size=145]
16:46:14.077 [main] DEBUG org.activiti.engine.impl.db.DbSqlSession -   delete HistoricVariableInstanceEntity[id=2512, name=approvedCounter, revision=0, type=long, longValue=0, textValue=0]
16:46:14.077 [main] DEBUG org.activiti.engine.impl.db.DbSqlSession -   delete HistoricVariableInstanceEntity[id=2515, name=nrOfInstances, revision=0, type=integer, longValue=3, textValue=3]
16:46:14.077 [main] DEBUG org.activiti.engine.impl.db.DbSqlSession -   delete HistoricVariableInstanceEntity[id=2516, name=nrOfCompletedInstances, revision=0, type=integer, longValue=0, textValue=0]
16:46:14.077 [main] DEBUG org.activiti.engine.impl.db.DbSqlSession -   delete HistoricVariableInstanceEntity[id=2517, name=nrOfActiveInstances, revision=0, type=integer, longValue=3, textValue=3]
16:46:14.077 [main] DEBUG org.activiti.engine.impl.db.DbSqlSession -   delete HistoricVariableInstanceEntity[id=2521, name=loopCounter, revision=0, type=integer, longValue=0, textValue=0]
16:46:14.077 [main] DEBUG org.activiti.engine.impl.db.DbSqlSession -   delete HistoricVariableInstanceEntity[id=2522, name=user, revision=0, type=string, textValue=groupLeader]
16:46:14.077 [main] DEBUG org.activiti.engine.impl.db.DbSqlSession -   delete HistoricVariableInstanceEntity[id=2525, name=loopCounter, revision=0, type=integer, longValue=1, textValue=1]
16:46:14.077 [main] DEBUG org.activiti.engine.impl.db.DbSqlSession -   delete HistoricVariableInstanceEntity[id=2526, name=user, revision=0, type=string, textValue=deptLeader]
16:46:14.077 [main] DEBUG org.activiti.engine.impl.db.DbSqlSession -   delete HistoricVariableInstanceEntity[id=2530, name=loopCounter, revision=0, type=integer, longValue=2, textValue=2]
16:46:14.077 [main] DEBUG org.activiti.engine.impl.db.DbSqlSession -   delete HistoricVariableInstanceEntity[id=2531, name=user, revision=0, type=string, textValue=hr]
16:46:14.077 [main] DEBUG org.activiti.engine.impl.db.DbSqlSession -   bulk delete: deleteHistoricActivityInstancesByProcessInstanceId(2505)
16:46:14.077 [main] DEBUG org.activiti.engine.impl.db.DbSqlSession -   bulk delete: deleteCommentsByTaskId(2523)
16:46:14.077 [main] DEBUG org.activiti.engine.impl.db.DbSqlSession -   bulk delete: deleteCommentsByTaskId(2528)
16:46:14.077 [main] DEBUG org.activiti.engine.impl.db.DbSqlSession -   bulk delete: deleteCommentsByTaskId(2533)
16:46:14.077 [main] DEBUG org.activiti.engine.impl.db.DbSqlSession -   delete org.activiti.engine.impl.persistence.entity.HistoricIdentityLinkEntity@65bcf7c2
16:46:14.077 [main] DEBUG org.activiti.engine.impl.db.DbSqlSession -   delete org.activiti.engine.impl.persistence.entity.HistoricIdentityLinkEntity@16c8b7bd
16:46:14.077 [main] DEBUG org.activiti.engine.impl.db.DbSqlSession -   delete org.activiti.engine.impl.persistence.entity.HistoricIdentityLinkEntity@3db64bd4
16:46:14.077 [main] DEBUG org.activiti.engine.impl.db.DbSqlSession -   delete org.activiti.engine.impl.persistence.entity.HistoricIdentityLinkEntity@7159139f
16:46:14.077 [main] DEBUG org.activiti.engine.impl.db.DbSqlSession -   bulk delete: deleteCommentsByProcessInstanceId(2505)
16:46:14.077 [main] DEBUG org.activiti.engine.impl.db.DbSqlSession -   delete HistoricProcessInstanceEntity[superProcessInstanceId=null]
16:46:14.077 [main] DEBUG org.activiti.engine.impl.db.DbSqlSession -   bulk delete: deleteHistoricActivityInstancesByProcessInstanceId(2505)
16:46:14.077 [main] DEBUG org.activiti.engine.impl.db.DbSqlSession -   bulk delete: deleteCommentsByTaskId(2523)
16:46:14.077 [main] DEBUG org.activiti.engine.impl.db.DbSqlSession -   bulk delete: deleteCommentsByTaskId(2528)
16:46:14.077 [main] DEBUG org.activiti.engine.impl.db.DbSqlSession -   bulk delete: deleteCommentsByTaskId(2533)
16:46:14.077 [main] DEBUG org.activiti.engine.impl.db.DbSqlSession -   bulk delete: deleteCommentsByProcessInstanceId(2505)
16:46:14.077 [main] DEBUG org.activiti.engine.impl.db.DbSqlSession -   bulk delete: deleteIdentityLinkByProcDef(leave-countersign:1:2504)
16:46:14.077 [main] DEBUG org.activiti.engine.impl.db.DbSqlSession -   bulk delete: deleteEventSubscriptionsForProcessDefinition(leave-countersign:1:2504)
16:46:14.077 [main] DEBUG org.activiti.engine.impl.db.DbSqlSession -   bulk delete: deleteProcessDefinitionsByDeploymentId(2501)
16:46:14.077 [main] DEBUG org.activiti.engine.impl.db.DbSqlSession -   bulk delete: deleteResourcesByDeploymentId(2501)
16:46:14.077 [main] DEBUG org.activiti.engine.impl.db.DbSqlSession -   bulk delete: deleteDeployment(2501)
16:46:14.077 [main] DEBUG org.activiti.engine.impl.db.DbSqlSession - now executing flush...
16:46:14.077 [main] DEBUG org.activiti.engine.impl.db.DbSqlSession - updating: HistoricActivityInstanceEntity[activityId=countersign, activityName=[部门/人事]联合会签]
16:46:14.077 [main] DEBUG org.activiti.engine.impl.persistence.entity.HistoricActivityInstanceEntity.updateHistoricActivityInstance - ==>  Preparing: update ACT_HI_ACTINST set EXECUTION_ID_ = ?, ASSIGNEE_ = ?, END_TIME_ = ?, DURATION_ = ? where ID_ = ? 
16:46:14.078 [main] DEBUG org.activiti.engine.impl.persistence.entity.HistoricActivityInstanceEntity.updateHistoricActivityInstance - ==> Parameters: 2513(String), groupLeader(String), 2017-11-28 16:46:14.047(Timestamp), 160(Long), 2514(String)
16:46:14.078 [main] DEBUG org.activiti.engine.impl.persistence.entity.HistoricActivityInstanceEntity.updateHistoricActivityInstance - <==    Updates: 1
16:46:14.078 [main] DEBUG org.activiti.engine.impl.db.DbSqlSession - updating: HistoricActivityInstanceEntity[activityId=countersign, activityName=[部门/人事]联合会签]
16:46:14.078 [main] DEBUG org.activiti.engine.impl.persistence.entity.HistoricActivityInstanceEntity.updateHistoricActivityInstance - ==>  Preparing: update ACT_HI_ACTINST set EXECUTION_ID_ = ?, ASSIGNEE_ = ?, END_TIME_ = ?, DURATION_ = ? where ID_ = ? 
16:46:14.078 [main] DEBUG org.activiti.engine.impl.persistence.entity.HistoricActivityInstanceEntity.updateHistoricActivityInstance - ==> Parameters: 2520(String), hr(String), 2017-11-28 16:46:14.035(Timestamp), 140(Long), 2532(String)
16:46:14.078 [main] DEBUG org.activiti.engine.impl.persistence.entity.HistoricActivityInstanceEntity.updateHistoricActivityInstance - <==    Updates: 1
16:46:14.078 [main] DEBUG org.activiti.engine.impl.db.DbSqlSession - updating: HistoricActivityInstanceEntity[activityId=countersign, activityName=[部门/人事]联合会签]
16:46:14.078 [main] DEBUG org.activiti.engine.impl.persistence.entity.HistoricActivityInstanceEntity.updateHistoricActivityInstance - ==>  Preparing: update ACT_HI_ACTINST set EXECUTION_ID_ = ?, ASSIGNEE_ = ?, END_TIME_ = ?, DURATION_ = ? where ID_ = ? 
16:46:14.078 [main] DEBUG org.activiti.engine.impl.persistence.entity.HistoricActivityInstanceEntity.updateHistoricActivityInstance - ==> Parameters: 2519(String), deptLeader(String), 2017-11-28 16:46:14.02(Timestamp), 127(Long), 2527(String)
16:46:14.079 [main] DEBUG org.activiti.engine.impl.persistence.entity.HistoricActivityInstanceEntity.updateHistoricActivityInstance - <==    Updates: 1
16:46:14.079 [main] DEBUG org.activiti.engine.impl.db.DbSqlSession - executing: bulk delete: deleteCommentsByTaskId(2523)
16:46:14.079 [main] DEBUG org.activiti.engine.impl.persistence.entity.CommentEntity.deleteCommentsByTaskId - ==>  Preparing: delete from ACT_HI_COMMENT where TASK_ID_ = ? 
16:46:14.079 [main] DEBUG org.activiti.engine.impl.persistence.entity.CommentEntity.deleteCommentsByTaskId - ==> Parameters: 2523(String)
16:46:14.079 [main] DEBUG org.activiti.engine.impl.persistence.entity.CommentEntity.deleteCommentsByTaskId - <==    Updates: 0
16:46:14.079 [main] DEBUG org.activiti.engine.impl.db.DbSqlSession - executing: delete org.activiti.engine.impl.persistence.entity.HistoricTaskInstanceEntity@3d43fe
16:46:14.079 [main] DEBUG org.activiti.engine.impl.persistence.entity.HistoricTaskInstanceEntity.deleteHistoricTaskInstance - ==>  Preparing: delete from ACT_HI_TASKINST where ID_ = ? 
16:46:14.079 [main] DEBUG org.activiti.engine.impl.persistence.entity.HistoricTaskInstanceEntity.deleteHistoricTaskInstance - ==> Parameters: 2523(String)
16:46:14.079 [main] DEBUG org.activiti.engine.impl.persistence.entity.HistoricTaskInstanceEntity.deleteHistoricTaskInstance - <==    Updates: 1
16:46:14.079 [main] DEBUG org.activiti.engine.impl.db.DbSqlSession - executing: delete Task[id=2523, name=[部门/人事]联合会签]
16:46:14.079 [main] DEBUG org.activiti.engine.impl.persistence.entity.TaskEntity.deleteTask - ==>  Preparing: delete from ACT_RU_TASK where ID_ = ? and REV_ = ? 
16:46:14.080 [main] DEBUG org.activiti.engine.impl.persistence.entity.TaskEntity.deleteTask - ==> Parameters: 2523(String), 1(Integer)
16:46:14.080 [main] DEBUG org.activiti.engine.impl.persistence.entity.TaskEntity.deleteTask - <==    Updates: 1
16:46:14.080 [main] DEBUG org.activiti.engine.impl.db.DbSqlSession - executing: bulk delete: deleteCommentsByTaskId(2528)
16:46:14.080 [main] DEBUG org.activiti.engine.impl.persistence.entity.CommentEntity.deleteCommentsByTaskId - ==>  Preparing: delete from ACT_HI_COMMENT where TASK_ID_ = ? 
16:46:14.080 [main] DEBUG org.activiti.engine.impl.persistence.entity.CommentEntity.deleteCommentsByTaskId - ==> Parameters: 2528(String)
16:46:14.080 [main] DEBUG org.activiti.engine.impl.persistence.entity.CommentEntity.deleteCommentsByTaskId - <==    Updates: 0
16:46:14.080 [main] DEBUG org.activiti.engine.impl.db.DbSqlSession - executing: delete org.activiti.engine.impl.persistence.entity.HistoricTaskInstanceEntity@476a736d
16:46:14.080 [main] DEBUG org.activiti.engine.impl.persistence.entity.HistoricTaskInstanceEntity.deleteHistoricTaskInstance - ==>  Preparing: delete from ACT_HI_TASKINST where ID_ = ? 
16:46:14.080 [main] DEBUG org.activiti.engine.impl.persistence.entity.HistoricTaskInstanceEntity.deleteHistoricTaskInstance - ==> Parameters: 2528(String)
16:46:14.080 [main] DEBUG org.activiti.engine.impl.persistence.entity.HistoricTaskInstanceEntity.deleteHistoricTaskInstance - <==    Updates: 1
16:46:14.080 [main] DEBUG org.activiti.engine.impl.db.DbSqlSession - executing: delete Task[id=2528, name=[部门/人事]联合会签]
16:46:14.080 [main] DEBUG org.activiti.engine.impl.persistence.entity.TaskEntity.deleteTask - ==>  Preparing: delete from ACT_RU_TASK where ID_ = ? and REV_ = ? 
16:46:14.080 [main] DEBUG org.activiti.engine.impl.persistence.entity.TaskEntity.deleteTask - ==> Parameters: 2528(String), 1(Integer)
16:46:14.080 [main] DEBUG org.activiti.engine.impl.persistence.entity.TaskEntity.deleteTask - <==    Updates: 1
16:46:14.080 [main] DEBUG org.activiti.engine.impl.db.DbSqlSession - executing: bulk delete: deleteCommentsByTaskId(2533)
16:46:14.080 [main] DEBUG org.activiti.engine.impl.persistence.entity.CommentEntity.deleteCommentsByTaskId - ==>  Preparing: delete from ACT_HI_COMMENT where TASK_ID_ = ? 
16:46:14.081 [main] DEBUG org.activiti.engine.impl.persistence.entity.CommentEntity.deleteCommentsByTaskId - ==> Parameters: 2533(String)
16:46:14.081 [main] DEBUG org.activiti.engine.impl.persistence.entity.CommentEntity.deleteCommentsByTaskId - <==    Updates: 0
16:46:14.081 [main] DEBUG org.activiti.engine.impl.db.DbSqlSession - executing: delete org.activiti.engine.impl.persistence.entity.HistoricTaskInstanceEntity@5f80fa43
16:46:14.081 [main] DEBUG org.activiti.engine.impl.persistence.entity.HistoricTaskInstanceEntity.deleteHistoricTaskInstance - ==>  Preparing: delete from ACT_HI_TASKINST where ID_ = ? 
16:46:14.081 [main] DEBUG org.activiti.engine.impl.persistence.entity.HistoricTaskInstanceEntity.deleteHistoricTaskInstance - ==> Parameters: 2533(String)
16:46:14.081 [main] DEBUG org.activiti.engine.impl.persistence.entity.HistoricTaskInstanceEntity.deleteHistoricTaskInstance - <==    Updates: 1
16:46:14.081 [main] DEBUG org.activiti.engine.impl.db.DbSqlSession - executing: delete Task[id=2533, name=[部门/人事]联合会签]
16:46:14.081 [main] DEBUG org.activiti.engine.impl.persistence.entity.TaskEntity.deleteTask - ==>  Preparing: delete from ACT_RU_TASK where ID_ = ? and REV_ = ? 
16:46:14.081 [main] DEBUG org.activiti.engine.impl.persistence.entity.TaskEntity.deleteTask - ==> Parameters: 2533(String), 1(Integer)
16:46:14.081 [main] DEBUG org.activiti.engine.impl.persistence.entity.TaskEntity.deleteTask - <==    Updates: 1
16:46:14.081 [main] DEBUG org.activiti.engine.impl.db.DbSqlSession - executing: delete VariableInstanceEntity[id=2521, name=loopCounter, type=integer, longValue=0, textValue=0]
16:46:14.081 [main] DEBUG org.activiti.engine.impl.persistence.entity.VariableInstanceEntity.deleteVariableInstance - ==>  Preparing: delete from ACT_RU_VARIABLE where ID_ = ? and REV_ = ? 
16:46:14.081 [main] DEBUG org.activiti.engine.impl.persistence.entity.VariableInstanceEntity.deleteVariableInstance - ==> Parameters: 2521(String), 1(Integer)
16:46:14.081 [main] DEBUG org.activiti.engine.impl.persistence.entity.VariableInstanceEntity.deleteVariableInstance - <==    Updates: 1
16:46:14.081 [main] DEBUG org.activiti.engine.impl.db.DbSqlSession - executing: delete VariableInstanceEntity[id=2522, name=user, type=string, textValue=groupLeader]
16:46:14.081 [main] DEBUG org.activiti.engine.impl.persistence.entity.VariableInstanceEntity.deleteVariableInstance - ==>  Preparing: delete from ACT_RU_VARIABLE where ID_ = ? and REV_ = ? 
16:46:14.081 [main] DEBUG org.activiti.engine.impl.persistence.entity.VariableInstanceEntity.deleteVariableInstance - ==> Parameters: 2522(String), 1(Integer)
16:46:14.081 [main] DEBUG org.activiti.engine.impl.persistence.entity.VariableInstanceEntity.deleteVariableInstance - <==    Updates: 1
16:46:14.083 [main] DEBUG org.activiti.engine.impl.db.DbSqlSession - executing: delete ConcurrentExecution[2518]
16:46:14.083 [main] DEBUG org.activiti.engine.impl.persistence.entity.ExecutionEntity.deleteExecution - ==>  Preparing: delete from ACT_RU_EXECUTION where ID_ = ? and REV_ = ? 
16:46:14.092 [main] DEBUG org.activiti.engine.impl.persistence.entity.ExecutionEntity.deleteExecution - ==> Parameters: 2518(String), 1(Integer)
16:46:14.093 [main] DEBUG org.activiti.engine.impl.persistence.entity.ExecutionEntity.deleteExecution - <==    Updates: 1
16:46:14.093 [main] DEBUG org.activiti.engine.impl.db.DbSqlSession - executing: delete VariableInstanceEntity[id=2525, name=loopCounter, type=integer, longValue=1, textValue=1]
16:46:14.093 [main] DEBUG org.activiti.engine.impl.persistence.entity.VariableInstanceEntity.deleteVariableInstance - ==>  Preparing: delete from ACT_RU_VARIABLE where ID_ = ? and REV_ = ? 
16:46:14.093 [main] DEBUG org.activiti.engine.impl.persistence.entity.VariableInstanceEntity.deleteVariableInstance - ==> Parameters: 2525(String), 1(Integer)
16:46:14.093 [main] DEBUG org.activiti.engine.impl.persistence.entity.VariableInstanceEntity.deleteVariableInstance - <==    Updates: 1
16:46:14.093 [main] DEBUG org.activiti.engine.impl.db.DbSqlSession - executing: delete VariableInstanceEntity[id=2526, name=user, type=string, textValue=deptLeader]
16:46:14.093 [main] DEBUG org.activiti.engine.impl.persistence.entity.VariableInstanceEntity.deleteVariableInstance - ==>  Preparing: delete from ACT_RU_VARIABLE where ID_ = ? and REV_ = ? 
16:46:14.093 [main] DEBUG org.activiti.engine.impl.persistence.entity.VariableInstanceEntity.deleteVariableInstance - ==> Parameters: 2526(String), 1(Integer)
16:46:14.093 [main] DEBUG org.activiti.engine.impl.persistence.entity.VariableInstanceEntity.deleteVariableInstance - <==    Updates: 1
16:46:14.093 [main] DEBUG org.activiti.engine.impl.db.DbSqlSession - executing: delete ConcurrentExecution[2519]
16:46:14.093 [main] DEBUG org.activiti.engine.impl.persistence.entity.ExecutionEntity.deleteExecution - ==>  Preparing: delete from ACT_RU_EXECUTION where ID_ = ? and REV_ = ? 
16:46:14.093 [main] DEBUG org.activiti.engine.impl.persistence.entity.ExecutionEntity.deleteExecution - ==> Parameters: 2519(String), 1(Integer)
16:46:14.094 [main] DEBUG org.activiti.engine.impl.persistence.entity.ExecutionEntity.deleteExecution - <==    Updates: 1
16:46:14.094 [main] DEBUG org.activiti.engine.impl.db.DbSqlSession - executing: delete VariableInstanceEntity[id=2530, name=loopCounter, type=integer, longValue=2, textValue=2]
16:46:14.094 [main] DEBUG org.activiti.engine.impl.persistence.entity.VariableInstanceEntity.deleteVariableInstance - ==>  Preparing: delete from ACT_RU_VARIABLE where ID_ = ? and REV_ = ? 
16:46:14.097 [main] DEBUG org.activiti.engine.impl.persistence.entity.VariableInstanceEntity.deleteVariableInstance - ==> Parameters: 2530(String), 1(Integer)
16:46:14.097 [main] DEBUG org.activiti.engine.impl.persistence.entity.VariableInstanceEntity.deleteVariableInstance - <==    Updates: 1
16:46:14.097 [main] DEBUG org.activiti.engine.impl.db.DbSqlSession - executing: delete VariableInstanceEntity[id=2531, name=user, type=string, textValue=hr]
16:46:14.098 [main] DEBUG org.activiti.engine.impl.persistence.entity.VariableInstanceEntity.deleteVariableInstance - ==>  Preparing: delete from ACT_RU_VARIABLE where ID_ = ? and REV_ = ? 
16:46:14.098 [main] DEBUG org.activiti.engine.impl.persistence.entity.VariableInstanceEntity.deleteVariableInstance - ==> Parameters: 2531(String), 1(Integer)
16:46:14.098 [main] DEBUG org.activiti.engine.impl.persistence.entity.VariableInstanceEntity.deleteVariableInstance - <==    Updates: 1
16:46:14.098 [main] DEBUG org.activiti.engine.impl.db.DbSqlSession - executing: delete ConcurrentExecution[2520]
16:46:14.098 [main] DEBUG org.activiti.engine.impl.persistence.entity.ExecutionEntity.deleteExecution - ==>  Preparing: delete from ACT_RU_EXECUTION where ID_ = ? and REV_ = ? 
16:46:14.098 [main] DEBUG org.activiti.engine.impl.persistence.entity.ExecutionEntity.deleteExecution - ==> Parameters: 2520(String), 1(Integer)
16:46:14.098 [main] DEBUG org.activiti.engine.impl.persistence.entity.ExecutionEntity.deleteExecution - <==    Updates: 1
16:46:14.098 [main] DEBUG org.activiti.engine.impl.db.DbSqlSession - executing: delete VariableInstanceEntity[id=2515, name=nrOfInstances, type=integer, longValue=3, textValue=3]
16:46:14.098 [main] DEBUG org.activiti.engine.impl.persistence.entity.VariableInstanceEntity.deleteVariableInstance - ==>  Preparing: delete from ACT_RU_VARIABLE where ID_ = ? and REV_ = ? 
16:46:14.098 [main] DEBUG org.activiti.engine.impl.persistence.entity.VariableInstanceEntity.deleteVariableInstance - ==> Parameters: 2515(String), 1(Integer)
16:46:14.098 [main] DEBUG org.activiti.engine.impl.persistence.entity.VariableInstanceEntity.deleteVariableInstance - <==    Updates: 1
16:46:14.098 [main] DEBUG org.activiti.engine.impl.db.DbSqlSession - executing: delete VariableInstanceEntity[id=2516, name=nrOfCompletedInstances, type=integer, longValue=0, textValue=0]
16:46:14.098 [main] DEBUG org.activiti.engine.impl.persistence.entity.VariableInstanceEntity.deleteVariableInstance - ==>  Preparing: delete from ACT_RU_VARIABLE where ID_ = ? and REV_ = ? 
16:46:14.098 [main] DEBUG org.activiti.engine.impl.persistence.entity.VariableInstanceEntity.deleteVariableInstance - ==> Parameters: 2516(String), 1(Integer)
16:46:14.098 [main] DEBUG org.activiti.engine.impl.persistence.entity.VariableInstanceEntity.deleteVariableInstance - <==    Updates: 1
16:46:14.098 [main] DEBUG org.activiti.engine.impl.db.DbSqlSession - executing: delete VariableInstanceEntity[id=2517, name=nrOfActiveInstances, type=integer, longValue=3, textValue=3]
16:46:14.098 [main] DEBUG org.activiti.engine.impl.persistence.entity.VariableInstanceEntity.deleteVariableInstance - ==>  Preparing: delete from ACT_RU_VARIABLE where ID_ = ? and REV_ = ? 
16:46:14.098 [main] DEBUG org.activiti.engine.impl.persistence.entity.VariableInstanceEntity.deleteVariableInstance - ==> Parameters: 2517(String), 1(Integer)
16:46:14.098 [main] DEBUG org.activiti.engine.impl.persistence.entity.VariableInstanceEntity.deleteVariableInstance - <==    Updates: 1
16:46:14.098 [main] DEBUG org.activiti.engine.impl.db.DbSqlSession - executing: delete Execution[2513]
16:46:14.098 [main] DEBUG org.activiti.engine.impl.persistence.entity.ExecutionEntity.deleteExecution - ==>  Preparing: delete from ACT_RU_EXECUTION where ID_ = ? and REV_ = ? 
16:46:14.099 [main] DEBUG org.activiti.engine.impl.persistence.entity.ExecutionEntity.deleteExecution - ==> Parameters: 2513(String), 1(Integer)
16:46:14.099 [main] DEBUG org.activiti.engine.impl.persistence.entity.ExecutionEntity.deleteExecution - <==    Updates: 1
16:46:14.099 [main] DEBUG org.activiti.engine.impl.db.DbSqlSession - executing: delete VariableInstanceEntity[id=2506, name=applyUserId, type=string, textValue=henryyan]
16:46:14.099 [main] DEBUG org.activiti.engine.impl.persistence.entity.VariableInstanceEntity.deleteVariableInstance - ==>  Preparing: delete from ACT_RU_VARIABLE where ID_ = ? and REV_ = ? 
16:46:14.099 [main] DEBUG org.activiti.engine.impl.persistence.entity.VariableInstanceEntity.deleteVariableInstance - ==> Parameters: 2506(String), 1(Integer)
16:46:14.099 [main] DEBUG org.activiti.engine.impl.persistence.entity.VariableInstanceEntity.deleteVariableInstance - <==    Updates: 1
16:46:14.099 [main] DEBUG org.activiti.engine.impl.db.DbSqlSession - executing: delete VariableInstanceEntity[id=2510, name=users, type=serializable, byteArrayValueId=2509]
16:46:14.099 [main] DEBUG org.activiti.engine.impl.persistence.entity.VariableInstanceEntity.deleteVariableInstance - ==>  Preparing: delete from ACT_RU_VARIABLE where ID_ = ? and REV_ = ? 
16:46:14.099 [main] DEBUG org.activiti.engine.impl.persistence.entity.VariableInstanceEntity.deleteVariableInstance - ==> Parameters: 2510(String), 1(Integer)
16:46:14.099 [main] DEBUG org.activiti.engine.impl.persistence.entity.VariableInstanceEntity.deleteVariableInstance - <==    Updates: 1
16:46:14.099 [main] DEBUG org.activiti.engine.impl.db.DbSqlSession - executing: delete ByteArrayEntity[id=2509, name=var-users, size=145]
16:46:14.099 [main] DEBUG org.activiti.engine.impl.persistence.entity.ByteArrayEntity.deleteByteArray - ==>  Preparing: delete from ACT_GE_BYTEARRAY where ID_ = ? and REV_ = ? 
16:46:14.101 [main] DEBUG org.activiti.engine.impl.persistence.entity.ByteArrayEntity.deleteByteArray - ==> Parameters: 2509(String), 1(Integer)
16:46:14.101 [main] DEBUG org.activiti.engine.impl.persistence.entity.ByteArrayEntity.deleteByteArray - <==    Updates: 1
16:46:14.101 [main] DEBUG org.activiti.engine.impl.db.DbSqlSession - executing: delete VariableInstanceEntity[id=2512, name=approvedCounter, type=long, longValue=0, textValue=0]
16:46:14.101 [main] DEBUG org.activiti.engine.impl.persistence.entity.VariableInstanceEntity.deleteVariableInstance - ==>  Preparing: delete from ACT_RU_VARIABLE where ID_ = ? and REV_ = ? 
16:46:14.102 [main] DEBUG org.activiti.engine.impl.persistence.entity.VariableInstanceEntity.deleteVariableInstance - ==> Parameters: 2512(String), 1(Integer)
16:46:14.102 [main] DEBUG org.activiti.engine.impl.persistence.entity.VariableInstanceEntity.deleteVariableInstance - <==    Updates: 1
16:46:14.102 [main] DEBUG org.activiti.engine.impl.db.DbSqlSession - executing: delete IdentityLinkEntity[id=2507, type=starter, userId=henryyan, processInstanceId=2505]
16:46:14.102 [main] DEBUG org.activiti.engine.impl.persistence.entity.IdentityLinkEntity.deleteIdentityLink - ==>  Preparing: delete from ACT_RU_IDENTITYLINK where ID_ = ? 
16:46:14.102 [main] DEBUG org.activiti.engine.impl.persistence.entity.IdentityLinkEntity.deleteIdentityLink - ==> Parameters: 2507(String)
16:46:14.102 [main] DEBUG org.activiti.engine.impl.persistence.entity.IdentityLinkEntity.deleteIdentityLink - <==    Updates: 1
16:46:14.102 [main] DEBUG org.activiti.engine.impl.db.DbSqlSession - executing: delete IdentityLinkEntity[id=2524, type=participant, userId=groupLeader, processInstanceId=2505]
16:46:14.102 [main] DEBUG org.activiti.engine.impl.persistence.entity.IdentityLinkEntity.deleteIdentityLink - ==>  Preparing: delete from ACT_RU_IDENTITYLINK where ID_ = ? 
16:46:14.102 [main] DEBUG org.activiti.engine.impl.persistence.entity.IdentityLinkEntity.deleteIdentityLink - ==> Parameters: 2524(String)
16:46:14.102 [main] DEBUG org.activiti.engine.impl.persistence.entity.IdentityLinkEntity.deleteIdentityLink - <==    Updates: 1
16:46:14.102 [main] DEBUG org.activiti.engine.impl.db.DbSqlSession - executing: delete IdentityLinkEntity[id=2529, type=participant, userId=deptLeader, processInstanceId=2505]
16:46:14.102 [main] DEBUG org.activiti.engine.impl.persistence.entity.IdentityLinkEntity.deleteIdentityLink - ==>  Preparing: delete from ACT_RU_IDENTITYLINK where ID_ = ? 
16:46:14.103 [main] DEBUG org.activiti.engine.impl.persistence.entity.IdentityLinkEntity.deleteIdentityLink - ==> Parameters: 2529(String)
16:46:14.103 [main] DEBUG org.activiti.engine.impl.persistence.entity.IdentityLinkEntity.deleteIdentityLink - <==    Updates: 1
16:46:14.103 [main] DEBUG org.activiti.engine.impl.db.DbSqlSession - executing: delete IdentityLinkEntity[id=2534, type=participant, userId=hr, processInstanceId=2505]
16:46:14.103 [main] DEBUG org.activiti.engine.impl.persistence.entity.IdentityLinkEntity.deleteIdentityLink - ==>  Preparing: delete from ACT_RU_IDENTITYLINK where ID_ = ? 
16:46:14.103 [main] DEBUG org.activiti.engine.impl.persistence.entity.IdentityLinkEntity.deleteIdentityLink - ==> Parameters: 2534(String)
16:46:14.103 [main] DEBUG org.activiti.engine.impl.persistence.entity.IdentityLinkEntity.deleteIdentityLink - <==    Updates: 1
16:46:14.103 [main] DEBUG org.activiti.engine.impl.db.DbSqlSession - executing: delete ProcessInstance[2505]
16:46:14.103 [main] DEBUG org.activiti.engine.impl.persistence.entity.ExecutionEntity.deleteExecution - ==>  Preparing: delete from ACT_RU_EXECUTION where ID_ = ? and REV_ = ? 
16:46:14.103 [main] DEBUG org.activiti.engine.impl.persistence.entity.ExecutionEntity.deleteExecution - ==> Parameters: 2505(String), 1(Integer)
16:46:14.103 [main] DEBUG org.activiti.engine.impl.persistence.entity.ExecutionEntity.deleteExecution - <==    Updates: 1
16:46:14.103 [main] DEBUG org.activiti.engine.impl.db.DbSqlSession - executing: delete HistoricVariableInstanceEntity[id=2506, name=applyUserId, revision=0, type=string, textValue=henryyan]
16:46:14.103 [main] DEBUG org.activiti.engine.impl.persistence.entity.HistoricVariableInstanceEntity.deleteHistoricVariableInstance - ==>  Preparing: delete from ACT_HI_VARINST where ID_ = ? and REV_ = ? 
16:46:14.103 [main] DEBUG org.activiti.engine.impl.persistence.entity.HistoricVariableInstanceEntity.deleteHistoricVariableInstance - ==> Parameters: 2506(String), 0(Integer)
16:46:14.103 [main] DEBUG org.activiti.engine.impl.persistence.entity.HistoricVariableInstanceEntity.deleteHistoricVariableInstance - <==    Updates: 1
16:46:14.103 [main] DEBUG org.activiti.engine.impl.db.DbSqlSession - executing: delete HistoricVariableInstanceEntity[id=2510, name=users, revision=0, type=serializable, byteArrayValueId=2511]
16:46:14.104 [main] DEBUG org.activiti.engine.impl.persistence.entity.HistoricVariableInstanceEntity.deleteHistoricVariableInstance - ==>  Preparing: delete from ACT_HI_VARINST where ID_ = ? and REV_ = ? 
16:46:14.104 [main] DEBUG org.activiti.engine.impl.persistence.entity.HistoricVariableInstanceEntity.deleteHistoricVariableInstance - ==> Parameters: 2510(String), 0(Integer)
16:46:14.104 [main] DEBUG org.activiti.engine.impl.persistence.entity.HistoricVariableInstanceEntity.deleteHistoricVariableInstance - <==    Updates: 1
16:46:14.104 [main] DEBUG org.activiti.engine.impl.db.DbSqlSession - executing: delete ByteArrayEntity[id=2511, name=hist.var-users, size=145]
16:46:14.104 [main] DEBUG org.activiti.engine.impl.persistence.entity.ByteArrayEntity.deleteByteArray - ==>  Preparing: delete from ACT_GE_BYTEARRAY where ID_ = ? and REV_ = ? 
16:46:14.104 [main] DEBUG org.activiti.engine.impl.persistence.entity.ByteArrayEntity.deleteByteArray - ==> Parameters: 2511(String), 1(Integer)
16:46:14.104 [main] DEBUG org.activiti.engine.impl.persistence.entity.ByteArrayEntity.deleteByteArray - <==    Updates: 1
16:46:14.104 [main] DEBUG org.activiti.engine.impl.db.DbSqlSession - executing: delete HistoricVariableInstanceEntity[id=2512, name=approvedCounter, revision=0, type=long, longValue=0, textValue=0]
16:46:14.104 [main] DEBUG org.activiti.engine.impl.persistence.entity.HistoricVariableInstanceEntity.deleteHistoricVariableInstance - ==>  Preparing: delete from ACT_HI_VARINST where ID_ = ? and REV_ = ? 
16:46:14.104 [main] DEBUG org.activiti.engine.impl.persistence.entity.HistoricVariableInstanceEntity.deleteHistoricVariableInstance - ==> Parameters: 2512(String), 0(Integer)
16:46:14.104 [main] DEBUG org.activiti.engine.impl.persistence.entity.HistoricVariableInstanceEntity.deleteHistoricVariableInstance - <==    Updates: 1
16:46:14.104 [main] DEBUG org.activiti.engine.impl.db.DbSqlSession - executing: delete HistoricVariableInstanceEntity[id=2515, name=nrOfInstances, revision=0, type=integer, longValue=3, textValue=3]
16:46:14.104 [main] DEBUG org.activiti.engine.impl.persistence.entity.HistoricVariableInstanceEntity.deleteHistoricVariableInstance - ==>  Preparing: delete from ACT_HI_VARINST where ID_ = ? and REV_ = ? 
16:46:14.104 [main] DEBUG org.activiti.engine.impl.persistence.entity.HistoricVariableInstanceEntity.deleteHistoricVariableInstance - ==> Parameters: 2515(String), 0(Integer)
16:46:14.104 [main] DEBUG org.activiti.engine.impl.persistence.entity.HistoricVariableInstanceEntity.deleteHistoricVariableInstance - <==    Updates: 1
16:46:14.104 [main] DEBUG org.activiti.engine.impl.db.DbSqlSession - executing: delete HistoricVariableInstanceEntity[id=2516, name=nrOfCompletedInstances, revision=0, type=integer, longValue=0, textValue=0]
16:46:14.104 [main] DEBUG org.activiti.engine.impl.persistence.entity.HistoricVariableInstanceEntity.deleteHistoricVariableInstance - ==>  Preparing: delete from ACT_HI_VARINST where ID_ = ? and REV_ = ? 
16:46:14.104 [main] DEBUG org.activiti.engine.impl.persistence.entity.HistoricVariableInstanceEntity.deleteHistoricVariableInstance - ==> Parameters: 2516(String), 0(Integer)
16:46:14.104 [main] DEBUG org.activiti.engine.impl.persistence.entity.HistoricVariableInstanceEntity.deleteHistoricVariableInstance - <==    Updates: 1
16:46:14.104 [main] DEBUG org.activiti.engine.impl.db.DbSqlSession - executing: delete HistoricVariableInstanceEntity[id=2517, name=nrOfActiveInstances, revision=0, type=integer, longValue=3, textValue=3]
16:46:14.104 [main] DEBUG org.activiti.engine.impl.persistence.entity.HistoricVariableInstanceEntity.deleteHistoricVariableInstance - ==>  Preparing: delete from ACT_HI_VARINST where ID_ = ? and REV_ = ? 
16:46:14.104 [main] DEBUG org.activiti.engine.impl.persistence.entity.HistoricVariableInstanceEntity.deleteHistoricVariableInstance - ==> Parameters: 2517(String), 0(Integer)
16:46:14.104 [main] DEBUG org.activiti.engine.impl.persistence.entity.HistoricVariableInstanceEntity.deleteHistoricVariableInstance - <==    Updates: 1
16:46:14.104 [main] DEBUG org.activiti.engine.impl.db.DbSqlSession - executing: delete HistoricVariableInstanceEntity[id=2521, name=loopCounter, revision=0, type=integer, longValue=0, textValue=0]
16:46:14.105 [main] DEBUG org.activiti.engine.impl.persistence.entity.HistoricVariableInstanceEntity.deleteHistoricVariableInstance - ==>  Preparing: delete from ACT_HI_VARINST where ID_ = ? and REV_ = ? 
16:46:14.105 [main] DEBUG org.activiti.engine.impl.persistence.entity.HistoricVariableInstanceEntity.deleteHistoricVariableInstance - ==> Parameters: 2521(String), 0(Integer)
16:46:14.105 [main] DEBUG org.activiti.engine.impl.persistence.entity.HistoricVariableInstanceEntity.deleteHistoricVariableInstance - <==    Updates: 1
16:46:14.105 [main] DEBUG org.activiti.engine.impl.db.DbSqlSession - executing: delete HistoricVariableInstanceEntity[id=2522, name=user, revision=0, type=string, textValue=groupLeader]
16:46:14.105 [main] DEBUG org.activiti.engine.impl.persistence.entity.HistoricVariableInstanceEntity.deleteHistoricVariableInstance - ==>  Preparing: delete from ACT_HI_VARINST where ID_ = ? and REV_ = ? 
16:46:14.105 [main] DEBUG org.activiti.engine.impl.persistence.entity.HistoricVariableInstanceEntity.deleteHistoricVariableInstance - ==> Parameters: 2522(String), 0(Integer)
16:46:14.105 [main] DEBUG org.activiti.engine.impl.persistence.entity.HistoricVariableInstanceEntity.deleteHistoricVariableInstance - <==    Updates: 1
16:46:14.105 [main] DEBUG org.activiti.engine.impl.db.DbSqlSession - executing: delete HistoricVariableInstanceEntity[id=2525, name=loopCounter, revision=0, type=integer, longValue=1, textValue=1]
16:46:14.105 [main] DEBUG org.activiti.engine.impl.persistence.entity.HistoricVariableInstanceEntity.deleteHistoricVariableInstance - ==>  Preparing: delete from ACT_HI_VARINST where ID_ = ? and REV_ = ? 
16:46:14.105 [main] DEBUG org.activiti.engine.impl.persistence.entity.HistoricVariableInstanceEntity.deleteHistoricVariableInstance - ==> Parameters: 2525(String), 0(Integer)
16:46:14.105 [main] DEBUG org.activiti.engine.impl.persistence.entity.HistoricVariableInstanceEntity.deleteHistoricVariableInstance - <==    Updates: 1
16:46:14.105 [main] DEBUG org.activiti.engine.impl.db.DbSqlSession - executing: delete HistoricVariableInstanceEntity[id=2526, name=user, revision=0, type=string, textValue=deptLeader]
16:46:14.105 [main] DEBUG org.activiti.engine.impl.persistence.entity.HistoricVariableInstanceEntity.deleteHistoricVariableInstance - ==>  Preparing: delete from ACT_HI_VARINST where ID_ = ? and REV_ = ? 
16:46:14.105 [main] DEBUG org.activiti.engine.impl.persistence.entity.HistoricVariableInstanceEntity.deleteHistoricVariableInstance - ==> Parameters: 2526(String), 0(Integer)
16:46:14.105 [main] DEBUG org.activiti.engine.impl.persistence.entity.HistoricVariableInstanceEntity.deleteHistoricVariableInstance - <==    Updates: 1
16:46:14.105 [main] DEBUG org.activiti.engine.impl.db.DbSqlSession - executing: delete HistoricVariableInstanceEntity[id=2530, name=loopCounter, revision=0, type=integer, longValue=2, textValue=2]
16:46:14.105 [main] DEBUG org.activiti.engine.impl.persistence.entity.HistoricVariableInstanceEntity.deleteHistoricVariableInstance - ==>  Preparing: delete from ACT_HI_VARINST where ID_ = ? and REV_ = ? 
16:46:14.105 [main] DEBUG org.activiti.engine.impl.persistence.entity.HistoricVariableInstanceEntity.deleteHistoricVariableInstance - ==> Parameters: 2530(String), 0(Integer)
16:46:14.105 [main] DEBUG org.activiti.engine.impl.persistence.entity.HistoricVariableInstanceEntity.deleteHistoricVariableInstance - <==    Updates: 1
16:46:14.105 [main] DEBUG org.activiti.engine.impl.db.DbSqlSession - executing: delete HistoricVariableInstanceEntity[id=2531, name=user, revision=0, type=string, textValue=hr]
16:46:14.105 [main] DEBUG org.activiti.engine.impl.persistence.entity.HistoricVariableInstanceEntity.deleteHistoricVariableInstance - ==>  Preparing: delete from ACT_HI_VARINST where ID_ = ? and REV_ = ? 
16:46:14.105 [main] DEBUG org.activiti.engine.impl.persistence.entity.HistoricVariableInstanceEntity.deleteHistoricVariableInstance - ==> Parameters: 2531(String), 0(Integer)
16:46:14.105 [main] DEBUG org.activiti.engine.impl.persistence.entity.HistoricVariableInstanceEntity.deleteHistoricVariableInstance - <==    Updates: 1
16:46:14.105 [main] DEBUG org.activiti.engine.impl.db.DbSqlSession - executing: bulk delete: deleteHistoricActivityInstancesByProcessInstanceId(2505)
16:46:14.105 [main] DEBUG org.activiti.engine.impl.persistence.entity.HistoricActivityInstanceEntity.deleteHistoricActivityInstancesByProcessInstanceId - ==>  Preparing: delete from ACT_HI_ACTINST where PROC_INST_ID_ = ? 
16:46:14.106 [main] DEBUG org.activiti.engine.impl.persistence.entity.HistoricActivityInstanceEntity.deleteHistoricActivityInstancesByProcessInstanceId - ==> Parameters: 2505(String)
16:46:14.106 [main] DEBUG org.activiti.engine.impl.persistence.entity.HistoricActivityInstanceEntity.deleteHistoricActivityInstancesByProcessInstanceId - <==    Updates: 4
16:46:14.106 [main] DEBUG org.activiti.engine.impl.db.DbSqlSession - executing: bulk delete: deleteCommentsByTaskId(2523)
16:46:14.106 [main] DEBUG org.activiti.engine.impl.persistence.entity.CommentEntity.deleteCommentsByTaskId - ==>  Preparing: delete from ACT_HI_COMMENT where TASK_ID_ = ? 
16:46:14.106 [main] DEBUG org.activiti.engine.impl.persistence.entity.CommentEntity.deleteCommentsByTaskId - ==> Parameters: 2523(String)
16:46:14.106 [main] DEBUG org.activiti.engine.impl.persistence.entity.CommentEntity.deleteCommentsByTaskId - <==    Updates: 0
16:46:14.106 [main] DEBUG org.activiti.engine.impl.db.DbSqlSession - executing: bulk delete: deleteCommentsByTaskId(2528)
16:46:14.106 [main] DEBUG org.activiti.engine.impl.persistence.entity.CommentEntity.deleteCommentsByTaskId - ==>  Preparing: delete from ACT_HI_COMMENT where TASK_ID_ = ? 
16:46:14.106 [main] DEBUG org.activiti.engine.impl.persistence.entity.CommentEntity.deleteCommentsByTaskId - ==> Parameters: 2528(String)
16:46:14.106 [main] DEBUG org.activiti.engine.impl.persistence.entity.CommentEntity.deleteCommentsByTaskId - <==    Updates: 0
16:46:14.106 [main] DEBUG org.activiti.engine.impl.db.DbSqlSession - executing: bulk delete: deleteCommentsByTaskId(2533)
16:46:14.106 [main] DEBUG org.activiti.engine.impl.persistence.entity.CommentEntity.deleteCommentsByTaskId - ==>  Preparing: delete from ACT_HI_COMMENT where TASK_ID_ = ? 
16:46:14.106 [main] DEBUG org.activiti.engine.impl.persistence.entity.CommentEntity.deleteCommentsByTaskId - ==> Parameters: 2533(String)
16:46:14.106 [main] DEBUG org.activiti.engine.impl.persistence.entity.CommentEntity.deleteCommentsByTaskId - <==    Updates: 0
16:46:14.106 [main] DEBUG org.activiti.engine.impl.db.DbSqlSession - executing: delete org.activiti.engine.impl.persistence.entity.HistoricIdentityLinkEntity@65bcf7c2
16:46:14.106 [main] DEBUG org.activiti.engine.impl.persistence.entity.HistoricIdentityLinkEntity.deleteHistoricIdentityLink - ==>  Preparing: delete from ACT_HI_IDENTITYLINK where ID_ = ? 
16:46:14.106 [main] DEBUG org.activiti.engine.impl.persistence.entity.HistoricIdentityLinkEntity.deleteHistoricIdentityLink - ==> Parameters: 2507(String)
16:46:14.106 [main] DEBUG org.activiti.engine.impl.persistence.entity.HistoricIdentityLinkEntity.deleteHistoricIdentityLink - <==    Updates: 1
16:46:14.106 [main] DEBUG org.activiti.engine.impl.db.DbSqlSession - executing: delete org.activiti.engine.impl.persistence.entity.HistoricIdentityLinkEntity@16c8b7bd
16:46:14.106 [main] DEBUG org.activiti.engine.impl.persistence.entity.HistoricIdentityLinkEntity.deleteHistoricIdentityLink - ==>  Preparing: delete from ACT_HI_IDENTITYLINK where ID_ = ? 
16:46:14.106 [main] DEBUG org.activiti.engine.impl.persistence.entity.HistoricIdentityLinkEntity.deleteHistoricIdentityLink - ==> Parameters: 2524(String)
16:46:14.106 [main] DEBUG org.activiti.engine.impl.persistence.entity.HistoricIdentityLinkEntity.deleteHistoricIdentityLink - <==    Updates: 1
16:46:14.106 [main] DEBUG org.activiti.engine.impl.db.DbSqlSession - executing: delete org.activiti.engine.impl.persistence.entity.HistoricIdentityLinkEntity@3db64bd4
16:46:14.106 [main] DEBUG org.activiti.engine.impl.persistence.entity.HistoricIdentityLinkEntity.deleteHistoricIdentityLink - ==>  Preparing: delete from ACT_HI_IDENTITYLINK where ID_ = ? 
16:46:14.106 [main] DEBUG org.activiti.engine.impl.persistence.entity.HistoricIdentityLinkEntity.deleteHistoricIdentityLink - ==> Parameters: 2529(String)
16:46:14.108 [main] DEBUG org.activiti.engine.impl.persistence.entity.HistoricIdentityLinkEntity.deleteHistoricIdentityLink - <==    Updates: 1
16:46:14.108 [main] DEBUG org.activiti.engine.impl.db.DbSqlSession - executing: delete org.activiti.engine.impl.persistence.entity.HistoricIdentityLinkEntity@7159139f
16:46:14.108 [main] DEBUG org.activiti.engine.impl.persistence.entity.HistoricIdentityLinkEntity.deleteHistoricIdentityLink - ==>  Preparing: delete from ACT_HI_IDENTITYLINK where ID_ = ? 
16:46:14.108 [main] DEBUG org.activiti.engine.impl.persistence.entity.HistoricIdentityLinkEntity.deleteHistoricIdentityLink - ==> Parameters: 2534(String)
16:46:14.108 [main] DEBUG org.activiti.engine.impl.persistence.entity.HistoricIdentityLinkEntity.deleteHistoricIdentityLink - <==    Updates: 1
16:46:14.108 [main] DEBUG org.activiti.engine.impl.db.DbSqlSession - executing: bulk delete: deleteCommentsByProcessInstanceId(2505)
16:46:14.108 [main] DEBUG org.activiti.engine.impl.persistence.entity.CommentEntity.deleteCommentsByProcessInstanceId - ==>  Preparing: delete from ACT_HI_COMMENT where PROC_INST_ID_ = ? 
16:46:14.108 [main] DEBUG org.activiti.engine.impl.persistence.entity.CommentEntity.deleteCommentsByProcessInstanceId - ==> Parameters: 2505(String)
16:46:14.108 [main] DEBUG org.activiti.engine.impl.persistence.entity.CommentEntity.deleteCommentsByProcessInstanceId - <==    Updates: 0
16:46:14.108 [main] DEBUG org.activiti.engine.impl.db.DbSqlSession - executing: delete HistoricProcessInstanceEntity[superProcessInstanceId=null]
16:46:14.108 [main] DEBUG org.activiti.engine.impl.persistence.entity.HistoricProcessInstanceEntity.deleteHistoricProcessInstance - ==>  Preparing: delete from ACT_HI_PROCINST where PROC_INST_ID_ = ? 
16:46:14.108 [main] DEBUG org.activiti.engine.impl.persistence.entity.HistoricProcessInstanceEntity.deleteHistoricProcessInstance - ==> Parameters: 2505(String)
16:46:14.109 [main] DEBUG org.activiti.engine.impl.persistence.entity.HistoricProcessInstanceEntity.deleteHistoricProcessInstance - <==    Updates: 1
16:46:14.109 [main] DEBUG org.activiti.engine.impl.db.DbSqlSession - executing: bulk delete: deleteHistoricActivityInstancesByProcessInstanceId(2505)
16:46:14.109 [main] DEBUG org.activiti.engine.impl.persistence.entity.HistoricActivityInstanceEntity.deleteHistoricActivityInstancesByProcessInstanceId - ==>  Preparing: delete from ACT_HI_ACTINST where PROC_INST_ID_ = ? 
16:46:14.109 [main] DEBUG org.activiti.engine.impl.persistence.entity.HistoricActivityInstanceEntity.deleteHistoricActivityInstancesByProcessInstanceId - ==> Parameters: 2505(String)
16:46:14.109 [main] DEBUG org.activiti.engine.impl.persistence.entity.HistoricActivityInstanceEntity.deleteHistoricActivityInstancesByProcessInstanceId - <==    Updates: 0
16:46:14.109 [main] DEBUG org.activiti.engine.impl.db.DbSqlSession - executing: bulk delete: deleteCommentsByTaskId(2523)
16:46:14.109 [main] DEBUG org.activiti.engine.impl.persistence.entity.CommentEntity.deleteCommentsByTaskId - ==>  Preparing: delete from ACT_HI_COMMENT where TASK_ID_ = ? 
16:46:14.109 [main] DEBUG org.activiti.engine.impl.persistence.entity.CommentEntity.deleteCommentsByTaskId - ==> Parameters: 2523(String)
16:46:14.109 [main] DEBUG org.activiti.engine.impl.persistence.entity.CommentEntity.deleteCommentsByTaskId - <==    Updates: 0
16:46:14.109 [main] DEBUG org.activiti.engine.impl.db.DbSqlSession - executing: bulk delete: deleteCommentsByTaskId(2528)
16:46:14.109 [main] DEBUG org.activiti.engine.impl.persistence.entity.CommentEntity.deleteCommentsByTaskId - ==>  Preparing: delete from ACT_HI_COMMENT where TASK_ID_ = ? 
16:46:14.109 [main] DEBUG org.activiti.engine.impl.persistence.entity.CommentEntity.deleteCommentsByTaskId - ==> Parameters: 2528(String)
16:46:14.109 [main] DEBUG org.activiti.engine.impl.persistence.entity.CommentEntity.deleteCommentsByTaskId - <==    Updates: 0
16:46:14.109 [main] DEBUG org.activiti.engine.impl.db.DbSqlSession - executing: bulk delete: deleteCommentsByTaskId(2533)
16:46:14.109 [main] DEBUG org.activiti.engine.impl.persistence.entity.CommentEntity.deleteCommentsByTaskId - ==>  Preparing: delete from ACT_HI_COMMENT where TASK_ID_ = ? 
16:46:14.109 [main] DEBUG org.activiti.engine.impl.persistence.entity.CommentEntity.deleteCommentsByTaskId - ==> Parameters: 2533(String)
16:46:14.109 [main] DEBUG org.activiti.engine.impl.persistence.entity.CommentEntity.deleteCommentsByTaskId - <==    Updates: 0
16:46:14.109 [main] DEBUG org.activiti.engine.impl.db.DbSqlSession - executing: bulk delete: deleteCommentsByProcessInstanceId(2505)
16:46:14.109 [main] DEBUG org.activiti.engine.impl.persistence.entity.CommentEntity.deleteCommentsByProcessInstanceId - ==>  Preparing: delete from ACT_HI_COMMENT where PROC_INST_ID_ = ? 
16:46:14.109 [main] DEBUG org.activiti.engine.impl.persistence.entity.CommentEntity.deleteCommentsByProcessInstanceId - ==> Parameters: 2505(String)
16:46:14.110 [main] DEBUG org.activiti.engine.impl.persistence.entity.CommentEntity.deleteCommentsByProcessInstanceId - <==    Updates: 0
16:46:14.110 [main] DEBUG org.activiti.engine.impl.db.DbSqlSession - executing: bulk delete: deleteIdentityLinkByProcDef(leave-countersign:1:2504)
16:46:14.110 [main] DEBUG org.activiti.engine.impl.persistence.entity.IdentityLinkEntity.deleteIdentityLinkByProcDef - ==>  Preparing: delete from ACT_RU_IDENTITYLINK where PROC_DEF_ID_ = ? 
16:46:14.110 [main] DEBUG org.activiti.engine.impl.persistence.entity.IdentityLinkEntity.deleteIdentityLinkByProcDef - ==> Parameters: leave-countersign:1:2504(String)
16:46:14.110 [main] DEBUG org.activiti.engine.impl.persistence.entity.IdentityLinkEntity.deleteIdentityLinkByProcDef - <==    Updates: 0
16:46:14.110 [main] DEBUG org.activiti.engine.impl.db.DbSqlSession - executing: bulk delete: deleteEventSubscriptionsForProcessDefinition(leave-countersign:1:2504)
16:46:14.110 [main] DEBUG org.activiti.engine.impl.persistence.entity.EventSubscriptionEntity.deleteEventSubscriptionsForProcessDefinition - ==>  Preparing: delete from ACT_RU_EVENT_SUBSCR where PROC_DEF_ID_ = ? 
16:46:14.110 [main] DEBUG org.activiti.engine.impl.persistence.entity.EventSubscriptionEntity.deleteEventSubscriptionsForProcessDefinition - ==> Parameters: leave-countersign:1:2504(String)
16:46:14.110 [main] DEBUG org.activiti.engine.impl.persistence.entity.EventSubscriptionEntity.deleteEventSubscriptionsForProcessDefinition - <==    Updates: 0
16:46:14.110 [main] DEBUG org.activiti.engine.impl.db.DbSqlSession - executing: bulk delete: deleteProcessDefinitionsByDeploymentId(2501)
16:46:14.110 [main] DEBUG org.activiti.engine.impl.persistence.entity.ProcessDefinitionEntity.deleteProcessDefinitionsByDeploymentId - ==>  Preparing: delete from ACT_RE_PROCDEF where DEPLOYMENT_ID_ = ? 
16:46:14.110 [main] DEBUG org.activiti.engine.impl.persistence.entity.ProcessDefinitionEntity.deleteProcessDefinitionsByDeploymentId - ==> Parameters: 2501(String)
16:46:14.110 [main] DEBUG org.activiti.engine.impl.persistence.entity.ProcessDefinitionEntity.deleteProcessDefinitionsByDeploymentId - <==    Updates: 1
16:46:14.110 [main] DEBUG org.activiti.engine.impl.db.DbSqlSession - executing: bulk delete: deleteResourcesByDeploymentId(2501)
16:46:14.110 [main] DEBUG org.activiti.engine.impl.persistence.entity.ResourceEntity.deleteResourcesByDeploymentId - ==>  Preparing: delete from ACT_GE_BYTEARRAY where DEPLOYMENT_ID_ = ? 
16:46:14.111 [main] DEBUG org.activiti.engine.impl.persistence.entity.ResourceEntity.deleteResourcesByDeploymentId - ==> Parameters: 2501(String)
16:46:14.111 [main] DEBUG org.activiti.engine.impl.persistence.entity.ResourceEntity.deleteResourcesByDeploymentId - <==    Updates: 2
16:46:14.111 [main] DEBUG org.activiti.engine.impl.db.DbSqlSession - executing: bulk delete: deleteDeployment(2501)
16:46:14.111 [main] DEBUG org.activiti.engine.impl.persistence.entity.DeploymentEntity.deleteDeployment - ==>  Preparing: delete from ACT_RE_DEPLOYMENT where ID_ = ? 
16:46:14.111 [main] DEBUG org.activiti.engine.impl.persistence.entity.DeploymentEntity.deleteDeployment - ==> Parameters: 2501(String)
16:46:14.111 [main] DEBUG org.activiti.engine.impl.persistence.entity.DeploymentEntity.deleteDeployment - <==    Updates: 1
16:46:14.111 [main] DEBUG org.apache.ibatis.transaction.managed.ManagedTransaction - Closing JDBC Connection [Transaction-aware proxy for target Connection [conn25: url=jdbc:h2:mem:activiti user=SA]]
16:46:14.113 [main] DEBUG org.springframework.jdbc.datasource.DataSourceTransactionManager - Initiating transaction commit
16:46:14.114 [main] DEBUG org.springframework.jdbc.datasource.DataSourceTransactionManager - Committing JDBC transaction on Connection [conn25: url=jdbc:h2:mem:activiti user=SA]
16:46:14.114 [main] DEBUG org.springframework.jdbc.datasource.DataSourceTransactionManager - Releasing JDBC Connection [conn25: url=jdbc:h2:mem:activiti user=SA] after transaction
16:46:14.114 [main] DEBUG org.springframework.jdbc.datasource.DataSourceUtils - Returning JDBC Connection to DataSource
16:46:14.114 [main] DEBUG org.activiti.engine.impl.interceptor.LogInterceptor - --- DeleteDeploymentCmd finished --------------------------------------------------------
16:46:14.114 [main] DEBUG org.activiti.engine.impl.interceptor.LogInterceptor - 

16:46:14.114 [main] DEBUG org.activiti.engine.impl.test.PvmTestCase - verifying that db is clean after test
16:46:14.114 [main] DEBUG org.activiti.engine.impl.interceptor.LogInterceptor - 

16:46:14.115 [main] DEBUG org.activiti.engine.impl.interceptor.LogInterceptor - --- starting GetTableCountCmd --------------------------------------------------------
16:46:14.115 [main] DEBUG org.activiti.spring.SpringTransactionInterceptor - Running command with propagation REQUIRED
16:46:14.115 [main] DEBUG org.springframework.jdbc.datasource.DataSourceTransactionManager - Creating new transaction with name [null]: PROPAGATION_REQUIRED,ISOLATION_DEFAULT
16:46:14.115 [main] DEBUG org.springframework.jdbc.datasource.SimpleDriverDataSource - Creating new JDBC Driver Connection to [jdbc:h2:mem:activiti;DB_CLOSE_DELAY=1000]
16:46:14.115 [main] DEBUG org.springframework.jdbc.datasource.DataSourceTransactionManager - Acquired Connection [conn26: url=jdbc:h2:mem:activiti user=SA] for JDBC transaction
16:46:14.115 [main] DEBUG org.springframework.jdbc.datasource.DataSourceTransactionManager - Switching JDBC Connection [conn26: url=jdbc:h2:mem:activiti user=SA] to manual commit
16:46:14.115 [main] DEBUG org.apache.ibatis.transaction.managed.ManagedTransaction - Opening JDBC Connection
16:46:14.116 [main] DEBUG org.activiti.engine.impl.persistence.entity.TableDataManager - retrieving activiti tables from jdbc metadata
16:46:14.118 [main] DEBUG org.activiti.engine.impl.persistence.entity.TableDataManager -   retrieved activiti table name ACT_EVT_LOG
16:46:14.118 [main] DEBUG org.activiti.engine.impl.persistence.entity.TableDataManager -   retrieved activiti table name ACT_GE_BYTEARRAY
16:46:14.118 [main] DEBUG org.activiti.engine.impl.persistence.entity.TableDataManager -   retrieved activiti table name ACT_GE_PROPERTY
16:46:14.118 [main] DEBUG org.activiti.engine.impl.persistence.entity.TableDataManager -   retrieved activiti table name ACT_HI_ACTINST
16:46:14.118 [main] DEBUG org.activiti.engine.impl.persistence.entity.TableDataManager -   retrieved activiti table name ACT_HI_ATTACHMENT
16:46:14.118 [main] DEBUG org.activiti.engine.impl.persistence.entity.TableDataManager -   retrieved activiti table name ACT_HI_COMMENT
16:46:14.118 [main] DEBUG org.activiti.engine.impl.persistence.entity.TableDataManager -   retrieved activiti table name ACT_HI_DETAIL
16:46:14.118 [main] DEBUG org.activiti.engine.impl.persistence.entity.TableDataManager -   retrieved activiti table name ACT_HI_IDENTITYLINK
16:46:14.118 [main] DEBUG org.activiti.engine.impl.persistence.entity.TableDataManager -   retrieved activiti table name ACT_HI_PROCINST
16:46:14.118 [main] DEBUG org.activiti.engine.impl.persistence.entity.TableDataManager -   retrieved activiti table name ACT_HI_TASKINST
16:46:14.118 [main] DEBUG org.activiti.engine.impl.persistence.entity.TableDataManager -   retrieved activiti table name ACT_HI_VARINST
16:46:14.118 [main] DEBUG org.activiti.engine.impl.persistence.entity.TableDataManager -   retrieved activiti table name ACT_ID_GROUP
16:46:14.118 [main] DEBUG org.activiti.engine.impl.persistence.entity.TableDataManager -   retrieved activiti table name ACT_ID_INFO
16:46:14.118 [main] DEBUG org.activiti.engine.impl.persistence.entity.TableDataManager -   retrieved activiti table name ACT_ID_MEMBERSHIP
16:46:14.118 [main] DEBUG org.activiti.engine.impl.persistence.entity.TableDataManager -   retrieved activiti table name ACT_ID_USER
16:46:14.118 [main] DEBUG org.activiti.engine.impl.persistence.entity.TableDataManager -   retrieved activiti table name ACT_RE_DEPLOYMENT
16:46:14.118 [main] DEBUG org.activiti.engine.impl.persistence.entity.TableDataManager -   retrieved activiti table name ACT_RE_MODEL
16:46:14.118 [main] DEBUG org.activiti.engine.impl.persistence.entity.TableDataManager -   retrieved activiti table name ACT_RE_PROCDEF
16:46:14.118 [main] DEBUG org.activiti.engine.impl.persistence.entity.TableDataManager -   retrieved activiti table name ACT_RU_EVENT_SUBSCR
16:46:14.118 [main] DEBUG org.activiti.engine.impl.persistence.entity.TableDataManager -   retrieved activiti table name ACT_RU_EXECUTION
16:46:14.118 [main] DEBUG org.activiti.engine.impl.persistence.entity.TableDataManager -   retrieved activiti table name ACT_RU_IDENTITYLINK
16:46:14.118 [main] DEBUG org.activiti.engine.impl.persistence.entity.TableDataManager -   retrieved activiti table name ACT_RU_JOB
16:46:14.118 [main] DEBUG org.activiti.engine.impl.persistence.entity.TableDataManager -   retrieved activiti table name ACT_RU_TASK
16:46:14.118 [main] DEBUG org.activiti.engine.impl.persistence.entity.TableDataManager -   retrieved activiti table name ACT_RU_VARIABLE
16:46:14.118 [main] DEBUG org.activiti.engine.impl.persistence.entity.TableDataManager - selecting table count for ACT_EVT_LOG
16:46:14.118 [main] DEBUG org.activiti.engine.impl.TablePageMap.selectTableCount - ==>  Preparing: select count(*) from ACT_EVT_LOG 
16:46:14.119 [main] DEBUG org.activiti.engine.impl.TablePageMap.selectTableCount - ==> Parameters: 
16:46:14.119 [main] DEBUG org.activiti.engine.impl.TablePageMap.selectTableCount - <==      Total: 1
16:46:14.119 [main] DEBUG org.activiti.engine.impl.persistence.entity.TableDataManager - selecting table count for ACT_GE_BYTEARRAY
16:46:14.119 [main] DEBUG org.activiti.engine.impl.TablePageMap.selectTableCount - ==>  Preparing: select count(*) from ACT_GE_BYTEARRAY 
16:46:14.119 [main] DEBUG org.activiti.engine.impl.TablePageMap.selectTableCount - ==> Parameters: 
16:46:14.120 [main] DEBUG org.activiti.engine.impl.TablePageMap.selectTableCount - <==      Total: 1
16:46:14.120 [main] DEBUG org.activiti.engine.impl.persistence.entity.TableDataManager - selecting table count for ACT_GE_PROPERTY
16:46:14.120 [main] DEBUG org.activiti.engine.impl.TablePageMap.selectTableCount - ==>  Preparing: select count(*) from ACT_GE_PROPERTY 
16:46:14.120 [main] DEBUG org.activiti.engine.impl.TablePageMap.selectTableCount - ==> Parameters: 
16:46:14.120 [main] DEBUG org.activiti.engine.impl.TablePageMap.selectTableCount - <==      Total: 1
16:46:14.120 [main] DEBUG org.activiti.engine.impl.persistence.entity.TableDataManager - selecting table count for ACT_HI_ACTINST
16:46:14.120 [main] DEBUG org.activiti.engine.impl.TablePageMap.selectTableCount - ==>  Preparing: select count(*) from ACT_HI_ACTINST 
16:46:14.120 [main] DEBUG org.activiti.engine.impl.TablePageMap.selectTableCount - ==> Parameters: 
16:46:14.120 [main] DEBUG org.activiti.engine.impl.TablePageMap.selectTableCount - <==      Total: 1
16:46:14.120 [main] DEBUG org.activiti.engine.impl.persistence.entity.TableDataManager - selecting table count for ACT_HI_ATTACHMENT
16:46:14.121 [main] DEBUG org.activiti.engine.impl.TablePageMap.selectTableCount - ==>  Preparing: select count(*) from ACT_HI_ATTACHMENT 
16:46:14.121 [main] DEBUG org.activiti.engine.impl.TablePageMap.selectTableCount - ==> Parameters: 
16:46:14.121 [main] DEBUG org.activiti.engine.impl.TablePageMap.selectTableCount - <==      Total: 1
16:46:14.121 [main] DEBUG org.activiti.engine.impl.persistence.entity.TableDataManager - selecting table count for ACT_HI_COMMENT
16:46:14.121 [main] DEBUG org.activiti.engine.impl.TablePageMap.selectTableCount - ==>  Preparing: select count(*) from ACT_HI_COMMENT 
16:46:14.121 [main] DEBUG org.activiti.engine.impl.TablePageMap.selectTableCount - ==> Parameters: 
16:46:14.121 [main] DEBUG org.activiti.engine.impl.TablePageMap.selectTableCount - <==      Total: 1
16:46:14.121 [main] DEBUG org.activiti.engine.impl.persistence.entity.TableDataManager - selecting table count for ACT_HI_DETAIL
16:46:14.121 [main] DEBUG org.activiti.engine.impl.TablePageMap.selectTableCount - ==>  Preparing: select count(*) from ACT_HI_DETAIL 
16:46:14.121 [main] DEBUG org.activiti.engine.impl.TablePageMap.selectTableCount - ==> Parameters: 
16:46:14.121 [main] DEBUG org.activiti.engine.impl.TablePageMap.selectTableCount - <==      Total: 1
16:46:14.121 [main] DEBUG org.activiti.engine.impl.persistence.entity.TableDataManager - selecting table count for ACT_HI_IDENTITYLINK
16:46:14.121 [main] DEBUG org.activiti.engine.impl.TablePageMap.selectTableCount - ==>  Preparing: select count(*) from ACT_HI_IDENTITYLINK 
16:46:14.121 [main] DEBUG org.activiti.engine.impl.TablePageMap.selectTableCount - ==> Parameters: 
16:46:14.121 [main] DEBUG org.activiti.engine.impl.TablePageMap.selectTableCount - <==      Total: 1
16:46:14.122 [main] DEBUG org.activiti.engine.impl.persistence.entity.TableDataManager - selecting table count for ACT_HI_PROCINST
16:46:14.122 [main] DEBUG org.activiti.engine.impl.TablePageMap.selectTableCount - ==>  Preparing: select count(*) from ACT_HI_PROCINST 
16:46:14.122 [main] DEBUG org.activiti.engine.impl.TablePageMap.selectTableCount - ==> Parameters: 
16:46:14.122 [main] DEBUG org.activiti.engine.impl.TablePageMap.selectTableCount - <==      Total: 1
16:46:14.122 [main] DEBUG org.activiti.engine.impl.persistence.entity.TableDataManager - selecting table count for ACT_HI_TASKINST
16:46:14.122 [main] DEBUG org.activiti.engine.impl.TablePageMap.selectTableCount - ==>  Preparing: select count(*) from ACT_HI_TASKINST 
16:46:14.122 [main] DEBUG org.activiti.engine.impl.TablePageMap.selectTableCount - ==> Parameters: 
16:46:14.122 [main] DEBUG org.activiti.engine.impl.TablePageMap.selectTableCount - <==      Total: 1
16:46:14.122 [main] DEBUG org.activiti.engine.impl.persistence.entity.TableDataManager - selecting table count for ACT_HI_VARINST
16:46:14.122 [main] DEBUG org.activiti.engine.impl.TablePageMap.selectTableCount - ==>  Preparing: select count(*) from ACT_HI_VARINST 
16:46:14.122 [main] DEBUG org.activiti.engine.impl.TablePageMap.selectTableCount - ==> Parameters: 
16:46:14.122 [main] DEBUG org.activiti.engine.impl.TablePageMap.selectTableCount - <==      Total: 1
16:46:14.122 [main] DEBUG org.activiti.engine.impl.persistence.entity.TableDataManager - selecting table count for ACT_ID_GROUP
16:46:14.122 [main] DEBUG org.activiti.engine.impl.TablePageMap.selectTableCount - ==>  Preparing: select count(*) from ACT_ID_GROUP 
16:46:14.122 [main] DEBUG org.activiti.engine.impl.TablePageMap.selectTableCount - ==> Parameters: 
16:46:14.123 [main] DEBUG org.activiti.engine.impl.TablePageMap.selectTableCount - <==      Total: 1
16:46:14.123 [main] DEBUG org.activiti.engine.impl.persistence.entity.TableDataManager - selecting table count for ACT_ID_INFO
16:46:14.123 [main] DEBUG org.activiti.engine.impl.TablePageMap.selectTableCount - ==>  Preparing: select count(*) from ACT_ID_INFO 
16:46:14.123 [main] DEBUG org.activiti.engine.impl.TablePageMap.selectTableCount - ==> Parameters: 
16:46:14.124 [main] DEBUG org.activiti.engine.impl.TablePageMap.selectTableCount - <==      Total: 1
16:46:14.124 [main] DEBUG org.activiti.engine.impl.persistence.entity.TableDataManager - selecting table count for ACT_ID_MEMBERSHIP
16:46:14.124 [main] DEBUG org.activiti.engine.impl.TablePageMap.selectTableCount - ==>  Preparing: select count(*) from ACT_ID_MEMBERSHIP 
16:46:14.124 [main] DEBUG org.activiti.engine.impl.TablePageMap.selectTableCount - ==> Parameters: 
16:46:14.124 [main] DEBUG org.activiti.engine.impl.TablePageMap.selectTableCount - <==      Total: 1
16:46:14.124 [main] DEBUG org.activiti.engine.impl.persistence.entity.TableDataManager - selecting table count for ACT_ID_USER
16:46:14.124 [main] DEBUG org.activiti.engine.impl.TablePageMap.selectTableCount - ==>  Preparing: select count(*) from ACT_ID_USER 
16:46:14.124 [main] DEBUG org.activiti.engine.impl.TablePageMap.selectTableCount - ==> Parameters: 
16:46:14.124 [main] DEBUG org.activiti.engine.impl.TablePageMap.selectTableCount - <==      Total: 1
16:46:14.124 [main] DEBUG org.activiti.engine.impl.persistence.entity.TableDataManager - selecting table count for ACT_RE_DEPLOYMENT
16:46:14.125 [main] DEBUG org.activiti.engine.impl.TablePageMap.selectTableCount - ==>  Preparing: select count(*) from ACT_RE_DEPLOYMENT 
16:46:14.125 [main] DEBUG org.activiti.engine.impl.TablePageMap.selectTableCount - ==> Parameters: 
16:46:14.125 [main] DEBUG org.activiti.engine.impl.TablePageMap.selectTableCount - <==      Total: 1
16:46:14.125 [main] DEBUG org.activiti.engine.impl.persistence.entity.TableDataManager - selecting table count for ACT_RE_MODEL
16:46:14.125 [main] DEBUG org.activiti.engine.impl.TablePageMap.selectTableCount - ==>  Preparing: select count(*) from ACT_RE_MODEL 
16:46:14.125 [main] DEBUG org.activiti.engine.impl.TablePageMap.selectTableCount - ==> Parameters: 
16:46:14.125 [main] DEBUG org.activiti.engine.impl.TablePageMap.selectTableCount - <==      Total: 1
16:46:14.125 [main] DEBUG org.activiti.engine.impl.persistence.entity.TableDataManager - selecting table count for ACT_RE_PROCDEF
16:46:14.125 [main] DEBUG org.activiti.engine.impl.TablePageMap.selectTableCount - ==>  Preparing: select count(*) from ACT_RE_PROCDEF 
16:46:14.125 [main] DEBUG org.activiti.engine.impl.TablePageMap.selectTableCount - ==> Parameters: 
16:46:14.125 [main] DEBUG org.activiti.engine.impl.TablePageMap.selectTableCount - <==      Total: 1
16:46:14.125 [main] DEBUG org.activiti.engine.impl.persistence.entity.TableDataManager - selecting table count for ACT_RU_EVENT_SUBSCR
16:46:14.126 [main] DEBUG org.activiti.engine.impl.TablePageMap.selectTableCount - ==>  Preparing: select count(*) from ACT_RU_EVENT_SUBSCR 
16:46:14.126 [main] DEBUG org.activiti.engine.impl.TablePageMap.selectTableCount - ==> Parameters: 
16:46:14.126 [main] DEBUG org.activiti.engine.impl.TablePageMap.selectTableCount - <==      Total: 1
16:46:14.126 [main] DEBUG org.activiti.engine.impl.persistence.entity.TableDataManager - selecting table count for ACT_RU_EXECUTION
16:46:14.126 [main] DEBUG org.activiti.engine.impl.TablePageMap.selectTableCount - ==>  Preparing: select count(*) from ACT_RU_EXECUTION 
16:46:14.126 [main] DEBUG org.activiti.engine.impl.TablePageMap.selectTableCount - ==> Parameters: 
16:46:14.126 [main] DEBUG org.activiti.engine.impl.TablePageMap.selectTableCount - <==      Total: 1
16:46:14.126 [main] DEBUG org.activiti.engine.impl.persistence.entity.TableDataManager - selecting table count for ACT_RU_IDENTITYLINK
16:46:14.126 [main] DEBUG org.activiti.engine.impl.TablePageMap.selectTableCount - ==>  Preparing: select count(*) from ACT_RU_IDENTITYLINK 
16:46:14.127 [main] DEBUG org.activiti.engine.impl.TablePageMap.selectTableCount - ==> Parameters: 
16:46:14.127 [main] DEBUG org.activiti.engine.impl.TablePageMap.selectTableCount - <==      Total: 1
16:46:14.127 [main] DEBUG org.activiti.engine.impl.persistence.entity.TableDataManager - selecting table count for ACT_RU_JOB
16:46:14.127 [main] DEBUG org.activiti.engine.impl.TablePageMap.selectTableCount - ==>  Preparing: select count(*) from ACT_RU_JOB 
16:46:14.127 [main] DEBUG org.activiti.engine.impl.TablePageMap.selectTableCount - ==> Parameters: 
16:46:14.128 [main] DEBUG org.activiti.engine.impl.TablePageMap.selectTableCount - <==      Total: 1
16:46:14.128 [main] DEBUG org.activiti.engine.impl.persistence.entity.TableDataManager - selecting table count for ACT_RU_TASK
16:46:14.128 [main] DEBUG org.activiti.engine.impl.TablePageMap.selectTableCount - ==>  Preparing: select count(*) from ACT_RU_TASK 
16:46:14.128 [main] DEBUG org.activiti.engine.impl.TablePageMap.selectTableCount - ==> Parameters: 
16:46:14.128 [main] DEBUG org.activiti.engine.impl.TablePageMap.selectTableCount - <==      Total: 1
16:46:14.128 [main] DEBUG org.activiti.engine.impl.persistence.entity.TableDataManager - selecting table count for ACT_RU_VARIABLE
16:46:14.129 [main] DEBUG org.activiti.engine.impl.TablePageMap.selectTableCount - ==>  Preparing: select count(*) from ACT_RU_VARIABLE 
16:46:14.129 [main] DEBUG org.activiti.engine.impl.TablePageMap.selectTableCount - ==> Parameters: 
16:46:14.129 [main] DEBUG org.activiti.engine.impl.TablePageMap.selectTableCount - <==      Total: 1
16:46:14.129 [main] DEBUG org.activiti.engine.impl.persistence.entity.TableDataManager - Number of rows per activiti table: {ACT_ID_MEMBERSHIP=0, ACT_RU_EVENT_SUBSCR=0, ACT_ID_USER=0, ACT_RU_JOB=0, ACT_HI_ATTACHMENT=0, ACT_GE_BYTEARRAY=0, ACT_RE_MODEL=0, ACT_RU_VARIABLE=0, ACT_HI_ACTINST=0, ACT_RU_EXECUTION=0, ACT_HI_TASKINST=0, ACT_RU_TASK=0, ACT_HI_DETAIL=0, ACT_EVT_LOG=0, ACT_HI_IDENTITYLINK=0, ACT_RE_DEPLOYMENT=0, ACT_RE_PROCDEF=0, ACT_ID_GROUP=0, ACT_RU_IDENTITYLINK=0, ACT_GE_PROPERTY=3, ACT_HI_VARINST=0, ACT_HI_COMMENT=0, ACT_HI_PROCINST=0, ACT_ID_INFO=0}
16:46:14.129 [main] DEBUG org.activiti.engine.impl.db.DbSqlSession - flush summary: 0 insert, 0 update, 0 delete.
16:46:14.129 [main] DEBUG org.activiti.engine.impl.db.DbSqlSession - now executing flush...
16:46:14.129 [main] DEBUG org.apache.ibatis.transaction.managed.ManagedTransaction - Closing JDBC Connection [Transaction-aware proxy for target Connection [conn26: url=jdbc:h2:mem:activiti user=SA]]
16:46:14.129 [main] DEBUG org.springframework.jdbc.datasource.DataSourceTransactionManager - Initiating transaction commit
16:46:14.129 [main] DEBUG org.springframework.jdbc.datasource.DataSourceTransactionManager - Committing JDBC transaction on Connection [conn26: url=jdbc:h2:mem:activiti user=SA]
16:46:14.129 [main] DEBUG org.springframework.jdbc.datasource.DataSourceTransactionManager - Releasing JDBC Connection [conn26: url=jdbc:h2:mem:activiti user=SA] after transaction
16:46:14.129 [main] DEBUG org.springframework.jdbc.datasource.DataSourceUtils - Returning JDBC Connection to DataSource
16:46:14.129 [main] DEBUG org.activiti.engine.impl.interceptor.LogInterceptor - --- GetTableCountCmd finished --------------------------------------------------------
16:46:14.129 [main] DEBUG org.activiti.engine.impl.interceptor.LogInterceptor - 

16:46:14.130 [main] INFO org.activiti.engine.impl.test.PvmTestCase - database was clean
]]></system-out>
  </testcase>
  <testcase name="testNotAllApproved" classname="com.home.demo.main.LeaveCoutersignTest" time="0.449">
    <error message="Exception while invoking TaskListener: Unknown property used in expression: ${leaveCounterSignCompleteListener}" type="org.activiti.engine.ActivitiException">org.activiti.engine.ActivitiException: Exception while invoking TaskListener: Unknown property used in expression: ${leaveCounterSignCompleteListener}
	at org.activiti.engine.impl.juel.AstIdentifier.eval(AstIdentifier.java:83)
	at org.activiti.engine.impl.juel.AstEval.eval(AstEval.java:50)
	at org.activiti.engine.impl.juel.AstNode.getValue(AstNode.java:26)
	at org.activiti.engine.impl.juel.TreeValueExpression.getValue(TreeValueExpression.java:114)
	at org.activiti.engine.impl.delegate.ExpressionGetInvocation.invoke(ExpressionGetInvocation.java:33)
	at org.activiti.engine.impl.delegate.DelegateInvocation.proceed(DelegateInvocation.java:37)
	at org.activiti.engine.impl.delegate.DefaultDelegateInterceptor.handleInvocation(DefaultDelegateInterceptor.java:25)
	at org.activiti.engine.impl.el.JuelExpression.getValue(JuelExpression.java:48)
	at org.activiti.engine.impl.bpmn.listener.DelegateExpressionTaskListener.notify(DelegateExpressionTaskListener.java:44)
	at org.activiti.engine.impl.delegate.TaskListenerInvocation.invoke(TaskListenerInvocation.java:34)
	at org.activiti.engine.impl.delegate.DelegateInvocation.proceed(DelegateInvocation.java:37)
	at org.activiti.engine.impl.delegate.DefaultDelegateInterceptor.handleInvocation(DefaultDelegateInterceptor.java:25)
	at org.activiti.engine.impl.persistence.entity.TaskEntity.fireEvent(TaskEntity.java:718)
	at org.activiti.engine.impl.persistence.entity.TaskEntity.complete(TaskEntity.java:181)
	at org.activiti.engine.impl.cmd.CompleteTaskCmd.execute(CompleteTaskCmd.java:50)
	at org.activiti.engine.impl.cmd.CompleteTaskCmd.execute(CompleteTaskCmd.java:24)
	at org.activiti.engine.impl.cmd.NeedsActiveTaskCmd.execute(NeedsActiveTaskCmd.java:59)
	at org.activiti.engine.impl.interceptor.CommandInvoker.execute(CommandInvoker.java:24)
	at org.activiti.engine.impl.interceptor.CommandContextInterceptor.execute(CommandContextInterceptor.java:57)
	at org.activiti.spring.SpringTransactionInterceptor$1.doInTransaction(SpringTransactionInterceptor.java:47)
	at org.springframework.transaction.support.TransactionTemplate.execute(TransactionTemplate.java:133)
	at org.activiti.spring.SpringTransactionInterceptor.execute(SpringTransactionInterceptor.java:45)
	at org.activiti.engine.impl.interceptor.LogInterceptor.execute(LogInterceptor.java:37)
	at org.activiti.engine.impl.cfg.CommandExecutorImpl.execute(CommandExecutorImpl.java:40)
	at org.activiti.engine.impl.cfg.CommandExecutorImpl.execute(CommandExecutorImpl.java:35)
	at org.activiti.engine.impl.TaskServiceImpl.complete(TaskServiceImpl.java:179)
	at com.home.demo.main.LeaveCoutersignTest.testNotAllApproved(LeaveCoutersignTest.java:61)
</error>
    <system-out><![CDATA[16:46:14.133 [main] DEBUG org.springframework.test.context.support.DependencyInjectionTestExecutionListener - Performing dependency injection for test context [[DefaultTestContext@32b9bd12 testClass = LeaveCoutersignTest, testInstance = testNotAllApproved(com.home.demo.main.LeaveCoutersignTest), testMethod = [null], testException = [null], mergedContextConfiguration = [MergedContextConfiguration@352e787a testClass = LeaveCoutersignTest, locations = '{classpath:applicationContext-test-chapter9.xml}', classes = '{}', contextInitializerClasses = '[]', activeProfiles = '{}', propertySourceLocations = '{}', propertySourceProperties = '{}', contextCustomizers = set[org.springframework.boot.test.context.filter.ExcludeFilterContextCustomizer@5bb21b69, org.springframework.boot.test.mock.mockito.MockitoContextCustomizer@0, org.springframework.boot.test.autoconfigure.properties.PropertyMappingContextCustomizer@0], contextLoader = 'org.springframework.test.context.support.DelegatingSmartContextLoader', parent = [null]]]].
16:46:14.133 [main] DEBUG org.springframework.test.context.cache.DefaultCacheAwareContextLoaderDelegate - Retrieved ApplicationContext from cache with key [[MergedContextConfiguration@352e787a testClass = LeaveCoutersignTest, locations = '{classpath:applicationContext-test-chapter9.xml}', classes = '{}', contextInitializerClasses = '[]', activeProfiles = '{}', propertySourceLocations = '{}', propertySourceProperties = '{}', contextCustomizers = set[org.springframework.boot.test.context.filter.ExcludeFilterContextCustomizer@5bb21b69, org.springframework.boot.test.mock.mockito.MockitoContextCustomizer@0, org.springframework.boot.test.autoconfigure.properties.PropertyMappingContextCustomizer@0], contextLoader = 'org.springframework.test.context.support.DelegatingSmartContextLoader', parent = [null]]]
16:46:14.133 [main] DEBUG org.springframework.test.context.cache - Spring test ApplicationContext cache statistics: [DefaultContextCache@d02f8d size = 2, maxSize = 32, parentContextCount = 0, hitCount = 1, missCount = 2]
16:46:14.134 [main] DEBUG org.springframework.beans.factory.annotation.InjectionMetadata - Processing injected element of bean 'com.home.demo.main.LeaveCoutersignTest': AutowiredFieldElement for protected org.springframework.context.ApplicationContext org.activiti.spring.impl.test.SpringActivitiTestCase.applicationContext
16:46:14.134 [main] DEBUG org.springframework.beans.factory.support.DefaultListableBeanFactory - Returning cached instance of singleton bean 'processEngineFactory'
16:46:14.134 [main] DEBUG org.activiti.engine.impl.test.TestHelper - annotation @Deployment creates deployment for LeaveCoutersignTest.testNotAllApproved
16:46:14.135 [main] DEBUG org.activiti.engine.impl.interceptor.LogInterceptor - 

16:46:14.135 [main] DEBUG org.activiti.engine.impl.interceptor.LogInterceptor - --- starting DeployCmd --------------------------------------------------------
16:46:14.135 [main] DEBUG org.activiti.spring.SpringTransactionInterceptor - Running command with propagation REQUIRED
16:46:14.135 [main] DEBUG org.springframework.jdbc.datasource.DataSourceTransactionManager - Creating new transaction with name [null]: PROPAGATION_REQUIRED,ISOLATION_DEFAULT
16:46:14.135 [main] DEBUG org.springframework.jdbc.datasource.SimpleDriverDataSource - Creating new JDBC Driver Connection to [jdbc:h2:mem:activiti;DB_CLOSE_DELAY=1000]
16:46:14.135 [main] DEBUG org.springframework.jdbc.datasource.DataSourceTransactionManager - Acquired Connection [conn27: url=jdbc:h2:mem:activiti user=SA] for JDBC transaction
16:46:14.135 [main] DEBUG org.springframework.jdbc.datasource.DataSourceTransactionManager - Switching JDBC Connection [conn27: url=jdbc:h2:mem:activiti user=SA] to manual commit
16:46:14.135 [main] DEBUG org.activiti.engine.impl.bpmn.deployer.BpmnDeployer - Processing deployment LeaveCoutersignTest.testNotAllApproved
16:46:14.135 [main] INFO org.activiti.engine.impl.bpmn.deployer.BpmnDeployer - Processing resource diagrams/chapter9/leave-countersign.bpmn
16:46:14.175 [main] DEBUG org.activiti.engine.impl.bpmn.parser.handler.ProcessParseHandler - Parsing process leave-countersign
16:46:14.175 [main] DEBUG org.activiti.engine.impl.bpmn.parser.handler.AbstractBpmnParseHandler - Parsing activity countersign
16:46:14.175 [main] DEBUG org.activiti.engine.impl.bpmn.parser.handler.AbstractBpmnParseHandler - Parsing activity reportBack
16:46:14.175 [main] DEBUG org.activiti.engine.impl.bpmn.parser.handler.AbstractBpmnParseHandler - Parsing activity exclusivegateway1
16:46:14.175 [main] DEBUG org.activiti.engine.impl.bpmn.parser.handler.AbstractBpmnParseHandler - Parsing activity modifyApply
16:46:14.176 [main] DEBUG org.activiti.engine.impl.bpmn.parser.handler.AbstractBpmnParseHandler - Parsing activity exclusivegateway2
16:46:14.176 [main] DEBUG org.activiti.engine.impl.bpmn.parser.handler.AbstractBpmnParseHandler - Parsing activity startevent1
16:46:14.176 [main] DEBUG org.activiti.engine.impl.bpmn.parser.handler.AbstractBpmnParseHandler - Parsing activity endevent1
16:46:14.256 [main] DEBUG org.apache.ibatis.transaction.managed.ManagedTransaction - Opening JDBC Connection
16:46:14.256 [main] DEBUG org.activiti.engine.impl.persistence.entity.ProcessDefinitionEntity.selectLatestProcessDefinitionByKey - ==>  Preparing: select * from ACT_RE_PROCDEF where KEY_ = ? and (TENANT_ID_ = '' or TENANT_ID_ is null) and VERSION_ = (select max(VERSION_) from ACT_RE_PROCDEF where KEY_ = ? and (TENANT_ID_ = '' or TENANT_ID_ is null)) 
16:46:14.256 [main] DEBUG org.activiti.engine.impl.persistence.entity.ProcessDefinitionEntity.selectLatestProcessDefinitionByKey - ==> Parameters: leave-countersign(String), leave-countersign(String)
16:46:14.257 [main] DEBUG org.activiti.engine.impl.persistence.entity.ProcessDefinitionEntity.selectLatestProcessDefinitionByKey - <==      Total: 0
16:46:14.257 [main] DEBUG org.activiti.engine.impl.persistence.entity.JobEntity.selectJobsByConfiguration - ==>  Preparing: select * from ACT_RU_JOB where HANDLER_TYPE_ = ? and HANDLER_CFG_ = ? 
16:46:14.257 [main] DEBUG org.activiti.engine.impl.persistence.entity.JobEntity.selectJobsByConfiguration - ==> Parameters: timer-start-event(String), leave-countersign(String)
16:46:14.258 [main] DEBUG org.activiti.engine.impl.persistence.entity.JobEntity.selectJobsByConfiguration - <==      Total: 0
16:46:14.258 [main] DEBUG org.activiti.engine.impl.db.DbSqlSession - flush summary: 4 insert, 0 update, 0 delete.
16:46:14.258 [main] DEBUG org.activiti.engine.impl.db.DbSqlSession -   insert DeploymentEntity[id=2536, name=LeaveCoutersignTest.testNotAllApproved]
16:46:14.258 [main] DEBUG org.activiti.engine.impl.db.DbSqlSession -   insert ResourceEntity[id=2537, name=diagrams/chapter9/leave-countersign.bpmn]
16:46:14.258 [main] DEBUG org.activiti.engine.impl.db.DbSqlSession -   insert ResourceEntity[id=2538, name=diagrams/chapter9/leave-countersign.leave-countersign.png]
16:46:14.258 [main] DEBUG org.activiti.engine.impl.db.DbSqlSession -   insert ProcessDefinitionEntity[leave-countersign:1:2539]
16:46:14.258 [main] DEBUG org.activiti.engine.impl.db.DbSqlSession - now executing flush...
16:46:14.258 [main] DEBUG org.activiti.engine.impl.db.DbSqlSession - inserting: DeploymentEntity[id=2536, name=LeaveCoutersignTest.testNotAllApproved]
16:46:14.258 [main] DEBUG org.activiti.engine.impl.persistence.entity.DeploymentEntity.insertDeployment - ==>  Preparing: insert into ACT_RE_DEPLOYMENT(ID_, NAME_, CATEGORY_, TENANT_ID_, DEPLOY_TIME_) values(?, ?, ?, ?, ?) 
16:46:14.259 [main] DEBUG org.activiti.engine.impl.persistence.entity.DeploymentEntity.insertDeployment - ==> Parameters: 2536(String), LeaveCoutersignTest.testNotAllApproved(String), null, (String), 2017-11-28 16:46:14.135(Timestamp)
16:46:14.259 [main] DEBUG org.activiti.engine.impl.persistence.entity.DeploymentEntity.insertDeployment - <==    Updates: 1
16:46:14.259 [main] DEBUG org.activiti.engine.impl.db.DbSqlSession - inserting: ResourceEntity[id=2537, name=diagrams/chapter9/leave-countersign.bpmn]
16:46:14.259 [main] DEBUG org.activiti.engine.impl.persistence.entity.ResourceEntity.insertResource - ==>  Preparing: insert into ACT_GE_BYTEARRAY(ID_, REV_, NAME_, BYTES_, DEPLOYMENT_ID_, GENERATED_) values (?, 1, ?, ?, ?, ?) 
16:46:14.259 [main] DEBUG org.activiti.engine.impl.persistence.entity.ResourceEntity.insertResource - ==> Parameters: 2537(String), diagrams/chapter9/leave-countersign.bpmn(String), java.io.ByteArrayInputStream@5ce4369b(ByteArrayInputStream), 2536(String), false(Boolean)
16:46:14.259 [main] DEBUG org.activiti.engine.impl.persistence.entity.ResourceEntity.insertResource - <==    Updates: 1
16:46:14.260 [main] DEBUG org.activiti.engine.impl.db.DbSqlSession - inserting: ResourceEntity[id=2538, name=diagrams/chapter9/leave-countersign.leave-countersign.png]
16:46:14.260 [main] DEBUG org.activiti.engine.impl.persistence.entity.ResourceEntity.insertResource - ==>  Preparing: insert into ACT_GE_BYTEARRAY(ID_, REV_, NAME_, BYTES_, DEPLOYMENT_ID_, GENERATED_) values (?, 1, ?, ?, ?, ?) 
16:46:14.260 [main] DEBUG org.activiti.engine.impl.persistence.entity.ResourceEntity.insertResource - ==> Parameters: 2538(String), diagrams/chapter9/leave-countersign.leave-countersign.png(String), java.io.ByteArrayInputStream@7f829c76(ByteArrayInputStream), 2536(String), true(Boolean)
16:46:14.260 [main] DEBUG org.activiti.engine.impl.persistence.entity.ResourceEntity.insertResource - <==    Updates: 1
16:46:14.260 [main] DEBUG org.activiti.engine.impl.db.DbSqlSession - inserting: ProcessDefinitionEntity[leave-countersign:1:2539]
16:46:14.260 [main] DEBUG org.activiti.engine.impl.persistence.entity.ProcessDefinitionEntity.insertProcessDefinition - ==>  Preparing: insert into ACT_RE_PROCDEF(ID_, REV_, CATEGORY_, NAME_, KEY_, VERSION_, DEPLOYMENT_ID_, RESOURCE_NAME_, DGRM_RESOURCE_NAME_, DESCRIPTION_, HAS_START_FORM_KEY_, SUSPENSION_STATE_, TENANT_ID_) values (?, 1, ?, ?, ?, ?, ?, ?, ?, ?, ?, ?, ?) 
16:46:14.261 [main] DEBUG org.activiti.engine.impl.persistence.entity.ProcessDefinitionEntity.insertProcessDefinition - ==> Parameters: leave-countersign:1:2539(String), http://www.activiti.org/test(String), 请假流程-会签(String), leave-countersign(String), 1(Integer), 2536(String), diagrams/chapter9/leave-countersign.bpmn(String), diagrams/chapter9/leave-countersign.leave-countersign.png(String), 请假流程演示-会签(String), false(Boolean), 1(Integer), (String)
16:46:14.263 [main] DEBUG org.activiti.engine.impl.persistence.entity.ProcessDefinitionEntity.insertProcessDefinition - <==    Updates: 1
16:46:14.263 [main] DEBUG org.apache.ibatis.transaction.managed.ManagedTransaction - Closing JDBC Connection [Transaction-aware proxy for target Connection [conn27: url=jdbc:h2:mem:activiti user=SA]]
16:46:14.263 [main] DEBUG org.springframework.jdbc.datasource.DataSourceTransactionManager - Initiating transaction commit
16:46:14.264 [main] DEBUG org.springframework.jdbc.datasource.DataSourceTransactionManager - Committing JDBC transaction on Connection [conn27: url=jdbc:h2:mem:activiti user=SA]
16:46:14.264 [main] DEBUG org.springframework.jdbc.datasource.DataSourceTransactionManager - Releasing JDBC Connection [conn27: url=jdbc:h2:mem:activiti user=SA] after transaction
16:46:14.265 [main] DEBUG org.springframework.jdbc.datasource.DataSourceUtils - Returning JDBC Connection to DataSource
16:46:14.265 [main] DEBUG org.activiti.engine.impl.interceptor.LogInterceptor - --- DeployCmd finished --------------------------------------------------------
16:46:14.265 [main] DEBUG org.activiti.engine.impl.interceptor.LogInterceptor - 

16:46:14.265 [main] DEBUG org.activiti.engine.impl.test.PvmTestCase - 

16:46:14.265 [main] DEBUG org.activiti.engine.impl.test.PvmTestCase - #### START LeaveCoutersignTest.testNotAllApproved ###########################################################
16:46:14.265 [main] DEBUG org.activiti.engine.impl.interceptor.LogInterceptor - 

16:46:14.265 [main] DEBUG org.activiti.engine.impl.interceptor.LogInterceptor - --- starting StartProcessInstanceCmd --------------------------------------------------------
16:46:14.265 [main] DEBUG org.activiti.spring.SpringTransactionInterceptor - Running command with propagation REQUIRED
16:46:14.265 [main] DEBUG org.springframework.jdbc.datasource.DataSourceTransactionManager - Creating new transaction with name [null]: PROPAGATION_REQUIRED,ISOLATION_DEFAULT
16:46:14.266 [main] DEBUG org.springframework.jdbc.datasource.SimpleDriverDataSource - Creating new JDBC Driver Connection to [jdbc:h2:mem:activiti;DB_CLOSE_DELAY=1000]
16:46:14.266 [main] DEBUG org.springframework.jdbc.datasource.DataSourceTransactionManager - Acquired Connection [conn28: url=jdbc:h2:mem:activiti user=SA] for JDBC transaction
16:46:14.266 [main] DEBUG org.springframework.jdbc.datasource.DataSourceTransactionManager - Switching JDBC Connection [conn28: url=jdbc:h2:mem:activiti user=SA] to manual commit
16:46:14.266 [main] DEBUG org.apache.ibatis.transaction.managed.ManagedTransaction - Opening JDBC Connection
16:46:14.266 [main] DEBUG org.activiti.engine.impl.persistence.entity.ProcessDefinitionEntity.selectLatestProcessDefinitionByKey - ==>  Preparing: select * from ACT_RE_PROCDEF where KEY_ = ? and (TENANT_ID_ = '' or TENANT_ID_ is null) and VERSION_ = (select max(VERSION_) from ACT_RE_PROCDEF where KEY_ = ? and (TENANT_ID_ = '' or TENANT_ID_ is null)) 
16:46:14.267 [main] DEBUG org.activiti.engine.impl.persistence.entity.ProcessDefinitionEntity.selectLatestProcessDefinitionByKey - ==> Parameters: leave-countersign(String), leave-countersign(String)
16:46:14.268 [main] DEBUG org.activiti.engine.impl.persistence.entity.ProcessDefinitionEntity.selectLatestProcessDefinitionByKey - <==      Total: 1
16:46:14.268 [main] DEBUG org.activiti.engine.impl.persistence.entity.ExecutionEntity - initializing ProcessInstance[2540]
16:46:14.268 [main] DEBUG org.activiti.engine.impl.history.DefaultHistoryManager - Current history level: AUDIT, level required: ACTIVITY
16:46:14.268 [main] DEBUG org.activiti.engine.impl.history.DefaultHistoryManager - Current history level: AUDIT, level required: FULL
16:46:14.268 [main] DEBUG org.activiti.engine.impl.persistence.entity.IdentityLinkEntity.selectIdentityLinksByProcessInstance - ==>  Preparing: select * from ACT_RU_IDENTITYLINK where PROC_INST_ID_ = ? 
16:46:14.268 [main] DEBUG org.activiti.engine.impl.persistence.entity.IdentityLinkEntity.selectIdentityLinksByProcessInstance - ==> Parameters: 2540(String)
16:46:14.268 [main] DEBUG org.activiti.engine.impl.persistence.entity.IdentityLinkEntity.selectIdentityLinksByProcessInstance - <==      Total: 0
16:46:14.269 [main] DEBUG org.activiti.engine.impl.history.DefaultHistoryManager - Current history level: AUDIT, level required: AUDIT
16:46:14.269 [main] DEBUG org.activiti.engine.impl.history.DefaultHistoryManager - Current history level: AUDIT, level required: ACTIVITY
16:46:14.269 [main] DEBUG org.activiti.engine.impl.history.DefaultHistoryManager - Current history level: AUDIT, level required: ACTIVITY
16:46:14.269 [main] DEBUG org.activiti.engine.impl.history.DefaultHistoryManager - Current history level: AUDIT, level required: FULL
16:46:14.269 [main] DEBUG org.activiti.engine.impl.pvm.runtime.AtomicOperationActivityExecute - ProcessInstance[2540] executes Activity(startevent1): org.activiti.engine.impl.bpmn.behavior.NoneStartEventActivityBehavior
16:46:14.269 [main] DEBUG org.activiti.engine.impl.bpmn.behavior.BpmnActivityBehavior - Leaving activity 'startevent1'
16:46:14.269 [main] DEBUG org.activiti.engine.impl.history.DefaultHistoryManager - Current history level: AUDIT, level required: ACTIVITY
16:46:14.270 [main] DEBUG org.activiti.engine.impl.history.DefaultHistoryManager - Current history level: AUDIT, level required: ACTIVITY
16:46:14.270 [main] DEBUG org.activiti.engine.impl.history.DefaultHistoryManager - Current history level: AUDIT, level required: FULL
16:46:14.270 [main] DEBUG org.activiti.engine.impl.pvm.runtime.AtomicOperationTransitionNotifyListenerTake - ProcessInstance[2540] takes transition (startevent1)--flow2-->(countersign)
16:46:14.270 [main] DEBUG org.activiti.engine.impl.persistence.entity.ExecutionEntity - Child execution ScopeExecution[2548] created with parent 
16:46:14.270 [main] DEBUG org.activiti.engine.impl.pvm.runtime.AtomicOperationTransitionCreateScope - create scope: parent ProcessInstance[2540] continues as execution ScopeExecution[2548]
16:46:14.270 [main] DEBUG org.activiti.engine.impl.persistence.entity.ExecutionEntity - initializing ScopeExecution[2548]
16:46:14.270 [main] DEBUG org.activiti.engine.impl.history.DefaultHistoryManager - Current history level: AUDIT, level required: ACTIVITY
16:46:14.271 [main] DEBUG org.activiti.engine.impl.pvm.runtime.AtomicOperationActivityExecute - ScopeExecution[2548] executes Activity(countersign): org.activiti.engine.impl.bpmn.behavior.ParallelMultiInstanceBehavior
16:46:14.271 [main] DEBUG org.activiti.engine.impl.history.DefaultHistoryManager - Current history level: AUDIT, level required: ACTIVITY
16:46:14.271 [main] DEBUG org.activiti.engine.impl.history.DefaultHistoryManager - Current history level: AUDIT, level required: FULL
16:46:14.271 [main] DEBUG org.activiti.engine.impl.history.DefaultHistoryManager - Current history level: AUDIT, level required: ACTIVITY
16:46:14.271 [main] DEBUG org.activiti.engine.impl.history.DefaultHistoryManager - Current history level: AUDIT, level required: FULL
16:46:14.271 [main] DEBUG org.activiti.engine.impl.history.DefaultHistoryManager - Current history level: AUDIT, level required: ACTIVITY
16:46:14.271 [main] DEBUG org.activiti.engine.impl.history.DefaultHistoryManager - Current history level: AUDIT, level required: FULL
16:46:14.271 [main] DEBUG org.activiti.engine.impl.persistence.entity.ExecutionEntity - Child execution ScopeExecution[2553] created with parent 
16:46:14.271 [main] DEBUG org.activiti.engine.impl.bpmn.behavior.MultiInstanceActivityBehavior - Multi-instance 'Activity(countersign)' initialized. Details: loopCounter=0, nrOrCompletedInstances=0,nrOfActiveInstances=3,nrOfInstances=3
16:46:14.271 [main] DEBUG org.activiti.engine.impl.persistence.entity.ExecutionEntity - Child execution ScopeExecution[2554] created with parent 
16:46:14.272 [main] DEBUG org.activiti.engine.impl.bpmn.behavior.MultiInstanceActivityBehavior - Multi-instance 'Activity(countersign)' initialized. Details: loopCounter=1, nrOrCompletedInstances=0,nrOfActiveInstances=3,nrOfInstances=3
16:46:14.272 [main] DEBUG org.activiti.engine.impl.persistence.entity.ExecutionEntity - Child execution ScopeExecution[2555] created with parent 
16:46:14.272 [main] DEBUG org.activiti.engine.impl.bpmn.behavior.MultiInstanceActivityBehavior - Multi-instance 'Activity(countersign)' initialized. Details: loopCounter=2, nrOrCompletedInstances=0,nrOfActiveInstances=3,nrOfInstances=3
16:46:14.273 [main] DEBUG org.activiti.engine.impl.persistence.entity.VariableInstanceEntity.selectVariablesByExecutionId - ==>  Preparing: select * from ACT_RU_VARIABLE where EXECUTION_ID_ = ? and TASK_ID_ is null 
16:46:14.273 [main] DEBUG org.activiti.engine.impl.persistence.entity.VariableInstanceEntity.selectVariablesByExecutionId - ==> Parameters: 2553(String)
16:46:14.273 [main] DEBUG org.activiti.engine.impl.persistence.entity.VariableInstanceEntity.selectVariablesByExecutionId - <==      Total: 0
16:46:14.274 [main] DEBUG org.activiti.engine.impl.history.DefaultHistoryManager - Current history level: AUDIT, level required: ACTIVITY
16:46:14.274 [main] DEBUG org.activiti.engine.impl.history.DefaultHistoryManager - Current history level: AUDIT, level required: FULL
16:46:14.274 [main] DEBUG org.activiti.engine.impl.history.DefaultHistoryManager - Current history level: AUDIT, level required: ACTIVITY
16:46:14.274 [main] DEBUG org.activiti.engine.impl.history.DefaultHistoryManager - Current history level: AUDIT, level required: FULL
16:46:14.274 [main] DEBUG org.activiti.engine.impl.persistence.entity.TaskEntity.selectTasksByExecutionId - ==>  Preparing: select distinct T.* from ACT_RU_TASK T where T.EXECUTION_ID_ = ? 
16:46:14.274 [main] DEBUG org.activiti.engine.impl.persistence.entity.TaskEntity.selectTasksByExecutionId - ==> Parameters: 2553(String)
16:46:14.275 [main] DEBUG org.activiti.engine.impl.persistence.entity.TaskEntity.selectTasksByExecutionId - <==      Total: 0
16:46:14.275 [main] DEBUG org.activiti.engine.impl.history.DefaultHistoryManager - Current history level: AUDIT, level required: AUDIT
16:46:14.275 [main] DEBUG org.activiti.engine.impl.history.DefaultHistoryManager - Current history level: AUDIT, level required: AUDIT
16:46:14.275 [main] DEBUG org.activiti.engine.impl.history.DefaultHistoryManager - Current history level: AUDIT, level required: AUDIT
16:46:14.275 [main] DEBUG org.activiti.engine.impl.history.DefaultHistoryManager - Current history level: AUDIT, level required: AUDIT
16:46:14.275 [main] DEBUG org.activiti.engine.impl.history.DefaultHistoryManager - Current history level: AUDIT, level required: AUDIT
16:46:14.275 [main] DEBUG org.activiti.engine.impl.history.DefaultHistoryManager - Current history level: AUDIT, level required: AUDIT
16:46:14.275 [main] DEBUG org.activiti.engine.impl.history.DefaultHistoryManager - Current history level: AUDIT, level required: ACTIVITY
16:46:14.275 [main] DEBUG org.activiti.engine.impl.persistence.entity.HistoricActivityInstanceEntity.selectHistoricActivityInstancesByQueryCriteria - ==>  Preparing: select RES.* from ACT_HI_ACTINST RES WHERE RES.EXECUTION_ID_ = ? and RES.ACT_ID_ = ? and RES.END_TIME_ is null order by RES.ID_ asc LIMIT ? OFFSET ? 
16:46:14.276 [main] DEBUG org.activiti.engine.impl.persistence.entity.HistoricActivityInstanceEntity.selectHistoricActivityInstancesByQueryCriteria - ==> Parameters: 2553(String), countersign(String), 1(Integer), 0(Integer)
16:46:14.276 [main] DEBUG org.activiti.engine.impl.persistence.entity.HistoricActivityInstanceEntity.selectHistoricActivityInstancesByQueryCriteria - <==      Total: 0
16:46:14.276 [main] DEBUG org.activiti.engine.impl.history.DefaultHistoryManager - Current history level: AUDIT, level required: ACTIVITY
16:46:14.276 [main] DEBUG org.activiti.engine.impl.persistence.entity.VariableInstanceEntity.selectVariablesByExecutionId - ==>  Preparing: select * from ACT_RU_VARIABLE where EXECUTION_ID_ = ? and TASK_ID_ is null 
16:46:14.276 [main] DEBUG org.activiti.engine.impl.persistence.entity.VariableInstanceEntity.selectVariablesByExecutionId - ==> Parameters: 2554(String)
16:46:14.277 [main] DEBUG org.activiti.engine.impl.persistence.entity.VariableInstanceEntity.selectVariablesByExecutionId - <==      Total: 0
16:46:14.277 [main] DEBUG org.activiti.engine.impl.history.DefaultHistoryManager - Current history level: AUDIT, level required: ACTIVITY
16:46:14.277 [main] DEBUG org.activiti.engine.impl.history.DefaultHistoryManager - Current history level: AUDIT, level required: FULL
16:46:14.277 [main] DEBUG org.activiti.engine.impl.history.DefaultHistoryManager - Current history level: AUDIT, level required: ACTIVITY
16:46:14.277 [main] DEBUG org.activiti.engine.impl.history.DefaultHistoryManager - Current history level: AUDIT, level required: FULL
16:46:14.277 [main] DEBUG org.activiti.engine.impl.history.DefaultHistoryManager - Current history level: AUDIT, level required: ACTIVITY
16:46:14.277 [main] DEBUG org.activiti.engine.impl.pvm.runtime.AtomicOperationActivityExecute - ConcurrentExecution[2554] executes Activity(countersign): org.activiti.engine.impl.bpmn.behavior.ParallelMultiInstanceBehavior
16:46:14.277 [main] DEBUG org.activiti.engine.impl.persistence.entity.TaskEntity.selectTasksByExecutionId - ==>  Preparing: select distinct T.* from ACT_RU_TASK T where T.EXECUTION_ID_ = ? 
16:46:14.277 [main] DEBUG org.activiti.engine.impl.persistence.entity.TaskEntity.selectTasksByExecutionId - ==> Parameters: 2554(String)
16:46:14.277 [main] DEBUG org.activiti.engine.impl.persistence.entity.TaskEntity.selectTasksByExecutionId - <==      Total: 0
16:46:14.277 [main] DEBUG org.activiti.engine.impl.history.DefaultHistoryManager - Current history level: AUDIT, level required: AUDIT
16:46:14.277 [main] DEBUG org.activiti.engine.impl.history.DefaultHistoryManager - Current history level: AUDIT, level required: AUDIT
16:46:14.277 [main] DEBUG org.activiti.engine.impl.history.DefaultHistoryManager - Current history level: AUDIT, level required: AUDIT
16:46:14.278 [main] DEBUG org.activiti.engine.impl.history.DefaultHistoryManager - Current history level: AUDIT, level required: AUDIT
16:46:14.278 [main] DEBUG org.activiti.engine.impl.history.DefaultHistoryManager - Current history level: AUDIT, level required: AUDIT
16:46:14.278 [main] DEBUG org.activiti.engine.impl.history.DefaultHistoryManager - Current history level: AUDIT, level required: AUDIT
16:46:14.278 [main] DEBUG org.activiti.engine.impl.history.DefaultHistoryManager - Current history level: AUDIT, level required: ACTIVITY
16:46:14.278 [main] DEBUG org.activiti.engine.impl.history.DefaultHistoryManager - Current history level: AUDIT, level required: ACTIVITY
16:46:14.278 [main] DEBUG org.activiti.engine.impl.persistence.entity.VariableInstanceEntity.selectVariablesByExecutionId - ==>  Preparing: select * from ACT_RU_VARIABLE where EXECUTION_ID_ = ? and TASK_ID_ is null 
16:46:14.278 [main] DEBUG org.activiti.engine.impl.persistence.entity.VariableInstanceEntity.selectVariablesByExecutionId - ==> Parameters: 2555(String)
16:46:14.279 [main] DEBUG org.activiti.engine.impl.persistence.entity.VariableInstanceEntity.selectVariablesByExecutionId - <==      Total: 0
16:46:14.279 [main] DEBUG org.activiti.engine.impl.history.DefaultHistoryManager - Current history level: AUDIT, level required: ACTIVITY
16:46:14.279 [main] DEBUG org.activiti.engine.impl.history.DefaultHistoryManager - Current history level: AUDIT, level required: FULL
16:46:14.279 [main] DEBUG org.activiti.engine.impl.history.DefaultHistoryManager - Current history level: AUDIT, level required: ACTIVITY
16:46:14.279 [main] DEBUG org.activiti.engine.impl.history.DefaultHistoryManager - Current history level: AUDIT, level required: FULL
16:46:14.279 [main] DEBUG org.activiti.engine.impl.history.DefaultHistoryManager - Current history level: AUDIT, level required: ACTIVITY
16:46:14.279 [main] DEBUG org.activiti.engine.impl.pvm.runtime.AtomicOperationActivityExecute - ConcurrentExecution[2555] executes Activity(countersign): org.activiti.engine.impl.bpmn.behavior.ParallelMultiInstanceBehavior
16:46:14.279 [main] DEBUG org.activiti.engine.impl.persistence.entity.TaskEntity.selectTasksByExecutionId - ==>  Preparing: select distinct T.* from ACT_RU_TASK T where T.EXECUTION_ID_ = ? 
16:46:14.279 [main] DEBUG org.activiti.engine.impl.persistence.entity.TaskEntity.selectTasksByExecutionId - ==> Parameters: 2555(String)
16:46:14.279 [main] DEBUG org.activiti.engine.impl.persistence.entity.TaskEntity.selectTasksByExecutionId - <==      Total: 0
16:46:14.279 [main] DEBUG org.activiti.engine.impl.history.DefaultHistoryManager - Current history level: AUDIT, level required: AUDIT
16:46:14.279 [main] DEBUG org.activiti.engine.impl.history.DefaultHistoryManager - Current history level: AUDIT, level required: AUDIT
16:46:14.279 [main] DEBUG org.activiti.engine.impl.history.DefaultHistoryManager - Current history level: AUDIT, level required: AUDIT
16:46:14.279 [main] DEBUG org.activiti.engine.impl.history.DefaultHistoryManager - Current history level: AUDIT, level required: AUDIT
16:46:14.279 [main] DEBUG org.activiti.engine.impl.history.DefaultHistoryManager - Current history level: AUDIT, level required: AUDIT
16:46:14.279 [main] DEBUG org.activiti.engine.impl.history.DefaultHistoryManager - Current history level: AUDIT, level required: AUDIT
16:46:14.280 [main] DEBUG org.activiti.engine.impl.history.DefaultHistoryManager - Current history level: AUDIT, level required: ACTIVITY
16:46:14.280 [main] DEBUG org.activiti.engine.impl.history.DefaultHistoryManager - Current history level: AUDIT, level required: ACTIVITY
16:46:14.280 [main] DEBUG org.activiti.engine.impl.db.DbSqlSession - flush summary: 50 insert, 0 update, 0 delete.
16:46:14.280 [main] DEBUG org.activiti.engine.impl.db.DbSqlSession -   insert ProcessInstance[2540]
16:46:14.280 [main] DEBUG org.activiti.engine.impl.db.DbSqlSession -   insert VariableInstanceEntity[id=2541, name=applyUserId, type=string, textValue=henryyan]
16:46:14.280 [main] DEBUG org.activiti.engine.impl.db.DbSqlSession -   insert HistoricVariableInstanceEntity[id=2541, name=applyUserId, revision=0, type=string, textValue=henryyan]
16:46:14.280 [main] DEBUG org.activiti.engine.impl.db.DbSqlSession -   insert IdentityLinkEntity[id=2542, type=starter, userId=henryyan, processInstanceId=2540]
16:46:14.280 [main] DEBUG org.activiti.engine.impl.db.DbSqlSession -   insert org.activiti.engine.impl.persistence.entity.HistoricIdentityLinkEntity@4a5905d9
16:46:14.280 [main] DEBUG org.activiti.engine.impl.db.DbSqlSession -   insert HistoricProcessInstanceEntity[superProcessInstanceId=null]
16:46:14.280 [main] DEBUG org.activiti.engine.impl.db.DbSqlSession -   insert HistoricActivityInstanceEntity[activityId=startevent1, activityName=Start]
16:46:14.280 [main] DEBUG org.activiti.engine.impl.db.DbSqlSession -   insert ByteArrayEntity[id=2544, name=var-users, size=145]
16:46:14.280 [main] DEBUG org.activiti.engine.impl.db.DbSqlSession -   insert VariableInstanceEntity[id=2545, name=users, type=serializable, byteArrayValueId=2544]
16:46:14.280 [main] DEBUG org.activiti.engine.impl.db.DbSqlSession -   insert ByteArrayEntity[id=2546, name=hist.var-users, size=145]
16:46:14.280 [main] DEBUG org.activiti.engine.impl.db.DbSqlSession -   insert HistoricVariableInstanceEntity[id=2545, name=users, revision=0, type=serializable, byteArrayValueId=2546]
16:46:14.281 [main] DEBUG org.activiti.engine.impl.db.DbSqlSession -   insert VariableInstanceEntity[id=2547, name=approvedCounter, type=long, longValue=0, textValue=0]
16:46:14.281 [main] DEBUG org.activiti.engine.impl.db.DbSqlSession -   insert HistoricVariableInstanceEntity[id=2547, name=approvedCounter, revision=0, type=long, longValue=0, textValue=0]
16:46:14.281 [main] DEBUG org.activiti.engine.impl.db.DbSqlSession -   insert ScopeExecution[2548]
16:46:14.281 [main] DEBUG org.activiti.engine.impl.db.DbSqlSession -   insert HistoricActivityInstanceEntity[activityId=countersign, activityName=[部门/人事]联合会签]
16:46:14.281 [main] DEBUG org.activiti.engine.impl.db.DbSqlSession -   insert VariableInstanceEntity[id=2550, name=nrOfInstances, type=integer, longValue=3, textValue=3]
16:46:14.281 [main] DEBUG org.activiti.engine.impl.db.DbSqlSession -   insert HistoricVariableInstanceEntity[id=2550, name=nrOfInstances, revision=0, type=integer, longValue=3, textValue=3]
16:46:14.281 [main] DEBUG org.activiti.engine.impl.db.DbSqlSession -   insert VariableInstanceEntity[id=2551, name=nrOfCompletedInstances, type=integer, longValue=0, textValue=0]
16:46:14.281 [main] DEBUG org.activiti.engine.impl.db.DbSqlSession -   insert HistoricVariableInstanceEntity[id=2551, name=nrOfCompletedInstances, revision=0, type=integer, longValue=0, textValue=0]
16:46:14.281 [main] DEBUG org.activiti.engine.impl.db.DbSqlSession -   insert VariableInstanceEntity[id=2552, name=nrOfActiveInstances, type=integer, longValue=3, textValue=3]
16:46:14.281 [main] DEBUG org.activiti.engine.impl.db.DbSqlSession -   insert HistoricVariableInstanceEntity[id=2552, name=nrOfActiveInstances, revision=0, type=integer, longValue=3, textValue=3]
16:46:14.281 [main] DEBUG org.activiti.engine.impl.db.DbSqlSession -   insert ConcurrentExecution[2553]
16:46:14.281 [main] DEBUG org.activiti.engine.impl.db.DbSqlSession -   insert ConcurrentExecution[2554]
16:46:14.281 [main] DEBUG org.activiti.engine.impl.db.DbSqlSession -   insert ConcurrentExecution[2555]
16:46:14.281 [main] DEBUG org.activiti.engine.impl.db.DbSqlSession -   insert VariableInstanceEntity[id=2556, name=loopCounter, type=integer, longValue=0, textValue=0]
16:46:14.281 [main] DEBUG org.activiti.engine.impl.db.DbSqlSession -   insert HistoricVariableInstanceEntity[id=2556, name=loopCounter, revision=0, type=integer, longValue=0, textValue=0]
16:46:14.281 [main] DEBUG org.activiti.engine.impl.db.DbSqlSession -   insert VariableInstanceEntity[id=2557, name=user, type=string, textValue=groupLeader]
16:46:14.281 [main] DEBUG org.activiti.engine.impl.db.DbSqlSession -   insert HistoricVariableInstanceEntity[id=2557, name=user, revision=0, type=string, textValue=groupLeader]
16:46:14.281 [main] DEBUG org.activiti.engine.impl.db.DbSqlSession -   insert Task[id=2558, name=[部门/人事]联合会签]
16:46:14.281 [main] DEBUG org.activiti.engine.impl.db.DbSqlSession -   insert org.activiti.engine.impl.persistence.entity.HistoricTaskInstanceEntity@1a3e5f23
16:46:14.281 [main] DEBUG org.activiti.engine.impl.db.DbSqlSession -   insert IdentityLinkEntity[id=2559, type=participant, userId=groupLeader, processInstanceId=2540]
16:46:14.281 [main] DEBUG org.activiti.engine.impl.db.DbSqlSession -   insert org.activiti.engine.impl.persistence.entity.HistoricIdentityLinkEntity@6293e39e
16:46:14.281 [main] DEBUG org.activiti.engine.impl.db.DbSqlSession -   insert VariableInstanceEntity[id=2560, name=loopCounter, type=integer, longValue=1, textValue=1]
16:46:14.281 [main] DEBUG org.activiti.engine.impl.db.DbSqlSession -   insert HistoricVariableInstanceEntity[id=2560, name=loopCounter, revision=0, type=integer, longValue=1, textValue=1]
16:46:14.281 [main] DEBUG org.activiti.engine.impl.db.DbSqlSession -   insert VariableInstanceEntity[id=2561, name=user, type=string, textValue=deptLeader]
16:46:14.281 [main] DEBUG org.activiti.engine.impl.db.DbSqlSession -   insert HistoricVariableInstanceEntity[id=2561, name=user, revision=0, type=string, textValue=deptLeader]
16:46:14.281 [main] DEBUG org.activiti.engine.impl.db.DbSqlSession -   insert HistoricActivityInstanceEntity[activityId=countersign, activityName=[部门/人事]联合会签]
16:46:14.281 [main] DEBUG org.activiti.engine.impl.db.DbSqlSession -   insert Task[id=2563, name=[部门/人事]联合会签]
16:46:14.281 [main] DEBUG org.activiti.engine.impl.db.DbSqlSession -   insert org.activiti.engine.impl.persistence.entity.HistoricTaskInstanceEntity@365553de
16:46:14.281 [main] DEBUG org.activiti.engine.impl.db.DbSqlSession -   insert IdentityLinkEntity[id=2564, type=participant, userId=deptLeader, processInstanceId=2540]
16:46:14.281 [main] DEBUG org.activiti.engine.impl.db.DbSqlSession -   insert org.activiti.engine.impl.persistence.entity.HistoricIdentityLinkEntity@34a0ef00
16:46:14.281 [main] DEBUG org.activiti.engine.impl.db.DbSqlSession -   insert VariableInstanceEntity[id=2565, name=loopCounter, type=integer, longValue=2, textValue=2]
16:46:14.281 [main] DEBUG org.activiti.engine.impl.db.DbSqlSession -   insert HistoricVariableInstanceEntity[id=2565, name=loopCounter, revision=0, type=integer, longValue=2, textValue=2]
16:46:14.281 [main] DEBUG org.activiti.engine.impl.db.DbSqlSession -   insert VariableInstanceEntity[id=2566, name=user, type=string, textValue=hr]
16:46:14.281 [main] DEBUG org.activiti.engine.impl.db.DbSqlSession -   insert HistoricVariableInstanceEntity[id=2566, name=user, revision=0, type=string, textValue=hr]
16:46:14.281 [main] DEBUG org.activiti.engine.impl.db.DbSqlSession -   insert HistoricActivityInstanceEntity[activityId=countersign, activityName=[部门/人事]联合会签]
16:46:14.281 [main] DEBUG org.activiti.engine.impl.db.DbSqlSession -   insert Task[id=2568, name=[部门/人事]联合会签]
16:46:14.281 [main] DEBUG org.activiti.engine.impl.db.DbSqlSession -   insert org.activiti.engine.impl.persistence.entity.HistoricTaskInstanceEntity@5c0f79f0
16:46:14.281 [main] DEBUG org.activiti.engine.impl.db.DbSqlSession -   insert IdentityLinkEntity[id=2569, type=participant, userId=hr, processInstanceId=2540]
16:46:14.281 [main] DEBUG org.activiti.engine.impl.db.DbSqlSession -   insert org.activiti.engine.impl.persistence.entity.HistoricIdentityLinkEntity@21fdfefc
16:46:14.282 [main] DEBUG org.activiti.engine.impl.db.DbSqlSession - now executing flush...
16:46:14.282 [main] DEBUG org.activiti.engine.impl.db.DbSqlSession - inserting: ProcessInstance[2540]
16:46:14.282 [main] DEBUG org.activiti.engine.impl.persistence.entity.ExecutionEntity.insertExecution - ==>  Preparing: insert into ACT_RU_EXECUTION (ID_, REV_, PROC_INST_ID_, BUSINESS_KEY_, PROC_DEF_ID_, ACT_ID_, IS_ACTIVE_, IS_CONCURRENT_, IS_SCOPE_,IS_EVENT_SCOPE_, PARENT_ID_, SUPER_EXEC_, SUSPENSION_STATE_, CACHED_ENT_STATE_, TENANT_ID_, NAME_) values ( ?, 1, ?, ?, ?, ?, ?, ?, ?, ?, ?, ?, ?, ?, ?, ? ) 
16:46:14.282 [main] DEBUG org.activiti.engine.impl.persistence.entity.ExecutionEntity.insertExecution - ==> Parameters: 2540(String), 2540(String), null, leave-countersign:1:2539(String), null, false(Boolean), false(Boolean), true(Boolean), false(Boolean), null, null, 1(Integer), 0(Integer), (String), null
16:46:14.282 [main] DEBUG org.activiti.engine.impl.persistence.entity.ExecutionEntity.insertExecution - <==    Updates: 1
16:46:14.282 [main] DEBUG org.activiti.engine.impl.db.DbSqlSession - inserting: VariableInstanceEntity[id=2541, name=applyUserId, type=string, textValue=henryyan]
16:46:14.283 [main] DEBUG org.activiti.engine.impl.persistence.entity.VariableInstanceEntity.insertVariableInstance - ==>  Preparing: insert into ACT_RU_VARIABLE (ID_, REV_, TYPE_, NAME_, PROC_INST_ID_, EXECUTION_ID_, TASK_ID_, BYTEARRAY_ID_, DOUBLE_, LONG_ , TEXT_, TEXT2_) values ( ?, 1, ?, ?, ?, ?, ?, ?, ?, ?, ?, ? ) 
16:46:14.283 [main] DEBUG org.activiti.engine.impl.persistence.entity.VariableInstanceEntity.insertVariableInstance - ==> Parameters: 2541(String), string(String), applyUserId(String), 2540(String), 2540(String), null, null, null, null, henryyan(String), null
16:46:14.283 [main] DEBUG org.activiti.engine.impl.persistence.entity.VariableInstanceEntity.insertVariableInstance - <==    Updates: 1
16:46:14.283 [main] DEBUG org.activiti.engine.impl.db.DbSqlSession - inserting: HistoricVariableInstanceEntity[id=2541, name=applyUserId, revision=0, type=string, textValue=henryyan]
16:46:14.283 [main] DEBUG org.activiti.engine.impl.persistence.entity.HistoricVariableInstanceEntity.insertHistoricVariableInstance - ==>  Preparing: insert into ACT_HI_VARINST (ID_, PROC_INST_ID_, EXECUTION_ID_, TASK_ID_, NAME_, REV_, VAR_TYPE_, BYTEARRAY_ID_, DOUBLE_, LONG_ , TEXT_, TEXT2_, CREATE_TIME_, LAST_UPDATED_TIME_) values ( ?, ?, ?, ?, ?, ?, ?, ?, ?, ?, ?, ?, ?, ? ) 
16:46:14.284 [main] DEBUG org.activiti.engine.impl.persistence.entity.HistoricVariableInstanceEntity.insertHistoricVariableInstance - ==> Parameters: 2541(String), 2540(String), 2540(String), null, applyUserId(String), 0(Integer), string(String), null, null, null, henryyan(String), null, 2017-11-28 16:46:14.268(Timestamp), 2017-11-28 16:46:14.268(Timestamp)
16:46:14.284 [main] DEBUG org.activiti.engine.impl.persistence.entity.HistoricVariableInstanceEntity.insertHistoricVariableInstance - <==    Updates: 1
16:46:14.284 [main] DEBUG org.activiti.engine.impl.db.DbSqlSession - inserting: IdentityLinkEntity[id=2542, type=starter, userId=henryyan, processInstanceId=2540]
16:46:14.284 [main] DEBUG org.activiti.engine.impl.persistence.entity.IdentityLinkEntity.insertIdentityLink - ==>  Preparing: insert into ACT_RU_IDENTITYLINK (ID_, REV_, TYPE_, USER_ID_, GROUP_ID_, TASK_ID_, PROC_INST_ID_, PROC_DEF_ID_) values (?, 1, ?, ?, ?, ?, ?, ?) 
16:46:14.284 [main] DEBUG org.activiti.engine.impl.persistence.entity.IdentityLinkEntity.insertIdentityLink - ==> Parameters: 2542(String), starter(String), henryyan(String), null, null, 2540(String), null
16:46:14.285 [main] DEBUG org.activiti.engine.impl.persistence.entity.IdentityLinkEntity.insertIdentityLink - <==    Updates: 1
16:46:14.285 [main] DEBUG org.activiti.engine.impl.db.DbSqlSession - inserting: org.activiti.engine.impl.persistence.entity.HistoricIdentityLinkEntity@4a5905d9
16:46:14.285 [main] DEBUG org.activiti.engine.impl.persistence.entity.HistoricIdentityLinkEntity.insertHistoricIdentityLink - ==>  Preparing: insert into ACT_HI_IDENTITYLINK (ID_, TYPE_, USER_ID_, GROUP_ID_, TASK_ID_, PROC_INST_ID_) values (?, ?, ?, ?, ?, ?) 
16:46:14.285 [main] DEBUG org.activiti.engine.impl.persistence.entity.HistoricIdentityLinkEntity.insertHistoricIdentityLink - ==> Parameters: 2542(String), starter(String), henryyan(String), null, null, 2540(String)
16:46:14.285 [main] DEBUG org.activiti.engine.impl.persistence.entity.HistoricIdentityLinkEntity.insertHistoricIdentityLink - <==    Updates: 1
16:46:14.285 [main] DEBUG org.activiti.engine.impl.db.DbSqlSession - inserting: HistoricProcessInstanceEntity[superProcessInstanceId=null]
16:46:14.285 [main] DEBUG org.activiti.engine.impl.persistence.entity.HistoricProcessInstanceEntity.insertHistoricProcessInstance - ==>  Preparing: insert into ACT_HI_PROCINST ( ID_, PROC_INST_ID_, BUSINESS_KEY_, PROC_DEF_ID_, START_TIME_, END_TIME_, DURATION_, START_USER_ID_, START_ACT_ID_, END_ACT_ID_, SUPER_PROCESS_INSTANCE_ID_, DELETE_REASON_, TENANT_ID_, NAME_ ) values ( ?, ?, ?, ?, ?, ?, ?, ?, ?, ?, ?, ?, ?, ? ) 
16:46:14.285 [main] DEBUG org.activiti.engine.impl.persistence.entity.HistoricProcessInstanceEntity.insertHistoricProcessInstance - ==> Parameters: 2540(String), 2540(String), null, leave-countersign:1:2539(String), 2017-11-28 16:46:14.269(Timestamp), null, null, henryyan(String), startevent1(String), null, null, null, (String), null
16:46:14.285 [main] DEBUG org.activiti.engine.impl.persistence.entity.HistoricProcessInstanceEntity.insertHistoricProcessInstance - <==    Updates: 1
16:46:14.286 [main] DEBUG org.activiti.engine.impl.db.DbSqlSession - inserting: HistoricActivityInstanceEntity[activityId=startevent1, activityName=Start]
16:46:14.286 [main] DEBUG org.activiti.engine.impl.persistence.entity.HistoricActivityInstanceEntity.insertHistoricActivityInstance - ==>  Preparing: insert into ACT_HI_ACTINST ( ID_, PROC_DEF_ID_, PROC_INST_ID_, EXECUTION_ID_, ACT_ID_, TASK_ID_, CALL_PROC_INST_ID_, ACT_NAME_, ACT_TYPE_, ASSIGNEE_, START_TIME_, END_TIME_, DURATION_, TENANT_ID_ ) values ( ?, ?, ?, ?, ?, ?, ?, ?, ?, ?, ?, ?, ?, ? ) 
16:46:14.286 [main] DEBUG org.activiti.engine.impl.persistence.entity.HistoricActivityInstanceEntity.insertHistoricActivityInstance - ==> Parameters: 2543(String), leave-countersign:1:2539(String), 2540(String), 2540(String), startevent1(String), null, null, Start(String), startEvent(String), null, 2017-11-28 16:46:14.269(Timestamp), 2017-11-28 16:46:14.269(Timestamp), 0(Long), (String)
16:46:14.286 [main] DEBUG org.activiti.engine.impl.persistence.entity.HistoricActivityInstanceEntity.insertHistoricActivityInstance - <==    Updates: 1
16:46:14.286 [main] DEBUG org.activiti.engine.impl.db.DbSqlSession - inserting: ByteArrayEntity[id=2544, name=var-users, size=145]
16:46:14.286 [main] DEBUG org.activiti.engine.impl.persistence.entity.ByteArrayEntity.insertByteArray - ==>  Preparing: insert into ACT_GE_BYTEARRAY(ID_, REV_, NAME_, BYTES_, DEPLOYMENT_ID_) values ( ?, 1, ?, ?, ? ) 
16:46:14.287 [main] DEBUG org.activiti.engine.impl.persistence.entity.ByteArrayEntity.insertByteArray - ==> Parameters: 2544(String), var-users(String), java.io.ByteArrayInputStream@ec1b2e4(ByteArrayInputStream), null
16:46:14.287 [main] DEBUG org.activiti.engine.impl.persistence.entity.ByteArrayEntity.insertByteArray - <==    Updates: 1
16:46:14.287 [main] DEBUG org.activiti.engine.impl.db.DbSqlSession - inserting: VariableInstanceEntity[id=2545, name=users, type=serializable, byteArrayValueId=2544]
16:46:14.287 [main] DEBUG org.activiti.engine.impl.persistence.entity.VariableInstanceEntity.insertVariableInstance - ==>  Preparing: insert into ACT_RU_VARIABLE (ID_, REV_, TYPE_, NAME_, PROC_INST_ID_, EXECUTION_ID_, TASK_ID_, BYTEARRAY_ID_, DOUBLE_, LONG_ , TEXT_, TEXT2_) values ( ?, 1, ?, ?, ?, ?, ?, ?, ?, ?, ?, ? ) 
16:46:14.287 [main] DEBUG org.activiti.engine.impl.persistence.entity.VariableInstanceEntity.insertVariableInstance - ==> Parameters: 2545(String), serializable(String), users(String), 2540(String), 2540(String), null, 2544(String), null, null, null, null
16:46:14.287 [main] DEBUG org.activiti.engine.impl.persistence.entity.VariableInstanceEntity.insertVariableInstance - <==    Updates: 1
16:46:14.287 [main] DEBUG org.activiti.engine.impl.db.DbSqlSession - inserting: ByteArrayEntity[id=2546, name=hist.var-users, size=145]
16:46:14.287 [main] DEBUG org.activiti.engine.impl.persistence.entity.ByteArrayEntity.insertByteArray - ==>  Preparing: insert into ACT_GE_BYTEARRAY(ID_, REV_, NAME_, BYTES_, DEPLOYMENT_ID_) values ( ?, 1, ?, ?, ? ) 
16:46:14.287 [main] DEBUG org.activiti.engine.impl.persistence.entity.ByteArrayEntity.insertByteArray - ==> Parameters: 2546(String), hist.var-users(String), java.io.ByteArrayInputStream@29a69a35(ByteArrayInputStream), null
16:46:14.288 [main] DEBUG org.activiti.engine.impl.persistence.entity.ByteArrayEntity.insertByteArray - <==    Updates: 1
16:46:14.288 [main] DEBUG org.activiti.engine.impl.db.DbSqlSession - inserting: HistoricVariableInstanceEntity[id=2545, name=users, revision=0, type=serializable, byteArrayValueId=2546]
16:46:14.288 [main] DEBUG org.activiti.engine.impl.persistence.entity.HistoricVariableInstanceEntity.insertHistoricVariableInstance - ==>  Preparing: insert into ACT_HI_VARINST (ID_, PROC_INST_ID_, EXECUTION_ID_, TASK_ID_, NAME_, REV_, VAR_TYPE_, BYTEARRAY_ID_, DOUBLE_, LONG_ , TEXT_, TEXT2_, CREATE_TIME_, LAST_UPDATED_TIME_) values ( ?, ?, ?, ?, ?, ?, ?, ?, ?, ?, ?, ?, ?, ? ) 
16:46:14.288 [main] DEBUG org.activiti.engine.impl.persistence.entity.HistoricVariableInstanceEntity.insertHistoricVariableInstance - ==> Parameters: 2545(String), 2540(String), 2540(String), null, users(String), 0(Integer), serializable(String), 2546(String), null, null, null, null, 2017-11-28 16:46:14.269(Timestamp), 2017-11-28 16:46:14.269(Timestamp)
16:46:14.288 [main] DEBUG org.activiti.engine.impl.persistence.entity.HistoricVariableInstanceEntity.insertHistoricVariableInstance - <==    Updates: 1
16:46:14.288 [main] DEBUG org.activiti.engine.impl.db.DbSqlSession - inserting: VariableInstanceEntity[id=2547, name=approvedCounter, type=long, longValue=0, textValue=0]
16:46:14.288 [main] DEBUG org.activiti.engine.impl.persistence.entity.VariableInstanceEntity.insertVariableInstance - ==>  Preparing: insert into ACT_RU_VARIABLE (ID_, REV_, TYPE_, NAME_, PROC_INST_ID_, EXECUTION_ID_, TASK_ID_, BYTEARRAY_ID_, DOUBLE_, LONG_ , TEXT_, TEXT2_) values ( ?, 1, ?, ?, ?, ?, ?, ?, ?, ?, ?, ? ) 
16:46:14.289 [main] DEBUG org.activiti.engine.impl.persistence.entity.VariableInstanceEntity.insertVariableInstance - ==> Parameters: 2547(String), long(String), approvedCounter(String), 2540(String), 2540(String), null, null, null, 0(Long), 0(String), null
16:46:14.289 [main] DEBUG org.activiti.engine.impl.persistence.entity.VariableInstanceEntity.insertVariableInstance - <==    Updates: 1
16:46:14.289 [main] DEBUG org.activiti.engine.impl.db.DbSqlSession - inserting: HistoricVariableInstanceEntity[id=2547, name=approvedCounter, revision=0, type=long, longValue=0, textValue=0]
16:46:14.289 [main] DEBUG org.activiti.engine.impl.persistence.entity.HistoricVariableInstanceEntity.insertHistoricVariableInstance - ==>  Preparing: insert into ACT_HI_VARINST (ID_, PROC_INST_ID_, EXECUTION_ID_, TASK_ID_, NAME_, REV_, VAR_TYPE_, BYTEARRAY_ID_, DOUBLE_, LONG_ , TEXT_, TEXT2_, CREATE_TIME_, LAST_UPDATED_TIME_) values ( ?, ?, ?, ?, ?, ?, ?, ?, ?, ?, ?, ?, ?, ? ) 
16:46:14.289 [main] DEBUG org.activiti.engine.impl.persistence.entity.HistoricVariableInstanceEntity.insertHistoricVariableInstance - ==> Parameters: 2547(String), 2540(String), 2540(String), null, approvedCounter(String), 0(Integer), long(String), null, null, 0(Long), 0(String), null, 2017-11-28 16:46:14.27(Timestamp), 2017-11-28 16:46:14.27(Timestamp)
16:46:14.289 [main] DEBUG org.activiti.engine.impl.persistence.entity.HistoricVariableInstanceEntity.insertHistoricVariableInstance - <==    Updates: 1
16:46:14.289 [main] DEBUG org.activiti.engine.impl.db.DbSqlSession - inserting: ScopeExecution[2548]
16:46:14.290 [main] DEBUG org.activiti.engine.impl.persistence.entity.ExecutionEntity.insertExecution - ==>  Preparing: insert into ACT_RU_EXECUTION (ID_, REV_, PROC_INST_ID_, BUSINESS_KEY_, PROC_DEF_ID_, ACT_ID_, IS_ACTIVE_, IS_CONCURRENT_, IS_SCOPE_,IS_EVENT_SCOPE_, PARENT_ID_, SUPER_EXEC_, SUSPENSION_STATE_, CACHED_ENT_STATE_, TENANT_ID_, NAME_) values ( ?, 1, ?, ?, ?, ?, ?, ?, ?, ?, ?, ?, ?, ?, ?, ? ) 
16:46:14.290 [main] DEBUG org.activiti.engine.impl.persistence.entity.ExecutionEntity.insertExecution - ==> Parameters: 2548(String), 2540(String), null, leave-countersign:1:2539(String), countersign(String), false(Boolean), false(Boolean), true(Boolean), false(Boolean), 2540(String), null, 1(Integer), 0(Integer), (String), null
16:46:14.290 [main] DEBUG org.activiti.engine.impl.persistence.entity.ExecutionEntity.insertExecution - <==    Updates: 1
16:46:14.290 [main] DEBUG org.activiti.engine.impl.db.DbSqlSession - inserting: HistoricActivityInstanceEntity[activityId=countersign, activityName=[部门/人事]联合会签]
16:46:14.291 [main] DEBUG org.activiti.engine.impl.persistence.entity.HistoricActivityInstanceEntity.insertHistoricActivityInstance - ==>  Preparing: insert into ACT_HI_ACTINST ( ID_, PROC_DEF_ID_, PROC_INST_ID_, EXECUTION_ID_, ACT_ID_, TASK_ID_, CALL_PROC_INST_ID_, ACT_NAME_, ACT_TYPE_, ASSIGNEE_, START_TIME_, END_TIME_, DURATION_, TENANT_ID_ ) values ( ?, ?, ?, ?, ?, ?, ?, ?, ?, ?, ?, ?, ?, ? ) 
16:46:14.293 [main] DEBUG org.activiti.engine.impl.persistence.entity.HistoricActivityInstanceEntity.insertHistoricActivityInstance - ==> Parameters: 2549(String), leave-countersign:1:2539(String), 2540(String), 2548(String), countersign(String), 2558(String), null, [部门/人事]联合会签(String), userTask(String), groupLeader(String), 2017-11-28 16:46:14.271(Timestamp), null, null, (String)
16:46:14.294 [main] DEBUG org.activiti.engine.impl.persistence.entity.HistoricActivityInstanceEntity.insertHistoricActivityInstance - <==    Updates: 1
16:46:14.294 [main] DEBUG org.activiti.engine.impl.db.DbSqlSession - inserting: VariableInstanceEntity[id=2550, name=nrOfInstances, type=integer, longValue=3, textValue=3]
16:46:14.294 [main] DEBUG org.activiti.engine.impl.persistence.entity.VariableInstanceEntity.insertVariableInstance - ==>  Preparing: insert into ACT_RU_VARIABLE (ID_, REV_, TYPE_, NAME_, PROC_INST_ID_, EXECUTION_ID_, TASK_ID_, BYTEARRAY_ID_, DOUBLE_, LONG_ , TEXT_, TEXT2_) values ( ?, 1, ?, ?, ?, ?, ?, ?, ?, ?, ?, ? ) 
16:46:14.295 [main] DEBUG org.activiti.engine.impl.persistence.entity.VariableInstanceEntity.insertVariableInstance - ==> Parameters: 2550(String), integer(String), nrOfInstances(String), 2540(String), 2548(String), null, null, null, 3(Long), 3(String), null
16:46:14.295 [main] DEBUG org.activiti.engine.impl.persistence.entity.VariableInstanceEntity.insertVariableInstance - <==    Updates: 1
16:46:14.295 [main] DEBUG org.activiti.engine.impl.db.DbSqlSession - inserting: HistoricVariableInstanceEntity[id=2550, name=nrOfInstances, revision=0, type=integer, longValue=3, textValue=3]
16:46:14.295 [main] DEBUG org.activiti.engine.impl.persistence.entity.HistoricVariableInstanceEntity.insertHistoricVariableInstance - ==>  Preparing: insert into ACT_HI_VARINST (ID_, PROC_INST_ID_, EXECUTION_ID_, TASK_ID_, NAME_, REV_, VAR_TYPE_, BYTEARRAY_ID_, DOUBLE_, LONG_ , TEXT_, TEXT2_, CREATE_TIME_, LAST_UPDATED_TIME_) values ( ?, ?, ?, ?, ?, ?, ?, ?, ?, ?, ?, ?, ?, ? ) 
16:46:14.295 [main] DEBUG org.activiti.engine.impl.persistence.entity.HistoricVariableInstanceEntity.insertHistoricVariableInstance - ==> Parameters: 2550(String), 2540(String), 2548(String), null, nrOfInstances(String), 0(Integer), integer(String), null, null, 3(Long), 3(String), null, 2017-11-28 16:46:14.271(Timestamp), 2017-11-28 16:46:14.271(Timestamp)
16:46:14.295 [main] DEBUG org.activiti.engine.impl.persistence.entity.HistoricVariableInstanceEntity.insertHistoricVariableInstance - <==    Updates: 1
16:46:14.296 [main] DEBUG org.activiti.engine.impl.db.DbSqlSession - inserting: VariableInstanceEntity[id=2551, name=nrOfCompletedInstances, type=integer, longValue=0, textValue=0]
16:46:14.296 [main] DEBUG org.activiti.engine.impl.persistence.entity.VariableInstanceEntity.insertVariableInstance - ==>  Preparing: insert into ACT_RU_VARIABLE (ID_, REV_, TYPE_, NAME_, PROC_INST_ID_, EXECUTION_ID_, TASK_ID_, BYTEARRAY_ID_, DOUBLE_, LONG_ , TEXT_, TEXT2_) values ( ?, 1, ?, ?, ?, ?, ?, ?, ?, ?, ?, ? ) 
16:46:14.296 [main] DEBUG org.activiti.engine.impl.persistence.entity.VariableInstanceEntity.insertVariableInstance - ==> Parameters: 2551(String), integer(String), nrOfCompletedInstances(String), 2540(String), 2548(String), null, null, null, 0(Long), 0(String), null
16:46:14.297 [main] DEBUG org.activiti.engine.impl.persistence.entity.VariableInstanceEntity.insertVariableInstance - <==    Updates: 1
16:46:14.297 [main] DEBUG org.activiti.engine.impl.db.DbSqlSession - inserting: HistoricVariableInstanceEntity[id=2551, name=nrOfCompletedInstances, revision=0, type=integer, longValue=0, textValue=0]
16:46:14.297 [main] DEBUG org.activiti.engine.impl.persistence.entity.HistoricVariableInstanceEntity.insertHistoricVariableInstance - ==>  Preparing: insert into ACT_HI_VARINST (ID_, PROC_INST_ID_, EXECUTION_ID_, TASK_ID_, NAME_, REV_, VAR_TYPE_, BYTEARRAY_ID_, DOUBLE_, LONG_ , TEXT_, TEXT2_, CREATE_TIME_, LAST_UPDATED_TIME_) values ( ?, ?, ?, ?, ?, ?, ?, ?, ?, ?, ?, ?, ?, ? ) 
16:46:14.297 [main] DEBUG org.activiti.engine.impl.persistence.entity.HistoricVariableInstanceEntity.insertHistoricVariableInstance - ==> Parameters: 2551(String), 2540(String), 2548(String), null, nrOfCompletedInstances(String), 0(Integer), integer(String), null, null, 0(Long), 0(String), null, 2017-11-28 16:46:14.271(Timestamp), 2017-11-28 16:46:14.271(Timestamp)
16:46:14.297 [main] DEBUG org.activiti.engine.impl.persistence.entity.HistoricVariableInstanceEntity.insertHistoricVariableInstance - <==    Updates: 1
16:46:14.297 [main] DEBUG org.activiti.engine.impl.db.DbSqlSession - inserting: VariableInstanceEntity[id=2552, name=nrOfActiveInstances, type=integer, longValue=3, textValue=3]
16:46:14.297 [main] DEBUG org.activiti.engine.impl.persistence.entity.VariableInstanceEntity.insertVariableInstance - ==>  Preparing: insert into ACT_RU_VARIABLE (ID_, REV_, TYPE_, NAME_, PROC_INST_ID_, EXECUTION_ID_, TASK_ID_, BYTEARRAY_ID_, DOUBLE_, LONG_ , TEXT_, TEXT2_) values ( ?, 1, ?, ?, ?, ?, ?, ?, ?, ?, ?, ? ) 
16:46:14.297 [main] DEBUG org.activiti.engine.impl.persistence.entity.VariableInstanceEntity.insertVariableInstance - ==> Parameters: 2552(String), integer(String), nrOfActiveInstances(String), 2540(String), 2548(String), null, null, null, 3(Long), 3(String), null
16:46:14.298 [main] DEBUG org.activiti.engine.impl.persistence.entity.VariableInstanceEntity.insertVariableInstance - <==    Updates: 1
16:46:14.298 [main] DEBUG org.activiti.engine.impl.db.DbSqlSession - inserting: HistoricVariableInstanceEntity[id=2552, name=nrOfActiveInstances, revision=0, type=integer, longValue=3, textValue=3]
16:46:14.298 [main] DEBUG org.activiti.engine.impl.persistence.entity.HistoricVariableInstanceEntity.insertHistoricVariableInstance - ==>  Preparing: insert into ACT_HI_VARINST (ID_, PROC_INST_ID_, EXECUTION_ID_, TASK_ID_, NAME_, REV_, VAR_TYPE_, BYTEARRAY_ID_, DOUBLE_, LONG_ , TEXT_, TEXT2_, CREATE_TIME_, LAST_UPDATED_TIME_) values ( ?, ?, ?, ?, ?, ?, ?, ?, ?, ?, ?, ?, ?, ? ) 
16:46:14.298 [main] DEBUG org.activiti.engine.impl.persistence.entity.HistoricVariableInstanceEntity.insertHistoricVariableInstance - ==> Parameters: 2552(String), 2540(String), 2548(String), null, nrOfActiveInstances(String), 0(Integer), integer(String), null, null, 3(Long), 3(String), null, 2017-11-28 16:46:14.271(Timestamp), 2017-11-28 16:46:14.271(Timestamp)
16:46:14.298 [main] DEBUG org.activiti.engine.impl.persistence.entity.HistoricVariableInstanceEntity.insertHistoricVariableInstance - <==    Updates: 1
16:46:14.298 [main] DEBUG org.activiti.engine.impl.db.DbSqlSession - inserting: ConcurrentExecution[2553]
16:46:14.298 [main] DEBUG org.activiti.engine.impl.persistence.entity.ExecutionEntity.insertExecution - ==>  Preparing: insert into ACT_RU_EXECUTION (ID_, REV_, PROC_INST_ID_, BUSINESS_KEY_, PROC_DEF_ID_, ACT_ID_, IS_ACTIVE_, IS_CONCURRENT_, IS_SCOPE_,IS_EVENT_SCOPE_, PARENT_ID_, SUPER_EXEC_, SUSPENSION_STATE_, CACHED_ENT_STATE_, TENANT_ID_, NAME_) values ( ?, 1, ?, ?, ?, ?, ?, ?, ?, ?, ?, ?, ?, ?, ?, ? ) 
16:46:14.298 [main] DEBUG org.activiti.engine.impl.persistence.entity.ExecutionEntity.insertExecution - ==> Parameters: 2553(String), 2540(String), null, leave-countersign:1:2539(String), countersign(String), true(Boolean), true(Boolean), false(Boolean), false(Boolean), 2548(String), null, 1(Integer), 7(Integer), (String), null
16:46:14.299 [main] DEBUG org.activiti.engine.impl.persistence.entity.ExecutionEntity.insertExecution - <==    Updates: 1
16:46:14.299 [main] DEBUG org.activiti.engine.impl.db.DbSqlSession - inserting: ConcurrentExecution[2554]
16:46:14.299 [main] DEBUG org.activiti.engine.impl.persistence.entity.ExecutionEntity.insertExecution - ==>  Preparing: insert into ACT_RU_EXECUTION (ID_, REV_, PROC_INST_ID_, BUSINESS_KEY_, PROC_DEF_ID_, ACT_ID_, IS_ACTIVE_, IS_CONCURRENT_, IS_SCOPE_,IS_EVENT_SCOPE_, PARENT_ID_, SUPER_EXEC_, SUSPENSION_STATE_, CACHED_ENT_STATE_, TENANT_ID_, NAME_) values ( ?, 1, ?, ?, ?, ?, ?, ?, ?, ?, ?, ?, ?, ?, ?, ? ) 
16:46:14.299 [main] DEBUG org.activiti.engine.impl.persistence.entity.ExecutionEntity.insertExecution - ==> Parameters: 2554(String), 2540(String), null, leave-countersign:1:2539(String), countersign(String), true(Boolean), true(Boolean), false(Boolean), false(Boolean), 2548(String), null, 1(Integer), 7(Integer), (String), null
16:46:14.299 [main] DEBUG org.activiti.engine.impl.persistence.entity.ExecutionEntity.insertExecution - <==    Updates: 1
16:46:14.300 [main] DEBUG org.activiti.engine.impl.db.DbSqlSession - inserting: ConcurrentExecution[2555]
16:46:14.300 [main] DEBUG org.activiti.engine.impl.persistence.entity.ExecutionEntity.insertExecution - ==>  Preparing: insert into ACT_RU_EXECUTION (ID_, REV_, PROC_INST_ID_, BUSINESS_KEY_, PROC_DEF_ID_, ACT_ID_, IS_ACTIVE_, IS_CONCURRENT_, IS_SCOPE_,IS_EVENT_SCOPE_, PARENT_ID_, SUPER_EXEC_, SUSPENSION_STATE_, CACHED_ENT_STATE_, TENANT_ID_, NAME_) values ( ?, 1, ?, ?, ?, ?, ?, ?, ?, ?, ?, ?, ?, ?, ?, ? ) 
16:46:14.300 [main] DEBUG org.activiti.engine.impl.persistence.entity.ExecutionEntity.insertExecution - ==> Parameters: 2555(String), 2540(String), null, leave-countersign:1:2539(String), countersign(String), true(Boolean), true(Boolean), false(Boolean), false(Boolean), 2548(String), null, 1(Integer), 7(Integer), (String), null
16:46:14.301 [main] DEBUG org.activiti.engine.impl.persistence.entity.ExecutionEntity.insertExecution - <==    Updates: 1
16:46:14.301 [main] DEBUG org.activiti.engine.impl.db.DbSqlSession - inserting: VariableInstanceEntity[id=2556, name=loopCounter, type=integer, longValue=0, textValue=0]
16:46:14.301 [main] DEBUG org.activiti.engine.impl.persistence.entity.VariableInstanceEntity.insertVariableInstance - ==>  Preparing: insert into ACT_RU_VARIABLE (ID_, REV_, TYPE_, NAME_, PROC_INST_ID_, EXECUTION_ID_, TASK_ID_, BYTEARRAY_ID_, DOUBLE_, LONG_ , TEXT_, TEXT2_) values ( ?, 1, ?, ?, ?, ?, ?, ?, ?, ?, ?, ? ) 
16:46:14.301 [main] DEBUG org.activiti.engine.impl.persistence.entity.VariableInstanceEntity.insertVariableInstance - ==> Parameters: 2556(String), integer(String), loopCounter(String), 2540(String), 2553(String), null, null, null, 0(Long), 0(String), null
16:46:14.301 [main] DEBUG org.activiti.engine.impl.persistence.entity.VariableInstanceEntity.insertVariableInstance - <==    Updates: 1
16:46:14.301 [main] DEBUG org.activiti.engine.impl.db.DbSqlSession - inserting: HistoricVariableInstanceEntity[id=2556, name=loopCounter, revision=0, type=integer, longValue=0, textValue=0]
16:46:14.301 [main] DEBUG org.activiti.engine.impl.persistence.entity.HistoricVariableInstanceEntity.insertHistoricVariableInstance - ==>  Preparing: insert into ACT_HI_VARINST (ID_, PROC_INST_ID_, EXECUTION_ID_, TASK_ID_, NAME_, REV_, VAR_TYPE_, BYTEARRAY_ID_, DOUBLE_, LONG_ , TEXT_, TEXT2_, CREATE_TIME_, LAST_UPDATED_TIME_) values ( ?, ?, ?, ?, ?, ?, ?, ?, ?, ?, ?, ?, ?, ? ) 
16:46:14.302 [main] DEBUG org.activiti.engine.impl.persistence.entity.HistoricVariableInstanceEntity.insertHistoricVariableInstance - ==> Parameters: 2556(String), 2540(String), 2553(String), null, loopCounter(String), 0(Integer), integer(String), null, null, 0(Long), 0(String), null, 2017-11-28 16:46:14.274(Timestamp), 2017-11-28 16:46:14.274(Timestamp)
16:46:14.302 [main] DEBUG org.activiti.engine.impl.persistence.entity.HistoricVariableInstanceEntity.insertHistoricVariableInstance - <==    Updates: 1
16:46:14.302 [main] DEBUG org.activiti.engine.impl.db.DbSqlSession - inserting: VariableInstanceEntity[id=2557, name=user, type=string, textValue=groupLeader]
16:46:14.302 [main] DEBUG org.activiti.engine.impl.persistence.entity.VariableInstanceEntity.insertVariableInstance - ==>  Preparing: insert into ACT_RU_VARIABLE (ID_, REV_, TYPE_, NAME_, PROC_INST_ID_, EXECUTION_ID_, TASK_ID_, BYTEARRAY_ID_, DOUBLE_, LONG_ , TEXT_, TEXT2_) values ( ?, 1, ?, ?, ?, ?, ?, ?, ?, ?, ?, ? ) 
16:46:14.302 [main] DEBUG org.activiti.engine.impl.persistence.entity.VariableInstanceEntity.insertVariableInstance - ==> Parameters: 2557(String), string(String), user(String), 2540(String), 2553(String), null, null, null, null, groupLeader(String), null
16:46:14.302 [main] DEBUG org.activiti.engine.impl.persistence.entity.VariableInstanceEntity.insertVariableInstance - <==    Updates: 1
16:46:14.303 [main] DEBUG org.activiti.engine.impl.db.DbSqlSession - inserting: HistoricVariableInstanceEntity[id=2557, name=user, revision=0, type=string, textValue=groupLeader]
16:46:14.303 [main] DEBUG org.activiti.engine.impl.persistence.entity.HistoricVariableInstanceEntity.insertHistoricVariableInstance - ==>  Preparing: insert into ACT_HI_VARINST (ID_, PROC_INST_ID_, EXECUTION_ID_, TASK_ID_, NAME_, REV_, VAR_TYPE_, BYTEARRAY_ID_, DOUBLE_, LONG_ , TEXT_, TEXT2_, CREATE_TIME_, LAST_UPDATED_TIME_) values ( ?, ?, ?, ?, ?, ?, ?, ?, ?, ?, ?, ?, ?, ? ) 
16:46:14.304 [main] DEBUG org.activiti.engine.impl.persistence.entity.HistoricVariableInstanceEntity.insertHistoricVariableInstance - ==> Parameters: 2557(String), 2540(String), 2553(String), null, user(String), 0(Integer), string(String), null, null, null, groupLeader(String), null, 2017-11-28 16:46:14.274(Timestamp), 2017-11-28 16:46:14.274(Timestamp)
16:46:14.304 [main] DEBUG org.activiti.engine.impl.persistence.entity.HistoricVariableInstanceEntity.insertHistoricVariableInstance - <==    Updates: 1
16:46:14.304 [main] DEBUG org.activiti.engine.impl.db.DbSqlSession - inserting: Task[id=2558, name=[部门/人事]联合会签]
16:46:14.304 [main] DEBUG org.activiti.engine.impl.persistence.entity.TaskEntity.insertTask - ==>  Preparing: insert into ACT_RU_TASK (ID_, REV_, NAME_, PARENT_TASK_ID_, DESCRIPTION_, PRIORITY_, CREATE_TIME_, OWNER_, ASSIGNEE_, DELEGATION_, EXECUTION_ID_, PROC_INST_ID_, PROC_DEF_ID_, TASK_DEF_KEY_, DUE_DATE_, CATEGORY_, SUSPENSION_STATE_, TENANT_ID_, FORM_KEY_) values (?, 1, ?, ?, ?, ?, ?, ?, ?, ?, ?, ?, ?, ?, ?, ?, ?, ?, ? ) 
16:46:14.305 [main] DEBUG org.activiti.engine.impl.persistence.entity.TaskEntity.insertTask - ==> Parameters: 2558(String), [部门/人事]联合会签(String), null, null, 50(Integer), 2017-11-28 16:46:14.274(Timestamp), null, groupLeader(String), null, 2553(String), 2540(String), leave-countersign:1:2539(String), countersign(String), null, null, 1(Integer), (String), null
16:46:14.305 [main] DEBUG org.activiti.engine.impl.persistence.entity.TaskEntity.insertTask - <==    Updates: 1
16:46:14.305 [main] DEBUG org.activiti.engine.impl.db.DbSqlSession - inserting: org.activiti.engine.impl.persistence.entity.HistoricTaskInstanceEntity@1a3e5f23
16:46:14.305 [main] DEBUG org.activiti.engine.impl.persistence.entity.HistoricTaskInstanceEntity.insertHistoricTaskInstance - ==>  Preparing: insert into ACT_HI_TASKINST ( ID_, PROC_DEF_ID_, PROC_INST_ID_, EXECUTION_ID_, NAME_, PARENT_TASK_ID_, DESCRIPTION_, OWNER_, ASSIGNEE_, START_TIME_, CLAIM_TIME_, END_TIME_, DURATION_, DELETE_REASON_, TASK_DEF_KEY_, FORM_KEY_, PRIORITY_, DUE_DATE_, CATEGORY_, TENANT_ID_ ) values ( ?, ?, ?, ?, ?, ?, ?, ?, ?, ?, ?, ?, ?, ?, ?, ?, ?, ?, ?, ? ) 
16:46:14.306 [main] DEBUG org.activiti.engine.impl.persistence.entity.HistoricTaskInstanceEntity.insertHistoricTaskInstance - ==> Parameters: 2558(String), leave-countersign:1:2539(String), 2540(String), 2553(String), [部门/人事]联合会签(String), null, null, null, groupLeader(String), 2017-11-28 16:46:14.275(Timestamp), null, null, null, null, countersign(String), null, 50(Integer), null, null, (String)
16:46:14.306 [main] DEBUG org.activiti.engine.impl.persistence.entity.HistoricTaskInstanceEntity.insertHistoricTaskInstance - <==    Updates: 1
16:46:14.306 [main] DEBUG org.activiti.engine.impl.db.DbSqlSession - inserting: IdentityLinkEntity[id=2559, type=participant, userId=groupLeader, processInstanceId=2540]
16:46:14.306 [main] DEBUG org.activiti.engine.impl.persistence.entity.IdentityLinkEntity.insertIdentityLink - ==>  Preparing: insert into ACT_RU_IDENTITYLINK (ID_, REV_, TYPE_, USER_ID_, GROUP_ID_, TASK_ID_, PROC_INST_ID_, PROC_DEF_ID_) values (?, 1, ?, ?, ?, ?, ?, ?) 
16:46:14.306 [main] DEBUG org.activiti.engine.impl.persistence.entity.IdentityLinkEntity.insertIdentityLink - ==> Parameters: 2559(String), participant(String), groupLeader(String), null, null, 2540(String), null
16:46:14.307 [main] DEBUG org.activiti.engine.impl.persistence.entity.IdentityLinkEntity.insertIdentityLink - <==    Updates: 1
16:46:14.307 [main] DEBUG org.activiti.engine.impl.db.DbSqlSession - inserting: org.activiti.engine.impl.persistence.entity.HistoricIdentityLinkEntity@6293e39e
16:46:14.307 [main] DEBUG org.activiti.engine.impl.persistence.entity.HistoricIdentityLinkEntity.insertHistoricIdentityLink - ==>  Preparing: insert into ACT_HI_IDENTITYLINK (ID_, TYPE_, USER_ID_, GROUP_ID_, TASK_ID_, PROC_INST_ID_) values (?, ?, ?, ?, ?, ?) 
16:46:14.307 [main] DEBUG org.activiti.engine.impl.persistence.entity.HistoricIdentityLinkEntity.insertHistoricIdentityLink - ==> Parameters: 2559(String), participant(String), groupLeader(String), null, null, 2540(String)
16:46:14.307 [main] DEBUG org.activiti.engine.impl.persistence.entity.HistoricIdentityLinkEntity.insertHistoricIdentityLink - <==    Updates: 1
16:46:14.307 [main] DEBUG org.activiti.engine.impl.db.DbSqlSession - inserting: VariableInstanceEntity[id=2560, name=loopCounter, type=integer, longValue=1, textValue=1]
16:46:14.307 [main] DEBUG org.activiti.engine.impl.persistence.entity.VariableInstanceEntity.insertVariableInstance - ==>  Preparing: insert into ACT_RU_VARIABLE (ID_, REV_, TYPE_, NAME_, PROC_INST_ID_, EXECUTION_ID_, TASK_ID_, BYTEARRAY_ID_, DOUBLE_, LONG_ , TEXT_, TEXT2_) values ( ?, 1, ?, ?, ?, ?, ?, ?, ?, ?, ?, ? ) 
16:46:14.307 [main] DEBUG org.activiti.engine.impl.persistence.entity.VariableInstanceEntity.insertVariableInstance - ==> Parameters: 2560(String), integer(String), loopCounter(String), 2540(String), 2554(String), null, null, null, 1(Long), 1(String), null
16:46:14.307 [main] DEBUG org.activiti.engine.impl.persistence.entity.VariableInstanceEntity.insertVariableInstance - <==    Updates: 1
16:46:14.308 [main] DEBUG org.activiti.engine.impl.db.DbSqlSession - inserting: HistoricVariableInstanceEntity[id=2560, name=loopCounter, revision=0, type=integer, longValue=1, textValue=1]
16:46:14.308 [main] DEBUG org.activiti.engine.impl.persistence.entity.HistoricVariableInstanceEntity.insertHistoricVariableInstance - ==>  Preparing: insert into ACT_HI_VARINST (ID_, PROC_INST_ID_, EXECUTION_ID_, TASK_ID_, NAME_, REV_, VAR_TYPE_, BYTEARRAY_ID_, DOUBLE_, LONG_ , TEXT_, TEXT2_, CREATE_TIME_, LAST_UPDATED_TIME_) values ( ?, ?, ?, ?, ?, ?, ?, ?, ?, ?, ?, ?, ?, ? ) 
16:46:14.308 [main] DEBUG org.activiti.engine.impl.persistence.entity.HistoricVariableInstanceEntity.insertHistoricVariableInstance - ==> Parameters: 2560(String), 2540(String), 2554(String), null, loopCounter(String), 0(Integer), integer(String), null, null, 1(Long), 1(String), null, 2017-11-28 16:46:14.277(Timestamp), 2017-11-28 16:46:14.277(Timestamp)
16:46:14.308 [main] DEBUG org.activiti.engine.impl.persistence.entity.HistoricVariableInstanceEntity.insertHistoricVariableInstance - <==    Updates: 1
16:46:14.308 [main] DEBUG org.activiti.engine.impl.db.DbSqlSession - inserting: VariableInstanceEntity[id=2561, name=user, type=string, textValue=deptLeader]
16:46:14.308 [main] DEBUG org.activiti.engine.impl.persistence.entity.VariableInstanceEntity.insertVariableInstance - ==>  Preparing: insert into ACT_RU_VARIABLE (ID_, REV_, TYPE_, NAME_, PROC_INST_ID_, EXECUTION_ID_, TASK_ID_, BYTEARRAY_ID_, DOUBLE_, LONG_ , TEXT_, TEXT2_) values ( ?, 1, ?, ?, ?, ?, ?, ?, ?, ?, ?, ? ) 
16:46:14.308 [main] DEBUG org.activiti.engine.impl.persistence.entity.VariableInstanceEntity.insertVariableInstance - ==> Parameters: 2561(String), string(String), user(String), 2540(String), 2554(String), null, null, null, null, deptLeader(String), null
16:46:14.309 [main] DEBUG org.activiti.engine.impl.persistence.entity.VariableInstanceEntity.insertVariableInstance - <==    Updates: 1
16:46:14.309 [main] DEBUG org.activiti.engine.impl.db.DbSqlSession - inserting: HistoricVariableInstanceEntity[id=2561, name=user, revision=0, type=string, textValue=deptLeader]
16:46:14.309 [main] DEBUG org.activiti.engine.impl.persistence.entity.HistoricVariableInstanceEntity.insertHistoricVariableInstance - ==>  Preparing: insert into ACT_HI_VARINST (ID_, PROC_INST_ID_, EXECUTION_ID_, TASK_ID_, NAME_, REV_, VAR_TYPE_, BYTEARRAY_ID_, DOUBLE_, LONG_ , TEXT_, TEXT2_, CREATE_TIME_, LAST_UPDATED_TIME_) values ( ?, ?, ?, ?, ?, ?, ?, ?, ?, ?, ?, ?, ?, ? ) 
16:46:14.309 [main] DEBUG org.activiti.engine.impl.persistence.entity.HistoricVariableInstanceEntity.insertHistoricVariableInstance - ==> Parameters: 2561(String), 2540(String), 2554(String), null, user(String), 0(Integer), string(String), null, null, null, deptLeader(String), null, 2017-11-28 16:46:14.277(Timestamp), 2017-11-28 16:46:14.277(Timestamp)
16:46:14.309 [main] DEBUG org.activiti.engine.impl.persistence.entity.HistoricVariableInstanceEntity.insertHistoricVariableInstance - <==    Updates: 1
16:46:14.309 [main] DEBUG org.activiti.engine.impl.db.DbSqlSession - inserting: HistoricActivityInstanceEntity[activityId=countersign, activityName=[部门/人事]联合会签]
16:46:14.309 [main] DEBUG org.activiti.engine.impl.persistence.entity.HistoricActivityInstanceEntity.insertHistoricActivityInstance - ==>  Preparing: insert into ACT_HI_ACTINST ( ID_, PROC_DEF_ID_, PROC_INST_ID_, EXECUTION_ID_, ACT_ID_, TASK_ID_, CALL_PROC_INST_ID_, ACT_NAME_, ACT_TYPE_, ASSIGNEE_, START_TIME_, END_TIME_, DURATION_, TENANT_ID_ ) values ( ?, ?, ?, ?, ?, ?, ?, ?, ?, ?, ?, ?, ?, ? ) 
16:46:14.310 [main] DEBUG org.activiti.engine.impl.persistence.entity.HistoricActivityInstanceEntity.insertHistoricActivityInstance - ==> Parameters: 2562(String), leave-countersign:1:2539(String), 2540(String), 2554(String), countersign(String), 2563(String), null, [部门/人事]联合会签(String), userTask(String), deptLeader(String), 2017-11-28 16:46:14.277(Timestamp), null, null, (String)
16:46:14.310 [main] DEBUG org.activiti.engine.impl.persistence.entity.HistoricActivityInstanceEntity.insertHistoricActivityInstance - <==    Updates: 1
16:46:14.310 [main] DEBUG org.activiti.engine.impl.db.DbSqlSession - inserting: Task[id=2563, name=[部门/人事]联合会签]
16:46:14.310 [main] DEBUG org.activiti.engine.impl.persistence.entity.TaskEntity.insertTask - ==>  Preparing: insert into ACT_RU_TASK (ID_, REV_, NAME_, PARENT_TASK_ID_, DESCRIPTION_, PRIORITY_, CREATE_TIME_, OWNER_, ASSIGNEE_, DELEGATION_, EXECUTION_ID_, PROC_INST_ID_, PROC_DEF_ID_, TASK_DEF_KEY_, DUE_DATE_, CATEGORY_, SUSPENSION_STATE_, TENANT_ID_, FORM_KEY_) values (?, 1, ?, ?, ?, ?, ?, ?, ?, ?, ?, ?, ?, ?, ?, ?, ?, ?, ? ) 
16:46:14.310 [main] DEBUG org.activiti.engine.impl.persistence.entity.TaskEntity.insertTask - ==> Parameters: 2563(String), [部门/人事]联合会签(String), null, null, 50(Integer), 2017-11-28 16:46:14.277(Timestamp), null, deptLeader(String), null, 2554(String), 2540(String), leave-countersign:1:2539(String), countersign(String), null, null, 1(Integer), (String), null
16:46:14.311 [main] DEBUG org.activiti.engine.impl.persistence.entity.TaskEntity.insertTask - <==    Updates: 1
16:46:14.311 [main] DEBUG org.activiti.engine.impl.db.DbSqlSession - inserting: org.activiti.engine.impl.persistence.entity.HistoricTaskInstanceEntity@365553de
16:46:14.311 [main] DEBUG org.activiti.engine.impl.persistence.entity.HistoricTaskInstanceEntity.insertHistoricTaskInstance - ==>  Preparing: insert into ACT_HI_TASKINST ( ID_, PROC_DEF_ID_, PROC_INST_ID_, EXECUTION_ID_, NAME_, PARENT_TASK_ID_, DESCRIPTION_, OWNER_, ASSIGNEE_, START_TIME_, CLAIM_TIME_, END_TIME_, DURATION_, DELETE_REASON_, TASK_DEF_KEY_, FORM_KEY_, PRIORITY_, DUE_DATE_, CATEGORY_, TENANT_ID_ ) values ( ?, ?, ?, ?, ?, ?, ?, ?, ?, ?, ?, ?, ?, ?, ?, ?, ?, ?, ?, ? ) 
16:46:14.311 [main] DEBUG org.activiti.engine.impl.persistence.entity.HistoricTaskInstanceEntity.insertHistoricTaskInstance - ==> Parameters: 2563(String), leave-countersign:1:2539(String), 2540(String), 2554(String), [部门/人事]联合会签(String), null, null, null, deptLeader(String), 2017-11-28 16:46:14.277(Timestamp), null, null, null, null, countersign(String), null, 50(Integer), null, null, (String)
16:46:14.311 [main] DEBUG org.activiti.engine.impl.persistence.entity.HistoricTaskInstanceEntity.insertHistoricTaskInstance - <==    Updates: 1
16:46:14.312 [main] DEBUG org.activiti.engine.impl.db.DbSqlSession - inserting: IdentityLinkEntity[id=2564, type=participant, userId=deptLeader, processInstanceId=2540]
16:46:14.312 [main] DEBUG org.activiti.engine.impl.persistence.entity.IdentityLinkEntity.insertIdentityLink - ==>  Preparing: insert into ACT_RU_IDENTITYLINK (ID_, REV_, TYPE_, USER_ID_, GROUP_ID_, TASK_ID_, PROC_INST_ID_, PROC_DEF_ID_) values (?, 1, ?, ?, ?, ?, ?, ?) 
16:46:14.312 [main] DEBUG org.activiti.engine.impl.persistence.entity.IdentityLinkEntity.insertIdentityLink - ==> Parameters: 2564(String), participant(String), deptLeader(String), null, null, 2540(String), null
16:46:14.313 [main] DEBUG org.activiti.engine.impl.persistence.entity.IdentityLinkEntity.insertIdentityLink - <==    Updates: 1
16:46:14.313 [main] DEBUG org.activiti.engine.impl.db.DbSqlSession - inserting: org.activiti.engine.impl.persistence.entity.HistoricIdentityLinkEntity@34a0ef00
16:46:14.313 [main] DEBUG org.activiti.engine.impl.persistence.entity.HistoricIdentityLinkEntity.insertHistoricIdentityLink - ==>  Preparing: insert into ACT_HI_IDENTITYLINK (ID_, TYPE_, USER_ID_, GROUP_ID_, TASK_ID_, PROC_INST_ID_) values (?, ?, ?, ?, ?, ?) 
16:46:14.314 [main] DEBUG org.activiti.engine.impl.persistence.entity.HistoricIdentityLinkEntity.insertHistoricIdentityLink - ==> Parameters: 2564(String), participant(String), deptLeader(String), null, null, 2540(String)
16:46:14.315 [main] DEBUG org.activiti.engine.impl.persistence.entity.HistoricIdentityLinkEntity.insertHistoricIdentityLink - <==    Updates: 1
16:46:14.315 [main] DEBUG org.activiti.engine.impl.db.DbSqlSession - inserting: VariableInstanceEntity[id=2565, name=loopCounter, type=integer, longValue=2, textValue=2]
16:46:14.315 [main] DEBUG org.activiti.engine.impl.persistence.entity.VariableInstanceEntity.insertVariableInstance - ==>  Preparing: insert into ACT_RU_VARIABLE (ID_, REV_, TYPE_, NAME_, PROC_INST_ID_, EXECUTION_ID_, TASK_ID_, BYTEARRAY_ID_, DOUBLE_, LONG_ , TEXT_, TEXT2_) values ( ?, 1, ?, ?, ?, ?, ?, ?, ?, ?, ?, ? ) 
16:46:14.316 [main] DEBUG org.activiti.engine.impl.persistence.entity.VariableInstanceEntity.insertVariableInstance - ==> Parameters: 2565(String), integer(String), loopCounter(String), 2540(String), 2555(String), null, null, null, 2(Long), 2(String), null
16:46:14.316 [main] DEBUG org.activiti.engine.impl.persistence.entity.VariableInstanceEntity.insertVariableInstance - <==    Updates: 1
16:46:14.316 [main] DEBUG org.activiti.engine.impl.db.DbSqlSession - inserting: HistoricVariableInstanceEntity[id=2565, name=loopCounter, revision=0, type=integer, longValue=2, textValue=2]
16:46:14.316 [main] DEBUG org.activiti.engine.impl.persistence.entity.HistoricVariableInstanceEntity.insertHistoricVariableInstance - ==>  Preparing: insert into ACT_HI_VARINST (ID_, PROC_INST_ID_, EXECUTION_ID_, TASK_ID_, NAME_, REV_, VAR_TYPE_, BYTEARRAY_ID_, DOUBLE_, LONG_ , TEXT_, TEXT2_, CREATE_TIME_, LAST_UPDATED_TIME_) values ( ?, ?, ?, ?, ?, ?, ?, ?, ?, ?, ?, ?, ?, ? ) 
16:46:14.316 [main] DEBUG org.activiti.engine.impl.persistence.entity.HistoricVariableInstanceEntity.insertHistoricVariableInstance - ==> Parameters: 2565(String), 2540(String), 2555(String), null, loopCounter(String), 0(Integer), integer(String), null, null, 2(Long), 2(String), null, 2017-11-28 16:46:14.279(Timestamp), 2017-11-28 16:46:14.279(Timestamp)
16:46:14.316 [main] DEBUG org.activiti.engine.impl.persistence.entity.HistoricVariableInstanceEntity.insertHistoricVariableInstance - <==    Updates: 1
16:46:14.316 [main] DEBUG org.activiti.engine.impl.db.DbSqlSession - inserting: VariableInstanceEntity[id=2566, name=user, type=string, textValue=hr]
16:46:14.316 [main] DEBUG org.activiti.engine.impl.persistence.entity.VariableInstanceEntity.insertVariableInstance - ==>  Preparing: insert into ACT_RU_VARIABLE (ID_, REV_, TYPE_, NAME_, PROC_INST_ID_, EXECUTION_ID_, TASK_ID_, BYTEARRAY_ID_, DOUBLE_, LONG_ , TEXT_, TEXT2_) values ( ?, 1, ?, ?, ?, ?, ?, ?, ?, ?, ?, ? ) 
16:46:14.317 [main] DEBUG org.activiti.engine.impl.persistence.entity.VariableInstanceEntity.insertVariableInstance - ==> Parameters: 2566(String), string(String), user(String), 2540(String), 2555(String), null, null, null, null, hr(String), null
16:46:14.317 [main] DEBUG org.activiti.engine.impl.persistence.entity.VariableInstanceEntity.insertVariableInstance - <==    Updates: 1
16:46:14.317 [main] DEBUG org.activiti.engine.impl.db.DbSqlSession - inserting: HistoricVariableInstanceEntity[id=2566, name=user, revision=0, type=string, textValue=hr]
16:46:14.317 [main] DEBUG org.activiti.engine.impl.persistence.entity.HistoricVariableInstanceEntity.insertHistoricVariableInstance - ==>  Preparing: insert into ACT_HI_VARINST (ID_, PROC_INST_ID_, EXECUTION_ID_, TASK_ID_, NAME_, REV_, VAR_TYPE_, BYTEARRAY_ID_, DOUBLE_, LONG_ , TEXT_, TEXT2_, CREATE_TIME_, LAST_UPDATED_TIME_) values ( ?, ?, ?, ?, ?, ?, ?, ?, ?, ?, ?, ?, ?, ? ) 
16:46:14.317 [main] DEBUG org.activiti.engine.impl.persistence.entity.HistoricVariableInstanceEntity.insertHistoricVariableInstance - ==> Parameters: 2566(String), 2540(String), 2555(String), null, user(String), 0(Integer), string(String), null, null, null, hr(String), null, 2017-11-28 16:46:14.279(Timestamp), 2017-11-28 16:46:14.279(Timestamp)
16:46:14.317 [main] DEBUG org.activiti.engine.impl.persistence.entity.HistoricVariableInstanceEntity.insertHistoricVariableInstance - <==    Updates: 1
16:46:14.317 [main] DEBUG org.activiti.engine.impl.db.DbSqlSession - inserting: HistoricActivityInstanceEntity[activityId=countersign, activityName=[部门/人事]联合会签]
16:46:14.317 [main] DEBUG org.activiti.engine.impl.persistence.entity.HistoricActivityInstanceEntity.insertHistoricActivityInstance - ==>  Preparing: insert into ACT_HI_ACTINST ( ID_, PROC_DEF_ID_, PROC_INST_ID_, EXECUTION_ID_, ACT_ID_, TASK_ID_, CALL_PROC_INST_ID_, ACT_NAME_, ACT_TYPE_, ASSIGNEE_, START_TIME_, END_TIME_, DURATION_, TENANT_ID_ ) values ( ?, ?, ?, ?, ?, ?, ?, ?, ?, ?, ?, ?, ?, ? ) 
16:46:14.318 [main] DEBUG org.activiti.engine.impl.persistence.entity.HistoricActivityInstanceEntity.insertHistoricActivityInstance - ==> Parameters: 2567(String), leave-countersign:1:2539(String), 2540(String), 2555(String), countersign(String), 2568(String), null, [部门/人事]联合会签(String), userTask(String), hr(String), 2017-11-28 16:46:14.279(Timestamp), null, null, (String)
16:46:14.318 [main] DEBUG org.activiti.engine.impl.persistence.entity.HistoricActivityInstanceEntity.insertHistoricActivityInstance - <==    Updates: 1
16:46:14.318 [main] DEBUG org.activiti.engine.impl.db.DbSqlSession - inserting: Task[id=2568, name=[部门/人事]联合会签]
16:46:14.318 [main] DEBUG org.activiti.engine.impl.persistence.entity.TaskEntity.insertTask - ==>  Preparing: insert into ACT_RU_TASK (ID_, REV_, NAME_, PARENT_TASK_ID_, DESCRIPTION_, PRIORITY_, CREATE_TIME_, OWNER_, ASSIGNEE_, DELEGATION_, EXECUTION_ID_, PROC_INST_ID_, PROC_DEF_ID_, TASK_DEF_KEY_, DUE_DATE_, CATEGORY_, SUSPENSION_STATE_, TENANT_ID_, FORM_KEY_) values (?, 1, ?, ?, ?, ?, ?, ?, ?, ?, ?, ?, ?, ?, ?, ?, ?, ?, ? ) 
16:46:14.318 [main] DEBUG org.activiti.engine.impl.persistence.entity.TaskEntity.insertTask - ==> Parameters: 2568(String), [部门/人事]联合会签(String), null, null, 50(Integer), 2017-11-28 16:46:14.279(Timestamp), null, hr(String), null, 2555(String), 2540(String), leave-countersign:1:2539(String), countersign(String), null, null, 1(Integer), (String), null
16:46:14.318 [main] DEBUG org.activiti.engine.impl.persistence.entity.TaskEntity.insertTask - <==    Updates: 1
16:46:14.319 [main] DEBUG org.activiti.engine.impl.db.DbSqlSession - inserting: org.activiti.engine.impl.persistence.entity.HistoricTaskInstanceEntity@5c0f79f0
16:46:14.319 [main] DEBUG org.activiti.engine.impl.persistence.entity.HistoricTaskInstanceEntity.insertHistoricTaskInstance - ==>  Preparing: insert into ACT_HI_TASKINST ( ID_, PROC_DEF_ID_, PROC_INST_ID_, EXECUTION_ID_, NAME_, PARENT_TASK_ID_, DESCRIPTION_, OWNER_, ASSIGNEE_, START_TIME_, CLAIM_TIME_, END_TIME_, DURATION_, DELETE_REASON_, TASK_DEF_KEY_, FORM_KEY_, PRIORITY_, DUE_DATE_, CATEGORY_, TENANT_ID_ ) values ( ?, ?, ?, ?, ?, ?, ?, ?, ?, ?, ?, ?, ?, ?, ?, ?, ?, ?, ?, ? ) 
16:46:14.319 [main] DEBUG org.activiti.engine.impl.persistence.entity.HistoricTaskInstanceEntity.insertHistoricTaskInstance - ==> Parameters: 2568(String), leave-countersign:1:2539(String), 2540(String), 2555(String), [部门/人事]联合会签(String), null, null, null, hr(String), 2017-11-28 16:46:14.279(Timestamp), null, null, null, null, countersign(String), null, 50(Integer), null, null, (String)
16:46:14.319 [main] DEBUG org.activiti.engine.impl.persistence.entity.HistoricTaskInstanceEntity.insertHistoricTaskInstance - <==    Updates: 1
16:46:14.319 [main] DEBUG org.activiti.engine.impl.db.DbSqlSession - inserting: IdentityLinkEntity[id=2569, type=participant, userId=hr, processInstanceId=2540]
16:46:14.319 [main] DEBUG org.activiti.engine.impl.persistence.entity.IdentityLinkEntity.insertIdentityLink - ==>  Preparing: insert into ACT_RU_IDENTITYLINK (ID_, REV_, TYPE_, USER_ID_, GROUP_ID_, TASK_ID_, PROC_INST_ID_, PROC_DEF_ID_) values (?, 1, ?, ?, ?, ?, ?, ?) 
16:46:14.320 [main] DEBUG org.activiti.engine.impl.persistence.entity.IdentityLinkEntity.insertIdentityLink - ==> Parameters: 2569(String), participant(String), hr(String), null, null, 2540(String), null
16:46:14.320 [main] DEBUG org.activiti.engine.impl.persistence.entity.IdentityLinkEntity.insertIdentityLink - <==    Updates: 1
16:46:14.320 [main] DEBUG org.activiti.engine.impl.db.DbSqlSession - inserting: org.activiti.engine.impl.persistence.entity.HistoricIdentityLinkEntity@21fdfefc
16:46:14.320 [main] DEBUG org.activiti.engine.impl.persistence.entity.HistoricIdentityLinkEntity.insertHistoricIdentityLink - ==>  Preparing: insert into ACT_HI_IDENTITYLINK (ID_, TYPE_, USER_ID_, GROUP_ID_, TASK_ID_, PROC_INST_ID_) values (?, ?, ?, ?, ?, ?) 
16:46:14.321 [main] DEBUG org.activiti.engine.impl.persistence.entity.HistoricIdentityLinkEntity.insertHistoricIdentityLink - ==> Parameters: 2569(String), participant(String), hr(String), null, null, 2540(String)
16:46:14.321 [main] DEBUG org.activiti.engine.impl.persistence.entity.HistoricIdentityLinkEntity.insertHistoricIdentityLink - <==    Updates: 1
16:46:14.321 [main] DEBUG org.apache.ibatis.transaction.managed.ManagedTransaction - Closing JDBC Connection [Transaction-aware proxy for target Connection [conn28: url=jdbc:h2:mem:activiti user=SA]]
16:46:14.321 [main] DEBUG org.springframework.jdbc.datasource.DataSourceTransactionManager - Initiating transaction commit
16:46:14.321 [main] DEBUG org.springframework.jdbc.datasource.DataSourceTransactionManager - Committing JDBC transaction on Connection [conn28: url=jdbc:h2:mem:activiti user=SA]
16:46:14.321 [main] DEBUG org.springframework.jdbc.datasource.DataSourceTransactionManager - Releasing JDBC Connection [conn28: url=jdbc:h2:mem:activiti user=SA] after transaction
16:46:14.321 [main] DEBUG org.springframework.jdbc.datasource.DataSourceUtils - Returning JDBC Connection to DataSource
16:46:14.321 [main] DEBUG org.activiti.engine.impl.interceptor.LogInterceptor - --- StartProcessInstanceCmd finished --------------------------------------------------------
16:46:14.321 [main] DEBUG org.activiti.engine.impl.interceptor.LogInterceptor - 

16:46:14.322 [main] DEBUG org.activiti.engine.impl.interceptor.LogInterceptor - 

16:46:14.322 [main] DEBUG org.activiti.engine.impl.interceptor.LogInterceptor - --- starting TaskQueryImpl --------------------------------------------------------
16:46:14.322 [main] DEBUG org.activiti.spring.SpringTransactionInterceptor - Running command with propagation REQUIRED
16:46:14.322 [main] DEBUG org.springframework.jdbc.datasource.DataSourceTransactionManager - Creating new transaction with name [null]: PROPAGATION_REQUIRED,ISOLATION_DEFAULT
16:46:14.322 [main] DEBUG org.springframework.jdbc.datasource.SimpleDriverDataSource - Creating new JDBC Driver Connection to [jdbc:h2:mem:activiti;DB_CLOSE_DELAY=1000]
16:46:14.322 [main] DEBUG org.springframework.jdbc.datasource.DataSourceTransactionManager - Acquired Connection [conn29: url=jdbc:h2:mem:activiti user=SA] for JDBC transaction
16:46:14.322 [main] DEBUG org.springframework.jdbc.datasource.DataSourceTransactionManager - Switching JDBC Connection [conn29: url=jdbc:h2:mem:activiti user=SA] to manual commit
16:46:14.323 [main] DEBUG org.apache.ibatis.transaction.managed.ManagedTransaction - Opening JDBC Connection
16:46:14.323 [main] DEBUG org.activiti.engine.impl.persistence.entity.TaskEntity.selectTaskByQueryCriteria - ==>  Preparing: select distinct RES.* from ACT_RU_TASK RES WHERE RES.ASSIGNEE_ = ? and RES.PROC_INST_ID_ = ? order by RES.ID_ asc LIMIT ? OFFSET ? 
16:46:14.323 [main] DEBUG org.activiti.engine.impl.persistence.entity.TaskEntity.selectTaskByQueryCriteria - ==> Parameters: groupLeader(String), 2540(String), 2147483647(Integer), 0(Integer)
16:46:14.324 [main] DEBUG org.activiti.engine.impl.persistence.entity.TaskEntity.selectTaskByQueryCriteria - <==      Total: 1
16:46:14.326 [main] DEBUG org.activiti.engine.impl.db.DbSqlSession - flush summary: 0 insert, 0 update, 0 delete.
16:46:14.326 [main] DEBUG org.activiti.engine.impl.db.DbSqlSession - now executing flush...
16:46:14.326 [main] DEBUG org.apache.ibatis.transaction.managed.ManagedTransaction - Closing JDBC Connection [Transaction-aware proxy for target Connection [conn29: url=jdbc:h2:mem:activiti user=SA]]
16:46:14.326 [main] DEBUG org.springframework.jdbc.datasource.DataSourceTransactionManager - Initiating transaction commit
16:46:14.326 [main] DEBUG org.springframework.jdbc.datasource.DataSourceTransactionManager - Committing JDBC transaction on Connection [conn29: url=jdbc:h2:mem:activiti user=SA]
16:46:14.326 [main] DEBUG org.springframework.jdbc.datasource.DataSourceTransactionManager - Releasing JDBC Connection [conn29: url=jdbc:h2:mem:activiti user=SA] after transaction
16:46:14.326 [main] DEBUG org.springframework.jdbc.datasource.DataSourceUtils - Returning JDBC Connection to DataSource
16:46:14.326 [main] DEBUG org.activiti.engine.impl.interceptor.LogInterceptor - --- TaskQueryImpl finished --------------------------------------------------------
16:46:14.326 [main] DEBUG org.activiti.engine.impl.interceptor.LogInterceptor - 

16:46:14.326 [main] DEBUG org.activiti.engine.impl.interceptor.LogInterceptor - 

16:46:14.326 [main] DEBUG org.activiti.engine.impl.interceptor.LogInterceptor - --- starting CompleteTaskCmd --------------------------------------------------------
16:46:14.326 [main] DEBUG org.activiti.spring.SpringTransactionInterceptor - Running command with propagation REQUIRED
16:46:14.327 [main] DEBUG org.springframework.jdbc.datasource.DataSourceTransactionManager - Creating new transaction with name [null]: PROPAGATION_REQUIRED,ISOLATION_DEFAULT
16:46:14.327 [main] DEBUG org.springframework.jdbc.datasource.SimpleDriverDataSource - Creating new JDBC Driver Connection to [jdbc:h2:mem:activiti;DB_CLOSE_DELAY=1000]
16:46:14.327 [main] DEBUG org.springframework.jdbc.datasource.DataSourceTransactionManager - Acquired Connection [conn30: url=jdbc:h2:mem:activiti user=SA] for JDBC transaction
16:46:14.327 [main] DEBUG org.springframework.jdbc.datasource.DataSourceTransactionManager - Switching JDBC Connection [conn30: url=jdbc:h2:mem:activiti user=SA] to manual commit
16:46:14.327 [main] DEBUG org.apache.ibatis.transaction.managed.ManagedTransaction - Opening JDBC Connection
16:46:14.327 [main] DEBUG org.activiti.engine.impl.persistence.entity.TaskEntity.selectTask - ==>  Preparing: select * from ACT_RU_TASK where ID_ = ? 
16:46:14.327 [main] DEBUG org.activiti.engine.impl.persistence.entity.TaskEntity.selectTask - ==> Parameters: 2558(String)
16:46:14.328 [main] DEBUG org.activiti.engine.impl.persistence.entity.TaskEntity.selectTask - <==      Total: 1
16:46:14.329 [main] DEBUG org.activiti.engine.impl.persistence.entity.ExecutionEntity.selectExecution - ==>  Preparing: select * from ACT_RU_EXECUTION where ID_ = ? 
16:46:14.329 [main] DEBUG org.activiti.engine.impl.persistence.entity.ExecutionEntity.selectExecution - ==> Parameters: 2553(String)
16:46:14.329 [main] DEBUG org.activiti.engine.impl.persistence.entity.ExecutionEntity.selectExecution - <==      Total: 1
16:46:14.329 [main] DEBUG org.activiti.engine.impl.persistence.entity.VariableInstanceEntity.selectVariablesByExecutionId - ==>  Preparing: select * from ACT_RU_VARIABLE where EXECUTION_ID_ = ? and TASK_ID_ is null 
16:46:14.330 [main] DEBUG org.activiti.engine.impl.persistence.entity.VariableInstanceEntity.selectVariablesByExecutionId - ==> Parameters: 2553(String)
16:46:14.330 [main] DEBUG org.activiti.engine.impl.persistence.entity.VariableInstanceEntity.selectVariablesByExecutionId - <==      Total: 2
16:46:14.330 [main] DEBUG org.activiti.engine.impl.persistence.entity.ExecutionEntity.selectExecution - ==>  Preparing: select * from ACT_RU_EXECUTION where ID_ = ? 
16:46:14.330 [main] DEBUG org.activiti.engine.impl.persistence.entity.ExecutionEntity.selectExecution - ==> Parameters: 2548(String)
16:46:14.331 [main] DEBUG org.activiti.engine.impl.persistence.entity.ExecutionEntity.selectExecution - <==      Total: 1
16:46:14.331 [main] DEBUG org.activiti.engine.impl.persistence.entity.VariableInstanceEntity.selectVariablesByExecutionId - ==>  Preparing: select * from ACT_RU_VARIABLE where EXECUTION_ID_ = ? and TASK_ID_ is null 
16:46:14.331 [main] DEBUG org.activiti.engine.impl.persistence.entity.VariableInstanceEntity.selectVariablesByExecutionId - ==> Parameters: 2548(String)
16:46:14.332 [main] DEBUG org.activiti.engine.impl.persistence.entity.VariableInstanceEntity.selectVariablesByExecutionId - <==      Total: 3
16:46:14.332 [main] DEBUG org.activiti.engine.impl.persistence.entity.ExecutionEntity.selectExecution - ==>  Preparing: select * from ACT_RU_EXECUTION where ID_ = ? 
16:46:14.333 [main] DEBUG org.activiti.engine.impl.persistence.entity.ExecutionEntity.selectExecution - ==> Parameters: 2540(String)
16:46:14.333 [main] DEBUG org.activiti.engine.impl.persistence.entity.ExecutionEntity.selectExecution - <==      Total: 1
16:46:14.333 [main] DEBUG org.activiti.engine.impl.persistence.entity.VariableInstanceEntity.selectVariablesByExecutionId - ==>  Preparing: select * from ACT_RU_VARIABLE where EXECUTION_ID_ = ? and TASK_ID_ is null 
16:46:14.333 [main] DEBUG org.activiti.engine.impl.persistence.entity.VariableInstanceEntity.selectVariablesByExecutionId - ==> Parameters: 2540(String)
16:46:14.334 [main] DEBUG org.activiti.engine.impl.persistence.entity.VariableInstanceEntity.selectVariablesByExecutionId - <==      Total: 3
16:46:14.334 [main] DEBUG org.activiti.engine.impl.history.DefaultHistoryManager - Current history level: AUDIT, level required: ACTIVITY
16:46:14.334 [main] DEBUG org.activiti.engine.impl.history.DefaultHistoryManager - Current history level: AUDIT, level required: FULL
16:46:14.335 [main] DEBUG org.activiti.engine.impl.interceptor.CommandContext - Error while closing command context
org.activiti.engine.ActivitiException: Exception while invoking TaskListener: Unknown property used in expression: ${leaveCounterSignCompleteListener}
	at org.activiti.engine.impl.persistence.entity.TaskEntity.fireEvent(TaskEntity.java:722)
	at org.activiti.engine.impl.persistence.entity.TaskEntity.complete(TaskEntity.java:181)
	at org.activiti.engine.impl.cmd.CompleteTaskCmd.execute(CompleteTaskCmd.java:50)
	at org.activiti.engine.impl.cmd.CompleteTaskCmd.execute(CompleteTaskCmd.java:24)
	at org.activiti.engine.impl.cmd.NeedsActiveTaskCmd.execute(NeedsActiveTaskCmd.java:59)
	at org.activiti.engine.impl.interceptor.CommandInvoker.execute(CommandInvoker.java:24)
	at org.activiti.engine.impl.interceptor.CommandContextInterceptor.execute(CommandContextInterceptor.java:57)
	at org.activiti.spring.SpringTransactionInterceptor$1.doInTransaction(SpringTransactionInterceptor.java:47)
	at org.springframework.transaction.support.TransactionTemplate.execute(TransactionTemplate.java:133)
	at org.activiti.spring.SpringTransactionInterceptor.execute(SpringTransactionInterceptor.java:45)
	at org.activiti.engine.impl.interceptor.LogInterceptor.execute(LogInterceptor.java:37)
	at org.activiti.engine.impl.cfg.CommandExecutorImpl.execute(CommandExecutorImpl.java:40)
	at org.activiti.engine.impl.cfg.CommandExecutorImpl.execute(CommandExecutorImpl.java:35)
	at org.activiti.engine.impl.TaskServiceImpl.complete(TaskServiceImpl.java:179)
	at com.home.demo.main.LeaveCoutersignTest.testNotAllApproved(LeaveCoutersignTest.java:61)
	at sun.reflect.NativeMethodAccessorImpl.invoke0(Native Method)
	at sun.reflect.NativeMethodAccessorImpl.invoke(NativeMethodAccessorImpl.java:62)
	at sun.reflect.DelegatingMethodAccessorImpl.invoke(DelegatingMethodAccessorImpl.java:43)
	at java.lang.reflect.Method.invoke(Method.java:497)
	at junit.framework.TestCase.runTest(TestCase.java:168)
	at org.activiti.engine.impl.test.PvmTestCase.runTest(PvmTestCase.java:65)
	at junit.framework.TestCase.runBare(TestCase.java:134)
	at org.activiti.engine.impl.test.AbstractActivitiTestCase.runBare(AbstractActivitiTestCase.java:102)
	at org.activiti.spring.impl.test.SpringActivitiTestCase.runBare(SpringActivitiTestCase.java:54)
	at junit.framework.TestResult$1.protect(TestResult.java:110)
	at junit.framework.TestResult.runProtected(TestResult.java:128)
	at junit.framework.TestResult.run(TestResult.java:113)
	at junit.framework.TestCase.run(TestCase.java:124)
	at junit.framework.TestSuite.runTest(TestSuite.java:243)
	at junit.framework.TestSuite.run(TestSuite.java:238)
	at org.junit.internal.runners.JUnit38ClassRunner.run(JUnit38ClassRunner.java:83)
	at org.apache.maven.surefire.junit4.JUnit4Provider.execute(JUnit4Provider.java:283)
	at org.apache.maven.surefire.junit4.JUnit4Provider.executeWithRerun(JUnit4Provider.java:173)
	at org.apache.maven.surefire.junit4.JUnit4Provider.executeTestSet(JUnit4Provider.java:153)
	at org.apache.maven.surefire.junit4.JUnit4Provider.invoke(JUnit4Provider.java:128)
	at org.apache.maven.surefire.booter.ForkedBooter.invokeProviderInSameClassLoader(ForkedBooter.java:203)
	at org.apache.maven.surefire.booter.ForkedBooter.runSuitesInProcess(ForkedBooter.java:155)
	at org.apache.maven.surefire.booter.ForkedBooter.main(ForkedBooter.java:103)
Caused by: org.activiti.engine.ActivitiException: Unknown property used in expression: ${leaveCounterSignCompleteListener}
	at org.activiti.engine.impl.el.JuelExpression.getValue(JuelExpression.java:53)
	at org.activiti.engine.impl.bpmn.listener.DelegateExpressionTaskListener.notify(DelegateExpressionTaskListener.java:44)
	at org.activiti.engine.impl.delegate.TaskListenerInvocation.invoke(TaskListenerInvocation.java:34)
	at org.activiti.engine.impl.delegate.DelegateInvocation.proceed(DelegateInvocation.java:37)
	at org.activiti.engine.impl.delegate.DefaultDelegateInterceptor.handleInvocation(DefaultDelegateInterceptor.java:25)
	at org.activiti.engine.impl.persistence.entity.TaskEntity.fireEvent(TaskEntity.java:718)
	... 37 common frames omitted
Caused by: org.activiti.engine.impl.javax.el.PropertyNotFoundException: Cannot resolve identifier 'leaveCounterSignCompleteListener'
	at org.activiti.engine.impl.juel.AstIdentifier.eval(AstIdentifier.java:83)
	at org.activiti.engine.impl.juel.AstEval.eval(AstEval.java:50)
	at org.activiti.engine.impl.juel.AstNode.getValue(AstNode.java:26)
	at org.activiti.engine.impl.juel.TreeValueExpression.getValue(TreeValueExpression.java:114)
	at org.activiti.engine.impl.delegate.ExpressionGetInvocation.invoke(ExpressionGetInvocation.java:33)
	at org.activiti.engine.impl.delegate.DelegateInvocation.proceed(DelegateInvocation.java:37)
	at org.activiti.engine.impl.delegate.DefaultDelegateInterceptor.handleInvocation(DefaultDelegateInterceptor.java:25)
	at org.activiti.engine.impl.el.JuelExpression.getValue(JuelExpression.java:48)
	... 42 common frames omitted
16:46:14.335 [main] DEBUG org.springframework.jdbc.datasource.DataSourceTransactionManager - Participating in existing transaction
16:46:14.335 [main] DEBUG org.apache.ibatis.transaction.managed.ManagedTransaction - Closing JDBC Connection [Transaction-aware proxy for target Connection [conn30: url=jdbc:h2:mem:activiti user=SA]]
16:46:14.335 [main] DEBUG org.springframework.transaction.support.TransactionTemplate - Initiating transaction rollback on application exception
org.activiti.engine.ActivitiException: Exception while invoking TaskListener: Unknown property used in expression: ${leaveCounterSignCompleteListener}
	at org.activiti.engine.impl.persistence.entity.TaskEntity.fireEvent(TaskEntity.java:722)
	at org.activiti.engine.impl.persistence.entity.TaskEntity.complete(TaskEntity.java:181)
	at org.activiti.engine.impl.cmd.CompleteTaskCmd.execute(CompleteTaskCmd.java:50)
	at org.activiti.engine.impl.cmd.CompleteTaskCmd.execute(CompleteTaskCmd.java:24)
	at org.activiti.engine.impl.cmd.NeedsActiveTaskCmd.execute(NeedsActiveTaskCmd.java:59)
	at org.activiti.engine.impl.interceptor.CommandInvoker.execute(CommandInvoker.java:24)
	at org.activiti.engine.impl.interceptor.CommandContextInterceptor.execute(CommandContextInterceptor.java:57)
	at org.activiti.spring.SpringTransactionInterceptor$1.doInTransaction(SpringTransactionInterceptor.java:47)
	at org.springframework.transaction.support.TransactionTemplate.execute(TransactionTemplate.java:133)
	at org.activiti.spring.SpringTransactionInterceptor.execute(SpringTransactionInterceptor.java:45)
	at org.activiti.engine.impl.interceptor.LogInterceptor.execute(LogInterceptor.java:37)
	at org.activiti.engine.impl.cfg.CommandExecutorImpl.execute(CommandExecutorImpl.java:40)
	at org.activiti.engine.impl.cfg.CommandExecutorImpl.execute(CommandExecutorImpl.java:35)
	at org.activiti.engine.impl.TaskServiceImpl.complete(TaskServiceImpl.java:179)
	at com.home.demo.main.LeaveCoutersignTest.testNotAllApproved(LeaveCoutersignTest.java:61)
	at sun.reflect.NativeMethodAccessorImpl.invoke0(Native Method)
	at sun.reflect.NativeMethodAccessorImpl.invoke(NativeMethodAccessorImpl.java:62)
	at sun.reflect.DelegatingMethodAccessorImpl.invoke(DelegatingMethodAccessorImpl.java:43)
	at java.lang.reflect.Method.invoke(Method.java:497)
	at junit.framework.TestCase.runTest(TestCase.java:168)
	at org.activiti.engine.impl.test.PvmTestCase.runTest(PvmTestCase.java:65)
	at junit.framework.TestCase.runBare(TestCase.java:134)
	at org.activiti.engine.impl.test.AbstractActivitiTestCase.runBare(AbstractActivitiTestCase.java:102)
	at org.activiti.spring.impl.test.SpringActivitiTestCase.runBare(SpringActivitiTestCase.java:54)
	at junit.framework.TestResult$1.protect(TestResult.java:110)
	at junit.framework.TestResult.runProtected(TestResult.java:128)
	at junit.framework.TestResult.run(TestResult.java:113)
	at junit.framework.TestCase.run(TestCase.java:124)
	at junit.framework.TestSuite.runTest(TestSuite.java:243)
	at junit.framework.TestSuite.run(TestSuite.java:238)
	at org.junit.internal.runners.JUnit38ClassRunner.run(JUnit38ClassRunner.java:83)
	at org.apache.maven.surefire.junit4.JUnit4Provider.execute(JUnit4Provider.java:283)
	at org.apache.maven.surefire.junit4.JUnit4Provider.executeWithRerun(JUnit4Provider.java:173)
	at org.apache.maven.surefire.junit4.JUnit4Provider.executeTestSet(JUnit4Provider.java:153)
	at org.apache.maven.surefire.junit4.JUnit4Provider.invoke(JUnit4Provider.java:128)
	at org.apache.maven.surefire.booter.ForkedBooter.invokeProviderInSameClassLoader(ForkedBooter.java:203)
	at org.apache.maven.surefire.booter.ForkedBooter.runSuitesInProcess(ForkedBooter.java:155)
	at org.apache.maven.surefire.booter.ForkedBooter.main(ForkedBooter.java:103)
Caused by: org.activiti.engine.ActivitiException: Unknown property used in expression: ${leaveCounterSignCompleteListener}
	at org.activiti.engine.impl.el.JuelExpression.getValue(JuelExpression.java:53)
	at org.activiti.engine.impl.bpmn.listener.DelegateExpressionTaskListener.notify(DelegateExpressionTaskListener.java:44)
	at org.activiti.engine.impl.delegate.TaskListenerInvocation.invoke(TaskListenerInvocation.java:34)
	at org.activiti.engine.impl.delegate.DelegateInvocation.proceed(DelegateInvocation.java:37)
	at org.activiti.engine.impl.delegate.DefaultDelegateInterceptor.handleInvocation(DefaultDelegateInterceptor.java:25)
	at org.activiti.engine.impl.persistence.entity.TaskEntity.fireEvent(TaskEntity.java:718)
	... 37 common frames omitted
Caused by: org.activiti.engine.impl.javax.el.PropertyNotFoundException: Cannot resolve identifier 'leaveCounterSignCompleteListener'
	at org.activiti.engine.impl.juel.AstIdentifier.eval(AstIdentifier.java:83)
	at org.activiti.engine.impl.juel.AstEval.eval(AstEval.java:50)
	at org.activiti.engine.impl.juel.AstNode.getValue(AstNode.java:26)
	at org.activiti.engine.impl.juel.TreeValueExpression.getValue(TreeValueExpression.java:114)
	at org.activiti.engine.impl.delegate.ExpressionGetInvocation.invoke(ExpressionGetInvocation.java:33)
	at org.activiti.engine.impl.delegate.DelegateInvocation.proceed(DelegateInvocation.java:37)
	at org.activiti.engine.impl.delegate.DefaultDelegateInterceptor.handleInvocation(DefaultDelegateInterceptor.java:25)
	at org.activiti.engine.impl.el.JuelExpression.getValue(JuelExpression.java:48)
	... 42 common frames omitted
16:46:14.336 [main] DEBUG org.springframework.jdbc.datasource.DataSourceTransactionManager - Initiating transaction rollback
16:46:14.336 [main] DEBUG org.springframework.jdbc.datasource.DataSourceTransactionManager - Rolling back JDBC transaction on Connection [conn30: url=jdbc:h2:mem:activiti user=SA]
16:46:14.337 [main] DEBUG org.springframework.jdbc.datasource.DataSourceTransactionManager - Releasing JDBC Connection [conn30: url=jdbc:h2:mem:activiti user=SA] after transaction
16:46:14.337 [main] DEBUG org.springframework.jdbc.datasource.DataSourceUtils - Returning JDBC Connection to DataSource
16:46:14.337 [main] DEBUG org.activiti.engine.impl.interceptor.LogInterceptor - --- CompleteTaskCmd finished --------------------------------------------------------
16:46:14.337 [main] DEBUG org.activiti.engine.impl.interceptor.LogInterceptor - 

16:46:14.337 [main] ERROR org.activiti.engine.impl.test.PvmTestCase - 

16:46:14.337 [main] ERROR org.activiti.engine.impl.test.PvmTestCase - EXCEPTION: org.activiti.engine.ActivitiException: Exception while invoking TaskListener: Unknown property used in expression: ${leaveCounterSignCompleteListener}
org.activiti.engine.ActivitiException: Exception while invoking TaskListener: Unknown property used in expression: ${leaveCounterSignCompleteListener}
	at org.activiti.engine.impl.persistence.entity.TaskEntity.fireEvent(TaskEntity.java:722)
	at org.activiti.engine.impl.persistence.entity.TaskEntity.complete(TaskEntity.java:181)
	at org.activiti.engine.impl.cmd.CompleteTaskCmd.execute(CompleteTaskCmd.java:50)
	at org.activiti.engine.impl.cmd.CompleteTaskCmd.execute(CompleteTaskCmd.java:24)
	at org.activiti.engine.impl.cmd.NeedsActiveTaskCmd.execute(NeedsActiveTaskCmd.java:59)
	at org.activiti.engine.impl.interceptor.CommandInvoker.execute(CommandInvoker.java:24)
	at org.activiti.engine.impl.interceptor.CommandContextInterceptor.execute(CommandContextInterceptor.java:57)
	at org.activiti.spring.SpringTransactionInterceptor$1.doInTransaction(SpringTransactionInterceptor.java:47)
	at org.springframework.transaction.support.TransactionTemplate.execute(TransactionTemplate.java:133)
	at org.activiti.spring.SpringTransactionInterceptor.execute(SpringTransactionInterceptor.java:45)
	at org.activiti.engine.impl.interceptor.LogInterceptor.execute(LogInterceptor.java:37)
	at org.activiti.engine.impl.cfg.CommandExecutorImpl.execute(CommandExecutorImpl.java:40)
	at org.activiti.engine.impl.cfg.CommandExecutorImpl.execute(CommandExecutorImpl.java:35)
	at org.activiti.engine.impl.TaskServiceImpl.complete(TaskServiceImpl.java:179)
	at com.home.demo.main.LeaveCoutersignTest.testNotAllApproved(LeaveCoutersignTest.java:61)
	at sun.reflect.NativeMethodAccessorImpl.invoke0(Native Method)
	at sun.reflect.NativeMethodAccessorImpl.invoke(NativeMethodAccessorImpl.java:62)
	at sun.reflect.DelegatingMethodAccessorImpl.invoke(DelegatingMethodAccessorImpl.java:43)
	at java.lang.reflect.Method.invoke(Method.java:497)
	at junit.framework.TestCase.runTest(TestCase.java:168)
	at org.activiti.engine.impl.test.PvmTestCase.runTest(PvmTestCase.java:65)
	at junit.framework.TestCase.runBare(TestCase.java:134)
	at org.activiti.engine.impl.test.AbstractActivitiTestCase.runBare(AbstractActivitiTestCase.java:102)
	at org.activiti.spring.impl.test.SpringActivitiTestCase.runBare(SpringActivitiTestCase.java:54)
	at junit.framework.TestResult$1.protect(TestResult.java:110)
	at junit.framework.TestResult.runProtected(TestResult.java:128)
	at junit.framework.TestResult.run(TestResult.java:113)
	at junit.framework.TestCase.run(TestCase.java:124)
	at junit.framework.TestSuite.runTest(TestSuite.java:243)
	at junit.framework.TestSuite.run(TestSuite.java:238)
	at org.junit.internal.runners.JUnit38ClassRunner.run(JUnit38ClassRunner.java:83)
	at org.apache.maven.surefire.junit4.JUnit4Provider.execute(JUnit4Provider.java:283)
	at org.apache.maven.surefire.junit4.JUnit4Provider.executeWithRerun(JUnit4Provider.java:173)
	at org.apache.maven.surefire.junit4.JUnit4Provider.executeTestSet(JUnit4Provider.java:153)
	at org.apache.maven.surefire.junit4.JUnit4Provider.invoke(JUnit4Provider.java:128)
	at org.apache.maven.surefire.booter.ForkedBooter.invokeProviderInSameClassLoader(ForkedBooter.java:203)
	at org.apache.maven.surefire.booter.ForkedBooter.runSuitesInProcess(ForkedBooter.java:155)
	at org.apache.maven.surefire.booter.ForkedBooter.main(ForkedBooter.java:103)
Caused by: org.activiti.engine.ActivitiException: Unknown property used in expression: ${leaveCounterSignCompleteListener}
	at org.activiti.engine.impl.el.JuelExpression.getValue(JuelExpression.java:53)
	at org.activiti.engine.impl.bpmn.listener.DelegateExpressionTaskListener.notify(DelegateExpressionTaskListener.java:44)
	at org.activiti.engine.impl.delegate.TaskListenerInvocation.invoke(TaskListenerInvocation.java:34)
	at org.activiti.engine.impl.delegate.DelegateInvocation.proceed(DelegateInvocation.java:37)
	at org.activiti.engine.impl.delegate.DefaultDelegateInterceptor.handleInvocation(DefaultDelegateInterceptor.java:25)
	at org.activiti.engine.impl.persistence.entity.TaskEntity.fireEvent(TaskEntity.java:718)
	... 37 common frames omitted
Caused by: org.activiti.engine.impl.javax.el.PropertyNotFoundException: Cannot resolve identifier 'leaveCounterSignCompleteListener'
	at org.activiti.engine.impl.juel.AstIdentifier.eval(AstIdentifier.java:83)
	at org.activiti.engine.impl.juel.AstEval.eval(AstEval.java:50)
	at org.activiti.engine.impl.juel.AstNode.getValue(AstNode.java:26)
	at org.activiti.engine.impl.juel.TreeValueExpression.getValue(TreeValueExpression.java:114)
	at org.activiti.engine.impl.delegate.ExpressionGetInvocation.invoke(ExpressionGetInvocation.java:33)
	at org.activiti.engine.impl.delegate.DelegateInvocation.proceed(DelegateInvocation.java:37)
	at org.activiti.engine.impl.delegate.DefaultDelegateInterceptor.handleInvocation(DefaultDelegateInterceptor.java:25)
	at org.activiti.engine.impl.el.JuelExpression.getValue(JuelExpression.java:48)
	... 42 common frames omitted
16:46:14.338 [main] DEBUG org.activiti.engine.impl.test.PvmTestCase - #### END LeaveCoutersignTest.testNotAllApproved #############################################################
16:46:14.338 [main] ERROR org.activiti.engine.impl.test.PvmTestCase - 

16:46:14.338 [main] ERROR org.activiti.engine.impl.test.PvmTestCase - EXCEPTION: org.activiti.engine.ActivitiException: Exception while invoking TaskListener: Unknown property used in expression: ${leaveCounterSignCompleteListener}
org.activiti.engine.ActivitiException: Exception while invoking TaskListener: Unknown property used in expression: ${leaveCounterSignCompleteListener}
	at org.activiti.engine.impl.persistence.entity.TaskEntity.fireEvent(TaskEntity.java:722)
	at org.activiti.engine.impl.persistence.entity.TaskEntity.complete(TaskEntity.java:181)
	at org.activiti.engine.impl.cmd.CompleteTaskCmd.execute(CompleteTaskCmd.java:50)
	at org.activiti.engine.impl.cmd.CompleteTaskCmd.execute(CompleteTaskCmd.java:24)
	at org.activiti.engine.impl.cmd.NeedsActiveTaskCmd.execute(NeedsActiveTaskCmd.java:59)
	at org.activiti.engine.impl.interceptor.CommandInvoker.execute(CommandInvoker.java:24)
	at org.activiti.engine.impl.interceptor.CommandContextInterceptor.execute(CommandContextInterceptor.java:57)
	at org.activiti.spring.SpringTransactionInterceptor$1.doInTransaction(SpringTransactionInterceptor.java:47)
	at org.springframework.transaction.support.TransactionTemplate.execute(TransactionTemplate.java:133)
	at org.activiti.spring.SpringTransactionInterceptor.execute(SpringTransactionInterceptor.java:45)
	at org.activiti.engine.impl.interceptor.LogInterceptor.execute(LogInterceptor.java:37)
	at org.activiti.engine.impl.cfg.CommandExecutorImpl.execute(CommandExecutorImpl.java:40)
	at org.activiti.engine.impl.cfg.CommandExecutorImpl.execute(CommandExecutorImpl.java:35)
	at org.activiti.engine.impl.TaskServiceImpl.complete(TaskServiceImpl.java:179)
	at com.home.demo.main.LeaveCoutersignTest.testNotAllApproved(LeaveCoutersignTest.java:61)
	at sun.reflect.NativeMethodAccessorImpl.invoke0(Native Method)
	at sun.reflect.NativeMethodAccessorImpl.invoke(NativeMethodAccessorImpl.java:62)
	at sun.reflect.DelegatingMethodAccessorImpl.invoke(DelegatingMethodAccessorImpl.java:43)
	at java.lang.reflect.Method.invoke(Method.java:497)
	at junit.framework.TestCase.runTest(TestCase.java:168)
	at org.activiti.engine.impl.test.PvmTestCase.runTest(PvmTestCase.java:65)
	at junit.framework.TestCase.runBare(TestCase.java:134)
	at org.activiti.engine.impl.test.AbstractActivitiTestCase.runBare(AbstractActivitiTestCase.java:102)
	at org.activiti.spring.impl.test.SpringActivitiTestCase.runBare(SpringActivitiTestCase.java:54)
	at junit.framework.TestResult$1.protect(TestResult.java:110)
	at junit.framework.TestResult.runProtected(TestResult.java:128)
	at junit.framework.TestResult.run(TestResult.java:113)
	at junit.framework.TestCase.run(TestCase.java:124)
	at junit.framework.TestSuite.runTest(TestSuite.java:243)
	at junit.framework.TestSuite.run(TestSuite.java:238)
	at org.junit.internal.runners.JUnit38ClassRunner.run(JUnit38ClassRunner.java:83)
	at org.apache.maven.surefire.junit4.JUnit4Provider.execute(JUnit4Provider.java:283)
	at org.apache.maven.surefire.junit4.JUnit4Provider.executeWithRerun(JUnit4Provider.java:173)
	at org.apache.maven.surefire.junit4.JUnit4Provider.executeTestSet(JUnit4Provider.java:153)
	at org.apache.maven.surefire.junit4.JUnit4Provider.invoke(JUnit4Provider.java:128)
	at org.apache.maven.surefire.booter.ForkedBooter.invokeProviderInSameClassLoader(ForkedBooter.java:203)
	at org.apache.maven.surefire.booter.ForkedBooter.runSuitesInProcess(ForkedBooter.java:155)
	at org.apache.maven.surefire.booter.ForkedBooter.main(ForkedBooter.java:103)
Caused by: org.activiti.engine.ActivitiException: Unknown property used in expression: ${leaveCounterSignCompleteListener}
	at org.activiti.engine.impl.el.JuelExpression.getValue(JuelExpression.java:53)
	at org.activiti.engine.impl.bpmn.listener.DelegateExpressionTaskListener.notify(DelegateExpressionTaskListener.java:44)
	at org.activiti.engine.impl.delegate.TaskListenerInvocation.invoke(TaskListenerInvocation.java:34)
	at org.activiti.engine.impl.delegate.DelegateInvocation.proceed(DelegateInvocation.java:37)
	at org.activiti.engine.impl.delegate.DefaultDelegateInterceptor.handleInvocation(DefaultDelegateInterceptor.java:25)
	at org.activiti.engine.impl.persistence.entity.TaskEntity.fireEvent(TaskEntity.java:718)
	... 37 common frames omitted
Caused by: org.activiti.engine.impl.javax.el.PropertyNotFoundException: Cannot resolve identifier 'leaveCounterSignCompleteListener'
	at org.activiti.engine.impl.juel.AstIdentifier.eval(AstIdentifier.java:83)
	at org.activiti.engine.impl.juel.AstEval.eval(AstEval.java:50)
	at org.activiti.engine.impl.juel.AstNode.getValue(AstNode.java:26)
	at org.activiti.engine.impl.juel.TreeValueExpression.getValue(TreeValueExpression.java:114)
	at org.activiti.engine.impl.delegate.ExpressionGetInvocation.invoke(ExpressionGetInvocation.java:33)
	at org.activiti.engine.impl.delegate.DelegateInvocation.proceed(DelegateInvocation.java:37)
	at org.activiti.engine.impl.delegate.DefaultDelegateInterceptor.handleInvocation(DefaultDelegateInterceptor.java:25)
	at org.activiti.engine.impl.el.JuelExpression.getValue(JuelExpression.java:48)
	... 42 common frames omitted
16:46:14.338 [main] DEBUG org.activiti.engine.impl.test.TestHelper - annotation @Deployment deletes deployment for LeaveCoutersignTest.testNotAllApproved
16:46:14.338 [main] DEBUG org.activiti.engine.impl.interceptor.LogInterceptor - 

16:46:14.338 [main] DEBUG org.activiti.engine.impl.interceptor.LogInterceptor - --- starting DeleteDeploymentCmd --------------------------------------------------------
16:46:14.338 [main] DEBUG org.activiti.spring.SpringTransactionInterceptor - Running command with propagation REQUIRED
16:46:14.339 [main] DEBUG org.springframework.jdbc.datasource.DataSourceTransactionManager - Creating new transaction with name [null]: PROPAGATION_REQUIRED,ISOLATION_DEFAULT
16:46:14.339 [main] DEBUG org.springframework.jdbc.datasource.SimpleDriverDataSource - Creating new JDBC Driver Connection to [jdbc:h2:mem:activiti;DB_CLOSE_DELAY=1000]
16:46:14.339 [main] DEBUG org.springframework.jdbc.datasource.DataSourceTransactionManager - Acquired Connection [conn31: url=jdbc:h2:mem:activiti user=SA] for JDBC transaction
16:46:14.340 [main] DEBUG org.springframework.jdbc.datasource.DataSourceTransactionManager - Switching JDBC Connection [conn31: url=jdbc:h2:mem:activiti user=SA] to manual commit
16:46:14.340 [main] DEBUG org.apache.ibatis.transaction.managed.ManagedTransaction - Opening JDBC Connection
16:46:14.340 [main] DEBUG org.activiti.engine.impl.persistence.entity.DeploymentEntity.selectDeploymentById - ==>  Preparing: select * from ACT_RE_DEPLOYMENT where ID_ = ? 
16:46:14.340 [main] DEBUG org.activiti.engine.impl.persistence.entity.DeploymentEntity.selectDeploymentById - ==> Parameters: 2536(String)
16:46:14.341 [main] DEBUG org.activiti.engine.impl.persistence.entity.DeploymentEntity.selectDeploymentById - <==      Total: 1
16:46:14.342 [main] DEBUG org.activiti.engine.impl.persistence.entity.ProcessDefinitionEntity.selectProcessDefinitionsByQueryCriteria - ==>  Preparing: select RES.* from ACT_RE_PROCDEF RES WHERE RES.DEPLOYMENT_ID_ = ? order by RES.ID_ asc LIMIT ? OFFSET ? 
16:46:14.343 [main] DEBUG org.activiti.engine.impl.persistence.entity.ProcessDefinitionEntity.selectProcessDefinitionsByQueryCriteria - ==> Parameters: 2536(String), 2147483647(Integer), 0(Integer)
16:46:14.343 [main] DEBUG org.activiti.engine.impl.persistence.entity.ProcessDefinitionEntity.selectProcessDefinitionsByQueryCriteria - <==      Total: 1
16:46:14.345 [main] DEBUG org.activiti.engine.impl.persistence.entity.ModelEntity.selectModelsByQueryCriteria - ==>  Preparing: select distinct RES.* from ACT_RE_MODEL RES WHERE RES.DEPLOYMENT_ID_ = ? order by RES.ID_ asc LIMIT ? OFFSET ? 
16:46:14.346 [main] DEBUG org.activiti.engine.impl.persistence.entity.ModelEntity.selectModelsByQueryCriteria - ==> Parameters: 2536(String), 2147483647(Integer), 0(Integer)
16:46:14.346 [main] DEBUG org.activiti.engine.impl.persistence.entity.ModelEntity.selectModelsByQueryCriteria - <==      Total: 0
16:46:14.346 [main] DEBUG org.activiti.engine.impl.persistence.entity.ExecutionEntity.selectProcessInstanceIdsByProcessDefinitionId - ==>  Preparing: select ID_ from ACT_RU_EXECUTION where PROC_DEF_ID_ = ? and PARENT_ID_ is null 
16:46:14.346 [main] DEBUG org.activiti.engine.impl.persistence.entity.ExecutionEntity.selectProcessInstanceIdsByProcessDefinitionId - ==> Parameters: leave-countersign:1:2539(String)
16:46:14.346 [main] DEBUG org.activiti.engine.impl.persistence.entity.ExecutionEntity.selectProcessInstanceIdsByProcessDefinitionId - <==      Total: 1
16:46:14.346 [main] DEBUG org.activiti.engine.impl.persistence.entity.ExecutionEntity.selectExecution - ==>  Preparing: select * from ACT_RU_EXECUTION where ID_ = ? 
16:46:14.347 [main] DEBUG org.activiti.engine.impl.persistence.entity.ExecutionEntity.selectExecution - ==> Parameters: 2540(String)
16:46:14.347 [main] DEBUG org.activiti.engine.impl.persistence.entity.ExecutionEntity.selectExecution - <==      Total: 1
16:46:14.350 [main] DEBUG org.activiti.engine.impl.persistence.entity.TaskEntity.selectTaskByQueryCriteria - ==>  Preparing: select distinct RES.* from ACT_RU_TASK RES WHERE RES.PROC_INST_ID_ = ? order by RES.ID_ asc LIMIT ? OFFSET ? 
16:46:14.350 [main] DEBUG org.activiti.engine.impl.persistence.entity.TaskEntity.selectTaskByQueryCriteria - ==> Parameters: 2540(String), 2147483647(Integer), 0(Integer)
16:46:14.351 [main] DEBUG org.activiti.engine.impl.persistence.entity.TaskEntity.selectTaskByQueryCriteria - <==      Total: 3
16:46:14.351 [main] DEBUG org.activiti.engine.impl.persistence.entity.TaskEntity.selectTasksByParentTaskId - ==>  Preparing: select * from ACT_RU_TASK where PARENT_TASK_ID_ = ? 
16:46:14.351 [main] DEBUG org.activiti.engine.impl.persistence.entity.TaskEntity.selectTasksByParentTaskId - ==> Parameters: 2558(String)
16:46:14.352 [main] DEBUG org.activiti.engine.impl.persistence.entity.TaskEntity.selectTasksByParentTaskId - <==      Total: 0
16:46:14.352 [main] DEBUG org.activiti.engine.impl.persistence.entity.IdentityLinkEntity.selectIdentityLinksByTask - ==>  Preparing: select * from ACT_RU_IDENTITYLINK where TASK_ID_ = ? 
16:46:14.352 [main] DEBUG org.activiti.engine.impl.persistence.entity.IdentityLinkEntity.selectIdentityLinksByTask - ==> Parameters: 2558(String)
16:46:14.352 [main] DEBUG org.activiti.engine.impl.persistence.entity.IdentityLinkEntity.selectIdentityLinksByTask - <==      Total: 0
16:46:14.352 [main] DEBUG org.activiti.engine.impl.persistence.entity.VariableInstanceEntity.selectVariablesByTaskId - ==>  Preparing: select * from ACT_RU_VARIABLE where TASK_ID_ = ? 
16:46:14.352 [main] DEBUG org.activiti.engine.impl.persistence.entity.VariableInstanceEntity.selectVariablesByTaskId - ==> Parameters: 2558(String)
16:46:14.352 [main] DEBUG org.activiti.engine.impl.persistence.entity.VariableInstanceEntity.selectVariablesByTaskId - <==      Total: 0
16:46:14.352 [main] DEBUG org.activiti.engine.impl.history.DefaultHistoryManager - Current history level: AUDIT
16:46:14.352 [main] DEBUG org.activiti.engine.impl.history.DefaultHistoryManager - Current history level: AUDIT
16:46:14.352 [main] DEBUG org.activiti.engine.impl.persistence.entity.HistoricTaskInstanceEntity.selectHistoricTaskInstance - ==>  Preparing: select * from ACT_HI_TASKINST where ID_ = ? 
16:46:14.353 [main] DEBUG org.activiti.engine.impl.persistence.entity.HistoricTaskInstanceEntity.selectHistoricTaskInstance - ==> Parameters: 2558(String)
16:46:14.353 [main] DEBUG org.activiti.engine.impl.persistence.entity.HistoricTaskInstanceEntity.selectHistoricTaskInstance - <==      Total: 1
16:46:14.353 [main] DEBUG org.activiti.engine.impl.history.DefaultHistoryManager - Current history level: AUDIT, level required: FULL
16:46:14.353 [main] DEBUG org.activiti.engine.impl.history.DefaultHistoryManager - Current history level: AUDIT, level required: ACTIVITY
16:46:14.353 [main] DEBUG org.activiti.engine.impl.persistence.entity.HistoricVariableInstanceEntity.selectHistoricVariableInstanceByQueryCriteria - ==>  Preparing: select RES.* from ACT_HI_VARINST RES WHERE RES.TASK_ID_ = ? order by RES.ID_ asc LIMIT ? OFFSET ? 
16:46:14.354 [main] DEBUG org.activiti.engine.impl.persistence.entity.HistoricVariableInstanceEntity.selectHistoricVariableInstanceByQueryCriteria - ==> Parameters: 2558(String), 2147483647(Integer), 0(Integer)
16:46:14.354 [main] DEBUG org.activiti.engine.impl.persistence.entity.HistoricVariableInstanceEntity.selectHistoricVariableInstanceByQueryCriteria - <==      Total: 0
16:46:14.354 [main] DEBUG org.activiti.engine.impl.history.DefaultHistoryManager - Current history level: AUDIT
16:46:14.354 [main] DEBUG org.activiti.engine.impl.history.DefaultHistoryManager - Current history level: AUDIT
16:46:14.354 [main] DEBUG org.activiti.engine.impl.persistence.entity.AttachmentEntity.selectAttachmentsByTaskId - ==>  Preparing: select * from ACT_HI_ATTACHMENT where TASK_ID_ = ? 
16:46:14.354 [main] DEBUG org.activiti.engine.impl.persistence.entity.AttachmentEntity.selectAttachmentsByTaskId - ==> Parameters: 2558(String)
16:46:14.354 [main] DEBUG org.activiti.engine.impl.persistence.entity.AttachmentEntity.selectAttachmentsByTaskId - <==      Total: 0
16:46:14.355 [main] DEBUG org.activiti.engine.impl.persistence.entity.HistoricIdentityLinkEntity.selectHistoricIdentityLinksByTask - ==>  Preparing: select * from ACT_HI_IDENTITYLINK where TASK_ID_ = ? 
16:46:14.355 [main] DEBUG org.activiti.engine.impl.persistence.entity.HistoricIdentityLinkEntity.selectHistoricIdentityLinksByTask - ==> Parameters: 2558(String)
16:46:14.355 [main] DEBUG org.activiti.engine.impl.persistence.entity.HistoricIdentityLinkEntity.selectHistoricIdentityLinksByTask - <==      Total: 0
16:46:14.355 [main] DEBUG org.activiti.engine.impl.persistence.entity.TaskEntity.selectTasksByParentTaskId - ==>  Preparing: select * from ACT_RU_TASK where PARENT_TASK_ID_ = ? 
16:46:14.355 [main] DEBUG org.activiti.engine.impl.persistence.entity.TaskEntity.selectTasksByParentTaskId - ==> Parameters: 2563(String)
16:46:14.355 [main] DEBUG org.activiti.engine.impl.persistence.entity.TaskEntity.selectTasksByParentTaskId - <==      Total: 0
16:46:14.355 [main] DEBUG org.activiti.engine.impl.persistence.entity.IdentityLinkEntity.selectIdentityLinksByTask - ==>  Preparing: select * from ACT_RU_IDENTITYLINK where TASK_ID_ = ? 
16:46:14.355 [main] DEBUG org.activiti.engine.impl.persistence.entity.IdentityLinkEntity.selectIdentityLinksByTask - ==> Parameters: 2563(String)
16:46:14.356 [main] DEBUG org.activiti.engine.impl.persistence.entity.IdentityLinkEntity.selectIdentityLinksByTask - <==      Total: 0
16:46:14.356 [main] DEBUG org.activiti.engine.impl.persistence.entity.VariableInstanceEntity.selectVariablesByTaskId - ==>  Preparing: select * from ACT_RU_VARIABLE where TASK_ID_ = ? 
16:46:14.356 [main] DEBUG org.activiti.engine.impl.persistence.entity.VariableInstanceEntity.selectVariablesByTaskId - ==> Parameters: 2563(String)
16:46:14.356 [main] DEBUG org.activiti.engine.impl.persistence.entity.VariableInstanceEntity.selectVariablesByTaskId - <==      Total: 0
16:46:14.356 [main] DEBUG org.activiti.engine.impl.history.DefaultHistoryManager - Current history level: AUDIT
16:46:14.356 [main] DEBUG org.activiti.engine.impl.history.DefaultHistoryManager - Current history level: AUDIT
16:46:14.356 [main] DEBUG org.activiti.engine.impl.persistence.entity.HistoricTaskInstanceEntity.selectHistoricTaskInstance - ==>  Preparing: select * from ACT_HI_TASKINST where ID_ = ? 
16:46:14.356 [main] DEBUG org.activiti.engine.impl.persistence.entity.HistoricTaskInstanceEntity.selectHistoricTaskInstance - ==> Parameters: 2563(String)
16:46:14.357 [main] DEBUG org.activiti.engine.impl.persistence.entity.HistoricTaskInstanceEntity.selectHistoricTaskInstance - <==      Total: 1
16:46:14.357 [main] DEBUG org.activiti.engine.impl.history.DefaultHistoryManager - Current history level: AUDIT, level required: FULL
16:46:14.357 [main] DEBUG org.activiti.engine.impl.history.DefaultHistoryManager - Current history level: AUDIT, level required: ACTIVITY
16:46:14.357 [main] DEBUG org.activiti.engine.impl.persistence.entity.HistoricVariableInstanceEntity.selectHistoricVariableInstanceByQueryCriteria - ==>  Preparing: select RES.* from ACT_HI_VARINST RES WHERE RES.TASK_ID_ = ? order by RES.ID_ asc LIMIT ? OFFSET ? 
16:46:14.358 [main] DEBUG org.activiti.engine.impl.persistence.entity.HistoricVariableInstanceEntity.selectHistoricVariableInstanceByQueryCriteria - ==> Parameters: 2563(String), 2147483647(Integer), 0(Integer)
16:46:14.358 [main] DEBUG org.activiti.engine.impl.persistence.entity.HistoricVariableInstanceEntity.selectHistoricVariableInstanceByQueryCriteria - <==      Total: 0
16:46:14.358 [main] DEBUG org.activiti.engine.impl.history.DefaultHistoryManager - Current history level: AUDIT
16:46:14.358 [main] DEBUG org.activiti.engine.impl.history.DefaultHistoryManager - Current history level: AUDIT
16:46:14.358 [main] DEBUG org.activiti.engine.impl.persistence.entity.AttachmentEntity.selectAttachmentsByTaskId - ==>  Preparing: select * from ACT_HI_ATTACHMENT where TASK_ID_ = ? 
16:46:14.358 [main] DEBUG org.activiti.engine.impl.persistence.entity.AttachmentEntity.selectAttachmentsByTaskId - ==> Parameters: 2563(String)
16:46:14.358 [main] DEBUG org.activiti.engine.impl.persistence.entity.AttachmentEntity.selectAttachmentsByTaskId - <==      Total: 0
16:46:14.359 [main] DEBUG org.activiti.engine.impl.persistence.entity.HistoricIdentityLinkEntity.selectHistoricIdentityLinksByTask - ==>  Preparing: select * from ACT_HI_IDENTITYLINK where TASK_ID_ = ? 
16:46:14.359 [main] DEBUG org.activiti.engine.impl.persistence.entity.HistoricIdentityLinkEntity.selectHistoricIdentityLinksByTask - ==> Parameters: 2563(String)
16:46:14.359 [main] DEBUG org.activiti.engine.impl.persistence.entity.HistoricIdentityLinkEntity.selectHistoricIdentityLinksByTask - <==      Total: 0
16:46:14.359 [main] DEBUG org.activiti.engine.impl.persistence.entity.TaskEntity.selectTasksByParentTaskId - ==>  Preparing: select * from ACT_RU_TASK where PARENT_TASK_ID_ = ? 
16:46:14.359 [main] DEBUG org.activiti.engine.impl.persistence.entity.TaskEntity.selectTasksByParentTaskId - ==> Parameters: 2568(String)
16:46:14.359 [main] DEBUG org.activiti.engine.impl.persistence.entity.TaskEntity.selectTasksByParentTaskId - <==      Total: 0
16:46:14.359 [main] DEBUG org.activiti.engine.impl.persistence.entity.IdentityLinkEntity.selectIdentityLinksByTask - ==>  Preparing: select * from ACT_RU_IDENTITYLINK where TASK_ID_ = ? 
16:46:14.359 [main] DEBUG org.activiti.engine.impl.persistence.entity.IdentityLinkEntity.selectIdentityLinksByTask - ==> Parameters: 2568(String)
16:46:14.360 [main] DEBUG org.activiti.engine.impl.persistence.entity.IdentityLinkEntity.selectIdentityLinksByTask - <==      Total: 0
16:46:14.360 [main] DEBUG org.activiti.engine.impl.persistence.entity.VariableInstanceEntity.selectVariablesByTaskId - ==>  Preparing: select * from ACT_RU_VARIABLE where TASK_ID_ = ? 
16:46:14.360 [main] DEBUG org.activiti.engine.impl.persistence.entity.VariableInstanceEntity.selectVariablesByTaskId - ==> Parameters: 2568(String)
16:46:14.360 [main] DEBUG org.activiti.engine.impl.persistence.entity.VariableInstanceEntity.selectVariablesByTaskId - <==      Total: 0
16:46:14.360 [main] DEBUG org.activiti.engine.impl.history.DefaultHistoryManager - Current history level: AUDIT
16:46:14.360 [main] DEBUG org.activiti.engine.impl.history.DefaultHistoryManager - Current history level: AUDIT
16:46:14.360 [main] DEBUG org.activiti.engine.impl.persistence.entity.HistoricTaskInstanceEntity.selectHistoricTaskInstance - ==>  Preparing: select * from ACT_HI_TASKINST where ID_ = ? 
16:46:14.360 [main] DEBUG org.activiti.engine.impl.persistence.entity.HistoricTaskInstanceEntity.selectHistoricTaskInstance - ==> Parameters: 2568(String)
16:46:14.361 [main] DEBUG org.activiti.engine.impl.persistence.entity.HistoricTaskInstanceEntity.selectHistoricTaskInstance - <==      Total: 1
16:46:14.362 [main] DEBUG org.activiti.engine.impl.history.DefaultHistoryManager - Current history level: AUDIT, level required: FULL
16:46:14.362 [main] DEBUG org.activiti.engine.impl.history.DefaultHistoryManager - Current history level: AUDIT, level required: ACTIVITY
16:46:14.362 [main] DEBUG org.activiti.engine.impl.persistence.entity.HistoricVariableInstanceEntity.selectHistoricVariableInstanceByQueryCriteria - ==>  Preparing: select RES.* from ACT_HI_VARINST RES WHERE RES.TASK_ID_ = ? order by RES.ID_ asc LIMIT ? OFFSET ? 
16:46:14.362 [main] DEBUG org.activiti.engine.impl.persistence.entity.HistoricVariableInstanceEntity.selectHistoricVariableInstanceByQueryCriteria - ==> Parameters: 2568(String), 2147483647(Integer), 0(Integer)
16:46:14.362 [main] DEBUG org.activiti.engine.impl.persistence.entity.HistoricVariableInstanceEntity.selectHistoricVariableInstanceByQueryCriteria - <==      Total: 0
16:46:14.362 [main] DEBUG org.activiti.engine.impl.history.DefaultHistoryManager - Current history level: AUDIT
16:46:14.362 [main] DEBUG org.activiti.engine.impl.history.DefaultHistoryManager - Current history level: AUDIT
16:46:14.363 [main] DEBUG org.activiti.engine.impl.persistence.entity.AttachmentEntity.selectAttachmentsByTaskId - ==>  Preparing: select * from ACT_HI_ATTACHMENT where TASK_ID_ = ? 
16:46:14.363 [main] DEBUG org.activiti.engine.impl.persistence.entity.AttachmentEntity.selectAttachmentsByTaskId - ==> Parameters: 2568(String)
16:46:14.363 [main] DEBUG org.activiti.engine.impl.persistence.entity.AttachmentEntity.selectAttachmentsByTaskId - <==      Total: 0
16:46:14.363 [main] DEBUG org.activiti.engine.impl.persistence.entity.HistoricIdentityLinkEntity.selectHistoricIdentityLinksByTask - ==>  Preparing: select * from ACT_HI_IDENTITYLINK where TASK_ID_ = ? 
16:46:14.363 [main] DEBUG org.activiti.engine.impl.persistence.entity.HistoricIdentityLinkEntity.selectHistoricIdentityLinksByTask - ==> Parameters: 2568(String)
16:46:14.363 [main] DEBUG org.activiti.engine.impl.persistence.entity.HistoricIdentityLinkEntity.selectHistoricIdentityLinksByTask - <==      Total: 0
16:46:14.363 [main] DEBUG org.activiti.engine.impl.persistence.entity.ExecutionEntity.selectExecutionsByParentExecutionId - ==>  Preparing: select * from ACT_RU_EXECUTION where PARENT_ID_ = ? 
16:46:14.364 [main] DEBUG org.activiti.engine.impl.persistence.entity.ExecutionEntity.selectExecutionsByParentExecutionId - ==> Parameters: 2540(String)
16:46:14.364 [main] DEBUG org.activiti.engine.impl.persistence.entity.ExecutionEntity.selectExecutionsByParentExecutionId - <==      Total: 1
16:46:14.364 [main] DEBUG org.activiti.engine.impl.persistence.entity.ExecutionEntity.selectExecutionsByParentExecutionId - ==>  Preparing: select * from ACT_RU_EXECUTION where PARENT_ID_ = ? 
16:46:14.364 [main] DEBUG org.activiti.engine.impl.persistence.entity.ExecutionEntity.selectExecutionsByParentExecutionId - ==> Parameters: 2548(String)
16:46:14.365 [main] DEBUG org.activiti.engine.impl.persistence.entity.ExecutionEntity.selectExecutionsByParentExecutionId - <==      Total: 3
16:46:14.365 [main] DEBUG org.activiti.engine.impl.persistence.entity.ExecutionEntity.selectExecutionsByParentExecutionId - ==>  Preparing: select * from ACT_RU_EXECUTION where PARENT_ID_ = ? 
16:46:14.365 [main] DEBUG org.activiti.engine.impl.persistence.entity.ExecutionEntity.selectExecutionsByParentExecutionId - ==> Parameters: 2553(String)
16:46:14.365 [main] DEBUG org.activiti.engine.impl.persistence.entity.ExecutionEntity.selectExecutionsByParentExecutionId - <==      Total: 0
16:46:14.365 [main] DEBUG org.activiti.engine.impl.persistence.entity.ExecutionEntity.selectSubProcessInstanceBySuperExecutionId - ==>  Preparing: select * from ACT_RU_EXECUTION where SUPER_EXEC_ = ? 
16:46:14.365 [main] DEBUG org.activiti.engine.impl.persistence.entity.ExecutionEntity.selectSubProcessInstanceBySuperExecutionId - ==> Parameters: 2553(String)
16:46:14.365 [main] DEBUG org.activiti.engine.impl.persistence.entity.ExecutionEntity.selectSubProcessInstanceBySuperExecutionId - <==      Total: 0
16:46:14.365 [main] DEBUG org.activiti.engine.impl.history.DefaultHistoryManager - Current history level: AUDIT, level required: ACTIVITY
16:46:14.366 [main] DEBUG org.activiti.engine.impl.persistence.entity.HistoricActivityInstanceEntity.selectHistoricActivityInstancesByQueryCriteria - ==>  Preparing: select RES.* from ACT_HI_ACTINST RES WHERE RES.EXECUTION_ID_ = ? and RES.ACT_ID_ = ? and RES.END_TIME_ is null order by RES.ID_ asc LIMIT ? OFFSET ? 
16:46:14.366 [main] DEBUG org.activiti.engine.impl.persistence.entity.HistoricActivityInstanceEntity.selectHistoricActivityInstancesByQueryCriteria - ==> Parameters: 2553(String), countersign(String), 1(Integer), 0(Integer)
16:46:14.366 [main] DEBUG org.activiti.engine.impl.persistence.entity.HistoricActivityInstanceEntity.selectHistoricActivityInstancesByQueryCriteria - <==      Total: 0
16:46:14.367 [main] DEBUG org.activiti.engine.impl.persistence.entity.HistoricActivityInstanceEntity.selectHistoricActivityInstancesByQueryCriteria - ==>  Preparing: select RES.* from ACT_HI_ACTINST RES WHERE RES.EXECUTION_ID_ = ? and RES.ACT_ID_ = ? and RES.END_TIME_ is null order by RES.ID_ asc LIMIT ? OFFSET ? 
16:46:14.367 [main] DEBUG org.activiti.engine.impl.persistence.entity.HistoricActivityInstanceEntity.selectHistoricActivityInstancesByQueryCriteria - ==> Parameters: 2548(String), countersign(String), 1(Integer), 0(Integer)
16:46:14.367 [main] DEBUG org.activiti.engine.impl.persistence.entity.HistoricActivityInstanceEntity.selectHistoricActivityInstancesByQueryCriteria - <==      Total: 1
16:46:14.367 [main] DEBUG org.activiti.engine.impl.persistence.entity.VariableInstanceEntity.selectVariablesByExecutionId - ==>  Preparing: select * from ACT_RU_VARIABLE where EXECUTION_ID_ = ? and TASK_ID_ is null 
16:46:14.368 [main] DEBUG org.activiti.engine.impl.persistence.entity.VariableInstanceEntity.selectVariablesByExecutionId - ==> Parameters: 2553(String)
16:46:14.368 [main] DEBUG org.activiti.engine.impl.persistence.entity.VariableInstanceEntity.selectVariablesByExecutionId - <==      Total: 2
16:46:14.368 [main] DEBUG org.activiti.engine.impl.history.DefaultHistoryManager - Current history level: AUDIT, level required: ACTIVITY
16:46:14.368 [main] DEBUG org.activiti.engine.impl.persistence.entity.HistoricVariableInstanceEntity.selectHistoricVariableInstanceByVariableInstanceId - ==>  Preparing: select * from ACT_HI_VARINST where ID_ = ? 
16:46:14.368 [main] DEBUG org.activiti.engine.impl.persistence.entity.HistoricVariableInstanceEntity.selectHistoricVariableInstanceByVariableInstanceId - ==> Parameters: 2556(String)
16:46:14.369 [main] DEBUG org.activiti.engine.impl.persistence.entity.HistoricVariableInstanceEntity.selectHistoricVariableInstanceByVariableInstanceId - <==      Total: 1
16:46:14.369 [main] DEBUG org.activiti.engine.impl.history.DefaultHistoryManager - Current history level: AUDIT, level required: ACTIVITY
16:46:14.369 [main] DEBUG org.activiti.engine.impl.persistence.entity.HistoricVariableInstanceEntity.selectHistoricVariableInstanceByVariableInstanceId - ==>  Preparing: select * from ACT_HI_VARINST where ID_ = ? 
16:46:14.369 [main] DEBUG org.activiti.engine.impl.persistence.entity.HistoricVariableInstanceEntity.selectHistoricVariableInstanceByVariableInstanceId - ==> Parameters: 2557(String)
16:46:14.381 [main] DEBUG org.activiti.engine.impl.persistence.entity.HistoricVariableInstanceEntity.selectHistoricVariableInstanceByVariableInstanceId - <==      Total: 1
16:46:14.386 [main] DEBUG org.activiti.engine.impl.persistence.entity.TaskEntity.selectTasksByExecutionId - ==>  Preparing: select distinct T.* from ACT_RU_TASK T where T.EXECUTION_ID_ = ? 
16:46:14.388 [main] DEBUG org.activiti.engine.impl.persistence.entity.TaskEntity.selectTasksByExecutionId - ==> Parameters: 2553(String)
16:46:14.389 [main] DEBUG org.activiti.engine.impl.persistence.entity.TaskEntity.selectTasksByExecutionId - <==      Total: 1
16:46:14.390 [main] DEBUG org.activiti.engine.impl.persistence.entity.JobEntity.selectJobsByExecutionId - ==>  Preparing: select * from ACT_RU_JOB J where J.EXECUTION_ID_ = ? 
16:46:14.390 [main] DEBUG org.activiti.engine.impl.persistence.entity.JobEntity.selectJobsByExecutionId - ==> Parameters: 2553(String)
16:46:14.390 [main] DEBUG org.activiti.engine.impl.persistence.entity.JobEntity.selectJobsByExecutionId - <==      Total: 0
16:46:14.390 [main] DEBUG org.activiti.engine.impl.persistence.entity.EventSubscriptionEntity.selectEventSubscriptionsByExecution - ==>  Preparing: select * from ACT_RU_EVENT_SUBSCR where (EXECUTION_ID_ = ?) 
16:46:14.390 [main] DEBUG org.activiti.engine.impl.persistence.entity.EventSubscriptionEntity.selectEventSubscriptionsByExecution - ==> Parameters: 2553(String)
16:46:14.391 [main] DEBUG org.activiti.engine.impl.persistence.entity.EventSubscriptionEntity.selectEventSubscriptionsByExecution - <==      Total: 0
16:46:14.391 [main] DEBUG org.activiti.engine.impl.persistence.entity.IdentityLinkEntity.selectIdentityLinksByProcessInstance - ==>  Preparing: select * from ACT_RU_IDENTITYLINK where PROC_INST_ID_ = ? 
16:46:14.391 [main] DEBUG org.activiti.engine.impl.persistence.entity.IdentityLinkEntity.selectIdentityLinksByProcessInstance - ==> Parameters: 2553(String)
16:46:14.391 [main] DEBUG org.activiti.engine.impl.persistence.entity.IdentityLinkEntity.selectIdentityLinksByProcessInstance - <==      Total: 0
16:46:14.391 [main] DEBUG org.activiti.engine.impl.persistence.entity.ExecutionEntity.selectExecutionsByParentExecutionId - ==>  Preparing: select * from ACT_RU_EXECUTION where PARENT_ID_ = ? 
16:46:14.391 [main] DEBUG org.activiti.engine.impl.persistence.entity.ExecutionEntity.selectExecutionsByParentExecutionId - ==> Parameters: 2554(String)
16:46:14.391 [main] DEBUG org.activiti.engine.impl.persistence.entity.ExecutionEntity.selectExecutionsByParentExecutionId - <==      Total: 0
16:46:14.391 [main] DEBUG org.activiti.engine.impl.persistence.entity.ExecutionEntity.selectSubProcessInstanceBySuperExecutionId - ==>  Preparing: select * from ACT_RU_EXECUTION where SUPER_EXEC_ = ? 
16:46:14.391 [main] DEBUG org.activiti.engine.impl.persistence.entity.ExecutionEntity.selectSubProcessInstanceBySuperExecutionId - ==> Parameters: 2554(String)
16:46:14.391 [main] DEBUG org.activiti.engine.impl.persistence.entity.ExecutionEntity.selectSubProcessInstanceBySuperExecutionId - <==      Total: 0
16:46:14.392 [main] DEBUG org.activiti.engine.impl.history.DefaultHistoryManager - Current history level: AUDIT, level required: ACTIVITY
16:46:14.392 [main] DEBUG org.activiti.engine.impl.persistence.entity.HistoricActivityInstanceEntity.selectHistoricActivityInstancesByQueryCriteria - ==>  Preparing: select RES.* from ACT_HI_ACTINST RES WHERE RES.EXECUTION_ID_ = ? and RES.ACT_ID_ = ? and RES.END_TIME_ is null order by RES.ID_ asc LIMIT ? OFFSET ? 
16:46:14.392 [main] DEBUG org.activiti.engine.impl.persistence.entity.HistoricActivityInstanceEntity.selectHistoricActivityInstancesByQueryCriteria - ==> Parameters: 2554(String), countersign(String), 1(Integer), 0(Integer)
16:46:14.392 [main] DEBUG org.activiti.engine.impl.persistence.entity.HistoricActivityInstanceEntity.selectHistoricActivityInstancesByQueryCriteria - <==      Total: 1
16:46:14.393 [main] DEBUG org.activiti.engine.impl.persistence.entity.VariableInstanceEntity.selectVariablesByExecutionId - ==>  Preparing: select * from ACT_RU_VARIABLE where EXECUTION_ID_ = ? and TASK_ID_ is null 
16:46:14.393 [main] DEBUG org.activiti.engine.impl.persistence.entity.VariableInstanceEntity.selectVariablesByExecutionId - ==> Parameters: 2554(String)
16:46:14.393 [main] DEBUG org.activiti.engine.impl.persistence.entity.VariableInstanceEntity.selectVariablesByExecutionId - <==      Total: 2
16:46:14.393 [main] DEBUG org.activiti.engine.impl.history.DefaultHistoryManager - Current history level: AUDIT, level required: ACTIVITY
16:46:14.393 [main] DEBUG org.activiti.engine.impl.persistence.entity.HistoricVariableInstanceEntity.selectHistoricVariableInstanceByVariableInstanceId - ==>  Preparing: select * from ACT_HI_VARINST where ID_ = ? 
16:46:14.393 [main] DEBUG org.activiti.engine.impl.persistence.entity.HistoricVariableInstanceEntity.selectHistoricVariableInstanceByVariableInstanceId - ==> Parameters: 2560(String)
16:46:14.394 [main] DEBUG org.activiti.engine.impl.persistence.entity.HistoricVariableInstanceEntity.selectHistoricVariableInstanceByVariableInstanceId - <==      Total: 1
16:46:14.394 [main] DEBUG org.activiti.engine.impl.history.DefaultHistoryManager - Current history level: AUDIT, level required: ACTIVITY
16:46:14.394 [main] DEBUG org.activiti.engine.impl.persistence.entity.HistoricVariableInstanceEntity.selectHistoricVariableInstanceByVariableInstanceId - ==>  Preparing: select * from ACT_HI_VARINST where ID_ = ? 
16:46:14.394 [main] DEBUG org.activiti.engine.impl.persistence.entity.HistoricVariableInstanceEntity.selectHistoricVariableInstanceByVariableInstanceId - ==> Parameters: 2561(String)
16:46:14.395 [main] DEBUG org.activiti.engine.impl.persistence.entity.HistoricVariableInstanceEntity.selectHistoricVariableInstanceByVariableInstanceId - <==      Total: 1
16:46:14.395 [main] DEBUG org.activiti.engine.impl.persistence.entity.TaskEntity.selectTasksByExecutionId - ==>  Preparing: select distinct T.* from ACT_RU_TASK T where T.EXECUTION_ID_ = ? 
16:46:14.395 [main] DEBUG org.activiti.engine.impl.persistence.entity.TaskEntity.selectTasksByExecutionId - ==> Parameters: 2554(String)
16:46:14.395 [main] DEBUG org.activiti.engine.impl.persistence.entity.TaskEntity.selectTasksByExecutionId - <==      Total: 1
16:46:14.395 [main] DEBUG org.activiti.engine.impl.persistence.entity.JobEntity.selectJobsByExecutionId - ==>  Preparing: select * from ACT_RU_JOB J where J.EXECUTION_ID_ = ? 
16:46:14.396 [main] DEBUG org.activiti.engine.impl.persistence.entity.JobEntity.selectJobsByExecutionId - ==> Parameters: 2554(String)
16:46:14.396 [main] DEBUG org.activiti.engine.impl.persistence.entity.JobEntity.selectJobsByExecutionId - <==      Total: 0
16:46:14.396 [main] DEBUG org.activiti.engine.impl.persistence.entity.EventSubscriptionEntity.selectEventSubscriptionsByExecution - ==>  Preparing: select * from ACT_RU_EVENT_SUBSCR where (EXECUTION_ID_ = ?) 
16:46:14.396 [main] DEBUG org.activiti.engine.impl.persistence.entity.EventSubscriptionEntity.selectEventSubscriptionsByExecution - ==> Parameters: 2554(String)
16:46:14.396 [main] DEBUG org.activiti.engine.impl.persistence.entity.EventSubscriptionEntity.selectEventSubscriptionsByExecution - <==      Total: 0
16:46:14.396 [main] DEBUG org.activiti.engine.impl.persistence.entity.IdentityLinkEntity.selectIdentityLinksByProcessInstance - ==>  Preparing: select * from ACT_RU_IDENTITYLINK where PROC_INST_ID_ = ? 
16:46:14.396 [main] DEBUG org.activiti.engine.impl.persistence.entity.IdentityLinkEntity.selectIdentityLinksByProcessInstance - ==> Parameters: 2554(String)
16:46:14.397 [main] DEBUG org.activiti.engine.impl.persistence.entity.IdentityLinkEntity.selectIdentityLinksByProcessInstance - <==      Total: 0
16:46:14.397 [main] DEBUG org.activiti.engine.impl.persistence.entity.ExecutionEntity.selectExecutionsByParentExecutionId - ==>  Preparing: select * from ACT_RU_EXECUTION where PARENT_ID_ = ? 
16:46:14.397 [main] DEBUG org.activiti.engine.impl.persistence.entity.ExecutionEntity.selectExecutionsByParentExecutionId - ==> Parameters: 2555(String)
16:46:14.397 [main] DEBUG org.activiti.engine.impl.persistence.entity.ExecutionEntity.selectExecutionsByParentExecutionId - <==      Total: 0
16:46:14.397 [main] DEBUG org.activiti.engine.impl.persistence.entity.ExecutionEntity.selectSubProcessInstanceBySuperExecutionId - ==>  Preparing: select * from ACT_RU_EXECUTION where SUPER_EXEC_ = ? 
16:46:14.397 [main] DEBUG org.activiti.engine.impl.persistence.entity.ExecutionEntity.selectSubProcessInstanceBySuperExecutionId - ==> Parameters: 2555(String)
16:46:14.397 [main] DEBUG org.activiti.engine.impl.persistence.entity.ExecutionEntity.selectSubProcessInstanceBySuperExecutionId - <==      Total: 0
16:46:14.397 [main] DEBUG org.activiti.engine.impl.history.DefaultHistoryManager - Current history level: AUDIT, level required: ACTIVITY
16:46:14.397 [main] DEBUG org.activiti.engine.impl.persistence.entity.HistoricActivityInstanceEntity.selectHistoricActivityInstancesByQueryCriteria - ==>  Preparing: select RES.* from ACT_HI_ACTINST RES WHERE RES.EXECUTION_ID_ = ? and RES.ACT_ID_ = ? and RES.END_TIME_ is null order by RES.ID_ asc LIMIT ? OFFSET ? 
16:46:14.398 [main] DEBUG org.activiti.engine.impl.persistence.entity.HistoricActivityInstanceEntity.selectHistoricActivityInstancesByQueryCriteria - ==> Parameters: 2555(String), countersign(String), 1(Integer), 0(Integer)
16:46:14.398 [main] DEBUG org.activiti.engine.impl.persistence.entity.HistoricActivityInstanceEntity.selectHistoricActivityInstancesByQueryCriteria - <==      Total: 1
16:46:14.398 [main] DEBUG org.activiti.engine.impl.persistence.entity.VariableInstanceEntity.selectVariablesByExecutionId - ==>  Preparing: select * from ACT_RU_VARIABLE where EXECUTION_ID_ = ? and TASK_ID_ is null 
16:46:14.399 [main] DEBUG org.activiti.engine.impl.persistence.entity.VariableInstanceEntity.selectVariablesByExecutionId - ==> Parameters: 2555(String)
16:46:14.399 [main] DEBUG org.activiti.engine.impl.persistence.entity.VariableInstanceEntity.selectVariablesByExecutionId - <==      Total: 2
16:46:14.399 [main] DEBUG org.activiti.engine.impl.history.DefaultHistoryManager - Current history level: AUDIT, level required: ACTIVITY
16:46:14.399 [main] DEBUG org.activiti.engine.impl.persistence.entity.HistoricVariableInstanceEntity.selectHistoricVariableInstanceByVariableInstanceId - ==>  Preparing: select * from ACT_HI_VARINST where ID_ = ? 
16:46:14.400 [main] DEBUG org.activiti.engine.impl.persistence.entity.HistoricVariableInstanceEntity.selectHistoricVariableInstanceByVariableInstanceId - ==> Parameters: 2565(String)
16:46:14.417 [main] DEBUG org.activiti.engine.impl.persistence.entity.HistoricVariableInstanceEntity.selectHistoricVariableInstanceByVariableInstanceId - <==      Total: 1
16:46:14.417 [main] DEBUG org.activiti.engine.impl.history.DefaultHistoryManager - Current history level: AUDIT, level required: ACTIVITY
16:46:14.417 [main] DEBUG org.activiti.engine.impl.persistence.entity.HistoricVariableInstanceEntity.selectHistoricVariableInstanceByVariableInstanceId - ==>  Preparing: select * from ACT_HI_VARINST where ID_ = ? 
16:46:14.417 [main] DEBUG org.activiti.engine.impl.persistence.entity.HistoricVariableInstanceEntity.selectHistoricVariableInstanceByVariableInstanceId - ==> Parameters: 2566(String)
16:46:14.418 [main] DEBUG org.activiti.engine.impl.persistence.entity.HistoricVariableInstanceEntity.selectHistoricVariableInstanceByVariableInstanceId - <==      Total: 1
16:46:14.418 [main] DEBUG org.activiti.engine.impl.persistence.entity.TaskEntity.selectTasksByExecutionId - ==>  Preparing: select distinct T.* from ACT_RU_TASK T where T.EXECUTION_ID_ = ? 
16:46:14.418 [main] DEBUG org.activiti.engine.impl.persistence.entity.TaskEntity.selectTasksByExecutionId - ==> Parameters: 2555(String)
16:46:14.419 [main] DEBUG org.activiti.engine.impl.persistence.entity.TaskEntity.selectTasksByExecutionId - <==      Total: 1
16:46:14.419 [main] DEBUG org.activiti.engine.impl.persistence.entity.JobEntity.selectJobsByExecutionId - ==>  Preparing: select * from ACT_RU_JOB J where J.EXECUTION_ID_ = ? 
16:46:14.420 [main] DEBUG org.activiti.engine.impl.persistence.entity.JobEntity.selectJobsByExecutionId - ==> Parameters: 2555(String)
16:46:14.420 [main] DEBUG org.activiti.engine.impl.persistence.entity.JobEntity.selectJobsByExecutionId - <==      Total: 0
16:46:14.420 [main] DEBUG org.activiti.engine.impl.persistence.entity.EventSubscriptionEntity.selectEventSubscriptionsByExecution - ==>  Preparing: select * from ACT_RU_EVENT_SUBSCR where (EXECUTION_ID_ = ?) 
16:46:14.420 [main] DEBUG org.activiti.engine.impl.persistence.entity.EventSubscriptionEntity.selectEventSubscriptionsByExecution - ==> Parameters: 2555(String)
16:46:14.420 [main] DEBUG org.activiti.engine.impl.persistence.entity.EventSubscriptionEntity.selectEventSubscriptionsByExecution - <==      Total: 0
16:46:14.420 [main] DEBUG org.activiti.engine.impl.persistence.entity.IdentityLinkEntity.selectIdentityLinksByProcessInstance - ==>  Preparing: select * from ACT_RU_IDENTITYLINK where PROC_INST_ID_ = ? 
16:46:14.420 [main] DEBUG org.activiti.engine.impl.persistence.entity.IdentityLinkEntity.selectIdentityLinksByProcessInstance - ==> Parameters: 2555(String)
16:46:14.420 [main] DEBUG org.activiti.engine.impl.persistence.entity.IdentityLinkEntity.selectIdentityLinksByProcessInstance - <==      Total: 0
16:46:14.420 [main] DEBUG org.activiti.engine.impl.persistence.entity.ExecutionEntity.selectSubProcessInstanceBySuperExecutionId - ==>  Preparing: select * from ACT_RU_EXECUTION where SUPER_EXEC_ = ? 
16:46:14.420 [main] DEBUG org.activiti.engine.impl.persistence.entity.ExecutionEntity.selectSubProcessInstanceBySuperExecutionId - ==> Parameters: 2548(String)
16:46:14.421 [main] DEBUG org.activiti.engine.impl.persistence.entity.ExecutionEntity.selectSubProcessInstanceBySuperExecutionId - <==      Total: 0
16:46:14.421 [main] DEBUG org.activiti.engine.impl.history.DefaultHistoryManager - Current history level: AUDIT, level required: ACTIVITY
16:46:14.423 [main] DEBUG org.activiti.engine.impl.history.DefaultHistoryManager - Current history level: AUDIT, level required: ACTIVITY
16:46:14.423 [main] DEBUG org.activiti.engine.impl.history.DefaultHistoryManager - Current history level: AUDIT
16:46:14.424 [main] DEBUG org.activiti.engine.impl.persistence.entity.HistoricProcessInstanceEntity.selectHistoricProcessInstance - ==>  Preparing: select * from ACT_HI_PROCINST where PROC_INST_ID_ = ? 
16:46:14.424 [main] DEBUG org.activiti.engine.impl.persistence.entity.HistoricProcessInstanceEntity.selectHistoricProcessInstance - ==> Parameters: 2540(String)
16:46:14.424 [main] DEBUG org.activiti.engine.impl.persistence.entity.HistoricProcessInstanceEntity.selectHistoricProcessInstance - <==      Total: 1
16:46:14.424 [main] DEBUG org.activiti.engine.impl.persistence.entity.ExecutionEntity - destroying ScopeExecution[2548]
16:46:14.424 [main] DEBUG org.activiti.engine.impl.persistence.entity.VariableInstanceEntity.selectVariablesByExecutionId - ==>  Preparing: select * from ACT_RU_VARIABLE where EXECUTION_ID_ = ? and TASK_ID_ is null 
16:46:14.425 [main] DEBUG org.activiti.engine.impl.persistence.entity.VariableInstanceEntity.selectVariablesByExecutionId - ==> Parameters: 2548(String)
16:46:14.425 [main] DEBUG org.activiti.engine.impl.persistence.entity.VariableInstanceEntity.selectVariablesByExecutionId - <==      Total: 3
16:46:14.425 [main] DEBUG org.activiti.engine.impl.history.DefaultHistoryManager - Current history level: AUDIT, level required: ACTIVITY
16:46:14.425 [main] DEBUG org.activiti.engine.impl.persistence.entity.HistoricVariableInstanceEntity.selectHistoricVariableInstanceByVariableInstanceId - ==>  Preparing: select * from ACT_HI_VARINST where ID_ = ? 
16:46:14.425 [main] DEBUG org.activiti.engine.impl.persistence.entity.HistoricVariableInstanceEntity.selectHistoricVariableInstanceByVariableInstanceId - ==> Parameters: 2550(String)
16:46:14.425 [main] DEBUG org.activiti.engine.impl.persistence.entity.HistoricVariableInstanceEntity.selectHistoricVariableInstanceByVariableInstanceId - <==      Total: 1
16:46:14.425 [main] DEBUG org.activiti.engine.impl.history.DefaultHistoryManager - Current history level: AUDIT, level required: ACTIVITY
16:46:14.425 [main] DEBUG org.activiti.engine.impl.persistence.entity.HistoricVariableInstanceEntity.selectHistoricVariableInstanceByVariableInstanceId - ==>  Preparing: select * from ACT_HI_VARINST where ID_ = ? 
16:46:14.426 [main] DEBUG org.activiti.engine.impl.persistence.entity.HistoricVariableInstanceEntity.selectHistoricVariableInstanceByVariableInstanceId - ==> Parameters: 2551(String)
16:46:14.426 [main] DEBUG org.activiti.engine.impl.persistence.entity.HistoricVariableInstanceEntity.selectHistoricVariableInstanceByVariableInstanceId - <==      Total: 1
16:46:14.426 [main] DEBUG org.activiti.engine.impl.history.DefaultHistoryManager - Current history level: AUDIT, level required: ACTIVITY
16:46:14.426 [main] DEBUG org.activiti.engine.impl.persistence.entity.HistoricVariableInstanceEntity.selectHistoricVariableInstanceByVariableInstanceId - ==>  Preparing: select * from ACT_HI_VARINST where ID_ = ? 
16:46:14.426 [main] DEBUG org.activiti.engine.impl.persistence.entity.HistoricVariableInstanceEntity.selectHistoricVariableInstanceByVariableInstanceId - ==> Parameters: 2552(String)
16:46:14.426 [main] DEBUG org.activiti.engine.impl.persistence.entity.HistoricVariableInstanceEntity.selectHistoricVariableInstanceByVariableInstanceId - <==      Total: 1
16:46:14.426 [main] DEBUG org.activiti.engine.impl.persistence.entity.IdentityLinkEntity.selectIdentityLinksByProcessInstance - ==>  Preparing: select * from ACT_RU_IDENTITYLINK where PROC_INST_ID_ = ? 
16:46:14.426 [main] DEBUG org.activiti.engine.impl.persistence.entity.IdentityLinkEntity.selectIdentityLinksByProcessInstance - ==> Parameters: 2548(String)
16:46:14.427 [main] DEBUG org.activiti.engine.impl.persistence.entity.IdentityLinkEntity.selectIdentityLinksByProcessInstance - <==      Total: 0
16:46:14.427 [main] DEBUG org.activiti.engine.impl.persistence.entity.ExecutionEntity.selectSubProcessInstanceBySuperExecutionId - ==>  Preparing: select * from ACT_RU_EXECUTION where SUPER_EXEC_ = ? 
16:46:14.427 [main] DEBUG org.activiti.engine.impl.persistence.entity.ExecutionEntity.selectSubProcessInstanceBySuperExecutionId - ==> Parameters: 2540(String)
16:46:14.427 [main] DEBUG org.activiti.engine.impl.persistence.entity.ExecutionEntity.selectSubProcessInstanceBySuperExecutionId - <==      Total: 0
16:46:14.427 [main] DEBUG org.activiti.engine.impl.history.DefaultHistoryManager - Current history level: AUDIT, level required: ACTIVITY
16:46:14.427 [main] DEBUG org.activiti.engine.impl.history.DefaultHistoryManager - Current history level: AUDIT
16:46:14.427 [main] DEBUG org.activiti.engine.impl.persistence.entity.ExecutionEntity - destroying ProcessInstance[2540]
16:46:14.427 [main] DEBUG org.activiti.engine.impl.persistence.entity.VariableInstanceEntity.selectVariablesByExecutionId - ==>  Preparing: select * from ACT_RU_VARIABLE where EXECUTION_ID_ = ? and TASK_ID_ is null 
16:46:14.427 [main] DEBUG org.activiti.engine.impl.persistence.entity.VariableInstanceEntity.selectVariablesByExecutionId - ==> Parameters: 2540(String)
16:46:14.427 [main] DEBUG org.activiti.engine.impl.persistence.entity.VariableInstanceEntity.selectVariablesByExecutionId - <==      Total: 3
16:46:14.427 [main] DEBUG org.activiti.engine.impl.history.DefaultHistoryManager - Current history level: AUDIT, level required: ACTIVITY
16:46:14.427 [main] DEBUG org.activiti.engine.impl.persistence.entity.HistoricVariableInstanceEntity.selectHistoricVariableInstanceByVariableInstanceId - ==>  Preparing: select * from ACT_HI_VARINST where ID_ = ? 
16:46:14.427 [main] DEBUG org.activiti.engine.impl.persistence.entity.HistoricVariableInstanceEntity.selectHistoricVariableInstanceByVariableInstanceId - ==> Parameters: 2541(String)
16:46:14.428 [main] DEBUG org.activiti.engine.impl.persistence.entity.HistoricVariableInstanceEntity.selectHistoricVariableInstanceByVariableInstanceId - <==      Total: 1
16:46:14.428 [main] DEBUG org.activiti.engine.impl.history.DefaultHistoryManager - Current history level: AUDIT, level required: ACTIVITY
16:46:14.428 [main] DEBUG org.activiti.engine.impl.persistence.entity.HistoricVariableInstanceEntity.selectHistoricVariableInstanceByVariableInstanceId - ==>  Preparing: select * from ACT_HI_VARINST where ID_ = ? 
16:46:14.428 [main] DEBUG org.activiti.engine.impl.persistence.entity.HistoricVariableInstanceEntity.selectHistoricVariableInstanceByVariableInstanceId - ==> Parameters: 2545(String)
16:46:14.439 [main] DEBUG org.activiti.engine.impl.persistence.entity.HistoricVariableInstanceEntity.selectHistoricVariableInstanceByVariableInstanceId - <==      Total: 1
16:46:14.439 [main] DEBUG org.activiti.engine.impl.persistence.entity.ByteArrayEntity.selectByteArray - ==>  Preparing: select * from ACT_GE_BYTEARRAY where ID_ = ? 
16:46:14.439 [main] DEBUG org.activiti.engine.impl.persistence.entity.ByteArrayEntity.selectByteArray - ==> Parameters: 2544(String)
16:46:14.439 [main] DEBUG org.activiti.engine.impl.persistence.entity.ByteArrayEntity.selectByteArray - <==      Total: 1
16:46:14.440 [main] DEBUG org.activiti.engine.impl.persistence.entity.ByteArrayEntity.selectByteArray - ==>  Preparing: select * from ACT_GE_BYTEARRAY where ID_ = ? 
16:46:14.440 [main] DEBUG org.activiti.engine.impl.persistence.entity.ByteArrayEntity.selectByteArray - ==> Parameters: 2546(String)
16:46:14.440 [main] DEBUG org.activiti.engine.impl.persistence.entity.ByteArrayEntity.selectByteArray - <==      Total: 1
16:46:14.440 [main] DEBUG org.activiti.engine.impl.history.DefaultHistoryManager - Current history level: AUDIT, level required: ACTIVITY
16:46:14.440 [main] DEBUG org.activiti.engine.impl.persistence.entity.HistoricVariableInstanceEntity.selectHistoricVariableInstanceByVariableInstanceId - ==>  Preparing: select * from ACT_HI_VARINST where ID_ = ? 
16:46:14.440 [main] DEBUG org.activiti.engine.impl.persistence.entity.HistoricVariableInstanceEntity.selectHistoricVariableInstanceByVariableInstanceId - ==> Parameters: 2547(String)
16:46:14.440 [main] DEBUG org.activiti.engine.impl.persistence.entity.HistoricVariableInstanceEntity.selectHistoricVariableInstanceByVariableInstanceId - <==      Total: 1
16:46:14.440 [main] DEBUG org.activiti.engine.impl.persistence.entity.IdentityLinkEntity.selectIdentityLinksByProcessInstance - ==>  Preparing: select * from ACT_RU_IDENTITYLINK where PROC_INST_ID_ = ? 
16:46:14.440 [main] DEBUG org.activiti.engine.impl.persistence.entity.IdentityLinkEntity.selectIdentityLinksByProcessInstance - ==> Parameters: 2540(String)
16:46:14.441 [main] DEBUG org.activiti.engine.impl.persistence.entity.IdentityLinkEntity.selectIdentityLinksByProcessInstance - <==      Total: 4
16:46:14.441 [main] DEBUG org.activiti.engine.impl.history.DefaultHistoryManager - Current history level: AUDIT
16:46:14.441 [main] DEBUG org.activiti.engine.impl.history.DefaultHistoryManager - Current history level: AUDIT
16:46:14.441 [main] DEBUG org.activiti.engine.impl.history.DefaultHistoryManager - Current history level: AUDIT, level required: AUDIT
16:46:14.441 [main] DEBUG org.activiti.engine.impl.persistence.entity.HistoricDetailEntity.selectHistoricDetailsByQueryCriteria - ==>  Preparing: select RES.* from ACT_HI_DETAIL RES WHERE RES.PROC_INST_ID_ = ? order by RES.ID_ asc LIMIT ? OFFSET ? 
16:46:14.441 [main] DEBUG org.activiti.engine.impl.persistence.entity.HistoricDetailEntity.selectHistoricDetailsByQueryCriteria - ==> Parameters: 2540(String), 2147483647(Integer), 0(Integer)
16:46:14.441 [main] DEBUG org.activiti.engine.impl.persistence.entity.HistoricDetailEntity.selectHistoricDetailsByQueryCriteria - <==      Total: 0
16:46:14.441 [main] DEBUG org.activiti.engine.impl.history.DefaultHistoryManager - Current history level: AUDIT, level required: ACTIVITY
16:46:14.441 [main] DEBUG org.activiti.engine.impl.persistence.entity.HistoricVariableInstanceEntity.selectHistoricVariableInstanceByQueryCriteria - ==>  Preparing: select RES.* from ACT_HI_VARINST RES WHERE RES.PROC_INST_ID_ = ? order by RES.ID_ asc LIMIT ? OFFSET ? 
16:46:14.441 [main] DEBUG org.activiti.engine.impl.persistence.entity.HistoricVariableInstanceEntity.selectHistoricVariableInstanceByQueryCriteria - ==> Parameters: 2540(String), 2147483647(Integer), 0(Integer)
16:46:14.446 [main] DEBUG org.activiti.engine.impl.persistence.entity.HistoricVariableInstanceEntity.selectHistoricVariableInstanceByQueryCriteria - <==      Total: 12
16:46:14.446 [main] DEBUG org.activiti.engine.impl.db.DbSqlSession - skipping redundant delete: HistoricVariableInstanceEntity[id=2547, name=approvedCounter, revision=0, type=long, longValue=0, textValue=0]
16:46:14.446 [main] DEBUG org.activiti.engine.impl.db.DbSqlSession - skipping redundant delete: HistoricVariableInstanceEntity[id=2557, name=user, revision=0, type=string, textValue=groupLeader]
16:46:14.446 [main] DEBUG org.activiti.engine.impl.db.DbSqlSession - skipping redundant delete: HistoricVariableInstanceEntity[id=2556, name=loopCounter, revision=0, type=integer, longValue=0, textValue=0]
16:46:14.446 [main] DEBUG org.activiti.engine.impl.db.DbSqlSession - skipping redundant delete: HistoricVariableInstanceEntity[id=2545, name=users, revision=0, type=serializable, byteArrayValueId=2546]
16:46:14.446 [main] DEBUG org.activiti.engine.impl.db.DbSqlSession - skipping redundant delete: HistoricVariableInstanceEntity[id=2566, name=user, revision=0, type=string, textValue=hr]
16:46:14.446 [main] DEBUG org.activiti.engine.impl.db.DbSqlSession - skipping redundant delete: HistoricVariableInstanceEntity[id=2565, name=loopCounter, revision=0, type=integer, longValue=2, textValue=2]
16:46:14.446 [main] DEBUG org.activiti.engine.impl.db.DbSqlSession - skipping redundant delete: HistoricVariableInstanceEntity[id=2552, name=nrOfActiveInstances, revision=0, type=integer, longValue=3, textValue=3]
16:46:14.446 [main] DEBUG org.activiti.engine.impl.db.DbSqlSession - skipping redundant delete: HistoricVariableInstanceEntity[id=2541, name=applyUserId, revision=0, type=string, textValue=henryyan]
16:46:14.446 [main] DEBUG org.activiti.engine.impl.db.DbSqlSession - skipping redundant delete: HistoricVariableInstanceEntity[id=2551, name=nrOfCompletedInstances, revision=0, type=integer, longValue=0, textValue=0]
16:46:14.446 [main] DEBUG org.activiti.engine.impl.db.DbSqlSession - skipping redundant delete: HistoricVariableInstanceEntity[id=2561, name=user, revision=0, type=string, textValue=deptLeader]
16:46:14.446 [main] DEBUG org.activiti.engine.impl.db.DbSqlSession - skipping redundant delete: HistoricVariableInstanceEntity[id=2550, name=nrOfInstances, revision=0, type=integer, longValue=3, textValue=3]
16:46:14.447 [main] DEBUG org.activiti.engine.impl.db.DbSqlSession - skipping redundant delete: HistoricVariableInstanceEntity[id=2560, name=loopCounter, revision=0, type=integer, longValue=1, textValue=1]
16:46:14.447 [main] DEBUG org.activiti.engine.impl.history.DefaultHistoryManager - Current history level: AUDIT, level required: ACTIVITY
16:46:14.447 [main] DEBUG org.activiti.engine.impl.history.DefaultHistoryManager - Current history level: AUDIT, level required: AUDIT
16:46:14.447 [main] DEBUG org.activiti.engine.impl.persistence.entity.HistoricTaskInstanceEntity.selectHistoricTaskInstanceIdsByProcessInstanceId - ==>  Preparing: select ID_ from ACT_HI_TASKINST where PROC_INST_ID_ = ? 
16:46:14.447 [main] DEBUG org.activiti.engine.impl.persistence.entity.HistoricTaskInstanceEntity.selectHistoricTaskInstanceIdsByProcessInstanceId - ==> Parameters: 2540(String)
16:46:14.447 [main] DEBUG org.activiti.engine.impl.persistence.entity.HistoricTaskInstanceEntity.selectHistoricTaskInstanceIdsByProcessInstanceId - <==      Total: 3
16:46:14.447 [main] DEBUG org.activiti.engine.impl.history.DefaultHistoryManager - Current history level: AUDIT
16:46:14.447 [main] DEBUG org.activiti.engine.impl.history.DefaultHistoryManager - Current history level: AUDIT
16:46:14.447 [main] DEBUG org.activiti.engine.impl.history.DefaultHistoryManager - Current history level: AUDIT, level required: FULL
16:46:14.447 [main] DEBUG org.activiti.engine.impl.history.DefaultHistoryManager - Current history level: AUDIT, level required: ACTIVITY
16:46:14.447 [main] DEBUG org.activiti.engine.impl.history.DefaultHistoryManager - Current history level: AUDIT
16:46:14.447 [main] DEBUG org.activiti.engine.impl.history.DefaultHistoryManager - Current history level: AUDIT
16:46:14.448 [main] DEBUG org.activiti.engine.impl.db.DbSqlSession - skipping redundant delete: org.activiti.engine.impl.persistence.entity.HistoricTaskInstanceEntity@2f61f937
16:46:14.448 [main] DEBUG org.activiti.engine.impl.history.DefaultHistoryManager - Current history level: AUDIT
16:46:14.448 [main] DEBUG org.activiti.engine.impl.history.DefaultHistoryManager - Current history level: AUDIT
16:46:14.448 [main] DEBUG org.activiti.engine.impl.history.DefaultHistoryManager - Current history level: AUDIT, level required: FULL
16:46:14.448 [main] DEBUG org.activiti.engine.impl.history.DefaultHistoryManager - Current history level: AUDIT, level required: ACTIVITY
16:46:14.448 [main] DEBUG org.activiti.engine.impl.history.DefaultHistoryManager - Current history level: AUDIT
16:46:14.448 [main] DEBUG org.activiti.engine.impl.history.DefaultHistoryManager - Current history level: AUDIT
16:46:14.448 [main] DEBUG org.activiti.engine.impl.db.DbSqlSession - skipping redundant delete: org.activiti.engine.impl.persistence.entity.HistoricTaskInstanceEntity@46866946
16:46:14.448 [main] DEBUG org.activiti.engine.impl.history.DefaultHistoryManager - Current history level: AUDIT
16:46:14.448 [main] DEBUG org.activiti.engine.impl.history.DefaultHistoryManager - Current history level: AUDIT
16:46:14.448 [main] DEBUG org.activiti.engine.impl.history.DefaultHistoryManager - Current history level: AUDIT, level required: FULL
16:46:14.448 [main] DEBUG org.activiti.engine.impl.history.DefaultHistoryManager - Current history level: AUDIT, level required: ACTIVITY
16:46:14.448 [main] DEBUG org.activiti.engine.impl.history.DefaultHistoryManager - Current history level: AUDIT
16:46:14.448 [main] DEBUG org.activiti.engine.impl.history.DefaultHistoryManager - Current history level: AUDIT
16:46:14.448 [main] DEBUG org.activiti.engine.impl.db.DbSqlSession - skipping redundant delete: org.activiti.engine.impl.persistence.entity.HistoricTaskInstanceEntity@44de0113
16:46:14.448 [main] DEBUG org.activiti.engine.impl.persistence.entity.HistoricIdentityLinkEntity.selectHistoricIdentityLinksByProcessInstance - ==>  Preparing: select * from ACT_HI_IDENTITYLINK where PROC_INST_ID_ = ? 
16:46:14.449 [main] DEBUG org.activiti.engine.impl.persistence.entity.HistoricIdentityLinkEntity.selectHistoricIdentityLinksByProcessInstance - ==> Parameters: 2540(String)
16:46:14.449 [main] DEBUG org.activiti.engine.impl.persistence.entity.HistoricIdentityLinkEntity.selectHistoricIdentityLinksByProcessInstance - <==      Total: 4
16:46:14.449 [main] DEBUG org.activiti.engine.impl.db.DbSqlSession - skipping redundant delete: org.activiti.engine.impl.persistence.entity.HistoricIdentityLinkEntity@236134a1
16:46:14.449 [main] DEBUG org.activiti.engine.impl.db.DbSqlSession - skipping redundant delete: org.activiti.engine.impl.persistence.entity.HistoricIdentityLinkEntity@369c9bb
16:46:14.449 [main] DEBUG org.activiti.engine.impl.db.DbSqlSession - skipping redundant delete: org.activiti.engine.impl.persistence.entity.HistoricIdentityLinkEntity@76d05cc9
16:46:14.449 [main] DEBUG org.activiti.engine.impl.db.DbSqlSession - skipping redundant delete: org.activiti.engine.impl.persistence.entity.HistoricIdentityLinkEntity@42b21d99
16:46:14.449 [main] DEBUG org.activiti.engine.impl.history.DefaultHistoryManager - Current history level: AUDIT
16:46:14.450 [main] DEBUG org.activiti.engine.impl.persistence.entity.HistoricProcessInstanceEntity.selectHistoricProcessInstancesByQueryCriteria - ==>  Preparing: select RES.* from ACT_HI_PROCINST RES WHERE RES.SUPER_PROCESS_INSTANCE_ID_ = ? order by RES.ID_ asc LIMIT ? OFFSET ? 
16:46:14.450 [main] DEBUG org.activiti.engine.impl.persistence.entity.HistoricProcessInstanceEntity.selectHistoricProcessInstancesByQueryCriteria - ==> Parameters: 2540(String), 2147483647(Integer), 0(Integer)
16:46:14.451 [main] DEBUG org.activiti.engine.impl.persistence.entity.HistoricProcessInstanceEntity.selectHistoricProcessInstancesByQueryCriteria - <==      Total: 0
16:46:14.451 [main] DEBUG org.activiti.engine.impl.history.DefaultHistoryManager - Current history level: AUDIT
16:46:14.451 [main] DEBUG org.activiti.engine.impl.persistence.entity.HistoricProcessInstanceEntity.selectHistoricProcessInstanceIdsByProcessDefinitionId - ==>  Preparing: select ID_ from ACT_HI_PROCINST where PROC_DEF_ID_ = ? 
16:46:14.451 [main] DEBUG org.activiti.engine.impl.persistence.entity.HistoricProcessInstanceEntity.selectHistoricProcessInstanceIdsByProcessDefinitionId - ==> Parameters: leave-countersign:1:2539(String)
16:46:14.451 [main] DEBUG org.activiti.engine.impl.persistence.entity.HistoricProcessInstanceEntity.selectHistoricProcessInstanceIdsByProcessDefinitionId - <==      Total: 1
16:46:14.451 [main] DEBUG org.activiti.engine.impl.history.DefaultHistoryManager - Current history level: AUDIT
16:46:14.451 [main] DEBUG org.activiti.engine.impl.history.DefaultHistoryManager - Current history level: AUDIT
16:46:14.451 [main] DEBUG org.activiti.engine.impl.history.DefaultHistoryManager - Current history level: AUDIT, level required: AUDIT
16:46:14.451 [main] DEBUG org.activiti.engine.impl.history.DefaultHistoryManager - Current history level: AUDIT, level required: ACTIVITY
16:46:14.452 [main] DEBUG org.activiti.engine.impl.db.DbSqlSession - skipping redundant delete: HistoricVariableInstanceEntity[id=2541, name=applyUserId, revision=0, type=string, textValue=henryyan]
16:46:14.452 [main] DEBUG org.activiti.engine.impl.db.DbSqlSession - skipping redundant delete: HistoricVariableInstanceEntity[id=2545, name=users, revision=0, type=serializable, byteArrayValueId=2546]
16:46:14.452 [main] DEBUG org.activiti.engine.impl.db.DbSqlSession - skipping redundant delete: HistoricVariableInstanceEntity[id=2547, name=approvedCounter, revision=0, type=long, longValue=0, textValue=0]
16:46:14.452 [main] DEBUG org.activiti.engine.impl.db.DbSqlSession - skipping redundant delete: HistoricVariableInstanceEntity[id=2550, name=nrOfInstances, revision=0, type=integer, longValue=3, textValue=3]
16:46:14.452 [main] DEBUG org.activiti.engine.impl.db.DbSqlSession - skipping redundant delete: HistoricVariableInstanceEntity[id=2551, name=nrOfCompletedInstances, revision=0, type=integer, longValue=0, textValue=0]
16:46:14.452 [main] DEBUG org.activiti.engine.impl.db.DbSqlSession - skipping redundant delete: HistoricVariableInstanceEntity[id=2552, name=nrOfActiveInstances, revision=0, type=integer, longValue=3, textValue=3]
16:46:14.465 [main] DEBUG org.activiti.engine.impl.db.DbSqlSession - skipping redundant delete: HistoricVariableInstanceEntity[id=2556, name=loopCounter, revision=0, type=integer, longValue=0, textValue=0]
16:46:14.465 [main] DEBUG org.activiti.engine.impl.db.DbSqlSession - skipping redundant delete: HistoricVariableInstanceEntity[id=2557, name=user, revision=0, type=string, textValue=groupLeader]
16:46:14.465 [main] DEBUG org.activiti.engine.impl.db.DbSqlSession - skipping redundant delete: HistoricVariableInstanceEntity[id=2560, name=loopCounter, revision=0, type=integer, longValue=1, textValue=1]
16:46:14.465 [main] DEBUG org.activiti.engine.impl.db.DbSqlSession - skipping redundant delete: HistoricVariableInstanceEntity[id=2561, name=user, revision=0, type=string, textValue=deptLeader]
16:46:14.465 [main] DEBUG org.activiti.engine.impl.db.DbSqlSession - skipping redundant delete: HistoricVariableInstanceEntity[id=2565, name=loopCounter, revision=0, type=integer, longValue=2, textValue=2]
16:46:14.465 [main] DEBUG org.activiti.engine.impl.db.DbSqlSession - skipping redundant delete: HistoricVariableInstanceEntity[id=2566, name=user, revision=0, type=string, textValue=hr]
16:46:14.465 [main] DEBUG org.activiti.engine.impl.db.DbSqlSession - skipping redundant delete: HistoricVariableInstanceEntity[id=2547, name=approvedCounter, revision=0, type=long, longValue=0, textValue=0]
16:46:14.465 [main] DEBUG org.activiti.engine.impl.db.DbSqlSession - skipping redundant delete: HistoricVariableInstanceEntity[id=2557, name=user, revision=0, type=string, textValue=groupLeader]
16:46:14.465 [main] DEBUG org.activiti.engine.impl.db.DbSqlSession - skipping redundant delete: HistoricVariableInstanceEntity[id=2556, name=loopCounter, revision=0, type=integer, longValue=0, textValue=0]
16:46:14.465 [main] DEBUG org.activiti.engine.impl.db.DbSqlSession - skipping redundant delete: HistoricVariableInstanceEntity[id=2545, name=users, revision=0, type=serializable, byteArrayValueId=2546]
16:46:14.465 [main] DEBUG org.activiti.engine.impl.db.DbSqlSession - skipping redundant delete: HistoricVariableInstanceEntity[id=2566, name=user, revision=0, type=string, textValue=hr]
16:46:14.465 [main] DEBUG org.activiti.engine.impl.db.DbSqlSession - skipping redundant delete: HistoricVariableInstanceEntity[id=2565, name=loopCounter, revision=0, type=integer, longValue=2, textValue=2]
16:46:14.465 [main] DEBUG org.activiti.engine.impl.db.DbSqlSession - skipping redundant delete: HistoricVariableInstanceEntity[id=2552, name=nrOfActiveInstances, revision=0, type=integer, longValue=3, textValue=3]
16:46:14.465 [main] DEBUG org.activiti.engine.impl.db.DbSqlSession - skipping redundant delete: HistoricVariableInstanceEntity[id=2541, name=applyUserId, revision=0, type=string, textValue=henryyan]
16:46:14.465 [main] DEBUG org.activiti.engine.impl.db.DbSqlSession - skipping redundant delete: HistoricVariableInstanceEntity[id=2551, name=nrOfCompletedInstances, revision=0, type=integer, longValue=0, textValue=0]
16:46:14.465 [main] DEBUG org.activiti.engine.impl.db.DbSqlSession - skipping redundant delete: HistoricVariableInstanceEntity[id=2561, name=user, revision=0, type=string, textValue=deptLeader]
16:46:14.465 [main] DEBUG org.activiti.engine.impl.db.DbSqlSession - skipping redundant delete: HistoricVariableInstanceEntity[id=2550, name=nrOfInstances, revision=0, type=integer, longValue=3, textValue=3]
16:46:14.465 [main] DEBUG org.activiti.engine.impl.db.DbSqlSession - skipping redundant delete: HistoricVariableInstanceEntity[id=2560, name=loopCounter, revision=0, type=integer, longValue=1, textValue=1]
16:46:14.465 [main] DEBUG org.activiti.engine.impl.history.DefaultHistoryManager - Current history level: AUDIT, level required: ACTIVITY
16:46:14.465 [main] DEBUG org.activiti.engine.impl.history.DefaultHistoryManager - Current history level: AUDIT, level required: AUDIT
16:46:14.465 [main] DEBUG org.activiti.engine.impl.history.DefaultHistoryManager - Current history level: AUDIT
16:46:14.465 [main] DEBUG org.activiti.engine.impl.history.DefaultHistoryManager - Current history level: AUDIT
16:46:14.465 [main] DEBUG org.activiti.engine.impl.history.DefaultHistoryManager - Current history level: AUDIT, level required: FULL
16:46:14.465 [main] DEBUG org.activiti.engine.impl.history.DefaultHistoryManager - Current history level: AUDIT, level required: ACTIVITY
16:46:14.466 [main] DEBUG org.activiti.engine.impl.history.DefaultHistoryManager - Current history level: AUDIT
16:46:14.466 [main] DEBUG org.activiti.engine.impl.history.DefaultHistoryManager - Current history level: AUDIT
16:46:14.466 [main] DEBUG org.activiti.engine.impl.db.DbSqlSession - skipping redundant delete: org.activiti.engine.impl.persistence.entity.HistoricTaskInstanceEntity@2f61f937
16:46:14.466 [main] DEBUG org.activiti.engine.impl.history.DefaultHistoryManager - Current history level: AUDIT
16:46:14.466 [main] DEBUG org.activiti.engine.impl.history.DefaultHistoryManager - Current history level: AUDIT
16:46:14.466 [main] DEBUG org.activiti.engine.impl.history.DefaultHistoryManager - Current history level: AUDIT, level required: FULL
16:46:14.466 [main] DEBUG org.activiti.engine.impl.history.DefaultHistoryManager - Current history level: AUDIT, level required: ACTIVITY
16:46:14.466 [main] DEBUG org.activiti.engine.impl.history.DefaultHistoryManager - Current history level: AUDIT
16:46:14.466 [main] DEBUG org.activiti.engine.impl.history.DefaultHistoryManager - Current history level: AUDIT
16:46:14.466 [main] DEBUG org.activiti.engine.impl.db.DbSqlSession - skipping redundant delete: org.activiti.engine.impl.persistence.entity.HistoricTaskInstanceEntity@46866946
16:46:14.466 [main] DEBUG org.activiti.engine.impl.history.DefaultHistoryManager - Current history level: AUDIT
16:46:14.466 [main] DEBUG org.activiti.engine.impl.history.DefaultHistoryManager - Current history level: AUDIT
16:46:14.466 [main] DEBUG org.activiti.engine.impl.history.DefaultHistoryManager - Current history level: AUDIT, level required: FULL
16:46:14.466 [main] DEBUG org.activiti.engine.impl.history.DefaultHistoryManager - Current history level: AUDIT, level required: ACTIVITY
16:46:14.466 [main] DEBUG org.activiti.engine.impl.history.DefaultHistoryManager - Current history level: AUDIT
16:46:14.466 [main] DEBUG org.activiti.engine.impl.history.DefaultHistoryManager - Current history level: AUDIT
16:46:14.466 [main] DEBUG org.activiti.engine.impl.db.DbSqlSession - skipping redundant delete: org.activiti.engine.impl.persistence.entity.HistoricTaskInstanceEntity@44de0113
16:46:14.466 [main] DEBUG org.activiti.engine.impl.db.DbSqlSession - skipping redundant delete: org.activiti.engine.impl.persistence.entity.HistoricIdentityLinkEntity@76d05cc9
16:46:14.467 [main] DEBUG org.activiti.engine.impl.db.DbSqlSession - skipping redundant delete: org.activiti.engine.impl.persistence.entity.HistoricIdentityLinkEntity@236134a1
16:46:14.467 [main] DEBUG org.activiti.engine.impl.db.DbSqlSession - skipping redundant delete: org.activiti.engine.impl.persistence.entity.HistoricIdentityLinkEntity@42b21d99
16:46:14.467 [main] DEBUG org.activiti.engine.impl.db.DbSqlSession - skipping redundant delete: org.activiti.engine.impl.persistence.entity.HistoricIdentityLinkEntity@369c9bb
16:46:14.467 [main] DEBUG org.activiti.engine.impl.db.DbSqlSession - skipping redundant delete: org.activiti.engine.impl.persistence.entity.HistoricIdentityLinkEntity@236134a1
16:46:14.467 [main] DEBUG org.activiti.engine.impl.db.DbSqlSession - skipping redundant delete: org.activiti.engine.impl.persistence.entity.HistoricIdentityLinkEntity@369c9bb
16:46:14.467 [main] DEBUG org.activiti.engine.impl.db.DbSqlSession - skipping redundant delete: org.activiti.engine.impl.persistence.entity.HistoricIdentityLinkEntity@76d05cc9
16:46:14.467 [main] DEBUG org.activiti.engine.impl.db.DbSqlSession - skipping redundant delete: org.activiti.engine.impl.persistence.entity.HistoricIdentityLinkEntity@42b21d99
16:46:14.467 [main] DEBUG org.activiti.engine.impl.history.DefaultHistoryManager - Current history level: AUDIT
16:46:14.467 [main] DEBUG org.activiti.engine.impl.db.DbSqlSession - skipping redundant delete: HistoricProcessInstanceEntity[superProcessInstanceId=null]
16:46:14.468 [main] DEBUG org.activiti.engine.impl.persistence.entity.JobEntity.selectJobsByConfiguration - ==>  Preparing: select * from ACT_RU_JOB where HANDLER_TYPE_ = ? and HANDLER_CFG_ = ? 
16:46:14.468 [main] DEBUG org.activiti.engine.impl.persistence.entity.JobEntity.selectJobsByConfiguration - ==> Parameters: timer-start-event(String), leave-countersign(String)
16:46:14.487 [main] DEBUG org.activiti.engine.impl.persistence.entity.JobEntity.selectJobsByConfiguration - <==      Total: 0
16:46:14.487 [main] DEBUG org.activiti.engine.impl.persistence.entity.EventSubscriptionEntity.selectEventSubscriptionsByConfiguration - ==>  Preparing: select * from ACT_RU_EVENT_SUBSCR where (EVENT_TYPE_ = ?) and ( (CONFIGURATION_ = ?) or (PROC_DEF_ID_ = ?) ) and (TENANT_ID_ = '' or TENANT_ID_ is null) 
16:46:14.487 [main] DEBUG org.activiti.engine.impl.persistence.entity.EventSubscriptionEntity.selectEventSubscriptionsByConfiguration - ==> Parameters: message(String), leave-countersign:1:2539(String), leave-countersign:1:2539(String)
16:46:14.488 [main] DEBUG org.activiti.engine.impl.persistence.entity.EventSubscriptionEntity.selectEventSubscriptionsByConfiguration - <==      Total: 0
16:46:14.488 [main] DEBUG org.activiti.engine.impl.db.DbSqlSession - flush summary: 0 insert, 3 update, 64 delete.
16:46:14.488 [main] DEBUG org.activiti.engine.impl.db.DbSqlSession -   update HistoricActivityInstanceEntity[activityId=countersign, activityName=[部门/人事]联合会签]
16:46:14.488 [main] DEBUG org.activiti.engine.impl.db.DbSqlSession -   update HistoricActivityInstanceEntity[activityId=countersign, activityName=[部门/人事]联合会签]
16:46:14.488 [main] DEBUG org.activiti.engine.impl.db.DbSqlSession -   update HistoricActivityInstanceEntity[activityId=countersign, activityName=[部门/人事]联合会签]
16:46:14.488 [main] DEBUG org.activiti.engine.impl.db.DbSqlSession -   bulk delete: deleteCommentsByTaskId(2558)
16:46:14.488 [main] DEBUG org.activiti.engine.impl.db.DbSqlSession -   delete org.activiti.engine.impl.persistence.entity.HistoricTaskInstanceEntity@2f61f937
16:46:14.488 [main] DEBUG org.activiti.engine.impl.db.DbSqlSession -   delete Task[id=2558, name=[部门/人事]联合会签]
16:46:14.488 [main] DEBUG org.activiti.engine.impl.db.DbSqlSession -   bulk delete: deleteCommentsByTaskId(2563)
16:46:14.488 [main] DEBUG org.activiti.engine.impl.db.DbSqlSession -   delete org.activiti.engine.impl.persistence.entity.HistoricTaskInstanceEntity@46866946
16:46:14.488 [main] DEBUG org.activiti.engine.impl.db.DbSqlSession -   delete Task[id=2563, name=[部门/人事]联合会签]
16:46:14.488 [main] DEBUG org.activiti.engine.impl.db.DbSqlSession -   bulk delete: deleteCommentsByTaskId(2568)
16:46:14.488 [main] DEBUG org.activiti.engine.impl.db.DbSqlSession -   delete org.activiti.engine.impl.persistence.entity.HistoricTaskInstanceEntity@44de0113
16:46:14.488 [main] DEBUG org.activiti.engine.impl.db.DbSqlSession -   delete Task[id=2568, name=[部门/人事]联合会签]
16:46:14.488 [main] DEBUG org.activiti.engine.impl.db.DbSqlSession -   delete VariableInstanceEntity[id=2556, name=loopCounter, type=integer, longValue=0, textValue=0]
16:46:14.488 [main] DEBUG org.activiti.engine.impl.db.DbSqlSession -   delete VariableInstanceEntity[id=2557, name=user, type=string, textValue=groupLeader]
16:46:14.488 [main] DEBUG org.activiti.engine.impl.db.DbSqlSession -   delete ConcurrentExecution[2553]
16:46:14.488 [main] DEBUG org.activiti.engine.impl.db.DbSqlSession -   delete VariableInstanceEntity[id=2560, name=loopCounter, type=integer, longValue=1, textValue=1]
16:46:14.488 [main] DEBUG org.activiti.engine.impl.db.DbSqlSession -   delete VariableInstanceEntity[id=2561, name=user, type=string, textValue=deptLeader]
16:46:14.488 [main] DEBUG org.activiti.engine.impl.db.DbSqlSession -   delete ConcurrentExecution[2554]
16:46:14.488 [main] DEBUG org.activiti.engine.impl.db.DbSqlSession -   delete VariableInstanceEntity[id=2565, name=loopCounter, type=integer, longValue=2, textValue=2]
16:46:14.488 [main] DEBUG org.activiti.engine.impl.db.DbSqlSession -   delete VariableInstanceEntity[id=2566, name=user, type=string, textValue=hr]
16:46:14.488 [main] DEBUG org.activiti.engine.impl.db.DbSqlSession -   delete ConcurrentExecution[2555]
16:46:14.488 [main] DEBUG org.activiti.engine.impl.db.DbSqlSession -   delete VariableInstanceEntity[id=2550, name=nrOfInstances, type=integer, longValue=3, textValue=3]
16:46:14.488 [main] DEBUG org.activiti.engine.impl.db.DbSqlSession -   delete VariableInstanceEntity[id=2551, name=nrOfCompletedInstances, type=integer, longValue=0, textValue=0]
16:46:14.488 [main] DEBUG org.activiti.engine.impl.db.DbSqlSession -   delete VariableInstanceEntity[id=2552, name=nrOfActiveInstances, type=integer, longValue=3, textValue=3]
16:46:14.488 [main] DEBUG org.activiti.engine.impl.db.DbSqlSession -   delete Execution[2548]
16:46:14.488 [main] DEBUG org.activiti.engine.impl.db.DbSqlSession -   delete VariableInstanceEntity[id=2541, name=applyUserId, type=string, textValue=henryyan]
16:46:14.488 [main] DEBUG org.activiti.engine.impl.db.DbSqlSession -   delete VariableInstanceEntity[id=2545, name=users, type=serializable, byteArrayValueId=2544]
16:46:14.489 [main] DEBUG org.activiti.engine.impl.db.DbSqlSession -   delete ByteArrayEntity[id=2544, name=var-users, size=145]
16:46:14.489 [main] DEBUG org.activiti.engine.impl.db.DbSqlSession -   delete VariableInstanceEntity[id=2547, name=approvedCounter, type=long, longValue=0, textValue=0]
16:46:14.489 [main] DEBUG org.activiti.engine.impl.db.DbSqlSession -   delete IdentityLinkEntity[id=2542, type=starter, userId=henryyan, processInstanceId=2540]
16:46:14.489 [main] DEBUG org.activiti.engine.impl.db.DbSqlSession -   delete IdentityLinkEntity[id=2559, type=participant, userId=groupLeader, processInstanceId=2540]
16:46:14.489 [main] DEBUG org.activiti.engine.impl.db.DbSqlSession -   delete IdentityLinkEntity[id=2564, type=participant, userId=deptLeader, processInstanceId=2540]
16:46:14.489 [main] DEBUG org.activiti.engine.impl.db.DbSqlSession -   delete IdentityLinkEntity[id=2569, type=participant, userId=hr, processInstanceId=2540]
16:46:14.489 [main] DEBUG org.activiti.engine.impl.db.DbSqlSession -   delete ProcessInstance[2540]
16:46:14.489 [main] DEBUG org.activiti.engine.impl.db.DbSqlSession -   delete HistoricVariableInstanceEntity[id=2541, name=applyUserId, revision=0, type=string, textValue=henryyan]
16:46:14.489 [main] DEBUG org.activiti.engine.impl.db.DbSqlSession -   delete HistoricVariableInstanceEntity[id=2545, name=users, revision=0, type=serializable, byteArrayValueId=2546]
16:46:14.489 [main] DEBUG org.activiti.engine.impl.db.DbSqlSession -   delete ByteArrayEntity[id=2546, name=hist.var-users, size=145]
16:46:14.489 [main] DEBUG org.activiti.engine.impl.db.DbSqlSession -   delete HistoricVariableInstanceEntity[id=2547, name=approvedCounter, revision=0, type=long, longValue=0, textValue=0]
16:46:14.489 [main] DEBUG org.activiti.engine.impl.db.DbSqlSession -   delete HistoricVariableInstanceEntity[id=2550, name=nrOfInstances, revision=0, type=integer, longValue=3, textValue=3]
16:46:14.489 [main] DEBUG org.activiti.engine.impl.db.DbSqlSession -   delete HistoricVariableInstanceEntity[id=2551, name=nrOfCompletedInstances, revision=0, type=integer, longValue=0, textValue=0]
16:46:14.489 [main] DEBUG org.activiti.engine.impl.db.DbSqlSession -   delete HistoricVariableInstanceEntity[id=2552, name=nrOfActiveInstances, revision=0, type=integer, longValue=3, textValue=3]
16:46:14.489 [main] DEBUG org.activiti.engine.impl.db.DbSqlSession -   delete HistoricVariableInstanceEntity[id=2556, name=loopCounter, revision=0, type=integer, longValue=0, textValue=0]
16:46:14.489 [main] DEBUG org.activiti.engine.impl.db.DbSqlSession -   delete HistoricVariableInstanceEntity[id=2557, name=user, revision=0, type=string, textValue=groupLeader]
16:46:14.489 [main] DEBUG org.activiti.engine.impl.db.DbSqlSession -   delete HistoricVariableInstanceEntity[id=2560, name=loopCounter, revision=0, type=integer, longValue=1, textValue=1]
16:46:14.489 [main] DEBUG org.activiti.engine.impl.db.DbSqlSession -   delete HistoricVariableInstanceEntity[id=2561, name=user, revision=0, type=string, textValue=deptLeader]
16:46:14.489 [main] DEBUG org.activiti.engine.impl.db.DbSqlSession -   delete HistoricVariableInstanceEntity[id=2565, name=loopCounter, revision=0, type=integer, longValue=2, textValue=2]
16:46:14.489 [main] DEBUG org.activiti.engine.impl.db.DbSqlSession -   delete HistoricVariableInstanceEntity[id=2566, name=user, revision=0, type=string, textValue=hr]
16:46:14.489 [main] DEBUG org.activiti.engine.impl.db.DbSqlSession -   bulk delete: deleteHistoricActivityInstancesByProcessInstanceId(2540)
16:46:14.489 [main] DEBUG org.activiti.engine.impl.db.DbSqlSession -   bulk delete: deleteCommentsByTaskId(2558)
16:46:14.489 [main] DEBUG org.activiti.engine.impl.db.DbSqlSession -   bulk delete: deleteCommentsByTaskId(2563)
16:46:14.489 [main] DEBUG org.activiti.engine.impl.db.DbSqlSession -   bulk delete: deleteCommentsByTaskId(2568)
16:46:14.489 [main] DEBUG org.activiti.engine.impl.db.DbSqlSession -   delete org.activiti.engine.impl.persistence.entity.HistoricIdentityLinkEntity@76d05cc9
16:46:14.489 [main] DEBUG org.activiti.engine.impl.db.DbSqlSession -   delete org.activiti.engine.impl.persistence.entity.HistoricIdentityLinkEntity@236134a1
16:46:14.489 [main] DEBUG org.activiti.engine.impl.db.DbSqlSession -   delete org.activiti.engine.impl.persistence.entity.HistoricIdentityLinkEntity@42b21d99
16:46:14.489 [main] DEBUG org.activiti.engine.impl.db.DbSqlSession -   delete org.activiti.engine.impl.persistence.entity.HistoricIdentityLinkEntity@369c9bb
16:46:14.489 [main] DEBUG org.activiti.engine.impl.db.DbSqlSession -   bulk delete: deleteCommentsByProcessInstanceId(2540)
16:46:14.489 [main] DEBUG org.activiti.engine.impl.db.DbSqlSession -   delete HistoricProcessInstanceEntity[superProcessInstanceId=null]
16:46:14.489 [main] DEBUG org.activiti.engine.impl.db.DbSqlSession -   bulk delete: deleteHistoricActivityInstancesByProcessInstanceId(2540)
16:46:14.489 [main] DEBUG org.activiti.engine.impl.db.DbSqlSession -   bulk delete: deleteCommentsByTaskId(2558)
16:46:14.489 [main] DEBUG org.activiti.engine.impl.db.DbSqlSession -   bulk delete: deleteCommentsByTaskId(2563)
16:46:14.489 [main] DEBUG org.activiti.engine.impl.db.DbSqlSession -   bulk delete: deleteCommentsByTaskId(2568)
16:46:14.489 [main] DEBUG org.activiti.engine.impl.db.DbSqlSession -   bulk delete: deleteCommentsByProcessInstanceId(2540)
16:46:14.489 [main] DEBUG org.activiti.engine.impl.db.DbSqlSession -   bulk delete: deleteIdentityLinkByProcDef(leave-countersign:1:2539)
16:46:14.489 [main] DEBUG org.activiti.engine.impl.db.DbSqlSession -   bulk delete: deleteEventSubscriptionsForProcessDefinition(leave-countersign:1:2539)
16:46:14.489 [main] DEBUG org.activiti.engine.impl.db.DbSqlSession -   bulk delete: deleteProcessDefinitionsByDeploymentId(2536)
16:46:14.489 [main] DEBUG org.activiti.engine.impl.db.DbSqlSession -   bulk delete: deleteResourcesByDeploymentId(2536)
16:46:14.489 [main] DEBUG org.activiti.engine.impl.db.DbSqlSession -   bulk delete: deleteDeployment(2536)
16:46:14.489 [main] DEBUG org.activiti.engine.impl.db.DbSqlSession - now executing flush...
16:46:14.489 [main] DEBUG org.activiti.engine.impl.db.DbSqlSession - updating: HistoricActivityInstanceEntity[activityId=countersign, activityName=[部门/人事]联合会签]
16:46:14.489 [main] DEBUG org.activiti.engine.impl.persistence.entity.HistoricActivityInstanceEntity.updateHistoricActivityInstance - ==>  Preparing: update ACT_HI_ACTINST set EXECUTION_ID_ = ?, ASSIGNEE_ = ?, END_TIME_ = ?, DURATION_ = ? where ID_ = ? 
16:46:14.490 [main] DEBUG org.activiti.engine.impl.persistence.entity.HistoricActivityInstanceEntity.updateHistoricActivityInstance - ==> Parameters: 2555(String), hr(String), 2017-11-28 16:46:14.398(Timestamp), 119(Long), 2567(String)
16:46:14.490 [main] DEBUG org.activiti.engine.impl.persistence.entity.HistoricActivityInstanceEntity.updateHistoricActivityInstance - <==    Updates: 1
16:46:14.490 [main] DEBUG org.activiti.engine.impl.db.DbSqlSession - updating: HistoricActivityInstanceEntity[activityId=countersign, activityName=[部门/人事]联合会签]
16:46:14.490 [main] DEBUG org.activiti.engine.impl.persistence.entity.HistoricActivityInstanceEntity.updateHistoricActivityInstance - ==>  Preparing: update ACT_HI_ACTINST set EXECUTION_ID_ = ?, ASSIGNEE_ = ?, END_TIME_ = ?, DURATION_ = ? where ID_ = ? 
16:46:14.490 [main] DEBUG org.activiti.engine.impl.persistence.entity.HistoricActivityInstanceEntity.updateHistoricActivityInstance - ==> Parameters: 2554(String), deptLeader(String), 2017-11-28 16:46:14.392(Timestamp), 115(Long), 2562(String)
16:46:14.490 [main] DEBUG org.activiti.engine.impl.persistence.entity.HistoricActivityInstanceEntity.updateHistoricActivityInstance - <==    Updates: 1
16:46:14.490 [main] DEBUG org.activiti.engine.impl.db.DbSqlSession - updating: HistoricActivityInstanceEntity[activityId=countersign, activityName=[部门/人事]联合会签]
16:46:14.490 [main] DEBUG org.activiti.engine.impl.persistence.entity.HistoricActivityInstanceEntity.updateHistoricActivityInstance - ==>  Preparing: update ACT_HI_ACTINST set EXECUTION_ID_ = ?, ASSIGNEE_ = ?, END_TIME_ = ?, DURATION_ = ? where ID_ = ? 
16:46:14.490 [main] DEBUG org.activiti.engine.impl.persistence.entity.HistoricActivityInstanceEntity.updateHistoricActivityInstance - ==> Parameters: 2548(String), groupLeader(String), 2017-11-28 16:46:14.422(Timestamp), 151(Long), 2549(String)
16:46:14.490 [main] DEBUG org.activiti.engine.impl.persistence.entity.HistoricActivityInstanceEntity.updateHistoricActivityInstance - <==    Updates: 1
16:46:14.490 [main] DEBUG org.activiti.engine.impl.db.DbSqlSession - executing: bulk delete: deleteCommentsByTaskId(2558)
16:46:14.490 [main] DEBUG org.activiti.engine.impl.persistence.entity.CommentEntity.deleteCommentsByTaskId - ==>  Preparing: delete from ACT_HI_COMMENT where TASK_ID_ = ? 
16:46:14.491 [main] DEBUG org.activiti.engine.impl.persistence.entity.CommentEntity.deleteCommentsByTaskId - ==> Parameters: 2558(String)
16:46:14.491 [main] DEBUG org.activiti.engine.impl.persistence.entity.CommentEntity.deleteCommentsByTaskId - <==    Updates: 0
16:46:14.491 [main] DEBUG org.activiti.engine.impl.db.DbSqlSession - executing: delete org.activiti.engine.impl.persistence.entity.HistoricTaskInstanceEntity@2f61f937
16:46:14.491 [main] DEBUG org.activiti.engine.impl.persistence.entity.HistoricTaskInstanceEntity.deleteHistoricTaskInstance - ==>  Preparing: delete from ACT_HI_TASKINST where ID_ = ? 
16:46:14.491 [main] DEBUG org.activiti.engine.impl.persistence.entity.HistoricTaskInstanceEntity.deleteHistoricTaskInstance - ==> Parameters: 2558(String)
16:46:14.491 [main] DEBUG org.activiti.engine.impl.persistence.entity.HistoricTaskInstanceEntity.deleteHistoricTaskInstance - <==    Updates: 1
16:46:14.491 [main] DEBUG org.activiti.engine.impl.db.DbSqlSession - executing: delete Task[id=2558, name=[部门/人事]联合会签]
16:46:14.491 [main] DEBUG org.activiti.engine.impl.persistence.entity.TaskEntity.deleteTask - ==>  Preparing: delete from ACT_RU_TASK where ID_ = ? and REV_ = ? 
16:46:14.491 [main] DEBUG org.activiti.engine.impl.persistence.entity.TaskEntity.deleteTask - ==> Parameters: 2558(String), 1(Integer)
16:46:14.491 [main] DEBUG org.activiti.engine.impl.persistence.entity.TaskEntity.deleteTask - <==    Updates: 1
16:46:14.491 [main] DEBUG org.activiti.engine.impl.db.DbSqlSession - executing: bulk delete: deleteCommentsByTaskId(2563)
16:46:14.491 [main] DEBUG org.activiti.engine.impl.persistence.entity.CommentEntity.deleteCommentsByTaskId - ==>  Preparing: delete from ACT_HI_COMMENT where TASK_ID_ = ? 
16:46:14.491 [main] DEBUG org.activiti.engine.impl.persistence.entity.CommentEntity.deleteCommentsByTaskId - ==> Parameters: 2563(String)
16:46:14.491 [main] DEBUG org.activiti.engine.impl.persistence.entity.CommentEntity.deleteCommentsByTaskId - <==    Updates: 0
16:46:14.491 [main] DEBUG org.activiti.engine.impl.db.DbSqlSession - executing: delete org.activiti.engine.impl.persistence.entity.HistoricTaskInstanceEntity@46866946
16:46:14.491 [main] DEBUG org.activiti.engine.impl.persistence.entity.HistoricTaskInstanceEntity.deleteHistoricTaskInstance - ==>  Preparing: delete from ACT_HI_TASKINST where ID_ = ? 
16:46:14.491 [main] DEBUG org.activiti.engine.impl.persistence.entity.HistoricTaskInstanceEntity.deleteHistoricTaskInstance - ==> Parameters: 2563(String)
16:46:14.491 [main] DEBUG org.activiti.engine.impl.persistence.entity.HistoricTaskInstanceEntity.deleteHistoricTaskInstance - <==    Updates: 1
16:46:14.491 [main] DEBUG org.activiti.engine.impl.db.DbSqlSession - executing: delete Task[id=2563, name=[部门/人事]联合会签]
16:46:14.491 [main] DEBUG org.activiti.engine.impl.persistence.entity.TaskEntity.deleteTask - ==>  Preparing: delete from ACT_RU_TASK where ID_ = ? and REV_ = ? 
16:46:14.491 [main] DEBUG org.activiti.engine.impl.persistence.entity.TaskEntity.deleteTask - ==> Parameters: 2563(String), 1(Integer)
16:46:14.491 [main] DEBUG org.activiti.engine.impl.persistence.entity.TaskEntity.deleteTask - <==    Updates: 1
16:46:14.491 [main] DEBUG org.activiti.engine.impl.db.DbSqlSession - executing: bulk delete: deleteCommentsByTaskId(2568)
16:46:14.491 [main] DEBUG org.activiti.engine.impl.persistence.entity.CommentEntity.deleteCommentsByTaskId - ==>  Preparing: delete from ACT_HI_COMMENT where TASK_ID_ = ? 
16:46:14.491 [main] DEBUG org.activiti.engine.impl.persistence.entity.CommentEntity.deleteCommentsByTaskId - ==> Parameters: 2568(String)
16:46:14.491 [main] DEBUG org.activiti.engine.impl.persistence.entity.CommentEntity.deleteCommentsByTaskId - <==    Updates: 0
16:46:14.491 [main] DEBUG org.activiti.engine.impl.db.DbSqlSession - executing: delete org.activiti.engine.impl.persistence.entity.HistoricTaskInstanceEntity@44de0113
16:46:14.491 [main] DEBUG org.activiti.engine.impl.persistence.entity.HistoricTaskInstanceEntity.deleteHistoricTaskInstance - ==>  Preparing: delete from ACT_HI_TASKINST where ID_ = ? 
16:46:14.491 [main] DEBUG org.activiti.engine.impl.persistence.entity.HistoricTaskInstanceEntity.deleteHistoricTaskInstance - ==> Parameters: 2568(String)
16:46:14.492 [main] DEBUG org.activiti.engine.impl.persistence.entity.HistoricTaskInstanceEntity.deleteHistoricTaskInstance - <==    Updates: 1
16:46:14.492 [main] DEBUG org.activiti.engine.impl.db.DbSqlSession - executing: delete Task[id=2568, name=[部门/人事]联合会签]
16:46:14.492 [main] DEBUG org.activiti.engine.impl.persistence.entity.TaskEntity.deleteTask - ==>  Preparing: delete from ACT_RU_TASK where ID_ = ? and REV_ = ? 
16:46:14.492 [main] DEBUG org.activiti.engine.impl.persistence.entity.TaskEntity.deleteTask - ==> Parameters: 2568(String), 1(Integer)
16:46:14.492 [main] DEBUG org.activiti.engine.impl.persistence.entity.TaskEntity.deleteTask - <==    Updates: 1
16:46:14.492 [main] DEBUG org.activiti.engine.impl.db.DbSqlSession - executing: delete VariableInstanceEntity[id=2556, name=loopCounter, type=integer, longValue=0, textValue=0]
16:46:14.492 [main] DEBUG org.activiti.engine.impl.persistence.entity.VariableInstanceEntity.deleteVariableInstance - ==>  Preparing: delete from ACT_RU_VARIABLE where ID_ = ? and REV_ = ? 
16:46:14.492 [main] DEBUG org.activiti.engine.impl.persistence.entity.VariableInstanceEntity.deleteVariableInstance - ==> Parameters: 2556(String), 1(Integer)
16:46:14.492 [main] DEBUG org.activiti.engine.impl.persistence.entity.VariableInstanceEntity.deleteVariableInstance - <==    Updates: 1
16:46:14.492 [main] DEBUG org.activiti.engine.impl.db.DbSqlSession - executing: delete VariableInstanceEntity[id=2557, name=user, type=string, textValue=groupLeader]
16:46:14.492 [main] DEBUG org.activiti.engine.impl.persistence.entity.VariableInstanceEntity.deleteVariableInstance - ==>  Preparing: delete from ACT_RU_VARIABLE where ID_ = ? and REV_ = ? 
16:46:14.492 [main] DEBUG org.activiti.engine.impl.persistence.entity.VariableInstanceEntity.deleteVariableInstance - ==> Parameters: 2557(String), 1(Integer)
16:46:14.492 [main] DEBUG org.activiti.engine.impl.persistence.entity.VariableInstanceEntity.deleteVariableInstance - <==    Updates: 1
16:46:14.492 [main] DEBUG org.activiti.engine.impl.db.DbSqlSession - executing: delete ConcurrentExecution[2553]
16:46:14.492 [main] DEBUG org.activiti.engine.impl.persistence.entity.ExecutionEntity.deleteExecution - ==>  Preparing: delete from ACT_RU_EXECUTION where ID_ = ? and REV_ = ? 
16:46:14.492 [main] DEBUG org.activiti.engine.impl.persistence.entity.ExecutionEntity.deleteExecution - ==> Parameters: 2553(String), 1(Integer)
16:46:14.492 [main] DEBUG org.activiti.engine.impl.persistence.entity.ExecutionEntity.deleteExecution - <==    Updates: 1
16:46:14.492 [main] DEBUG org.activiti.engine.impl.db.DbSqlSession - executing: delete VariableInstanceEntity[id=2560, name=loopCounter, type=integer, longValue=1, textValue=1]
16:46:14.492 [main] DEBUG org.activiti.engine.impl.persistence.entity.VariableInstanceEntity.deleteVariableInstance - ==>  Preparing: delete from ACT_RU_VARIABLE where ID_ = ? and REV_ = ? 
16:46:14.492 [main] DEBUG org.activiti.engine.impl.persistence.entity.VariableInstanceEntity.deleteVariableInstance - ==> Parameters: 2560(String), 1(Integer)
16:46:14.492 [main] DEBUG org.activiti.engine.impl.persistence.entity.VariableInstanceEntity.deleteVariableInstance - <==    Updates: 1
16:46:14.492 [main] DEBUG org.activiti.engine.impl.db.DbSqlSession - executing: delete VariableInstanceEntity[id=2561, name=user, type=string, textValue=deptLeader]
16:46:14.492 [main] DEBUG org.activiti.engine.impl.persistence.entity.VariableInstanceEntity.deleteVariableInstance - ==>  Preparing: delete from ACT_RU_VARIABLE where ID_ = ? and REV_ = ? 
16:46:14.492 [main] DEBUG org.activiti.engine.impl.persistence.entity.VariableInstanceEntity.deleteVariableInstance - ==> Parameters: 2561(String), 1(Integer)
16:46:14.492 [main] DEBUG org.activiti.engine.impl.persistence.entity.VariableInstanceEntity.deleteVariableInstance - <==    Updates: 1
16:46:14.492 [main] DEBUG org.activiti.engine.impl.db.DbSqlSession - executing: delete ConcurrentExecution[2554]
16:46:14.493 [main] DEBUG org.activiti.engine.impl.persistence.entity.ExecutionEntity.deleteExecution - ==>  Preparing: delete from ACT_RU_EXECUTION where ID_ = ? and REV_ = ? 
16:46:14.493 [main] DEBUG org.activiti.engine.impl.persistence.entity.ExecutionEntity.deleteExecution - ==> Parameters: 2554(String), 1(Integer)
16:46:14.493 [main] DEBUG org.activiti.engine.impl.persistence.entity.ExecutionEntity.deleteExecution - <==    Updates: 1
16:46:14.493 [main] DEBUG org.activiti.engine.impl.db.DbSqlSession - executing: delete VariableInstanceEntity[id=2565, name=loopCounter, type=integer, longValue=2, textValue=2]
16:46:14.493 [main] DEBUG org.activiti.engine.impl.persistence.entity.VariableInstanceEntity.deleteVariableInstance - ==>  Preparing: delete from ACT_RU_VARIABLE where ID_ = ? and REV_ = ? 
16:46:14.493 [main] DEBUG org.activiti.engine.impl.persistence.entity.VariableInstanceEntity.deleteVariableInstance - ==> Parameters: 2565(String), 1(Integer)
16:46:14.493 [main] DEBUG org.activiti.engine.impl.persistence.entity.VariableInstanceEntity.deleteVariableInstance - <==    Updates: 1
16:46:14.493 [main] DEBUG org.activiti.engine.impl.db.DbSqlSession - executing: delete VariableInstanceEntity[id=2566, name=user, type=string, textValue=hr]
16:46:14.493 [main] DEBUG org.activiti.engine.impl.persistence.entity.VariableInstanceEntity.deleteVariableInstance - ==>  Preparing: delete from ACT_RU_VARIABLE where ID_ = ? and REV_ = ? 
16:46:14.493 [main] DEBUG org.activiti.engine.impl.persistence.entity.VariableInstanceEntity.deleteVariableInstance - ==> Parameters: 2566(String), 1(Integer)
16:46:14.493 [main] DEBUG org.activiti.engine.impl.persistence.entity.VariableInstanceEntity.deleteVariableInstance - <==    Updates: 1
16:46:14.493 [main] DEBUG org.activiti.engine.impl.db.DbSqlSession - executing: delete ConcurrentExecution[2555]
16:46:14.493 [main] DEBUG org.activiti.engine.impl.persistence.entity.ExecutionEntity.deleteExecution - ==>  Preparing: delete from ACT_RU_EXECUTION where ID_ = ? and REV_ = ? 
16:46:14.493 [main] DEBUG org.activiti.engine.impl.persistence.entity.ExecutionEntity.deleteExecution - ==> Parameters: 2555(String), 1(Integer)
16:46:14.493 [main] DEBUG org.activiti.engine.impl.persistence.entity.ExecutionEntity.deleteExecution - <==    Updates: 1
16:46:14.493 [main] DEBUG org.activiti.engine.impl.db.DbSqlSession - executing: delete VariableInstanceEntity[id=2550, name=nrOfInstances, type=integer, longValue=3, textValue=3]
16:46:14.493 [main] DEBUG org.activiti.engine.impl.persistence.entity.VariableInstanceEntity.deleteVariableInstance - ==>  Preparing: delete from ACT_RU_VARIABLE where ID_ = ? and REV_ = ? 
16:46:14.493 [main] DEBUG org.activiti.engine.impl.persistence.entity.VariableInstanceEntity.deleteVariableInstance - ==> Parameters: 2550(String), 1(Integer)
16:46:14.493 [main] DEBUG org.activiti.engine.impl.persistence.entity.VariableInstanceEntity.deleteVariableInstance - <==    Updates: 1
16:46:14.493 [main] DEBUG org.activiti.engine.impl.db.DbSqlSession - executing: delete VariableInstanceEntity[id=2551, name=nrOfCompletedInstances, type=integer, longValue=0, textValue=0]
16:46:14.493 [main] DEBUG org.activiti.engine.impl.persistence.entity.VariableInstanceEntity.deleteVariableInstance - ==>  Preparing: delete from ACT_RU_VARIABLE where ID_ = ? and REV_ = ? 
16:46:14.493 [main] DEBUG org.activiti.engine.impl.persistence.entity.VariableInstanceEntity.deleteVariableInstance - ==> Parameters: 2551(String), 1(Integer)
16:46:14.493 [main] DEBUG org.activiti.engine.impl.persistence.entity.VariableInstanceEntity.deleteVariableInstance - <==    Updates: 1
16:46:14.493 [main] DEBUG org.activiti.engine.impl.db.DbSqlSession - executing: delete VariableInstanceEntity[id=2552, name=nrOfActiveInstances, type=integer, longValue=3, textValue=3]
16:46:14.493 [main] DEBUG org.activiti.engine.impl.persistence.entity.VariableInstanceEntity.deleteVariableInstance - ==>  Preparing: delete from ACT_RU_VARIABLE where ID_ = ? and REV_ = ? 
16:46:14.493 [main] DEBUG org.activiti.engine.impl.persistence.entity.VariableInstanceEntity.deleteVariableInstance - ==> Parameters: 2552(String), 1(Integer)
16:46:14.493 [main] DEBUG org.activiti.engine.impl.persistence.entity.VariableInstanceEntity.deleteVariableInstance - <==    Updates: 1
16:46:14.493 [main] DEBUG org.activiti.engine.impl.db.DbSqlSession - executing: delete Execution[2548]
16:46:14.493 [main] DEBUG org.activiti.engine.impl.persistence.entity.ExecutionEntity.deleteExecution - ==>  Preparing: delete from ACT_RU_EXECUTION where ID_ = ? and REV_ = ? 
16:46:14.493 [main] DEBUG org.activiti.engine.impl.persistence.entity.ExecutionEntity.deleteExecution - ==> Parameters: 2548(String), 1(Integer)
16:46:14.494 [main] DEBUG org.activiti.engine.impl.persistence.entity.ExecutionEntity.deleteExecution - <==    Updates: 1
16:46:14.494 [main] DEBUG org.activiti.engine.impl.db.DbSqlSession - executing: delete VariableInstanceEntity[id=2541, name=applyUserId, type=string, textValue=henryyan]
16:46:14.494 [main] DEBUG org.activiti.engine.impl.persistence.entity.VariableInstanceEntity.deleteVariableInstance - ==>  Preparing: delete from ACT_RU_VARIABLE where ID_ = ? and REV_ = ? 
16:46:14.494 [main] DEBUG org.activiti.engine.impl.persistence.entity.VariableInstanceEntity.deleteVariableInstance - ==> Parameters: 2541(String), 1(Integer)
16:46:14.494 [main] DEBUG org.activiti.engine.impl.persistence.entity.VariableInstanceEntity.deleteVariableInstance - <==    Updates: 1
16:46:14.494 [main] DEBUG org.activiti.engine.impl.db.DbSqlSession - executing: delete VariableInstanceEntity[id=2545, name=users, type=serializable, byteArrayValueId=2544]
16:46:14.494 [main] DEBUG org.activiti.engine.impl.persistence.entity.VariableInstanceEntity.deleteVariableInstance - ==>  Preparing: delete from ACT_RU_VARIABLE where ID_ = ? and REV_ = ? 
16:46:14.494 [main] DEBUG org.activiti.engine.impl.persistence.entity.VariableInstanceEntity.deleteVariableInstance - ==> Parameters: 2545(String), 1(Integer)
16:46:14.494 [main] DEBUG org.activiti.engine.impl.persistence.entity.VariableInstanceEntity.deleteVariableInstance - <==    Updates: 1
16:46:14.494 [main] DEBUG org.activiti.engine.impl.db.DbSqlSession - executing: delete ByteArrayEntity[id=2544, name=var-users, size=145]
16:46:14.494 [main] DEBUG org.activiti.engine.impl.persistence.entity.ByteArrayEntity.deleteByteArray - ==>  Preparing: delete from ACT_GE_BYTEARRAY where ID_ = ? and REV_ = ? 
16:46:14.525 [main] DEBUG org.activiti.engine.impl.persistence.entity.ByteArrayEntity.deleteByteArray - ==> Parameters: 2544(String), 1(Integer)
16:46:14.525 [main] DEBUG org.activiti.engine.impl.persistence.entity.ByteArrayEntity.deleteByteArray - <==    Updates: 1
16:46:14.525 [main] DEBUG org.activiti.engine.impl.db.DbSqlSession - executing: delete VariableInstanceEntity[id=2547, name=approvedCounter, type=long, longValue=0, textValue=0]
16:46:14.525 [main] DEBUG org.activiti.engine.impl.persistence.entity.VariableInstanceEntity.deleteVariableInstance - ==>  Preparing: delete from ACT_RU_VARIABLE where ID_ = ? and REV_ = ? 
16:46:14.526 [main] DEBUG org.activiti.engine.impl.persistence.entity.VariableInstanceEntity.deleteVariableInstance - ==> Parameters: 2547(String), 1(Integer)
16:46:14.526 [main] DEBUG org.activiti.engine.impl.persistence.entity.VariableInstanceEntity.deleteVariableInstance - <==    Updates: 1
16:46:14.526 [main] DEBUG org.activiti.engine.impl.db.DbSqlSession - executing: delete IdentityLinkEntity[id=2542, type=starter, userId=henryyan, processInstanceId=2540]
16:46:14.526 [main] DEBUG org.activiti.engine.impl.persistence.entity.IdentityLinkEntity.deleteIdentityLink - ==>  Preparing: delete from ACT_RU_IDENTITYLINK where ID_ = ? 
16:46:14.526 [main] DEBUG org.activiti.engine.impl.persistence.entity.IdentityLinkEntity.deleteIdentityLink - ==> Parameters: 2542(String)
16:46:14.526 [main] DEBUG org.activiti.engine.impl.persistence.entity.IdentityLinkEntity.deleteIdentityLink - <==    Updates: 1
16:46:14.526 [main] DEBUG org.activiti.engine.impl.db.DbSqlSession - executing: delete IdentityLinkEntity[id=2559, type=participant, userId=groupLeader, processInstanceId=2540]
16:46:14.526 [main] DEBUG org.activiti.engine.impl.persistence.entity.IdentityLinkEntity.deleteIdentityLink - ==>  Preparing: delete from ACT_RU_IDENTITYLINK where ID_ = ? 
16:46:14.526 [main] DEBUG org.activiti.engine.impl.persistence.entity.IdentityLinkEntity.deleteIdentityLink - ==> Parameters: 2559(String)
16:46:14.526 [main] DEBUG org.activiti.engine.impl.persistence.entity.IdentityLinkEntity.deleteIdentityLink - <==    Updates: 1
16:46:14.526 [main] DEBUG org.activiti.engine.impl.db.DbSqlSession - executing: delete IdentityLinkEntity[id=2564, type=participant, userId=deptLeader, processInstanceId=2540]
16:46:14.526 [main] DEBUG org.activiti.engine.impl.persistence.entity.IdentityLinkEntity.deleteIdentityLink - ==>  Preparing: delete from ACT_RU_IDENTITYLINK where ID_ = ? 
16:46:14.526 [main] DEBUG org.activiti.engine.impl.persistence.entity.IdentityLinkEntity.deleteIdentityLink - ==> Parameters: 2564(String)
16:46:14.526 [main] DEBUG org.activiti.engine.impl.persistence.entity.IdentityLinkEntity.deleteIdentityLink - <==    Updates: 1
16:46:14.526 [main] DEBUG org.activiti.engine.impl.db.DbSqlSession - executing: delete IdentityLinkEntity[id=2569, type=participant, userId=hr, processInstanceId=2540]
16:46:14.526 [main] DEBUG org.activiti.engine.impl.persistence.entity.IdentityLinkEntity.deleteIdentityLink - ==>  Preparing: delete from ACT_RU_IDENTITYLINK where ID_ = ? 
16:46:14.526 [main] DEBUG org.activiti.engine.impl.persistence.entity.IdentityLinkEntity.deleteIdentityLink - ==> Parameters: 2569(String)
16:46:14.526 [main] DEBUG org.activiti.engine.impl.persistence.entity.IdentityLinkEntity.deleteIdentityLink - <==    Updates: 1
16:46:14.526 [main] DEBUG org.activiti.engine.impl.db.DbSqlSession - executing: delete ProcessInstance[2540]
16:46:14.526 [main] DEBUG org.activiti.engine.impl.persistence.entity.ExecutionEntity.deleteExecution - ==>  Preparing: delete from ACT_RU_EXECUTION where ID_ = ? and REV_ = ? 
16:46:14.526 [main] DEBUG org.activiti.engine.impl.persistence.entity.ExecutionEntity.deleteExecution - ==> Parameters: 2540(String), 1(Integer)
16:46:14.526 [main] DEBUG org.activiti.engine.impl.persistence.entity.ExecutionEntity.deleteExecution - <==    Updates: 1
16:46:14.526 [main] DEBUG org.activiti.engine.impl.db.DbSqlSession - executing: delete HistoricVariableInstanceEntity[id=2541, name=applyUserId, revision=0, type=string, textValue=henryyan]
16:46:14.526 [main] DEBUG org.activiti.engine.impl.persistence.entity.HistoricVariableInstanceEntity.deleteHistoricVariableInstance - ==>  Preparing: delete from ACT_HI_VARINST where ID_ = ? and REV_ = ? 
16:46:14.527 [main] DEBUG org.activiti.engine.impl.persistence.entity.HistoricVariableInstanceEntity.deleteHistoricVariableInstance - ==> Parameters: 2541(String), 0(Integer)
16:46:14.527 [main] DEBUG org.activiti.engine.impl.persistence.entity.HistoricVariableInstanceEntity.deleteHistoricVariableInstance - <==    Updates: 1
16:46:14.527 [main] DEBUG org.activiti.engine.impl.db.DbSqlSession - executing: delete HistoricVariableInstanceEntity[id=2545, name=users, revision=0, type=serializable, byteArrayValueId=2546]
16:46:14.527 [main] DEBUG org.activiti.engine.impl.persistence.entity.HistoricVariableInstanceEntity.deleteHistoricVariableInstance - ==>  Preparing: delete from ACT_HI_VARINST where ID_ = ? and REV_ = ? 
16:46:14.527 [main] DEBUG org.activiti.engine.impl.persistence.entity.HistoricVariableInstanceEntity.deleteHistoricVariableInstance - ==> Parameters: 2545(String), 0(Integer)
16:46:14.527 [main] DEBUG org.activiti.engine.impl.persistence.entity.HistoricVariableInstanceEntity.deleteHistoricVariableInstance - <==    Updates: 1
16:46:14.527 [main] DEBUG org.activiti.engine.impl.db.DbSqlSession - executing: delete ByteArrayEntity[id=2546, name=hist.var-users, size=145]
16:46:14.527 [main] DEBUG org.activiti.engine.impl.persistence.entity.ByteArrayEntity.deleteByteArray - ==>  Preparing: delete from ACT_GE_BYTEARRAY where ID_ = ? and REV_ = ? 
16:46:14.527 [main] DEBUG org.activiti.engine.impl.persistence.entity.ByteArrayEntity.deleteByteArray - ==> Parameters: 2546(String), 1(Integer)
16:46:14.527 [main] DEBUG org.activiti.engine.impl.persistence.entity.ByteArrayEntity.deleteByteArray - <==    Updates: 1
16:46:14.527 [main] DEBUG org.activiti.engine.impl.db.DbSqlSession - executing: delete HistoricVariableInstanceEntity[id=2547, name=approvedCounter, revision=0, type=long, longValue=0, textValue=0]
16:46:14.527 [main] DEBUG org.activiti.engine.impl.persistence.entity.HistoricVariableInstanceEntity.deleteHistoricVariableInstance - ==>  Preparing: delete from ACT_HI_VARINST where ID_ = ? and REV_ = ? 
16:46:14.527 [main] DEBUG org.activiti.engine.impl.persistence.entity.HistoricVariableInstanceEntity.deleteHistoricVariableInstance - ==> Parameters: 2547(String), 0(Integer)
16:46:14.527 [main] DEBUG org.activiti.engine.impl.persistence.entity.HistoricVariableInstanceEntity.deleteHistoricVariableInstance - <==    Updates: 1
16:46:14.527 [main] DEBUG org.activiti.engine.impl.db.DbSqlSession - executing: delete HistoricVariableInstanceEntity[id=2550, name=nrOfInstances, revision=0, type=integer, longValue=3, textValue=3]
16:46:14.527 [main] DEBUG org.activiti.engine.impl.persistence.entity.HistoricVariableInstanceEntity.deleteHistoricVariableInstance - ==>  Preparing: delete from ACT_HI_VARINST where ID_ = ? and REV_ = ? 
16:46:14.527 [main] DEBUG org.activiti.engine.impl.persistence.entity.HistoricVariableInstanceEntity.deleteHistoricVariableInstance - ==> Parameters: 2550(String), 0(Integer)
16:46:14.527 [main] DEBUG org.activiti.engine.impl.persistence.entity.HistoricVariableInstanceEntity.deleteHistoricVariableInstance - <==    Updates: 1
16:46:14.527 [main] DEBUG org.activiti.engine.impl.db.DbSqlSession - executing: delete HistoricVariableInstanceEntity[id=2551, name=nrOfCompletedInstances, revision=0, type=integer, longValue=0, textValue=0]
16:46:14.527 [main] DEBUG org.activiti.engine.impl.persistence.entity.HistoricVariableInstanceEntity.deleteHistoricVariableInstance - ==>  Preparing: delete from ACT_HI_VARINST where ID_ = ? and REV_ = ? 
16:46:14.527 [main] DEBUG org.activiti.engine.impl.persistence.entity.HistoricVariableInstanceEntity.deleteHistoricVariableInstance - ==> Parameters: 2551(String), 0(Integer)
16:46:14.527 [main] DEBUG org.activiti.engine.impl.persistence.entity.HistoricVariableInstanceEntity.deleteHistoricVariableInstance - <==    Updates: 1
16:46:14.527 [main] DEBUG org.activiti.engine.impl.db.DbSqlSession - executing: delete HistoricVariableInstanceEntity[id=2552, name=nrOfActiveInstances, revision=0, type=integer, longValue=3, textValue=3]
16:46:14.527 [main] DEBUG org.activiti.engine.impl.persistence.entity.HistoricVariableInstanceEntity.deleteHistoricVariableInstance - ==>  Preparing: delete from ACT_HI_VARINST where ID_ = ? and REV_ = ? 
16:46:14.527 [main] DEBUG org.activiti.engine.impl.persistence.entity.HistoricVariableInstanceEntity.deleteHistoricVariableInstance - ==> Parameters: 2552(String), 0(Integer)
16:46:14.527 [main] DEBUG org.activiti.engine.impl.persistence.entity.HistoricVariableInstanceEntity.deleteHistoricVariableInstance - <==    Updates: 1
16:46:14.527 [main] DEBUG org.activiti.engine.impl.db.DbSqlSession - executing: delete HistoricVariableInstanceEntity[id=2556, name=loopCounter, revision=0, type=integer, longValue=0, textValue=0]
16:46:14.537 [main] DEBUG org.activiti.engine.impl.persistence.entity.HistoricVariableInstanceEntity.deleteHistoricVariableInstance - ==>  Preparing: delete from ACT_HI_VARINST where ID_ = ? and REV_ = ? 
16:46:14.537 [main] DEBUG org.activiti.engine.impl.persistence.entity.HistoricVariableInstanceEntity.deleteHistoricVariableInstance - ==> Parameters: 2556(String), 0(Integer)
16:46:14.537 [main] DEBUG org.activiti.engine.impl.persistence.entity.HistoricVariableInstanceEntity.deleteHistoricVariableInstance - <==    Updates: 1
16:46:14.537 [main] DEBUG org.activiti.engine.impl.db.DbSqlSession - executing: delete HistoricVariableInstanceEntity[id=2557, name=user, revision=0, type=string, textValue=groupLeader]
16:46:14.537 [main] DEBUG org.activiti.engine.impl.persistence.entity.HistoricVariableInstanceEntity.deleteHistoricVariableInstance - ==>  Preparing: delete from ACT_HI_VARINST where ID_ = ? and REV_ = ? 
16:46:14.537 [main] DEBUG org.activiti.engine.impl.persistence.entity.HistoricVariableInstanceEntity.deleteHistoricVariableInstance - ==> Parameters: 2557(String), 0(Integer)
16:46:14.537 [main] DEBUG org.activiti.engine.impl.persistence.entity.HistoricVariableInstanceEntity.deleteHistoricVariableInstance - <==    Updates: 1
16:46:14.537 [main] DEBUG org.activiti.engine.impl.db.DbSqlSession - executing: delete HistoricVariableInstanceEntity[id=2560, name=loopCounter, revision=0, type=integer, longValue=1, textValue=1]
16:46:14.537 [main] DEBUG org.activiti.engine.impl.persistence.entity.HistoricVariableInstanceEntity.deleteHistoricVariableInstance - ==>  Preparing: delete from ACT_HI_VARINST where ID_ = ? and REV_ = ? 
16:46:14.537 [main] DEBUG org.activiti.engine.impl.persistence.entity.HistoricVariableInstanceEntity.deleteHistoricVariableInstance - ==> Parameters: 2560(String), 0(Integer)
16:46:14.537 [main] DEBUG org.activiti.engine.impl.persistence.entity.HistoricVariableInstanceEntity.deleteHistoricVariableInstance - <==    Updates: 1
16:46:14.537 [main] DEBUG org.activiti.engine.impl.db.DbSqlSession - executing: delete HistoricVariableInstanceEntity[id=2561, name=user, revision=0, type=string, textValue=deptLeader]
16:46:14.537 [main] DEBUG org.activiti.engine.impl.persistence.entity.HistoricVariableInstanceEntity.deleteHistoricVariableInstance - ==>  Preparing: delete from ACT_HI_VARINST where ID_ = ? and REV_ = ? 
16:46:14.537 [main] DEBUG org.activiti.engine.impl.persistence.entity.HistoricVariableInstanceEntity.deleteHistoricVariableInstance - ==> Parameters: 2561(String), 0(Integer)
16:46:14.537 [main] DEBUG org.activiti.engine.impl.persistence.entity.HistoricVariableInstanceEntity.deleteHistoricVariableInstance - <==    Updates: 1
16:46:14.537 [main] DEBUG org.activiti.engine.impl.db.DbSqlSession - executing: delete HistoricVariableInstanceEntity[id=2565, name=loopCounter, revision=0, type=integer, longValue=2, textValue=2]
16:46:14.538 [main] DEBUG org.activiti.engine.impl.persistence.entity.HistoricVariableInstanceEntity.deleteHistoricVariableInstance - ==>  Preparing: delete from ACT_HI_VARINST where ID_ = ? and REV_ = ? 
16:46:14.538 [main] DEBUG org.activiti.engine.impl.persistence.entity.HistoricVariableInstanceEntity.deleteHistoricVariableInstance - ==> Parameters: 2565(String), 0(Integer)
16:46:14.538 [main] DEBUG org.activiti.engine.impl.persistence.entity.HistoricVariableInstanceEntity.deleteHistoricVariableInstance - <==    Updates: 1
16:46:14.538 [main] DEBUG org.activiti.engine.impl.db.DbSqlSession - executing: delete HistoricVariableInstanceEntity[id=2566, name=user, revision=0, type=string, textValue=hr]
16:46:14.538 [main] DEBUG org.activiti.engine.impl.persistence.entity.HistoricVariableInstanceEntity.deleteHistoricVariableInstance - ==>  Preparing: delete from ACT_HI_VARINST where ID_ = ? and REV_ = ? 
16:46:14.538 [main] DEBUG org.activiti.engine.impl.persistence.entity.HistoricVariableInstanceEntity.deleteHistoricVariableInstance - ==> Parameters: 2566(String), 0(Integer)
16:46:14.538 [main] DEBUG org.activiti.engine.impl.persistence.entity.HistoricVariableInstanceEntity.deleteHistoricVariableInstance - <==    Updates: 1
16:46:14.538 [main] DEBUG org.activiti.engine.impl.db.DbSqlSession - executing: bulk delete: deleteHistoricActivityInstancesByProcessInstanceId(2540)
16:46:14.538 [main] DEBUG org.activiti.engine.impl.persistence.entity.HistoricActivityInstanceEntity.deleteHistoricActivityInstancesByProcessInstanceId - ==>  Preparing: delete from ACT_HI_ACTINST where PROC_INST_ID_ = ? 
16:46:14.538 [main] DEBUG org.activiti.engine.impl.persistence.entity.HistoricActivityInstanceEntity.deleteHistoricActivityInstancesByProcessInstanceId - ==> Parameters: 2540(String)
16:46:14.538 [main] DEBUG org.activiti.engine.impl.persistence.entity.HistoricActivityInstanceEntity.deleteHistoricActivityInstancesByProcessInstanceId - <==    Updates: 4
16:46:14.538 [main] DEBUG org.activiti.engine.impl.db.DbSqlSession - executing: bulk delete: deleteCommentsByTaskId(2558)
16:46:14.538 [main] DEBUG org.activiti.engine.impl.persistence.entity.CommentEntity.deleteCommentsByTaskId - ==>  Preparing: delete from ACT_HI_COMMENT where TASK_ID_ = ? 
16:46:14.538 [main] DEBUG org.activiti.engine.impl.persistence.entity.CommentEntity.deleteCommentsByTaskId - ==> Parameters: 2558(String)
16:46:14.538 [main] DEBUG org.activiti.engine.impl.persistence.entity.CommentEntity.deleteCommentsByTaskId - <==    Updates: 0
16:46:14.538 [main] DEBUG org.activiti.engine.impl.db.DbSqlSession - executing: bulk delete: deleteCommentsByTaskId(2563)
16:46:14.538 [main] DEBUG org.activiti.engine.impl.persistence.entity.CommentEntity.deleteCommentsByTaskId - ==>  Preparing: delete from ACT_HI_COMMENT where TASK_ID_ = ? 
16:46:14.538 [main] DEBUG org.activiti.engine.impl.persistence.entity.CommentEntity.deleteCommentsByTaskId - ==> Parameters: 2563(String)
16:46:14.538 [main] DEBUG org.activiti.engine.impl.persistence.entity.CommentEntity.deleteCommentsByTaskId - <==    Updates: 0
16:46:14.538 [main] DEBUG org.activiti.engine.impl.db.DbSqlSession - executing: bulk delete: deleteCommentsByTaskId(2568)
16:46:14.538 [main] DEBUG org.activiti.engine.impl.persistence.entity.CommentEntity.deleteCommentsByTaskId - ==>  Preparing: delete from ACT_HI_COMMENT where TASK_ID_ = ? 
16:46:14.538 [main] DEBUG org.activiti.engine.impl.persistence.entity.CommentEntity.deleteCommentsByTaskId - ==> Parameters: 2568(String)
16:46:14.538 [main] DEBUG org.activiti.engine.impl.persistence.entity.CommentEntity.deleteCommentsByTaskId - <==    Updates: 0
16:46:14.538 [main] DEBUG org.activiti.engine.impl.db.DbSqlSession - executing: delete org.activiti.engine.impl.persistence.entity.HistoricIdentityLinkEntity@76d05cc9
16:46:14.538 [main] DEBUG org.activiti.engine.impl.persistence.entity.HistoricIdentityLinkEntity.deleteHistoricIdentityLink - ==>  Preparing: delete from ACT_HI_IDENTITYLINK where ID_ = ? 
16:46:14.538 [main] DEBUG org.activiti.engine.impl.persistence.entity.HistoricIdentityLinkEntity.deleteHistoricIdentityLink - ==> Parameters: 2542(String)
16:46:14.538 [main] DEBUG org.activiti.engine.impl.persistence.entity.HistoricIdentityLinkEntity.deleteHistoricIdentityLink - <==    Updates: 1
16:46:14.538 [main] DEBUG org.activiti.engine.impl.db.DbSqlSession - executing: delete org.activiti.engine.impl.persistence.entity.HistoricIdentityLinkEntity@236134a1
16:46:14.538 [main] DEBUG org.activiti.engine.impl.persistence.entity.HistoricIdentityLinkEntity.deleteHistoricIdentityLink - ==>  Preparing: delete from ACT_HI_IDENTITYLINK where ID_ = ? 
16:46:14.539 [main] DEBUG org.activiti.engine.impl.persistence.entity.HistoricIdentityLinkEntity.deleteHistoricIdentityLink - ==> Parameters: 2559(String)
16:46:14.539 [main] DEBUG org.activiti.engine.impl.persistence.entity.HistoricIdentityLinkEntity.deleteHistoricIdentityLink - <==    Updates: 1
16:46:14.539 [main] DEBUG org.activiti.engine.impl.db.DbSqlSession - executing: delete org.activiti.engine.impl.persistence.entity.HistoricIdentityLinkEntity@42b21d99
16:46:14.539 [main] DEBUG org.activiti.engine.impl.persistence.entity.HistoricIdentityLinkEntity.deleteHistoricIdentityLink - ==>  Preparing: delete from ACT_HI_IDENTITYLINK where ID_ = ? 
16:46:14.539 [main] DEBUG org.activiti.engine.impl.persistence.entity.HistoricIdentityLinkEntity.deleteHistoricIdentityLink - ==> Parameters: 2564(String)
16:46:14.539 [main] DEBUG org.activiti.engine.impl.persistence.entity.HistoricIdentityLinkEntity.deleteHistoricIdentityLink - <==    Updates: 1
16:46:14.539 [main] DEBUG org.activiti.engine.impl.db.DbSqlSession - executing: delete org.activiti.engine.impl.persistence.entity.HistoricIdentityLinkEntity@369c9bb
16:46:14.539 [main] DEBUG org.activiti.engine.impl.persistence.entity.HistoricIdentityLinkEntity.deleteHistoricIdentityLink - ==>  Preparing: delete from ACT_HI_IDENTITYLINK where ID_ = ? 
16:46:14.539 [main] DEBUG org.activiti.engine.impl.persistence.entity.HistoricIdentityLinkEntity.deleteHistoricIdentityLink - ==> Parameters: 2569(String)
16:46:14.539 [main] DEBUG org.activiti.engine.impl.persistence.entity.HistoricIdentityLinkEntity.deleteHistoricIdentityLink - <==    Updates: 1
16:46:14.539 [main] DEBUG org.activiti.engine.impl.db.DbSqlSession - executing: bulk delete: deleteCommentsByProcessInstanceId(2540)
16:46:14.539 [main] DEBUG org.activiti.engine.impl.persistence.entity.CommentEntity.deleteCommentsByProcessInstanceId - ==>  Preparing: delete from ACT_HI_COMMENT where PROC_INST_ID_ = ? 
16:46:14.539 [main] DEBUG org.activiti.engine.impl.persistence.entity.CommentEntity.deleteCommentsByProcessInstanceId - ==> Parameters: 2540(String)
16:46:14.539 [main] DEBUG org.activiti.engine.impl.persistence.entity.CommentEntity.deleteCommentsByProcessInstanceId - <==    Updates: 0
16:46:14.539 [main] DEBUG org.activiti.engine.impl.db.DbSqlSession - executing: delete HistoricProcessInstanceEntity[superProcessInstanceId=null]
16:46:14.539 [main] DEBUG org.activiti.engine.impl.persistence.entity.HistoricProcessInstanceEntity.deleteHistoricProcessInstance - ==>  Preparing: delete from ACT_HI_PROCINST where PROC_INST_ID_ = ? 
16:46:14.539 [main] DEBUG org.activiti.engine.impl.persistence.entity.HistoricProcessInstanceEntity.deleteHistoricProcessInstance - ==> Parameters: 2540(String)
16:46:14.539 [main] DEBUG org.activiti.engine.impl.persistence.entity.HistoricProcessInstanceEntity.deleteHistoricProcessInstance - <==    Updates: 1
16:46:14.539 [main] DEBUG org.activiti.engine.impl.db.DbSqlSession - executing: bulk delete: deleteHistoricActivityInstancesByProcessInstanceId(2540)
16:46:14.539 [main] DEBUG org.activiti.engine.impl.persistence.entity.HistoricActivityInstanceEntity.deleteHistoricActivityInstancesByProcessInstanceId - ==>  Preparing: delete from ACT_HI_ACTINST where PROC_INST_ID_ = ? 
16:46:14.539 [main] DEBUG org.activiti.engine.impl.persistence.entity.HistoricActivityInstanceEntity.deleteHistoricActivityInstancesByProcessInstanceId - ==> Parameters: 2540(String)
16:46:14.539 [main] DEBUG org.activiti.engine.impl.persistence.entity.HistoricActivityInstanceEntity.deleteHistoricActivityInstancesByProcessInstanceId - <==    Updates: 0
16:46:14.539 [main] DEBUG org.activiti.engine.impl.db.DbSqlSession - executing: bulk delete: deleteCommentsByTaskId(2558)
16:46:14.539 [main] DEBUG org.activiti.engine.impl.persistence.entity.CommentEntity.deleteCommentsByTaskId - ==>  Preparing: delete from ACT_HI_COMMENT where TASK_ID_ = ? 
16:46:14.539 [main] DEBUG org.activiti.engine.impl.persistence.entity.CommentEntity.deleteCommentsByTaskId - ==> Parameters: 2558(String)
16:46:14.539 [main] DEBUG org.activiti.engine.impl.persistence.entity.CommentEntity.deleteCommentsByTaskId - <==    Updates: 0
16:46:14.539 [main] DEBUG org.activiti.engine.impl.db.DbSqlSession - executing: bulk delete: deleteCommentsByTaskId(2563)
16:46:14.539 [main] DEBUG org.activiti.engine.impl.persistence.entity.CommentEntity.deleteCommentsByTaskId - ==>  Preparing: delete from ACT_HI_COMMENT where TASK_ID_ = ? 
16:46:14.539 [main] DEBUG org.activiti.engine.impl.persistence.entity.CommentEntity.deleteCommentsByTaskId - ==> Parameters: 2563(String)
16:46:14.539 [main] DEBUG org.activiti.engine.impl.persistence.entity.CommentEntity.deleteCommentsByTaskId - <==    Updates: 0
16:46:14.539 [main] DEBUG org.activiti.engine.impl.db.DbSqlSession - executing: bulk delete: deleteCommentsByTaskId(2568)
16:46:14.539 [main] DEBUG org.activiti.engine.impl.persistence.entity.CommentEntity.deleteCommentsByTaskId - ==>  Preparing: delete from ACT_HI_COMMENT where TASK_ID_ = ? 
16:46:14.539 [main] DEBUG org.activiti.engine.impl.persistence.entity.CommentEntity.deleteCommentsByTaskId - ==> Parameters: 2568(String)
16:46:14.540 [main] DEBUG org.activiti.engine.impl.persistence.entity.CommentEntity.deleteCommentsByTaskId - <==    Updates: 0
16:46:14.540 [main] DEBUG org.activiti.engine.impl.db.DbSqlSession - executing: bulk delete: deleteCommentsByProcessInstanceId(2540)
16:46:14.540 [main] DEBUG org.activiti.engine.impl.persistence.entity.CommentEntity.deleteCommentsByProcessInstanceId - ==>  Preparing: delete from ACT_HI_COMMENT where PROC_INST_ID_ = ? 
16:46:14.540 [main] DEBUG org.activiti.engine.impl.persistence.entity.CommentEntity.deleteCommentsByProcessInstanceId - ==> Parameters: 2540(String)
16:46:14.540 [main] DEBUG org.activiti.engine.impl.persistence.entity.CommentEntity.deleteCommentsByProcessInstanceId - <==    Updates: 0
16:46:14.540 [main] DEBUG org.activiti.engine.impl.db.DbSqlSession - executing: bulk delete: deleteIdentityLinkByProcDef(leave-countersign:1:2539)
16:46:14.540 [main] DEBUG org.activiti.engine.impl.persistence.entity.IdentityLinkEntity.deleteIdentityLinkByProcDef - ==>  Preparing: delete from ACT_RU_IDENTITYLINK where PROC_DEF_ID_ = ? 
16:46:14.540 [main] DEBUG org.activiti.engine.impl.persistence.entity.IdentityLinkEntity.deleteIdentityLinkByProcDef - ==> Parameters: leave-countersign:1:2539(String)
16:46:14.540 [main] DEBUG org.activiti.engine.impl.persistence.entity.IdentityLinkEntity.deleteIdentityLinkByProcDef - <==    Updates: 0
16:46:14.540 [main] DEBUG org.activiti.engine.impl.db.DbSqlSession - executing: bulk delete: deleteEventSubscriptionsForProcessDefinition(leave-countersign:1:2539)
16:46:14.540 [main] DEBUG org.activiti.engine.impl.persistence.entity.EventSubscriptionEntity.deleteEventSubscriptionsForProcessDefinition - ==>  Preparing: delete from ACT_RU_EVENT_SUBSCR where PROC_DEF_ID_ = ? 
16:46:14.540 [main] DEBUG org.activiti.engine.impl.persistence.entity.EventSubscriptionEntity.deleteEventSubscriptionsForProcessDefinition - ==> Parameters: leave-countersign:1:2539(String)
16:46:14.540 [main] DEBUG org.activiti.engine.impl.persistence.entity.EventSubscriptionEntity.deleteEventSubscriptionsForProcessDefinition - <==    Updates: 0
16:46:14.540 [main] DEBUG org.activiti.engine.impl.db.DbSqlSession - executing: bulk delete: deleteProcessDefinitionsByDeploymentId(2536)
16:46:14.540 [main] DEBUG org.activiti.engine.impl.persistence.entity.ProcessDefinitionEntity.deleteProcessDefinitionsByDeploymentId - ==>  Preparing: delete from ACT_RE_PROCDEF where DEPLOYMENT_ID_ = ? 
16:46:14.540 [main] DEBUG org.activiti.engine.impl.persistence.entity.ProcessDefinitionEntity.deleteProcessDefinitionsByDeploymentId - ==> Parameters: 2536(String)
16:46:14.540 [main] DEBUG org.activiti.engine.impl.persistence.entity.ProcessDefinitionEntity.deleteProcessDefinitionsByDeploymentId - <==    Updates: 1
16:46:14.540 [main] DEBUG org.activiti.engine.impl.db.DbSqlSession - executing: bulk delete: deleteResourcesByDeploymentId(2536)
16:46:14.540 [main] DEBUG org.activiti.engine.impl.persistence.entity.ResourceEntity.deleteResourcesByDeploymentId - ==>  Preparing: delete from ACT_GE_BYTEARRAY where DEPLOYMENT_ID_ = ? 
16:46:14.540 [main] DEBUG org.activiti.engine.impl.persistence.entity.ResourceEntity.deleteResourcesByDeploymentId - ==> Parameters: 2536(String)
16:46:14.540 [main] DEBUG org.activiti.engine.impl.persistence.entity.ResourceEntity.deleteResourcesByDeploymentId - <==    Updates: 2
16:46:14.540 [main] DEBUG org.activiti.engine.impl.db.DbSqlSession - executing: bulk delete: deleteDeployment(2536)
16:46:14.540 [main] DEBUG org.activiti.engine.impl.persistence.entity.DeploymentEntity.deleteDeployment - ==>  Preparing: delete from ACT_RE_DEPLOYMENT where ID_ = ? 
16:46:14.540 [main] DEBUG org.activiti.engine.impl.persistence.entity.DeploymentEntity.deleteDeployment - ==> Parameters: 2536(String)
16:46:14.540 [main] DEBUG org.activiti.engine.impl.persistence.entity.DeploymentEntity.deleteDeployment - <==    Updates: 1
16:46:14.540 [main] DEBUG org.apache.ibatis.transaction.managed.ManagedTransaction - Closing JDBC Connection [Transaction-aware proxy for target Connection [conn31: url=jdbc:h2:mem:activiti user=SA]]
16:46:14.540 [main] DEBUG org.springframework.jdbc.datasource.DataSourceTransactionManager - Initiating transaction commit
16:46:14.540 [main] DEBUG org.springframework.jdbc.datasource.DataSourceTransactionManager - Committing JDBC transaction on Connection [conn31: url=jdbc:h2:mem:activiti user=SA]
16:46:14.541 [main] DEBUG org.springframework.jdbc.datasource.DataSourceTransactionManager - Releasing JDBC Connection [conn31: url=jdbc:h2:mem:activiti user=SA] after transaction
16:46:14.541 [main] DEBUG org.springframework.jdbc.datasource.DataSourceUtils - Returning JDBC Connection to DataSource
16:46:14.541 [main] DEBUG org.activiti.engine.impl.interceptor.LogInterceptor - --- DeleteDeploymentCmd finished --------------------------------------------------------
16:46:14.541 [main] DEBUG org.activiti.engine.impl.interceptor.LogInterceptor - 

16:46:14.541 [main] DEBUG org.activiti.engine.impl.test.PvmTestCase - verifying that db is clean after test
16:46:14.541 [main] DEBUG org.activiti.engine.impl.interceptor.LogInterceptor - 

16:46:14.541 [main] DEBUG org.activiti.engine.impl.interceptor.LogInterceptor - --- starting GetTableCountCmd --------------------------------------------------------
16:46:14.541 [main] DEBUG org.activiti.spring.SpringTransactionInterceptor - Running command with propagation REQUIRED
16:46:14.541 [main] DEBUG org.springframework.jdbc.datasource.DataSourceTransactionManager - Creating new transaction with name [null]: PROPAGATION_REQUIRED,ISOLATION_DEFAULT
16:46:14.541 [main] DEBUG org.springframework.jdbc.datasource.SimpleDriverDataSource - Creating new JDBC Driver Connection to [jdbc:h2:mem:activiti;DB_CLOSE_DELAY=1000]
16:46:14.541 [main] DEBUG org.springframework.jdbc.datasource.DataSourceTransactionManager - Acquired Connection [conn32: url=jdbc:h2:mem:activiti user=SA] for JDBC transaction
16:46:14.541 [main] DEBUG org.springframework.jdbc.datasource.DataSourceTransactionManager - Switching JDBC Connection [conn32: url=jdbc:h2:mem:activiti user=SA] to manual commit
16:46:14.541 [main] DEBUG org.apache.ibatis.transaction.managed.ManagedTransaction - Opening JDBC Connection
16:46:14.541 [main] DEBUG org.activiti.engine.impl.persistence.entity.TableDataManager - retrieving activiti tables from jdbc metadata
16:46:14.542 [main] DEBUG org.activiti.engine.impl.persistence.entity.TableDataManager -   retrieved activiti table name ACT_EVT_LOG
16:46:14.543 [main] DEBUG org.activiti.engine.impl.persistence.entity.TableDataManager -   retrieved activiti table name ACT_GE_BYTEARRAY
16:46:14.543 [main] DEBUG org.activiti.engine.impl.persistence.entity.TableDataManager -   retrieved activiti table name ACT_GE_PROPERTY
16:46:14.543 [main] DEBUG org.activiti.engine.impl.persistence.entity.TableDataManager -   retrieved activiti table name ACT_HI_ACTINST
16:46:14.543 [main] DEBUG org.activiti.engine.impl.persistence.entity.TableDataManager -   retrieved activiti table name ACT_HI_ATTACHMENT
16:46:14.543 [main] DEBUG org.activiti.engine.impl.persistence.entity.TableDataManager -   retrieved activiti table name ACT_HI_COMMENT
16:46:14.543 [main] DEBUG org.activiti.engine.impl.persistence.entity.TableDataManager -   retrieved activiti table name ACT_HI_DETAIL
16:46:14.543 [main] DEBUG org.activiti.engine.impl.persistence.entity.TableDataManager -   retrieved activiti table name ACT_HI_IDENTITYLINK
16:46:14.543 [main] DEBUG org.activiti.engine.impl.persistence.entity.TableDataManager -   retrieved activiti table name ACT_HI_PROCINST
16:46:14.543 [main] DEBUG org.activiti.engine.impl.persistence.entity.TableDataManager -   retrieved activiti table name ACT_HI_TASKINST
16:46:14.543 [main] DEBUG org.activiti.engine.impl.persistence.entity.TableDataManager -   retrieved activiti table name ACT_HI_VARINST
16:46:14.543 [main] DEBUG org.activiti.engine.impl.persistence.entity.TableDataManager -   retrieved activiti table name ACT_ID_GROUP
16:46:14.543 [main] DEBUG org.activiti.engine.impl.persistence.entity.TableDataManager -   retrieved activiti table name ACT_ID_INFO
16:46:14.543 [main] DEBUG org.activiti.engine.impl.persistence.entity.TableDataManager -   retrieved activiti table name ACT_ID_MEMBERSHIP
16:46:14.543 [main] DEBUG org.activiti.engine.impl.persistence.entity.TableDataManager -   retrieved activiti table name ACT_ID_USER
16:46:14.543 [main] DEBUG org.activiti.engine.impl.persistence.entity.TableDataManager -   retrieved activiti table name ACT_RE_DEPLOYMENT
16:46:14.543 [main] DEBUG org.activiti.engine.impl.persistence.entity.TableDataManager -   retrieved activiti table name ACT_RE_MODEL
16:46:14.543 [main] DEBUG org.activiti.engine.impl.persistence.entity.TableDataManager -   retrieved activiti table name ACT_RE_PROCDEF
16:46:14.543 [main] DEBUG org.activiti.engine.impl.persistence.entity.TableDataManager -   retrieved activiti table name ACT_RU_EVENT_SUBSCR
16:46:14.543 [main] DEBUG org.activiti.engine.impl.persistence.entity.TableDataManager -   retrieved activiti table name ACT_RU_EXECUTION
16:46:14.543 [main] DEBUG org.activiti.engine.impl.persistence.entity.TableDataManager -   retrieved activiti table name ACT_RU_IDENTITYLINK
16:46:14.543 [main] DEBUG org.activiti.engine.impl.persistence.entity.TableDataManager -   retrieved activiti table name ACT_RU_JOB
16:46:14.543 [main] DEBUG org.activiti.engine.impl.persistence.entity.TableDataManager -   retrieved activiti table name ACT_RU_TASK
16:46:14.543 [main] DEBUG org.activiti.engine.impl.persistence.entity.TableDataManager -   retrieved activiti table name ACT_RU_VARIABLE
16:46:14.543 [main] DEBUG org.activiti.engine.impl.persistence.entity.TableDataManager - selecting table count for ACT_EVT_LOG
16:46:14.543 [main] DEBUG org.activiti.engine.impl.TablePageMap.selectTableCount - ==>  Preparing: select count(*) from ACT_EVT_LOG 
16:46:14.543 [main] DEBUG org.activiti.engine.impl.TablePageMap.selectTableCount - ==> Parameters: 
16:46:14.543 [main] DEBUG org.activiti.engine.impl.TablePageMap.selectTableCount - <==      Total: 1
16:46:14.543 [main] DEBUG org.activiti.engine.impl.persistence.entity.TableDataManager - selecting table count for ACT_GE_BYTEARRAY
16:46:14.543 [main] DEBUG org.activiti.engine.impl.TablePageMap.selectTableCount - ==>  Preparing: select count(*) from ACT_GE_BYTEARRAY 
16:46:14.543 [main] DEBUG org.activiti.engine.impl.TablePageMap.selectTableCount - ==> Parameters: 
16:46:14.543 [main] DEBUG org.activiti.engine.impl.TablePageMap.selectTableCount - <==      Total: 1
16:46:14.543 [main] DEBUG org.activiti.engine.impl.persistence.entity.TableDataManager - selecting table count for ACT_GE_PROPERTY
16:46:14.565 [main] DEBUG org.activiti.engine.impl.TablePageMap.selectTableCount - ==>  Preparing: select count(*) from ACT_GE_PROPERTY 
16:46:14.566 [main] DEBUG org.activiti.engine.impl.TablePageMap.selectTableCount - ==> Parameters: 
16:46:14.569 [main] DEBUG org.activiti.engine.impl.TablePageMap.selectTableCount - <==      Total: 1
16:46:14.569 [main] DEBUG org.activiti.engine.impl.persistence.entity.TableDataManager - selecting table count for ACT_HI_ACTINST
16:46:14.569 [main] DEBUG org.activiti.engine.impl.TablePageMap.selectTableCount - ==>  Preparing: select count(*) from ACT_HI_ACTINST 
16:46:14.569 [main] DEBUG org.activiti.engine.impl.TablePageMap.selectTableCount - ==> Parameters: 
16:46:14.569 [main] DEBUG org.activiti.engine.impl.TablePageMap.selectTableCount - <==      Total: 1
16:46:14.569 [main] DEBUG org.activiti.engine.impl.persistence.entity.TableDataManager - selecting table count for ACT_HI_ATTACHMENT
16:46:14.570 [main] DEBUG org.activiti.engine.impl.TablePageMap.selectTableCount - ==>  Preparing: select count(*) from ACT_HI_ATTACHMENT 
16:46:14.570 [main] DEBUG org.activiti.engine.impl.TablePageMap.selectTableCount - ==> Parameters: 
16:46:14.570 [main] DEBUG org.activiti.engine.impl.TablePageMap.selectTableCount - <==      Total: 1
16:46:14.570 [main] DEBUG org.activiti.engine.impl.persistence.entity.TableDataManager - selecting table count for ACT_HI_COMMENT
16:46:14.570 [main] DEBUG org.activiti.engine.impl.TablePageMap.selectTableCount - ==>  Preparing: select count(*) from ACT_HI_COMMENT 
16:46:14.570 [main] DEBUG org.activiti.engine.impl.TablePageMap.selectTableCount - ==> Parameters: 
16:46:14.570 [main] DEBUG org.activiti.engine.impl.TablePageMap.selectTableCount - <==      Total: 1
16:46:14.570 [main] DEBUG org.activiti.engine.impl.persistence.entity.TableDataManager - selecting table count for ACT_HI_DETAIL
16:46:14.570 [main] DEBUG org.activiti.engine.impl.TablePageMap.selectTableCount - ==>  Preparing: select count(*) from ACT_HI_DETAIL 
16:46:14.570 [main] DEBUG org.activiti.engine.impl.TablePageMap.selectTableCount - ==> Parameters: 
16:46:14.570 [main] DEBUG org.activiti.engine.impl.TablePageMap.selectTableCount - <==      Total: 1
16:46:14.570 [main] DEBUG org.activiti.engine.impl.persistence.entity.TableDataManager - selecting table count for ACT_HI_IDENTITYLINK
16:46:14.570 [main] DEBUG org.activiti.engine.impl.TablePageMap.selectTableCount - ==>  Preparing: select count(*) from ACT_HI_IDENTITYLINK 
16:46:14.570 [main] DEBUG org.activiti.engine.impl.TablePageMap.selectTableCount - ==> Parameters: 
16:46:14.570 [main] DEBUG org.activiti.engine.impl.TablePageMap.selectTableCount - <==      Total: 1
16:46:14.570 [main] DEBUG org.activiti.engine.impl.persistence.entity.TableDataManager - selecting table count for ACT_HI_PROCINST
16:46:14.570 [main] DEBUG org.activiti.engine.impl.TablePageMap.selectTableCount - ==>  Preparing: select count(*) from ACT_HI_PROCINST 
16:46:14.571 [main] DEBUG org.activiti.engine.impl.TablePageMap.selectTableCount - ==> Parameters: 
16:46:14.571 [main] DEBUG org.activiti.engine.impl.TablePageMap.selectTableCount - <==      Total: 1
16:46:14.571 [main] DEBUG org.activiti.engine.impl.persistence.entity.TableDataManager - selecting table count for ACT_HI_TASKINST
16:46:14.571 [main] DEBUG org.activiti.engine.impl.TablePageMap.selectTableCount - ==>  Preparing: select count(*) from ACT_HI_TASKINST 
16:46:14.571 [main] DEBUG org.activiti.engine.impl.TablePageMap.selectTableCount - ==> Parameters: 
16:46:14.571 [main] DEBUG org.activiti.engine.impl.TablePageMap.selectTableCount - <==      Total: 1
16:46:14.571 [main] DEBUG org.activiti.engine.impl.persistence.entity.TableDataManager - selecting table count for ACT_HI_VARINST
16:46:14.571 [main] DEBUG org.activiti.engine.impl.TablePageMap.selectTableCount - ==>  Preparing: select count(*) from ACT_HI_VARINST 
16:46:14.571 [main] DEBUG org.activiti.engine.impl.TablePageMap.selectTableCount - ==> Parameters: 
16:46:14.571 [main] DEBUG org.activiti.engine.impl.TablePageMap.selectTableCount - <==      Total: 1
16:46:14.571 [main] DEBUG org.activiti.engine.impl.persistence.entity.TableDataManager - selecting table count for ACT_ID_GROUP
16:46:14.571 [main] DEBUG org.activiti.engine.impl.TablePageMap.selectTableCount - ==>  Preparing: select count(*) from ACT_ID_GROUP 
16:46:14.571 [main] DEBUG org.activiti.engine.impl.TablePageMap.selectTableCount - ==> Parameters: 
16:46:14.571 [main] DEBUG org.activiti.engine.impl.TablePageMap.selectTableCount - <==      Total: 1
16:46:14.571 [main] DEBUG org.activiti.engine.impl.persistence.entity.TableDataManager - selecting table count for ACT_ID_INFO
16:46:14.571 [main] DEBUG org.activiti.engine.impl.TablePageMap.selectTableCount - ==>  Preparing: select count(*) from ACT_ID_INFO 
16:46:14.571 [main] DEBUG org.activiti.engine.impl.TablePageMap.selectTableCount - ==> Parameters: 
16:46:14.575 [main] DEBUG org.activiti.engine.impl.TablePageMap.selectTableCount - <==      Total: 1
16:46:14.575 [main] DEBUG org.activiti.engine.impl.persistence.entity.TableDataManager - selecting table count for ACT_ID_MEMBERSHIP
16:46:14.575 [main] DEBUG org.activiti.engine.impl.TablePageMap.selectTableCount - ==>  Preparing: select count(*) from ACT_ID_MEMBERSHIP 
16:46:14.576 [main] DEBUG org.activiti.engine.impl.TablePageMap.selectTableCount - ==> Parameters: 
16:46:14.576 [main] DEBUG org.activiti.engine.impl.TablePageMap.selectTableCount - <==      Total: 1
16:46:14.576 [main] DEBUG org.activiti.engine.impl.persistence.entity.TableDataManager - selecting table count for ACT_ID_USER
16:46:14.576 [main] DEBUG org.activiti.engine.impl.TablePageMap.selectTableCount - ==>  Preparing: select count(*) from ACT_ID_USER 
16:46:14.576 [main] DEBUG org.activiti.engine.impl.TablePageMap.selectTableCount - ==> Parameters: 
16:46:14.576 [main] DEBUG org.activiti.engine.impl.TablePageMap.selectTableCount - <==      Total: 1
16:46:14.576 [main] DEBUG org.activiti.engine.impl.persistence.entity.TableDataManager - selecting table count for ACT_RE_DEPLOYMENT
16:46:14.576 [main] DEBUG org.activiti.engine.impl.TablePageMap.selectTableCount - ==>  Preparing: select count(*) from ACT_RE_DEPLOYMENT 
16:46:14.576 [main] DEBUG org.activiti.engine.impl.TablePageMap.selectTableCount - ==> Parameters: 
16:46:14.576 [main] DEBUG org.activiti.engine.impl.TablePageMap.selectTableCount - <==      Total: 1
16:46:14.576 [main] DEBUG org.activiti.engine.impl.persistence.entity.TableDataManager - selecting table count for ACT_RE_MODEL
16:46:14.576 [main] DEBUG org.activiti.engine.impl.TablePageMap.selectTableCount - ==>  Preparing: select count(*) from ACT_RE_MODEL 
16:46:14.576 [main] DEBUG org.activiti.engine.impl.TablePageMap.selectTableCount - ==> Parameters: 
16:46:14.576 [main] DEBUG org.activiti.engine.impl.TablePageMap.selectTableCount - <==      Total: 1
16:46:14.577 [main] DEBUG org.activiti.engine.impl.persistence.entity.TableDataManager - selecting table count for ACT_RE_PROCDEF
16:46:14.577 [main] DEBUG org.activiti.engine.impl.TablePageMap.selectTableCount - ==>  Preparing: select count(*) from ACT_RE_PROCDEF 
16:46:14.577 [main] DEBUG org.activiti.engine.impl.TablePageMap.selectTableCount - ==> Parameters: 
16:46:14.577 [main] DEBUG org.activiti.engine.impl.TablePageMap.selectTableCount - <==      Total: 1
16:46:14.577 [main] DEBUG org.activiti.engine.impl.persistence.entity.TableDataManager - selecting table count for ACT_RU_EVENT_SUBSCR
16:46:14.577 [main] DEBUG org.activiti.engine.impl.TablePageMap.selectTableCount - ==>  Preparing: select count(*) from ACT_RU_EVENT_SUBSCR 
16:46:14.577 [main] DEBUG org.activiti.engine.impl.TablePageMap.selectTableCount - ==> Parameters: 
16:46:14.577 [main] DEBUG org.activiti.engine.impl.TablePageMap.selectTableCount - <==      Total: 1
16:46:14.578 [main] DEBUG org.activiti.engine.impl.persistence.entity.TableDataManager - selecting table count for ACT_RU_EXECUTION
16:46:14.578 [main] DEBUG org.activiti.engine.impl.TablePageMap.selectTableCount - ==>  Preparing: select count(*) from ACT_RU_EXECUTION 
16:46:14.578 [main] DEBUG org.activiti.engine.impl.TablePageMap.selectTableCount - ==> Parameters: 
16:46:14.578 [main] DEBUG org.activiti.engine.impl.TablePageMap.selectTableCount - <==      Total: 1
16:46:14.578 [main] DEBUG org.activiti.engine.impl.persistence.entity.TableDataManager - selecting table count for ACT_RU_IDENTITYLINK
16:46:14.578 [main] DEBUG org.activiti.engine.impl.TablePageMap.selectTableCount - ==>  Preparing: select count(*) from ACT_RU_IDENTITYLINK 
16:46:14.578 [main] DEBUG org.activiti.engine.impl.TablePageMap.selectTableCount - ==> Parameters: 
16:46:14.578 [main] DEBUG org.activiti.engine.impl.TablePageMap.selectTableCount - <==      Total: 1
16:46:14.578 [main] DEBUG org.activiti.engine.impl.persistence.entity.TableDataManager - selecting table count for ACT_RU_JOB
16:46:14.578 [main] DEBUG org.activiti.engine.impl.TablePageMap.selectTableCount - ==>  Preparing: select count(*) from ACT_RU_JOB 
16:46:14.578 [main] DEBUG org.activiti.engine.impl.TablePageMap.selectTableCount - ==> Parameters: 
16:46:14.578 [main] DEBUG org.activiti.engine.impl.TablePageMap.selectTableCount - <==      Total: 1
16:46:14.579 [main] DEBUG org.activiti.engine.impl.persistence.entity.TableDataManager - selecting table count for ACT_RU_TASK
16:46:14.579 [main] DEBUG org.activiti.engine.impl.TablePageMap.selectTableCount - ==>  Preparing: select count(*) from ACT_RU_TASK 
16:46:14.579 [main] DEBUG org.activiti.engine.impl.TablePageMap.selectTableCount - ==> Parameters: 
16:46:14.579 [main] DEBUG org.activiti.engine.impl.TablePageMap.selectTableCount - <==      Total: 1
16:46:14.579 [main] DEBUG org.activiti.engine.impl.persistence.entity.TableDataManager - selecting table count for ACT_RU_VARIABLE
16:46:14.579 [main] DEBUG org.activiti.engine.impl.TablePageMap.selectTableCount - ==>  Preparing: select count(*) from ACT_RU_VARIABLE 
16:46:14.579 [main] DEBUG org.activiti.engine.impl.TablePageMap.selectTableCount - ==> Parameters: 
16:46:14.579 [main] DEBUG org.activiti.engine.impl.TablePageMap.selectTableCount - <==      Total: 1
16:46:14.579 [main] DEBUG org.activiti.engine.impl.persistence.entity.TableDataManager - Number of rows per activiti table: {ACT_ID_MEMBERSHIP=0, ACT_RU_EVENT_SUBSCR=0, ACT_ID_USER=0, ACT_RU_JOB=0, ACT_HI_ATTACHMENT=0, ACT_GE_BYTEARRAY=0, ACT_RE_MODEL=0, ACT_RU_VARIABLE=0, ACT_HI_ACTINST=0, ACT_RU_EXECUTION=0, ACT_HI_TASKINST=0, ACT_RU_TASK=0, ACT_HI_DETAIL=0, ACT_EVT_LOG=0, ACT_HI_IDENTITYLINK=0, ACT_RE_DEPLOYMENT=0, ACT_RE_PROCDEF=0, ACT_ID_GROUP=0, ACT_RU_IDENTITYLINK=0, ACT_GE_PROPERTY=3, ACT_HI_VARINST=0, ACT_HI_COMMENT=0, ACT_HI_PROCINST=0, ACT_ID_INFO=0}
16:46:14.579 [main] DEBUG org.activiti.engine.impl.db.DbSqlSession - flush summary: 0 insert, 0 update, 0 delete.
16:46:14.579 [main] DEBUG org.activiti.engine.impl.db.DbSqlSession - now executing flush...
16:46:14.579 [main] DEBUG org.apache.ibatis.transaction.managed.ManagedTransaction - Closing JDBC Connection [Transaction-aware proxy for target Connection [conn32: url=jdbc:h2:mem:activiti user=SA]]
16:46:14.579 [main] DEBUG org.springframework.jdbc.datasource.DataSourceTransactionManager - Initiating transaction commit
16:46:14.579 [main] DEBUG org.springframework.jdbc.datasource.DataSourceTransactionManager - Committing JDBC transaction on Connection [conn32: url=jdbc:h2:mem:activiti user=SA]
16:46:14.579 [main] DEBUG org.springframework.jdbc.datasource.DataSourceTransactionManager - Releasing JDBC Connection [conn32: url=jdbc:h2:mem:activiti user=SA] after transaction
16:46:14.579 [main] DEBUG org.springframework.jdbc.datasource.DataSourceUtils - Returning JDBC Connection to DataSource
16:46:14.579 [main] DEBUG org.activiti.engine.impl.interceptor.LogInterceptor - --- GetTableCountCmd finished --------------------------------------------------------
16:46:14.579 [main] DEBUG org.activiti.engine.impl.interceptor.LogInterceptor - 

16:46:14.580 [main] INFO org.activiti.engine.impl.test.PvmTestCase - database was clean
]]></system-out>
  </testcase>
</testsuite>