<?xml version="1.0" encoding="UTF-8"?>
<testsuite name="com.home.demo.listener.ListenerTest" time="0.143" tests="1" errors="1" skipped="0" failures="0">
  <properties>
    <property name="java.runtime.name" value="Java(TM) SE Runtime Environment"/>
    <property name="sun.boot.library.path" value="/Library/Java/JavaVirtualMachines/jdk1.8.0_60.jdk/Contents/Home/jre/lib"/>
    <property name="java.vm.version" value="25.60-b23"/>
    <property name="gopherProxySet" value="false"/>
    <property name="java.vm.vendor" value="Oracle Corporation"/>
    <property name="maven.multiModuleProjectDirectory" value="/Users/huanggangyu/eclipse-workspace/activiti-demo"/>
    <property name="java.vendor.url" value="http://java.oracle.com/"/>
    <property name="path.separator" value=":"/>
    <property name="guice.disable.misplaced.annotation.check" value="true"/>
    <property name="java.vm.name" value="Java HotSpot(TM) 64-Bit Server VM"/>
    <property name="file.encoding.pkg" value="sun.io"/>
    <property name="user.country" value="CN"/>
    <property name="sun.java.launcher" value="SUN_STANDARD"/>
    <property name="sun.os.patch.level" value="unknown"/>
    <property name="java.vm.specification.name" value="Java Virtual Machine Specification"/>
    <property name="user.dir" value="/Users/huanggangyu/eclipse-workspace/activiti-demo"/>
    <property name="java.runtime.version" value="1.8.0_60-b27"/>
    <property name="java.awt.graphicsenv" value="sun.awt.CGraphicsEnvironment"/>
    <property name="java.endorsed.dirs" value="/Library/Java/JavaVirtualMachines/jdk1.8.0_60.jdk/Contents/Home/jre/lib/endorsed"/>
    <property name="os.arch" value="x86_64"/>
    <property name="java.io.tmpdir" value="/var/folders/jy/7nvdsqbx1fsfnmff_p4k12_m0000gq/T/"/>
    <property name="line.separator" value="&#10;"/>
    <property name="java.vm.specification.vendor" value="Oracle Corporation"/>
    <property name="os.name" value="Mac OS X"/>
    <property name="classworlds.conf" value="/Users/huanggangyu/eclipse-workspace/.metadata/.plugins/org.eclipse.m2e.launching/launches/m2conf5667045441837054571.tmp"/>
    <property name="sun.jnu.encoding" value="UTF-8"/>
    <property name="java.library.path" value="/Users/huanggangyu/Library/Java/Extensions:/Library/Java/Extensions:/Network/Library/Java/Extensions:/System/Library/Java/Extensions:/usr/lib/java:."/>
    <property name="java.specification.name" value="Java Platform API Specification"/>
    <property name="java.class.version" value="52.0"/>
    <property name="sun.management.compiler" value="HotSpot 64-Bit Tiered Compilers"/>
    <property name="os.version" value="10.11.6"/>
    <property name="user.home" value="/Users/huanggangyu"/>
    <property name="user.timezone" value="Asia/Chongqing"/>
    <property name="java.awt.printerjob" value="sun.lwawt.macosx.CPrinterJob"/>
    <property name="java.specification.version" value="1.8"/>
    <property name="file.encoding" value="UTF-8"/>
    <property name="user.name" value="huanggangyu"/>
    <property name="java.class.path" value="/Users/huanggangyu/Downloads/apache-maven-3.3.9/boot/plexus-classworlds-2.5.2.jar"/>
    <property name="java.vm.specification.version" value="1.8"/>
    <property name="sun.arch.data.model" value="64"/>
    <property name="java.home" value="/Library/Java/JavaVirtualMachines/jdk1.8.0_60.jdk/Contents/Home/jre"/>
    <property name="sun.java.command" value="org.codehaus.plexus.classworlds.launcher.Launcher -B -gs /Users/huanggangyu/.m2/settings.xml -s /Users/huanggangyu/.m2/settings.xml install"/>
    <property name="java.specification.vendor" value="Oracle Corporation"/>
    <property name="user.language" value="zh"/>
    <property name="awt.toolkit" value="sun.lwawt.macosx.LWCToolkit"/>
    <property name="java.vm.info" value="mixed mode"/>
    <property name="java.version" value="1.8.0_60"/>
    <property name="java.ext.dirs" value="/Users/huanggangyu/Library/Java/Extensions:/Library/Java/JavaVirtualMachines/jdk1.8.0_60.jdk/Contents/Home/jre/lib/ext:/Library/Java/Extensions:/Network/Library/Java/Extensions:/System/Library/Java/Extensions:/usr/lib/java"/>
    <property name="sun.boot.class.path" value="/Library/Java/JavaVirtualMachines/jdk1.8.0_60.jdk/Contents/Home/jre/lib/resources.jar:/Library/Java/JavaVirtualMachines/jdk1.8.0_60.jdk/Contents/Home/jre/lib/rt.jar:/Library/Java/JavaVirtualMachines/jdk1.8.0_60.jdk/Contents/Home/jre/lib/sunrsasign.jar:/Library/Java/JavaVirtualMachines/jdk1.8.0_60.jdk/Contents/Home/jre/lib/jsse.jar:/Library/Java/JavaVirtualMachines/jdk1.8.0_60.jdk/Contents/Home/jre/lib/jce.jar:/Library/Java/JavaVirtualMachines/jdk1.8.0_60.jdk/Contents/Home/jre/lib/charsets.jar:/Library/Java/JavaVirtualMachines/jdk1.8.0_60.jdk/Contents/Home/jre/lib/jfr.jar:/Library/Java/JavaVirtualMachines/jdk1.8.0_60.jdk/Contents/Home/jre/classes"/>
    <property name="java.vendor" value="Oracle Corporation"/>
    <property name="maven.home" value="/Users/huanggangyu/Downloads/apache-maven-3.3.9"/>
    <property name="file.separator" value="/"/>
    <property name="java.vendor.url.bug" value="http://bugreport.sun.com/bugreport/"/>
    <property name="sun.cpu.endian" value="little"/>
    <property name="sun.io.unicode.encoding" value="UnicodeBig"/>
    <property name="sun.cpu.isalist" value=""/>
  </properties>
  <testcase name="testListener" classname="com.home.demo.listener.ListenerTest" time="0.143">
    <error message="couldn&apos;t instantiate class com.home.demo.listener.ProcessStartExecutionListener" type="org.activiti.engine.ActivitiException">org.activiti.engine.ActivitiException: couldn't instantiate class com.home.demo.listener.ProcessStartExecutionListener
	at java.net.URLClassLoader.findClass(URLClassLoader.java:381)
	at java.lang.ClassLoader.loadClass(ClassLoader.java:424)
	at sun.misc.Launcher$AppClassLoader.loadClass(Launcher.java:331)
	at java.lang.ClassLoader.loadClass(ClassLoader.java:357)
	at java.lang.Class.forName0(Native Method)
	at java.lang.Class.forName(Class.java:348)
	at org.activiti.engine.impl.util.ReflectUtil.loadClass(ReflectUtil.java:63)
	at org.activiti.engine.impl.util.ReflectUtil.instantiate(ReflectUtil.java:129)
	at org.activiti.engine.impl.bpmn.helper.ClassDelegate.instantiateDelegate(ClassDelegate.java:192)
	at org.activiti.engine.impl.bpmn.helper.ClassDelegate.getExecutionListenerInstance(ClassDelegate.java:78)
	at org.activiti.engine.impl.bpmn.helper.ClassDelegate.notify(ClassDelegate.java:70)
	at org.activiti.engine.impl.pvm.runtime.AbstractEventAtomicOperation.execute(AbstractEventAtomicOperation.java:42)
	at org.activiti.engine.impl.interceptor.CommandContext.performOperation(CommandContext.java:96)
	at org.activiti.engine.impl.persistence.entity.ExecutionEntity.performOperationSync(ExecutionEntity.java:621)
	at org.activiti.engine.impl.persistence.entity.ExecutionEntity.performOperation(ExecutionEntity.java:616)
	at org.activiti.engine.impl.persistence.entity.ExecutionEntity.start(ExecutionEntity.java:368)
	at org.activiti.engine.impl.cmd.StartProcessInstanceCmd.execute(StartProcessInstanceCmd.java:111)
	at org.activiti.engine.impl.cmd.StartProcessInstanceCmd.execute(StartProcessInstanceCmd.java:37)
	at org.activiti.engine.impl.interceptor.CommandInvoker.execute(CommandInvoker.java:24)
	at org.activiti.engine.impl.interceptor.CommandContextInterceptor.execute(CommandContextInterceptor.java:57)
	at org.activiti.engine.impl.interceptor.LogInterceptor.execute(LogInterceptor.java:37)
	at org.activiti.engine.impl.cfg.CommandExecutorImpl.execute(CommandExecutorImpl.java:40)
	at org.activiti.engine.impl.cfg.CommandExecutorImpl.execute(CommandExecutorImpl.java:35)
	at org.activiti.engine.impl.RuntimeServiceImpl.startProcessInstanceByKey(RuntimeServiceImpl.java:77)
	at com.home.demo.listener.ListenerTest.testListener(ListenerTest.java:37)
</error>
    <system-out><![CDATA[++++++++ 开始测试 ++++++++
16:46:13.038 [main] DEBUG org.activiti.engine.impl.test.TestHelper - annotation @Deployment creates deployment for ListenerTest.testListener
16:46:13.039 [main] DEBUG org.activiti.engine.impl.interceptor.LogInterceptor - 

16:46:13.039 [main] DEBUG org.activiti.engine.impl.interceptor.LogInterceptor - --- starting DeployCmd --------------------------------------------------------
16:46:13.039 [main] DEBUG org.activiti.engine.impl.bpmn.deployer.BpmnDeployer - Processing deployment ListenerTest.testListener
16:46:13.039 [main] INFO org.activiti.engine.impl.bpmn.deployer.BpmnDeployer - Processing resource diagrams/chapter7/listener/listener.bpmn
16:46:13.098 [main] DEBUG org.activiti.engine.impl.bpmn.parser.handler.ProcessParseHandler - Parsing process listener
16:46:13.098 [main] DEBUG org.activiti.engine.impl.bpmn.parser.handler.AbstractBpmnParseHandler - Parsing activity usertask1
16:46:13.100 [main] DEBUG org.activiti.engine.impl.bpmn.parser.handler.AbstractBpmnParseHandler - Parsing activity startevent1
16:46:13.100 [main] DEBUG org.activiti.engine.impl.bpmn.parser.handler.AbstractBpmnParseHandler - Parsing activity endevent1
16:46:13.147 [main] DEBUG org.apache.ibatis.transaction.jdbc.JdbcTransaction - Opening JDBC Connection
16:46:13.147 [main] DEBUG org.apache.ibatis.datasource.pooled.PooledDataSource - Checked out connection 1974622245 from pool.
16:46:13.147 [main] DEBUG org.apache.ibatis.transaction.jdbc.JdbcTransaction - Setting autocommit to false on JDBC Connection [conn2: url=jdbc:h2:mem:activiti user=SA]
16:46:13.148 [main] DEBUG org.activiti.engine.impl.persistence.entity.ProcessDefinitionEntity.selectLatestProcessDefinitionByKey - ==>  Preparing: select * from ACT_RE_PROCDEF where KEY_ = ? and (TENANT_ID_ = '' or TENANT_ID_ is null) and VERSION_ = (select max(VERSION_) from ACT_RE_PROCDEF where KEY_ = ? and (TENANT_ID_ = '' or TENANT_ID_ is null)) 
16:46:13.148 [main] DEBUG org.activiti.engine.impl.persistence.entity.ProcessDefinitionEntity.selectLatestProcessDefinitionByKey - ==> Parameters: listener(String), listener(String)
16:46:13.148 [main] DEBUG org.activiti.engine.impl.persistence.entity.ProcessDefinitionEntity.selectLatestProcessDefinitionByKey - <==      Total: 0
16:46:13.148 [main] DEBUG org.activiti.engine.impl.persistence.entity.JobEntity.selectJobsByConfiguration - ==>  Preparing: select * from ACT_RU_JOB where HANDLER_TYPE_ = ? and HANDLER_CFG_ = ? 
16:46:13.149 [main] DEBUG org.activiti.engine.impl.persistence.entity.JobEntity.selectJobsByConfiguration - ==> Parameters: timer-start-event(String), listener(String)
16:46:13.149 [main] DEBUG org.activiti.engine.impl.persistence.entity.JobEntity.selectJobsByConfiguration - <==      Total: 0
16:46:13.149 [main] DEBUG org.activiti.engine.impl.db.DbSqlSession - flush summary: 4 insert, 0 update, 0 delete.
16:46:13.149 [main] DEBUG org.activiti.engine.impl.db.DbSqlSession -   insert DeploymentEntity[id=28, name=ListenerTest.testListener]
16:46:13.149 [main] DEBUG org.activiti.engine.impl.db.DbSqlSession -   insert ResourceEntity[id=29, name=diagrams/chapter7/listener/listener.bpmn]
16:46:13.149 [main] DEBUG org.activiti.engine.impl.db.DbSqlSession -   insert ResourceEntity[id=30, name=diagrams/chapter7/listener/listener.listener.png]
16:46:13.149 [main] DEBUG org.activiti.engine.impl.db.DbSqlSession -   insert ProcessDefinitionEntity[listener:1:31]
16:46:13.149 [main] DEBUG org.activiti.engine.impl.db.DbSqlSession - now executing flush...
16:46:13.149 [main] DEBUG org.activiti.engine.impl.db.DbSqlSession - inserting: DeploymentEntity[id=28, name=ListenerTest.testListener]
16:46:13.149 [main] DEBUG org.activiti.engine.impl.persistence.entity.DeploymentEntity.insertDeployment - ==>  Preparing: insert into ACT_RE_DEPLOYMENT(ID_, NAME_, CATEGORY_, TENANT_ID_, DEPLOY_TIME_) values(?, ?, ?, ?, ?) 
16:46:13.149 [main] DEBUG org.activiti.engine.impl.persistence.entity.DeploymentEntity.insertDeployment - ==> Parameters: 28(String), ListenerTest.testListener(String), null, (String), 2017-11-28 16:46:13.039(Timestamp)
16:46:13.150 [main] DEBUG org.activiti.engine.impl.persistence.entity.DeploymentEntity.insertDeployment - <==    Updates: 1
16:46:13.150 [main] DEBUG org.activiti.engine.impl.db.DbSqlSession - inserting: ResourceEntity[id=29, name=diagrams/chapter7/listener/listener.bpmn]
16:46:13.150 [main] DEBUG org.activiti.engine.impl.persistence.entity.ResourceEntity.insertResource - ==>  Preparing: insert into ACT_GE_BYTEARRAY(ID_, REV_, NAME_, BYTES_, DEPLOYMENT_ID_, GENERATED_) values (?, 1, ?, ?, ?, ?) 
16:46:13.150 [main] DEBUG org.activiti.engine.impl.persistence.entity.ResourceEntity.insertResource - ==> Parameters: 29(String), diagrams/chapter7/listener/listener.bpmn(String), java.io.ByteArrayInputStream@7a18e8d(ByteArrayInputStream), 28(String), false(Boolean)
16:46:13.151 [main] DEBUG org.activiti.engine.impl.persistence.entity.ResourceEntity.insertResource - <==    Updates: 1
16:46:13.151 [main] DEBUG org.activiti.engine.impl.db.DbSqlSession - inserting: ResourceEntity[id=30, name=diagrams/chapter7/listener/listener.listener.png]
16:46:13.151 [main] DEBUG org.activiti.engine.impl.persistence.entity.ResourceEntity.insertResource - ==>  Preparing: insert into ACT_GE_BYTEARRAY(ID_, REV_, NAME_, BYTES_, DEPLOYMENT_ID_, GENERATED_) values (?, 1, ?, ?, ?, ?) 
16:46:13.152 [main] DEBUG org.activiti.engine.impl.persistence.entity.ResourceEntity.insertResource - ==> Parameters: 30(String), diagrams/chapter7/listener/listener.listener.png(String), java.io.ByteArrayInputStream@5560bcdf(ByteArrayInputStream), 28(String), true(Boolean)
16:46:13.152 [main] DEBUG org.activiti.engine.impl.persistence.entity.ResourceEntity.insertResource - <==    Updates: 1
16:46:13.152 [main] DEBUG org.activiti.engine.impl.db.DbSqlSession - inserting: ProcessDefinitionEntity[listener:1:31]
16:46:13.152 [main] DEBUG org.activiti.engine.impl.persistence.entity.ProcessDefinitionEntity.insertProcessDefinition - ==>  Preparing: insert into ACT_RE_PROCDEF(ID_, REV_, CATEGORY_, NAME_, KEY_, VERSION_, DEPLOYMENT_ID_, RESOURCE_NAME_, DGRM_RESOURCE_NAME_, DESCRIPTION_, HAS_START_FORM_KEY_, SUSPENSION_STATE_, TENANT_ID_) values (?, 1, ?, ?, ?, ?, ?, ?, ?, ?, ?, ?, ?) 
16:46:13.153 [main] DEBUG org.activiti.engine.impl.persistence.entity.ProcessDefinitionEntity.insertProcessDefinition - ==> Parameters: listener:1:31(String), http://www.activiti.org/test(String), listener(String), listener(String), 1(Integer), 28(String), diagrams/chapter7/listener/listener.bpmn(String), diagrams/chapter7/listener/listener.listener.png(String), null, false(Boolean), 1(Integer), (String)
16:46:13.153 [main] DEBUG org.activiti.engine.impl.persistence.entity.ProcessDefinitionEntity.insertProcessDefinition - <==    Updates: 1
16:46:13.153 [main] DEBUG org.activiti.engine.impl.cfg.standalone.StandaloneMybatisTransactionContext - firing event committing...
16:46:13.153 [main] DEBUG org.activiti.engine.impl.cfg.standalone.StandaloneMybatisTransactionContext - committing the ibatis sql session...
16:46:13.153 [main] DEBUG org.apache.ibatis.transaction.jdbc.JdbcTransaction - Committing JDBC Connection [conn2: url=jdbc:h2:mem:activiti user=SA]
16:46:13.153 [main] DEBUG org.activiti.engine.impl.cfg.standalone.StandaloneMybatisTransactionContext - firing event committed...
16:46:13.153 [main] DEBUG org.apache.ibatis.transaction.jdbc.JdbcTransaction - Resetting autocommit to true on JDBC Connection [conn2: url=jdbc:h2:mem:activiti user=SA]
16:46:13.153 [main] DEBUG org.apache.ibatis.transaction.jdbc.JdbcTransaction - Closing JDBC Connection [conn2: url=jdbc:h2:mem:activiti user=SA]
16:46:13.153 [main] DEBUG org.apache.ibatis.datasource.pooled.PooledDataSource - Returned connection 1974622245 to pool.
16:46:13.153 [main] DEBUG org.activiti.engine.impl.interceptor.LogInterceptor - --- DeployCmd finished --------------------------------------------------------
16:46:13.153 [main] DEBUG org.activiti.engine.impl.interceptor.LogInterceptor - 

16:46:13.154 [main] DEBUG org.activiti.engine.impl.interceptor.LogInterceptor - 

16:46:13.154 [main] DEBUG org.activiti.engine.impl.interceptor.LogInterceptor - --- starting StartProcessInstanceCmd --------------------------------------------------------
16:46:13.154 [main] DEBUG org.apache.ibatis.transaction.jdbc.JdbcTransaction - Opening JDBC Connection
16:46:13.154 [main] DEBUG org.apache.ibatis.datasource.pooled.PooledDataSource - Checked out connection 1974622245 from pool.
16:46:13.154 [main] DEBUG org.apache.ibatis.transaction.jdbc.JdbcTransaction - Setting autocommit to false on JDBC Connection [conn2: url=jdbc:h2:mem:activiti user=SA]
16:46:13.154 [main] DEBUG org.activiti.engine.impl.persistence.entity.ProcessDefinitionEntity.selectLatestProcessDefinitionByKey - ==>  Preparing: select * from ACT_RE_PROCDEF where KEY_ = ? and (TENANT_ID_ = '' or TENANT_ID_ is null) and VERSION_ = (select max(VERSION_) from ACT_RE_PROCDEF where KEY_ = ? and (TENANT_ID_ = '' or TENANT_ID_ is null)) 
16:46:13.154 [main] DEBUG org.activiti.engine.impl.persistence.entity.ProcessDefinitionEntity.selectLatestProcessDefinitionByKey - ==> Parameters: listener(String), listener(String)
16:46:13.155 [main] DEBUG org.activiti.engine.impl.persistence.entity.ProcessDefinitionEntity.selectLatestProcessDefinitionByKey - <==      Total: 1
16:46:13.155 [main] DEBUG org.activiti.engine.impl.persistence.entity.ExecutionEntity - initializing ProcessInstance[32]
16:46:13.155 [main] DEBUG org.activiti.engine.impl.persistence.entity.IdentityLinkEntity.selectIdentityLinksByProcessInstance - ==>  Preparing: select * from ACT_RU_IDENTITYLINK where PROC_INST_ID_ = ? 
16:46:13.155 [main] DEBUG org.activiti.engine.impl.persistence.entity.IdentityLinkEntity.selectIdentityLinksByProcessInstance - ==> Parameters: 32(String)
16:46:13.156 [main] DEBUG org.activiti.engine.impl.persistence.entity.IdentityLinkEntity.selectIdentityLinksByProcessInstance - <==      Total: 0
16:46:13.156 [main] DEBUG org.activiti.engine.impl.history.DefaultHistoryManager - Current history level: FULL, level required: AUDIT
16:46:13.156 [main] DEBUG org.activiti.engine.impl.history.DefaultHistoryManager - Current history level: FULL, level required: ACTIVITY
16:46:13.157 [main] DEBUG org.activiti.engine.impl.history.DefaultHistoryManager - Current history level: FULL, level required: ACTIVITY
16:46:13.157 [main] DEBUG org.activiti.engine.impl.history.DefaultHistoryManager - Current history level: FULL, level required: FULL
16:46:13.158 [main] DEBUG org.activiti.engine.impl.history.DefaultHistoryManager - Current history level: FULL, level required: ACTIVITY
16:46:13.158 [main] DEBUG org.activiti.engine.impl.history.DefaultHistoryManager - Current history level: FULL, level required: FULL
16:46:13.158 [main] DEBUG org.activiti.engine.impl.history.DefaultHistoryManager - Current history level: FULL, level required: ACTIVITY
16:46:13.158 [main] DEBUG org.activiti.engine.impl.history.DefaultHistoryManager - Current history level: FULL, level required: FULL
16:46:13.159 [main] DEBUG org.activiti.engine.impl.interceptor.CommandContext - Error while closing command context
org.activiti.engine.ActivitiException: couldn't instantiate class com.home.demo.listener.ProcessStartExecutionListener
	at org.activiti.engine.impl.util.ReflectUtil.instantiate(ReflectUtil.java:132)
	at org.activiti.engine.impl.bpmn.helper.ClassDelegate.instantiateDelegate(ClassDelegate.java:192)
	at org.activiti.engine.impl.bpmn.helper.ClassDelegate.getExecutionListenerInstance(ClassDelegate.java:78)
	at org.activiti.engine.impl.bpmn.helper.ClassDelegate.notify(ClassDelegate.java:70)
	at org.activiti.engine.impl.pvm.runtime.AbstractEventAtomicOperation.execute(AbstractEventAtomicOperation.java:42)
	at org.activiti.engine.impl.interceptor.CommandContext.performOperation(CommandContext.java:96)
	at org.activiti.engine.impl.persistence.entity.ExecutionEntity.performOperationSync(ExecutionEntity.java:621)
	at org.activiti.engine.impl.persistence.entity.ExecutionEntity.performOperation(ExecutionEntity.java:616)
	at org.activiti.engine.impl.persistence.entity.ExecutionEntity.start(ExecutionEntity.java:368)
	at org.activiti.engine.impl.cmd.StartProcessInstanceCmd.execute(StartProcessInstanceCmd.java:111)
	at org.activiti.engine.impl.cmd.StartProcessInstanceCmd.execute(StartProcessInstanceCmd.java:37)
	at org.activiti.engine.impl.interceptor.CommandInvoker.execute(CommandInvoker.java:24)
	at org.activiti.engine.impl.interceptor.CommandContextInterceptor.execute(CommandContextInterceptor.java:57)
	at org.activiti.engine.impl.interceptor.LogInterceptor.execute(LogInterceptor.java:37)
	at org.activiti.engine.impl.cfg.CommandExecutorImpl.execute(CommandExecutorImpl.java:40)
	at org.activiti.engine.impl.cfg.CommandExecutorImpl.execute(CommandExecutorImpl.java:35)
	at org.activiti.engine.impl.RuntimeServiceImpl.startProcessInstanceByKey(RuntimeServiceImpl.java:77)
	at com.home.demo.listener.ListenerTest.testListener(ListenerTest.java:37)
	at sun.reflect.NativeMethodAccessorImpl.invoke0(Native Method)
	at sun.reflect.NativeMethodAccessorImpl.invoke(NativeMethodAccessorImpl.java:62)
	at sun.reflect.DelegatingMethodAccessorImpl.invoke(DelegatingMethodAccessorImpl.java:43)
	at java.lang.reflect.Method.invoke(Method.java:497)
	at org.junit.runners.model.FrameworkMethod$1.runReflectiveCall(FrameworkMethod.java:45)
	at org.junit.internal.runners.model.ReflectiveCallable.run(ReflectiveCallable.java:15)
	at org.junit.runners.model.FrameworkMethod.invokeExplosively(FrameworkMethod.java:42)
	at org.junit.internal.runners.statements.InvokeMethod.evaluate(InvokeMethod.java:20)
	at org.junit.internal.runners.statements.RunBefores.evaluate(RunBefores.java:28)
	at org.activiti.engine.test.ActivitiRule$1.evaluate(ActivitiRule.java:126)
	at org.junit.rules.RunRules.evaluate(RunRules.java:18)
	at org.junit.runners.ParentRunner.runLeaf(ParentRunner.java:263)
	at org.junit.runners.BlockJUnit4ClassRunner.runChild(BlockJUnit4ClassRunner.java:68)
	at org.junit.runners.BlockJUnit4ClassRunner.runChild(BlockJUnit4ClassRunner.java:47)
	at org.junit.runners.ParentRunner$3.run(ParentRunner.java:231)
	at org.junit.runners.ParentRunner$1.schedule(ParentRunner.java:60)
	at org.junit.runners.ParentRunner.runChildren(ParentRunner.java:229)
	at org.junit.runners.ParentRunner.access$000(ParentRunner.java:50)
	at org.junit.runners.ParentRunner$2.evaluate(ParentRunner.java:222)
	at org.junit.internal.runners.statements.RunBefores.evaluate(RunBefores.java:28)
	at org.junit.internal.runners.statements.RunAfters.evaluate(RunAfters.java:30)
	at org.junit.runners.ParentRunner.run(ParentRunner.java:300)
	at org.apache.maven.surefire.junit4.JUnit4Provider.execute(JUnit4Provider.java:283)
	at org.apache.maven.surefire.junit4.JUnit4Provider.executeWithRerun(JUnit4Provider.java:173)
	at org.apache.maven.surefire.junit4.JUnit4Provider.executeTestSet(JUnit4Provider.java:153)
	at org.apache.maven.surefire.junit4.JUnit4Provider.invoke(JUnit4Provider.java:128)
	at org.apache.maven.surefire.booter.ForkedBooter.invokeProviderInSameClassLoader(ForkedBooter.java:203)
	at org.apache.maven.surefire.booter.ForkedBooter.runSuitesInProcess(ForkedBooter.java:155)
	at org.apache.maven.surefire.booter.ForkedBooter.main(ForkedBooter.java:103)
Caused by: org.activiti.engine.ActivitiClassLoadingException: Class not found: com.home.demo.listener.ProcessStartExecutionListener
	at org.activiti.engine.impl.util.ReflectUtil.loadClass(ReflectUtil.java:82)
	at org.activiti.engine.impl.util.ReflectUtil.instantiate(ReflectUtil.java:129)
	... 46 common frames omitted
Caused by: java.lang.ClassNotFoundException: com.home.demo.listener.ProcessStartExecutionListener
	at java.net.URLClassLoader.findClass(URLClassLoader.java:381)
	at java.lang.ClassLoader.loadClass(ClassLoader.java:424)
	at sun.misc.Launcher$AppClassLoader.loadClass(Launcher.java:331)
	at java.lang.ClassLoader.loadClass(ClassLoader.java:357)
	at java.lang.Class.forName0(Native Method)
	at java.lang.Class.forName(Class.java:348)
	at org.activiti.engine.impl.util.ReflectUtil.loadClass(ReflectUtil.java:63)
	... 47 common frames omitted
16:46:13.160 [main] DEBUG org.activiti.engine.impl.cfg.standalone.StandaloneMybatisTransactionContext - firing event rolling back...
16:46:13.160 [main] DEBUG org.activiti.engine.impl.cfg.standalone.StandaloneMybatisTransactionContext - rolling back ibatis sql session...
16:46:13.160 [main] DEBUG org.activiti.engine.impl.cfg.standalone.StandaloneMybatisTransactionContext - firing event rolled back...
16:46:13.160 [main] DEBUG org.apache.ibatis.transaction.jdbc.JdbcTransaction - Resetting autocommit to true on JDBC Connection [conn2: url=jdbc:h2:mem:activiti user=SA]
16:46:13.160 [main] DEBUG org.apache.ibatis.transaction.jdbc.JdbcTransaction - Closing JDBC Connection [conn2: url=jdbc:h2:mem:activiti user=SA]
16:46:13.160 [main] DEBUG org.apache.ibatis.datasource.pooled.PooledDataSource - Returned connection 1974622245 to pool.
16:46:13.160 [main] DEBUG org.activiti.engine.impl.interceptor.LogInterceptor - --- StartProcessInstanceCmd finished --------------------------------------------------------
16:46:13.160 [main] DEBUG org.activiti.engine.impl.interceptor.LogInterceptor - 

16:46:13.160 [main] DEBUG org.activiti.engine.impl.test.TestHelper - annotation @Deployment deletes deployment for ListenerTest.testListener
16:46:13.160 [main] DEBUG org.activiti.engine.impl.interceptor.LogInterceptor - 

16:46:13.160 [main] DEBUG org.activiti.engine.impl.interceptor.LogInterceptor - --- starting DeleteDeploymentCmd --------------------------------------------------------
16:46:13.160 [main] DEBUG org.apache.ibatis.transaction.jdbc.JdbcTransaction - Opening JDBC Connection
16:46:13.160 [main] DEBUG org.apache.ibatis.datasource.pooled.PooledDataSource - Checked out connection 1974622245 from pool.
16:46:13.160 [main] DEBUG org.apache.ibatis.transaction.jdbc.JdbcTransaction - Setting autocommit to false on JDBC Connection [conn2: url=jdbc:h2:mem:activiti user=SA]
16:46:13.161 [main] DEBUG org.activiti.engine.impl.persistence.entity.DeploymentEntity.selectDeploymentById - ==>  Preparing: select * from ACT_RE_DEPLOYMENT where ID_ = ? 
16:46:13.161 [main] DEBUG org.activiti.engine.impl.persistence.entity.DeploymentEntity.selectDeploymentById - ==> Parameters: 28(String)
16:46:13.162 [main] DEBUG org.activiti.engine.impl.persistence.entity.DeploymentEntity.selectDeploymentById - <==      Total: 1
16:46:13.164 [main] DEBUG org.activiti.engine.impl.persistence.entity.ProcessDefinitionEntity.selectProcessDefinitionsByQueryCriteria - ==>  Preparing: select RES.* from ACT_RE_PROCDEF RES WHERE RES.DEPLOYMENT_ID_ = ? order by RES.ID_ asc LIMIT ? OFFSET ? 
16:46:13.164 [main] DEBUG org.activiti.engine.impl.persistence.entity.ProcessDefinitionEntity.selectProcessDefinitionsByQueryCriteria - ==> Parameters: 28(String), 2147483647(Integer), 0(Integer)
16:46:13.165 [main] DEBUG org.activiti.engine.impl.persistence.entity.ProcessDefinitionEntity.selectProcessDefinitionsByQueryCriteria - <==      Total: 1
16:46:13.166 [main] DEBUG org.activiti.engine.impl.persistence.entity.ModelEntity.selectModelsByQueryCriteria - ==>  Preparing: select distinct RES.* from ACT_RE_MODEL RES WHERE RES.DEPLOYMENT_ID_ = ? order by RES.ID_ asc LIMIT ? OFFSET ? 
16:46:13.173 [main] DEBUG org.activiti.engine.impl.persistence.entity.ModelEntity.selectModelsByQueryCriteria - ==> Parameters: 28(String), 2147483647(Integer), 0(Integer)
16:46:13.173 [main] DEBUG org.activiti.engine.impl.persistence.entity.ModelEntity.selectModelsByQueryCriteria - <==      Total: 0
16:46:13.174 [main] DEBUG org.activiti.engine.impl.persistence.entity.ExecutionEntity.selectProcessInstanceIdsByProcessDefinitionId - ==>  Preparing: select ID_ from ACT_RU_EXECUTION where PROC_DEF_ID_ = ? and PARENT_ID_ is null 
16:46:13.174 [main] DEBUG org.activiti.engine.impl.persistence.entity.ExecutionEntity.selectProcessInstanceIdsByProcessDefinitionId - ==> Parameters: listener:1:31(String)
16:46:13.174 [main] DEBUG org.activiti.engine.impl.persistence.entity.ExecutionEntity.selectProcessInstanceIdsByProcessDefinitionId - <==      Total: 0
16:46:13.175 [main] DEBUG org.activiti.engine.impl.history.DefaultHistoryManager - Current history level: FULL
16:46:13.175 [main] DEBUG org.activiti.engine.impl.persistence.entity.HistoricProcessInstanceEntity.selectHistoricProcessInstanceIdsByProcessDefinitionId - ==>  Preparing: select ID_ from ACT_HI_PROCINST where PROC_DEF_ID_ = ? 
16:46:13.175 [main] DEBUG org.activiti.engine.impl.persistence.entity.HistoricProcessInstanceEntity.selectHistoricProcessInstanceIdsByProcessDefinitionId - ==> Parameters: listener:1:31(String)
16:46:13.175 [main] DEBUG org.activiti.engine.impl.persistence.entity.HistoricProcessInstanceEntity.selectHistoricProcessInstanceIdsByProcessDefinitionId - <==      Total: 0
16:46:13.176 [main] DEBUG org.activiti.engine.impl.persistence.entity.JobEntity.selectJobsByConfiguration - ==>  Preparing: select * from ACT_RU_JOB where HANDLER_TYPE_ = ? and HANDLER_CFG_ = ? 
16:46:13.177 [main] DEBUG org.activiti.engine.impl.persistence.entity.JobEntity.selectJobsByConfiguration - ==> Parameters: timer-start-event(String), listener(String)
16:46:13.177 [main] DEBUG org.activiti.engine.impl.persistence.entity.JobEntity.selectJobsByConfiguration - <==      Total: 0
16:46:13.177 [main] DEBUG org.activiti.engine.impl.persistence.entity.EventSubscriptionEntity.selectEventSubscriptionsByConfiguration - ==>  Preparing: select * from ACT_RU_EVENT_SUBSCR where (EVENT_TYPE_ = ?) and ( (CONFIGURATION_ = ?) or (PROC_DEF_ID_ = ?) ) and (TENANT_ID_ = '' or TENANT_ID_ is null) 
16:46:13.178 [main] DEBUG org.activiti.engine.impl.persistence.entity.EventSubscriptionEntity.selectEventSubscriptionsByConfiguration - ==> Parameters: message(String), listener:1:31(String), listener:1:31(String)
16:46:13.178 [main] DEBUG org.activiti.engine.impl.persistence.entity.EventSubscriptionEntity.selectEventSubscriptionsByConfiguration - <==      Total: 0
16:46:13.179 [main] DEBUG org.activiti.engine.impl.db.DbSqlSession - flush summary: 0 insert, 0 update, 5 delete.
16:46:13.179 [main] DEBUG org.activiti.engine.impl.db.DbSqlSession -   bulk delete: deleteIdentityLinkByProcDef(listener:1:31)
16:46:13.179 [main] DEBUG org.activiti.engine.impl.db.DbSqlSession -   bulk delete: deleteEventSubscriptionsForProcessDefinition(listener:1:31)
16:46:13.179 [main] DEBUG org.activiti.engine.impl.db.DbSqlSession -   bulk delete: deleteProcessDefinitionsByDeploymentId(28)
16:46:13.179 [main] DEBUG org.activiti.engine.impl.db.DbSqlSession -   bulk delete: deleteResourcesByDeploymentId(28)
16:46:13.180 [main] DEBUG org.activiti.engine.impl.db.DbSqlSession -   bulk delete: deleteDeployment(28)
16:46:13.180 [main] DEBUG org.activiti.engine.impl.db.DbSqlSession - now executing flush...
16:46:13.180 [main] DEBUG org.activiti.engine.impl.db.DbSqlSession - executing: bulk delete: deleteIdentityLinkByProcDef(listener:1:31)
16:46:13.180 [main] DEBUG org.activiti.engine.impl.persistence.entity.IdentityLinkEntity.deleteIdentityLinkByProcDef - ==>  Preparing: delete from ACT_RU_IDENTITYLINK where PROC_DEF_ID_ = ? 
16:46:13.181 [main] DEBUG org.activiti.engine.impl.persistence.entity.IdentityLinkEntity.deleteIdentityLinkByProcDef - ==> Parameters: listener:1:31(String)
16:46:13.181 [main] DEBUG org.activiti.engine.impl.persistence.entity.IdentityLinkEntity.deleteIdentityLinkByProcDef - <==    Updates: 0
16:46:13.181 [main] DEBUG org.activiti.engine.impl.db.DbSqlSession - executing: bulk delete: deleteEventSubscriptionsForProcessDefinition(listener:1:31)
16:46:13.181 [main] DEBUG org.activiti.engine.impl.persistence.entity.EventSubscriptionEntity.deleteEventSubscriptionsForProcessDefinition - ==>  Preparing: delete from ACT_RU_EVENT_SUBSCR where PROC_DEF_ID_ = ? 
16:46:13.182 [main] DEBUG org.activiti.engine.impl.persistence.entity.EventSubscriptionEntity.deleteEventSubscriptionsForProcessDefinition - ==> Parameters: listener:1:31(String)
16:46:13.182 [main] DEBUG org.activiti.engine.impl.persistence.entity.EventSubscriptionEntity.deleteEventSubscriptionsForProcessDefinition - <==    Updates: 0
16:46:13.182 [main] DEBUG org.activiti.engine.impl.db.DbSqlSession - executing: bulk delete: deleteProcessDefinitionsByDeploymentId(28)
16:46:13.182 [main] DEBUG org.activiti.engine.impl.persistence.entity.ProcessDefinitionEntity.deleteProcessDefinitionsByDeploymentId - ==>  Preparing: delete from ACT_RE_PROCDEF where DEPLOYMENT_ID_ = ? 
16:46:13.182 [main] DEBUG org.activiti.engine.impl.persistence.entity.ProcessDefinitionEntity.deleteProcessDefinitionsByDeploymentId - ==> Parameters: 28(String)
16:46:13.182 [main] DEBUG org.activiti.engine.impl.persistence.entity.ProcessDefinitionEntity.deleteProcessDefinitionsByDeploymentId - <==    Updates: 1
16:46:13.182 [main] DEBUG org.activiti.engine.impl.db.DbSqlSession - executing: bulk delete: deleteResourcesByDeploymentId(28)
16:46:13.183 [main] DEBUG org.activiti.engine.impl.persistence.entity.ResourceEntity.deleteResourcesByDeploymentId - ==>  Preparing: delete from ACT_GE_BYTEARRAY where DEPLOYMENT_ID_ = ? 
16:46:13.183 [main] DEBUG org.activiti.engine.impl.persistence.entity.ResourceEntity.deleteResourcesByDeploymentId - ==> Parameters: 28(String)
16:46:13.183 [main] DEBUG org.activiti.engine.impl.persistence.entity.ResourceEntity.deleteResourcesByDeploymentId - <==    Updates: 2
16:46:13.183 [main] DEBUG org.activiti.engine.impl.db.DbSqlSession - executing: bulk delete: deleteDeployment(28)
16:46:13.183 [main] DEBUG org.activiti.engine.impl.persistence.entity.DeploymentEntity.deleteDeployment - ==>  Preparing: delete from ACT_RE_DEPLOYMENT where ID_ = ? 
16:46:13.183 [main] DEBUG org.activiti.engine.impl.persistence.entity.DeploymentEntity.deleteDeployment - ==> Parameters: 28(String)
16:46:13.184 [main] DEBUG org.activiti.engine.impl.persistence.entity.DeploymentEntity.deleteDeployment - <==    Updates: 1
16:46:13.184 [main] DEBUG org.activiti.engine.impl.cfg.standalone.StandaloneMybatisTransactionContext - firing event committing...
16:46:13.184 [main] DEBUG org.activiti.engine.impl.cfg.standalone.StandaloneMybatisTransactionContext - committing the ibatis sql session...
16:46:13.184 [main] DEBUG org.apache.ibatis.transaction.jdbc.JdbcTransaction - Committing JDBC Connection [conn2: url=jdbc:h2:mem:activiti user=SA]
16:46:13.184 [main] DEBUG org.activiti.engine.impl.cfg.standalone.StandaloneMybatisTransactionContext - firing event committed...
16:46:13.184 [main] DEBUG org.apache.ibatis.transaction.jdbc.JdbcTransaction - Resetting autocommit to true on JDBC Connection [conn2: url=jdbc:h2:mem:activiti user=SA]
16:46:13.184 [main] DEBUG org.apache.ibatis.transaction.jdbc.JdbcTransaction - Closing JDBC Connection [conn2: url=jdbc:h2:mem:activiti user=SA]
16:46:13.184 [main] DEBUG org.apache.ibatis.datasource.pooled.PooledDataSource - Returned connection 1974622245 to pool.
16:46:13.184 [main] DEBUG org.activiti.engine.impl.interceptor.LogInterceptor - --- DeleteDeploymentCmd finished --------------------------------------------------------
16:46:13.184 [main] DEBUG org.activiti.engine.impl.interceptor.LogInterceptor - 

]]></system-out>
  </testcase>
</testsuite>